-- Catapult Ultra Synthesis: Report                                              
-- ------------------------- ---------------------------------------------------
-- Version:                  10.4b/841621 Production Release                     
-- Build Date:               Thu Oct 24 17:20:07 PDT 2019                        
                                                                                 
-- Generated by:             therwig@fastml02                                    
-- Generated date:           Fri Jan 31 13:45:14 EST 2020                        

Solution Settings: econV0.v1
  Current state: extract
  Project: Catapult_fpga_15
  
  Design Input Files Specified
    $PROJECT_HOME/../keras_econV0/firmware/econV0.cpp
      $PROJECT_HOME/../keras_econV0/firmware/econV0.h
        $PROJECT_HOME/../keras_econV0/firmware/parameters.h
          $PROJECT_HOME/../keras_econV0/firmware/nnet_utils/nnet_dense_large.h
            $PROJECT_HOME/../keras_econV0/firmware/nnet_utils/nnet_common.h
              $PROJECT_HOME/../inc/ap_fixed.h
                $PROJECT_HOME/../inc/ap_int.h
                  $MGC_HOME/shared/include/ac_int.h
                  $MGC_HOME/shared/include/ac_fixed.h
            $PROJECT_HOME/../keras_econV0/firmware/nnet_utils/nnet_dense.h
              $PROJECT_HOME/../keras_econV0/firmware/nnet_utils/nnet_helpers.h
                $MGC_HOME/shared/include/ac_channel.h
              $MGC_HOME/shared/include/ac_float.h
          $PROJECT_HOME/../keras_econV0/firmware/nnet_utils/nnet_activation.h
            $MGC_HOME/shared/include/math/mgc_ac_math.h
              $MGC_HOME/shared/include/ac_complex.h
              $MGC_HOME/shared/include/math/mgc_ac_trig.h
                $MGC_HOME/shared/include/math/mgc_sc_atan_pow2.tab
                $MGC_HOME/shared/include/math/mgc_sc_atan2_pow2.tab
                $MGC_HOME/shared/include/math/mgc_sc_K_cordic.tab
                $MGC_HOME/shared/include/math/mgc_sc_x2_atan2_pow2.tab
              $MGC_HOME/shared/include/math/mgc_ac_hcordic.h
                $MGC_HOME/shared/include/math/mgc_ac_hcordic.tab
                $MGC_HOME/shared/include/math/mgc_ac_hcordic_inv_ln2.tab
            $MGC_HOME/shared/include/ac_math/ac_softmax_pwl.h
              $MGC_HOME/shared/include/ac_math/ac_pow_pwl.h
                $MGC_HOME/shared/include/ac_math/ac_shift.h
                $MGC_HOME/shared/include/ac_math/ac_log_pwl.h
                  $MGC_HOME/shared/include/ac_math/ac_normalize.h
              $MGC_HOME/shared/include/ac_math/ac_reciprocal_pwl.h
      $PROJECT_HOME/../keras_econV0/firmware/weights/w2.h
        $PROJECT_HOME/../keras_econV0/firmware/weights/w2.txt
      $PROJECT_HOME/../keras_econV0/firmware/weights/b2.h
        $PROJECT_HOME/../keras_econV0/firmware/weights/b2.txt
      $PROJECT_HOME/../keras_econV0/firmware/weights/w4.h
        $PROJECT_HOME/../keras_econV0/firmware/weights/w4.txt
      $PROJECT_HOME/../keras_econV0/firmware/weights/b4.h
        $PROJECT_HOME/../keras_econV0/firmware/weights/b4.txt
      $PROJECT_HOME/../keras_econV0/firmware/weights/w6.h
        $PROJECT_HOME/../keras_econV0/firmware/weights/w6.txt
      $PROJECT_HOME/../keras_econV0/firmware/weights/b6.h
        $PROJECT_HOME/../keras_econV0/firmware/weights/b6.txt
    $PROJECT_HOME/../keras_econV0/sc_main.cpp
  
  Processes/Blocks in Design
    Process       Real Operation(s) count Latency Throughput Reset Length II Comments 
    ------------- ----------------------- ------- ---------- ------------ -- --------
    /econV0/core                       10      10         11            1  0          
    Design Total:                      10      10         11            1  0          
    
  Bill Of Materials (Datapath)
    Component Name                                                                       Area Score Area(LUTs) Delay Post Alloc Post Assign 
    ------------------------------------------------------------------------------------ ---------- ---------- ----- ---------- -----------
    [Lib: ccs_ioport]                                                                                                                       
    ccs_in_wait(22,864)                                                                       0.000      0.000 0.000          1           1 
    ccs_out_vld(24,16)                                                                        0.000      0.000 0.000          1           1 
    ccs_out_vld(25,16)                                                                        0.000      0.000 0.000          1           1 
    ccs_out_wait(23,54)                                                                       0.000      0.000 0.000          1           1 
    [Lib: cluster]                                                                                                                          
    nnet__dense_large_input_t_layer2_t_config2__364e1c37b02d84e7ac7b82af01ac2d169f65f()  593719.000      0.000 0.102          1           1 
    nnet__dense_large_layer3_t_layer4_t_config4__94b287357b02bb07e1610e9805c3544722f54()  82718.000      0.000 0.102          1           1 
    nnet__dense_large_layer5_t_layer6_t_config6__94f0c22b7dff80064d055ba335642303a7c7()   10991.000      0.000 0.102          1           1 
    nnet__relu_layer2_t_layer3_t_relu_config3__f95037ce0bcd1dc6e3a2c701deed63c61350d()      840.000      0.000 0.102          1           1 
    nnet__relu_layer4_t_layer5_t_relu_config5__b16a24b030de7d0c14080de9c051aa049072()       210.000      0.000 0.102          1           1 
    nnet__relu_layer6_t_result_t_relu_config7__90a8b58c2a2db6a41b99f312c705472975f0()       105.000      0.000 0.102          1           1 
    [Lib: mgc_Xilinx-KINTEX-u-2_beh]                                                                                                        
    mgc_and(1,2)                                                                              1.000      1.000 0.176          0          10 
    mgc_mux(864,1,2)                                                                        864.000    864.000 0.026          0           1 
    mgc_nor(1,2)                                                                              1.000      1.000 0.176          0           4 
    mgc_not(1)                                                                                0.000      0.000 0.000          0           7 
    mgc_or(1,2)                                                                               1.000      1.000 0.176          0           1 
    mgc_or(1,3)                                                                               1.000      1.000 0.176          0           2 
    mgc_reg_pos(1,0,0,1,1,0,0)                                                                0.000      0.000 0.103          0           3 
    mgc_reg_pos(1,0,0,1,1,1,1)                                                                0.000      0.000 0.103          0           2 
    mgc_reg_pos(432,0,0,0,0,1,1)                                                              0.000      0.000 0.103          0           1 
    mgc_reg_pos(54,0,0,0,0,1,1)                                                               0.000      0.000 0.103          0           1 
    mgc_reg_pos(864,0,0,0,0,0,0)                                                              0.000      0.000 0.103          0           1 
                                                                                                                                            
    TOTAL AREA (After Assignment):                                                       689464.000    881.000                              
    
  Area Scores
                        Post-Scheduling     Post-DP & FSM   Post-Assignment 
    ----------------- ----------------- ----------------- -----------------
    Total Area Score:   688583.0          689465.0          689465.0        
    Total Reg:               0.0               0.0               0.0        
                                                                            
    DataPath:           688583.0 (100%)   689464.0 (100%)   689464.0 (100%) 
      MUX:                   0.0             864.0   (0%)      864.0   (0%) 
      FUNC:             688583.0 (100%)   688583.0 (100%)   688583.0 (100%) 
      LOGIC:                 0.0              17.0   (0%)       17.0   (0%) 
      BUFFER:                0.0               0.0               0.0        
      MEM:                   0.0               0.0               0.0        
      ROM:                   0.0               0.0               0.0        
      REG:                   0.0               0.0               0.0        
                                                                            
    
    FSM:                     0.0               1.0   (0%)        1.0   (0%) 
      FSM-REG:               0.0               0.0               0.0        
      FSM-COMB:              0.0               1.0 (100%)        1.0 (100%) 
                                                                            
    
  Register-to-Variable Mappings
    Register                                                     Size(bits) Gated Register CG Opt Done Variables                                                    
    ------------------------------------------------------------ ---------- -------------- ----------- ------------------------------------------------------------
    input_48:rsci.idat.bfwt                                             864                            input_48:rsci.idat.bfwt                                      
    nnet::dense_large<layer3_t,layer4_t,config4>(layer3_out).sva        432         Y                  nnet::dense_large<layer3_t,layer4_t,config4>(layer3_out).sva 
    layer7_out:rsci.idat                                                 54         Y           Y      layer7_out:rsci.idat                                         
    core.wten                                                             1                            core.wten                                                    
    input_48:rsci.bcwt                                                    1                            input_48:rsci.bcwt                                           
    layer7_out:rsci.bcwt                                                  1                            layer7_out:rsci.bcwt                                         
    reg(input_48:rsci.oswt).cse                                           1         Y                  reg(input_48:rsci.oswt).cse                                  
    reg(layer7_out:rsci.oswt).cse                                         1         Y                  reg(layer7_out:rsci.oswt).cse                                
                                                                                                                                                                    
    Total:                                                             1355            488          54 (Total Gating Ratio: 0.36, CG Opt Gating Ratio: 0.04)        
    
  Timing Report
    Critical Path
      Max Delay:  4.105505
      Slack:      0.894495
      
      Path                                                                                   Startpoint                                                                    Endpoint                                                                       Delay  Slack  
      -------------------------------------------------------------------------------------- ----------------------------------------------------------------------------- ------------------------------------------------------------------------------ ------ ------
      1                                                                                      econV0:core:input_48:rsci:input_48:rsc.@:wait_dp/reg(input_48:rsci.idat.bfwt) econV0:core/nnet::dense_large<input_t,layer2_t,config2>():cmp                  4.1055 0.8945 
                                                                                                                                                                                                                                                                        
        Instance                                                                             Component                                                                                                                                                    Delta  Delay  
        --------                                                                             ---------                                                                                                                                                    -----  -----  
        econV0:core:input_48:rsci:input_48:rsc.@:wait_dp/reg(input_48:rsci.idat.bfwt)        mgc_reg_pos_864_0_0_0_0_0_0                                                                                                                                  0.1026 0.1026 
        econV0:core:input_48:rsci:input_48:rsc.@:wait_dp/input_48:rsci.idat.bfwt                                                                                                                                                                          0.0000 0.1026 
        econV0:core:input_48:rsci:input_48:rsc.@:wait_dp/mux                                 mgc_mux_864_1_2                                                                                                                                              0.0256 0.1282 
        econV0:core:input_48:rsci:input_48:rsc.@:wait_dp/input_48:rsci.idat.mxwt                                                                                                                                                                          0.0000 0.1282 
        econV0:core:input_48:rsci/input_48:rsci.idat.mxwt                                                                                                                                                                                                 0.0000 0.1282 
        econV0:core/input_48:rsci.idat.mxwt                                                                                                                                                                                                               0.0000 0.1282 
        econV0:core/nnet::dense_large<input_t,layer2_t,config2>():cmp                        nnet_dense_large_input_t_layer2_t_config2                                                                                                                    0.0000 4.1055 
                                                                                                                                                                                                                                                                        
      2                                                                                      econV0:core:input_48:rsci:input_48:rsc.@:wait_dp/reg(input_48:rsci.bcwt)      econV0:core/nnet::dense_large<input_t,layer2_t,config2>():cmp                  4.1055 0.8945 
                                                                                                                                                                                                                                                                        
        Instance                                                                             Component                                                                                                                                                    Delta  Delay  
        --------                                                                             ---------                                                                                                                                                    -----  -----  
        econV0:core:input_48:rsci:input_48:rsc.@:wait_dp/reg(input_48:rsci.bcwt)             mgc_reg_pos_1_0_0_1_1_0_0                                                                                                                                    0.1026 0.1026 
        econV0:core:input_48:rsci:input_48:rsc.@:wait_dp/input_48:rsci.bcwt                                                                                                                                                                               0.0000 0.1026 
        econV0:core:input_48:rsci:input_48:rsc.@:wait_dp/mux                                 mgc_mux_864_1_2                                                                                                                                              0.0256 0.1282 
        econV0:core:input_48:rsci:input_48:rsc.@:wait_dp/input_48:rsci.idat.mxwt                                                                                                                                                                          0.0000 0.1282 
        econV0:core:input_48:rsci/input_48:rsci.idat.mxwt                                                                                                                                                                                                 0.0000 0.1282 
        econV0:core/input_48:rsci.idat.mxwt                                                                                                                                                                                                               0.0000 0.1282 
        econV0:core/nnet::dense_large<input_t,layer2_t,config2>():cmp                        nnet_dense_large_input_t_layer2_t_config2                                                                                                                    0.0000 4.1055 
                                                                                                                                                                                                                                                                        
      3                                                                                      econV0:core/reg(nnet::dense_large<layer3_t,layer4_t,config4>(layer3_out))     econV0:core/nnet::dense_large<layer3_t,layer4_t,config4>():cmp                 4.0751 0.9249 
                                                                                                                                                                                                                                                                        
        Instance                                                                             Component                                                                                                                                                    Delta  Delay  
        --------                                                                             ---------                                                                                                                                                    -----  -----  
        econV0:core/reg(nnet::dense_large<layer3_t,layer4_t,config4>(layer3_out))            mgc_reg_pos_432_0_0_0_0_1_1                                                                                                                                  0.1026 0.1026 
        econV0:core/nnet::dense_large<layer3_t,layer4_t,config4>(layer3_out).sva                                                                                                                                                                          0.0000 0.1026 
        econV0:core/asn(nnet::dense_large<layer3_t,layer4_t,config4>():cmp.data_rsc_dat)                                                                                                                                                                  0.0000 0.1026 
        econV0:core/asn(nnet::dense_large<layer3_t,layer4_t,config4>():cmp.data_rsc_dat).itm                                                                                                                                                              0.0000 0.1026 
        econV0:core/nnet::dense_large<layer3_t,layer4_t,config4>():cmp                       nnet_dense_large_layer3_t_layer4_t_config4                                                                                                                   0.0000 4.0751 
                                                                                                                                                                                                                                                                        
      4                                                                                      econV0:core:input_48:rsci:input_48:rsc.@:wait_dp/input_48:rsci.idat           econV0:core/nnet::dense_large<input_t,layer2_t,config2>():cmp                  4.0029 0.9971 
                                                                                                                                                                                                                                                                        
        Instance                                                                             Component                                                                                                                                                    Delta  Delay  
        --------                                                                             ---------                                                                                                                                                    -----  -----  
        econV0:core:input_48:rsci:input_48:rsc.@:wait_dp/input_48:rsci.idat                                                                                                                                                                               0.0000 0.0000 
        econV0:core:input_48:rsci:input_48:rsc.@:wait_dp/mux                                 mgc_mux_864_1_2                                                                                                                                              0.0256 0.0256 
        econV0:core:input_48:rsci:input_48:rsc.@:wait_dp/input_48:rsci.idat.mxwt                                                                                                                                                                          0.0000 0.0256 
        econV0:core:input_48:rsci/input_48:rsci.idat.mxwt                                                                                                                                                                                                 0.0000 0.0256 
        econV0:core/input_48:rsci.idat.mxwt                                                                                                                                                                                                               0.0000 0.0256 
        econV0:core/nnet::dense_large<input_t,layer2_t,config2>():cmp                        nnet_dense_large_input_t_layer2_t_config2                                                                                                                    0.1026 4.0029 
                                                                                                                                                                                                                                                                        
      5                                                                                      econV0:core/econV0:core_core:fsm:inst                                         econV0:core/nnet::dense_large<input_t,layer2_t,config2>():cmp                  3.9773 1.0227 
                                                                                                                                                                                                                                                                        
        Instance                                                                             Component                                                                                                                                                    Delta  Delay  
        --------                                                                             ---------                                                                                                                                                    -----  -----  
        econV0:core/econV0:core_core:fsm:inst                                                econV0:core_core:fsm                                                                                                                                         0.0000 0.0000 
        econV0:core/fsm_output                                                                                                                                                                                                                            0.0000 0.0000 
        econV0:core/slc(fsm_output)(1)                                                                                                                                                                                                                    0.0000 0.0000 
        econV0:core/slc(fsm_output)(1).itm                                                                                                                                                                                                                0.0000 0.0000 
        econV0:core/nnet::dense_large<input_t,layer2_t,config2>():cmp                        nnet_dense_large_input_t_layer2_t_config2                                                                                                                    0.0000 3.9773 
                                                                                                                                                                                                                                                                        
      6                                                                                      econV0:core/econV0:core_core:fsm:inst                                         econV0:core/nnet::dense_large<layer3_t,layer4_t,config4>():cmp                 3.9725 1.0275 
                                                                                                                                                                                                                                                                        
        Instance                                                                             Component                                                                                                                                                    Delta  Delay  
        --------                                                                             ---------                                                                                                                                                    -----  -----  
        econV0:core/econV0:core_core:fsm:inst                                                econV0:core_core:fsm                                                                                                                                         0.0000 0.0000 
        econV0:core/fsm_output                                                                                                                                                                                                                            0.0000 0.0000 
        econV0:core/slc(fsm_output)(5)                                                                                                                                                                                                                    0.0000 0.0000 
        econV0:core/slc(fsm_output)(5).itm                                                                                                                                                                                                                0.0000 0.0000 
        econV0:core/nnet::dense_large<layer3_t,layer4_t,config4>():cmp                       nnet_dense_large_layer3_t_layer4_t_config4                                                                                                                   0.0000 3.9725 
                                                                                                                                                                                                                                                                        
      7                                                                                      econV0:core/nnet::relu<layer4_t,layer5_t,relu_config5>():cmp                  econV0:core/nnet::dense_large<layer5_t,layer6_t,config6>():cmp                 3.4046 1.5954 
                                                                                                                                                                                                                                                                        
        Instance                                                                             Component                                                                                                                                                    Delta  Delay  
        --------                                                                             ---------                                                                                                                                                    -----  -----  
        econV0:core/nnet::relu<layer4_t,layer5_t,relu_config5>():cmp                         nnet_relu_layer4_t_layer5_t_relu_config5                                                                                                                     0.1025 0.1025 
        econV0:core/nnet::relu<layer4_t,layer5_t,relu_config5>():cmp.res_rsc_z                                                                                                                                                                            0.0000 0.1025 
        econV0:core/nnet::dense_large<layer5_t,layer6_t,config6>():cmp                       nnet_dense_large_layer5_t_layer6_t_config6                                                                                                                   0.0000 3.4046 
                                                                                                                                                                                                                                                                        
      8                                                                                      econV0:core/econV0:core_core:fsm:inst                                         econV0:core/nnet::dense_large<layer5_t,layer6_t,config6>():cmp                 3.3021 1.6979 
                                                                                                                                                                                                                                                                        
        Instance                                                                             Component                                                                                                                                                    Delta  Delay  
        --------                                                                             ---------                                                                                                                                                    -----  -----  
        econV0:core/econV0:core_core:fsm:inst                                                econV0:core_core:fsm                                                                                                                                         0.0000 0.0000 
        econV0:core/fsm_output                                                                                                                                                                                                                            0.0000 0.0000 
        econV0:core/slc(fsm_output)(8)                                                                                                                                                                                                                    0.0000 0.0000 
        econV0:core/slc(fsm_output)(8).itm                                                                                                                                                                                                                0.0000 0.0000 
        econV0:core/nnet::dense_large<layer5_t,layer6_t,config6>():cmp                       nnet_dense_large_layer5_t_layer6_t_config6                                                                                                                   0.0000 3.3021 
                                                                                                                                                                                                                                                                        
      9                                                                                      econV0:core/reg(input_48:rsci.oswt)                                           econV0:core:layer7_out:rsci:layer7_out:rsc.@:wait_dp/reg(layer7_out:rsci.bcwt) 1.1603 3.8397 
                                                                                                                                                                                                                                                                        
        Instance                                                                             Component                                                                                                                                                    Delta  Delay  
        --------                                                                             ---------                                                                                                                                                    -----  -----  
        econV0:core/reg(input_48:rsci.oswt)                                                  mgc_reg_pos_1_0_0_1_1_1_1                                                                                                                                    0.1026 0.1026 
        econV0:core/reg(input_48:rsci.oswt).cse                                                                                                                                                                                                           0.0000 0.1026 
        econV0:core:input_48:rsci/input_48:rsci.oswt                                                                                                                                                                                                      0.0000 0.1026 
        econV0:core:input_48:rsci:input_48:rsc.@:wait_ctrl/input_48:rsci.oswt                                                                                                                                                                             0.0000 0.1026 
        econV0:core:input_48:rsci:input_48:rsc.@:wait_ctrl/and#3                             mgc_and_1_2                                                                                                                                                  0.1763 0.2788 
        econV0:core:input_48:rsci:input_48:rsc.@:wait_ctrl/input_48:rsci.ogwt                                                                                                                                                                             0.0000 0.2788 
        econV0:core:input_48:rsci:input_48:rsc.@:wait_ctrl/and#1                             mgc_and_1_2                                                                                                                                                  0.1763 0.4551 
        econV0:core:input_48:rsci:input_48:rsc.@:wait_ctrl/input_48:rsci.biwt                                                                                                                                                                             0.0000 0.4551 
        econV0:core:input_48:rsci/input_48:rsci.biwt                                                                                                                                                                                                      0.0000 0.4551 
        econV0:core:input_48:rsci:input_48:rsc.@:wait_dp/input_48:rsci.biwt                                                                                                                                                                               0.0000 0.4551 
        econV0:core:input_48:rsci:input_48:rsc.@:wait_dp/or#1                                mgc_or_1_3                                                                                                                                                   0.1763 0.6314 
        econV0:core:input_48:rsci:input_48:rsc.@:wait_dp/input_48:rsci.wen_comp                                                                                                                                                                           0.0000 0.6314 
        econV0:core:input_48:rsci/input_48:rsci.wen_comp                                                                                                                                                                                                  0.0000 0.6314 
        econV0:core/input_48:rsci.wen_comp                                                                                                                                                                                                                0.0000 0.6314 
        econV0:core:staller/input_48:rsci.wen_comp                                                                                                                                                                                                        0.0000 0.6314 
        econV0:core:staller/and#14                                                           mgc_and_1_2                                                                                                                                                  0.1763 0.8077 
        econV0:core:staller/core.wen                                                                                                                                                                                                                      0.0000 0.8077 
        econV0:core/core.wen                                                                                                                                                                                                                              0.0000 0.8077 
        econV0:core:layer7_out:rsci/core.wen                                                                                                                                                                                                              0.0000 0.8077 
        econV0:core:layer7_out:rsci:layer7_out:rsc.@:wait_ctrl/core.wen                                                                                                                                                                                   0.0000 0.8077 
        econV0:core:layer7_out:rsci:layer7_out:rsc.@:wait_ctrl/and#4                         mgc_and_1_2                                                                                                                                                  0.1763 0.9840 
        econV0:core:layer7_out:rsci:layer7_out:rsc.@:wait_ctrl/layer7_out:rsci.bdwt                                                                                                                                                                       0.0000 0.9840 
        econV0:core:layer7_out:rsci/layer7_out:rsci.bdwt                                                                                                                                                                                                  0.0000 0.9840 
        econV0:core:layer7_out:rsci:layer7_out:rsc.@:wait_dp/layer7_out:rsci.bdwt                                                                                                                                                                         0.0000 0.9840 
        econV0:core:layer7_out:rsci:layer7_out:rsc.@:wait_dp/nor#2                           mgc_nor_1_2                                                                                                                                                  0.1763 1.1603 
        econV0:core:layer7_out:rsci:layer7_out:rsc.@:wait_dp/nor#2.itm                                                                                                                                                                                    0.0000 1.1603 
        econV0:core:layer7_out:rsci:layer7_out:rsc.@:wait_dp/reg(layer7_out:rsci.bcwt)       mgc_reg_pos_1_0_0_1_1_0_0                                                                                                                                    0.0000 1.1603 
                                                                                                                                                                                                                                                                        
      10                                                                                     econV0:core/reg(input_48:rsci.oswt)                                           econV0:core:input_48:rsci:input_48:rsc.@:wait_dp/reg(input_48:rsci.bcwt)       1.1603 3.8397 
                                                                                                                                                                                                                                                                        
        Instance                                                                             Component                                                                                                                                                    Delta  Delay  
        --------                                                                             ---------                                                                                                                                                    -----  -----  
        econV0:core/reg(input_48:rsci.oswt)                                                  mgc_reg_pos_1_0_0_1_1_1_1                                                                                                                                    0.1026 0.1026 
        econV0:core/reg(input_48:rsci.oswt).cse                                                                                                                                                                                                           0.0000 0.1026 
        econV0:core:input_48:rsci/input_48:rsci.oswt                                                                                                                                                                                                      0.0000 0.1026 
        econV0:core:input_48:rsci:input_48:rsc.@:wait_ctrl/input_48:rsci.oswt                                                                                                                                                                             0.0000 0.1026 
        econV0:core:input_48:rsci:input_48:rsc.@:wait_ctrl/and#3                             mgc_and_1_2                                                                                                                                                  0.1763 0.2788 
        econV0:core:input_48:rsci:input_48:rsc.@:wait_ctrl/input_48:rsci.ogwt                                                                                                                                                                             0.0000 0.2788 
        econV0:core:input_48:rsci:input_48:rsc.@:wait_ctrl/and#1                             mgc_and_1_2                                                                                                                                                  0.1763 0.4551 
        econV0:core:input_48:rsci:input_48:rsc.@:wait_ctrl/input_48:rsci.biwt                                                                                                                                                                             0.0000 0.4551 
        econV0:core:input_48:rsci/input_48:rsci.biwt                                                                                                                                                                                                      0.0000 0.4551 
        econV0:core:input_48:rsci:input_48:rsc.@:wait_dp/input_48:rsci.biwt                                                                                                                                                                               0.0000 0.4551 
        econV0:core:input_48:rsci:input_48:rsc.@:wait_dp/or#1                                mgc_or_1_3                                                                                                                                                   0.1763 0.6314 
        econV0:core:input_48:rsci:input_48:rsc.@:wait_dp/input_48:rsci.wen_comp                                                                                                                                                                           0.0000 0.6314 
        econV0:core:input_48:rsci/input_48:rsci.wen_comp                                                                                                                                                                                                  0.0000 0.6314 
        econV0:core/input_48:rsci.wen_comp                                                                                                                                                                                                                0.0000 0.6314 
        econV0:core:staller/input_48:rsci.wen_comp                                                                                                                                                                                                        0.0000 0.6314 
        econV0:core:staller/and#14                                                           mgc_and_1_2                                                                                                                                                  0.1763 0.8077 
        econV0:core:staller/core.wen                                                                                                                                                                                                                      0.0000 0.8077 
        econV0:core/core.wen                                                                                                                                                                                                                              0.0000 0.8077 
        econV0:core:input_48:rsci/core.wen                                                                                                                                                                                                                0.0000 0.8077 
        econV0:core:input_48:rsci:input_48:rsc.@:wait_ctrl/core.wen                                                                                                                                                                                       0.0000 0.8077 
        econV0:core:input_48:rsci:input_48:rsc.@:wait_ctrl/and                               mgc_and_1_2                                                                                                                                                  0.1763 0.9840 
        econV0:core:input_48:rsci:input_48:rsc.@:wait_ctrl/input_48:rsci.bdwt                                                                                                                                                                             0.0000 0.9840 
        econV0:core:input_48:rsci/input_48:rsci.bdwt                                                                                                                                                                                                      0.0000 0.9840 
        econV0:core:input_48:rsci:input_48:rsc.@:wait_dp/input_48:rsci.bdwt                                                                                                                                                                               0.0000 0.9840 
        econV0:core:input_48:rsci:input_48:rsc.@:wait_dp/nor                                 mgc_nor_1_2                                                                                                                                                  0.1763 1.1603 
        econV0:core:input_48:rsci:input_48:rsc.@:wait_dp/nor.itm                                                                                                                                                                                          0.0000 1.1603 
        econV0:core:input_48:rsci:input_48:rsc.@:wait_dp/reg(input_48:rsci.bcwt)             mgc_reg_pos_1_0_0_1_1_0_0                                                                                                                                    0.0000 1.1603 
                                                                                                                                                                                                                                                                        
      
    Register Input and Register-to-Output Slack
      Clock period or pin-to-reg delay constraint (clk): 5.0
      Clock uncertainty constraint (clk)               : 0.0
      
      Instance                                                                       Port                                                        Slack (Delay) Messages 
      ------------------------------------------------------------------------------ ---------------------------------------------------------- ------ ------- --------
      econV0:core/reg(input_48:rsci.oswt)                                            or.itm                                                     4.8237  0.1763          
      econV0:core/reg(layer7_out:rsci.oswt)                                          slc(fsm_output)(10).itm                                    5.0000  0.0000          
      econV0:core/reg(layer7_out:rsci.idat)                                          nnet::relu<layer6_t,result_t,relu_config7>():cmp.res_rsc_z 4.8975  0.1025          
      econV0:core/reg(nnet::dense_large<layer3_t,layer4_t,config4>(layer3_out))      nnet::relu<layer2_t,layer3_t,relu_config3>():cmp.res_rsc_z 4.8975  0.1025          
      econV0:core:input_48:rsci:input_48:rsc.@:wait_dp/reg(input_48:rsci.bcwt)       nor.itm                                                    3.8397  1.1603          
      econV0:core:input_48:rsci:input_48:rsc.@:wait_dp/reg(input_48:rsci.idat.bfwt)  input_48:rsci.idat.mxwt                                    4.8718  0.1282          
      econV0:core:layer7_out:rsci:layer7_out:rsc.@:wait_dp/reg(layer7_out:rsci.bcwt) nor#2.itm                                                  3.8397  1.1603          
      econV0:core:staller/reg(core.wten)                                             not#8.itm                                                  4.1923  0.8077          
      econV0                                                                         input_48:rsc.rdy                                           4.7212  0.2788          
      econV0                                                                         layer7_out:rsc.dat                                         4.7212  0.2788          
      econV0                                                                         layer7_out:rsc.vld                                         4.7212  0.2788          
      econV0                                                                         const_size_in_1:rsc.dat                                    4.7212  0.2788          
      econV0                                                                         const_size_in_1:rsc.vld                                    4.7212  0.2788          
      econV0                                                                         const_size_out_1:rsc.dat                                   4.7212  0.2788          
      econV0                                                                         const_size_out_1:rsc.vld                                   4.7212  0.2788          
      
  Operator Bitwidth Summary
    Operation                                                                          Size (bits) Count 
    ---------------------------------------------------------------------------------- ----------- -----
    and                                                                                                  
    -                                                                                            1    10 
    mux                                                                                                  
    -                                                                                          864     1 
    nnet__dense_large_input_t_layer2_t_config2__364e1c37b02d84e7ac7b82af01ac2d169f65f                    
    -                                                                                          432     1 
    nnet__dense_large_layer3_t_layer4_t_config4__94b287357b02bb07e1610e9805c3544722f54                   
    -                                                                                          108     1 
    nnet__dense_large_layer5_t_layer6_t_config6__94f0c22b7dff80064d055ba335642303a7c7                    
    -                                                                                           54     1 
    nnet__relu_layer2_t_layer3_t_relu_config3__f95037ce0bcd1dc6e3a2c701deed63c61350d                     
    -                                                                                          432     1 
    nnet__relu_layer4_t_layer5_t_relu_config5__b16a24b030de7d0c14080de9c051aa049072                      
    -                                                                                          108     1 
    nnet__relu_layer6_t_result_t_relu_config7__90a8b58c2a2db6a41b99f312c705472975f0                      
    -                                                                                           54     1 
    nor                                                                                                  
    -                                                                                            1     4 
    not                                                                                                  
    -                                                                                            1     7 
    or                                                                                                   
    -                                                                                            1     3 
    read_port                                                                                            
    -                                                                                          864     1 
    reg                                                                                                  
    -                                                                                          864     1 
    -                                                                                           54     1 
    -                                                                                          432     1 
    -                                                                                            1     5 
    write_port                                                                                           
    -                                                                                            0     3 
    
  End of Report
