-- Catapult Ultra Synthesis: Report                                              
-- ------------------------- ---------------------------------------------------
-- Version:                  10.4b/841621 Production Release                     
-- Build Date:               Thu Oct 24 17:20:07 PDT 2019                        
                                                                                 
-- Generated by:             therwig@fastml02                                    
-- Generated date:           Fri Jan 31 14:09:35 EST 2020                        

Solution Settings: econV0.v1
  Current state: extract
  Project: Catapult_fpga_16
  
  Design Input Files Specified
    $PROJECT_HOME/../keras_econV0/firmware/econV0.cpp
      $PROJECT_HOME/../keras_econV0/firmware/econV0.h
        $PROJECT_HOME/../keras_econV0/firmware/parameters.h
          $PROJECT_HOME/../keras_econV0/firmware/nnet_utils/nnet_dense_large.h
            $PROJECT_HOME/../keras_econV0/firmware/nnet_utils/nnet_common.h
              $PROJECT_HOME/../inc/ap_fixed.h
                $PROJECT_HOME/../inc/ap_int.h
                  $MGC_HOME/shared/include/ac_int.h
                  $MGC_HOME/shared/include/ac_fixed.h
            $PROJECT_HOME/../keras_econV0/firmware/nnet_utils/nnet_dense.h
              $PROJECT_HOME/../keras_econV0/firmware/nnet_utils/nnet_helpers.h
                $MGC_HOME/shared/include/ac_channel.h
              $MGC_HOME/shared/include/ac_float.h
          $PROJECT_HOME/../keras_econV0/firmware/nnet_utils/nnet_activation.h
            $MGC_HOME/shared/include/math/mgc_ac_math.h
              $MGC_HOME/shared/include/ac_complex.h
              $MGC_HOME/shared/include/math/mgc_ac_trig.h
                $MGC_HOME/shared/include/math/mgc_sc_atan_pow2.tab
                $MGC_HOME/shared/include/math/mgc_sc_atan2_pow2.tab
                $MGC_HOME/shared/include/math/mgc_sc_K_cordic.tab
                $MGC_HOME/shared/include/math/mgc_sc_x2_atan2_pow2.tab
              $MGC_HOME/shared/include/math/mgc_ac_hcordic.h
                $MGC_HOME/shared/include/math/mgc_ac_hcordic.tab
                $MGC_HOME/shared/include/math/mgc_ac_hcordic_inv_ln2.tab
            $MGC_HOME/shared/include/ac_math/ac_softmax_pwl.h
              $MGC_HOME/shared/include/ac_math/ac_pow_pwl.h
                $MGC_HOME/shared/include/ac_math/ac_shift.h
                $MGC_HOME/shared/include/ac_math/ac_log_pwl.h
                  $MGC_HOME/shared/include/ac_math/ac_normalize.h
              $MGC_HOME/shared/include/ac_math/ac_reciprocal_pwl.h
      $PROJECT_HOME/../keras_econV0/firmware/weights/w2.h
        $PROJECT_HOME/../keras_econV0/firmware/weights/w2.txt
      $PROJECT_HOME/../keras_econV0/firmware/weights/b2.h
        $PROJECT_HOME/../keras_econV0/firmware/weights/b2.txt
      $PROJECT_HOME/../keras_econV0/firmware/weights/w4.h
        $PROJECT_HOME/../keras_econV0/firmware/weights/w4.txt
      $PROJECT_HOME/../keras_econV0/firmware/weights/b4.h
        $PROJECT_HOME/../keras_econV0/firmware/weights/b4.txt
      $PROJECT_HOME/../keras_econV0/firmware/weights/w6.h
        $PROJECT_HOME/../keras_econV0/firmware/weights/w6.txt
      $PROJECT_HOME/../keras_econV0/firmware/weights/b6.h
        $PROJECT_HOME/../keras_econV0/firmware/weights/b6.txt
    $PROJECT_HOME/../keras_econV0/sc_main.cpp
  
  Processes/Blocks in Design
    Process       Real Operation(s) count Latency Throughput Reset Length II Comments 
    ------------- ----------------------- ------- ---------- ------------ -- --------
    /econV0/core                       10      19         20            1  0          
    Design Total:                      10      19         20            1  0          
    
  Bill Of Materials (Datapath)
    Component Name                                                                       Area Score Area(DSP) Area(LUTs) Delay Post Alloc Post Assign 
    ------------------------------------------------------------------------------------ ---------- --------- ---------- ----- ---------- -----------
    [Lib: ccs_ioport]                                                                                                                                 
    ccs_in_wait(22,864)                                                                       0.000     0.000      0.000 0.000          1           1 
    ccs_out_vld(24,16)                                                                        0.000     0.000      0.000 0.000          1           1 
    ccs_out_vld(25,16)                                                                        0.000     0.000      0.000 0.000          1           1 
    ccs_out_wait(23,54)                                                                       0.000     0.000      0.000 0.000          1           1 
    [Lib: cluster]                                                                                                                                    
    nnet__dense_large_input_t_layer2_t_config2__20a4f1ee65e085eab56d5002fbee6acb9f677()  278283.731     0.000      0.000 0.300          1           1 
    nnet__dense_large_layer3_t_layer4_t_config4__0d42feccc00a847b4d7b5f3b4a1fd84422f6c()  38713.977     0.000      0.000 0.300          1           1 
    nnet__dense_large_layer5_t_layer6_t_config6__6294c663bdcf5c7dd9271dbabd2f5fd7a7df()    5139.629     0.000      0.000 0.300          1           1 
    nnet__relu_layer2_t_layer3_t_relu_config3__79935801db37cc664e198aa39507a36413525()      648.000     0.000      0.000 0.300          1           1 
    nnet__relu_layer4_t_layer5_t_relu_config5__bcee722f28894521a9552a467e7e2dd2908a()       162.000     0.000      0.000 0.300          1           1 
    nnet__relu_layer6_t_result_t_relu_config7__4263e77ad5119b121ea849a900733d8b7608()        81.000     0.000      0.000 0.300          1           1 
    [Lib: mgc_Altera-Arria-10-1_beh]                                                                                                                  
    mgc_and(1,2)                                                                              1.000     0.000      1.000 0.535          0          10 
    mgc_mux(864,1,2)                                                                        864.000     0.000    864.000 0.585          0           1 
    mgc_nor(1,2)                                                                              1.000     0.000      1.000 0.533          0           4 
    mgc_not(1)                                                                                0.000     0.000      0.000 0.000          0           7 
    mgc_or(1,2)                                                                               1.000     0.000      1.000 0.533          0           1 
    mgc_or(1,3)                                                                               1.000     0.000      1.000 0.533          0           2 
    mgc_reg_pos(1,0,0,1,1,0,0)                                                                0.000     0.000      0.000 0.300          0           3 
    mgc_reg_pos(1,0,0,1,1,1,1)                                                                0.000     0.000      0.000 0.300          0           2 
    mgc_reg_pos(432,0,0,1,1,1,1)                                                              0.000     0.000      0.000 0.300          0           1 
    mgc_reg_pos(54,0,0,1,1,1,1)                                                               0.000     0.000      0.000 0.300          0           1 
    mgc_reg_pos(864,0,0,1,1,0,0)                                                              0.000     0.000      0.000 0.300          0           1 
                                                                                                                                                      
    TOTAL AREA (After Assignment):                                                       323909.336     0.000    881.000                              
    
  Area Scores
                        Post-Scheduling     Post-DP & FSM   Post-Assignment 
    ----------------- ----------------- ----------------- -----------------
    Total Area Score:   323028.3          323910.3          323910.3        
    Total Reg:               0.0               0.0               0.0        
                                                                            
    DataPath:           323028.3 (100%)   323909.3 (100%)   323909.3 (100%) 
      MUX:                   0.0             864.0   (0%)      864.0   (0%) 
      FUNC:             323028.3 (100%)   323028.3 (100%)   323028.3 (100%) 
      LOGIC:                 0.0              17.0   (0%)       17.0   (0%) 
      BUFFER:                0.0               0.0               0.0        
      MEM:                   0.0               0.0               0.0        
      ROM:                   0.0               0.0               0.0        
      REG:                   0.0               0.0               0.0        
                                                                            
    
    FSM:                     0.0               1.0   (0%)        1.0   (0%) 
      FSM-REG:               0.0               0.0               0.0        
      FSM-COMB:              0.0               1.0 (100%)        1.0 (100%) 
                                                                            
    
  Register-to-Variable Mappings
    Register                                                     Size(bits) Gated Register CG Opt Done Variables                                                    
    ------------------------------------------------------------ ---------- -------------- ----------- ------------------------------------------------------------
    input_48:rsci.idat.bfwt                                             864                            input_48:rsci.idat.bfwt                                      
    nnet::dense_large<layer3_t,layer4_t,config4>(layer3_out).sva        432         Y                  nnet::dense_large<layer3_t,layer4_t,config4>(layer3_out).sva 
    layer7_out:rsci.idat                                                 54         Y           Y      layer7_out:rsci.idat                                         
    core.wten                                                             1                            core.wten                                                    
    input_48:rsci.bcwt                                                    1                            input_48:rsci.bcwt                                           
    layer7_out:rsci.bcwt                                                  1                            layer7_out:rsci.bcwt                                         
    reg(const_size_out_1:rsci.ivld.core.psct).cse                         1         Y                  reg(const_size_out_1:rsci.ivld.core.psct).cse                
    reg(layer7_out:rsci.ivld.core.psct).cse                               1         Y                  reg(layer7_out:rsci.ivld.core.psct).cse                      
                                                                                                                                                                    
    Total:                                                             1355            488          54 (Total Gating Ratio: 0.36, CG Opt Gating Ratio: 0.04)        
    
  Timing Report
    Critical Path
      Max Delay:  4.732303
      Slack:      0.2676970000000001
      
      Path                                                                                   Startpoint                                                                    Endpoint                                                                       Delay  Slack  
      -------------------------------------------------------------------------------------- ----------------------------------------------------------------------------- ------------------------------------------------------------------------------ ------ ------
      1                                                                                      econV0:core:input_48:rsci:input_48:rsc.@:wait_dp/reg(input_48:rsci.idat.bfwt) econV0:core/nnet::dense_large<input_t,layer2_t,config2>():cmp                  4.7323 0.2677 
                                                                                                                                                                                                                                                                        
        Instance                                                                             Component                                                                                                                                                    Delta  Delay  
        --------                                                                             ---------                                                                                                                                                    -----  -----  
        econV0:core:input_48:rsci:input_48:rsc.@:wait_dp/reg(input_48:rsci.idat.bfwt)        mgc_reg_pos_864_0_0_1_1_0_0                                                                                                                                  0.3001 0.3001 
        econV0:core:input_48:rsci:input_48:rsc.@:wait_dp/input_48:rsci.idat.bfwt                                                                                                                                                                          0.0000 0.3001 
        econV0:core:input_48:rsci:input_48:rsc.@:wait_dp/mux                                 mgc_mux_864_1_2                                                                                                                                              0.5847 0.8848 
        econV0:core:input_48:rsci:input_48:rsc.@:wait_dp/input_48:rsci.idat.mxwt                                                                                                                                                                          0.0000 0.8848 
        econV0:core:input_48:rsci/input_48:rsci.idat.mxwt                                                                                                                                                                                                 0.0000 0.8848 
        econV0:core/input_48:rsci.idat.mxwt                                                                                                                                                                                                               0.0000 0.8848 
        econV0:core/nnet::dense_large<input_t,layer2_t,config2>():cmp                        nnet_dense_large_input_t_layer2_t_config2                                                                                                                    0.0000 4.7323 
                                                                                                                                                                                                                                                                        
      2                                                                                      econV0:core:input_48:rsci:input_48:rsc.@:wait_dp/reg(input_48:rsci.bcwt)      econV0:core/nnet::dense_large<input_t,layer2_t,config2>():cmp                  4.7323 0.2677 
                                                                                                                                                                                                                                                                        
        Instance                                                                             Component                                                                                                                                                    Delta  Delay  
        --------                                                                             ---------                                                                                                                                                    -----  -----  
        econV0:core:input_48:rsci:input_48:rsc.@:wait_dp/reg(input_48:rsci.bcwt)             mgc_reg_pos_1_0_0_1_1_0_0                                                                                                                                    0.3001 0.3001 
        econV0:core:input_48:rsci:input_48:rsc.@:wait_dp/input_48:rsci.bcwt                                                                                                                                                                               0.0000 0.3001 
        econV0:core:input_48:rsci:input_48:rsc.@:wait_dp/mux                                 mgc_mux_864_1_2                                                                                                                                              0.5847 0.8848 
        econV0:core:input_48:rsci:input_48:rsc.@:wait_dp/input_48:rsci.idat.mxwt                                                                                                                                                                          0.0000 0.8848 
        econV0:core:input_48:rsci/input_48:rsci.idat.mxwt                                                                                                                                                                                                 0.0000 0.8848 
        econV0:core/input_48:rsci.idat.mxwt                                                                                                                                                                                                               0.0000 0.8848 
        econV0:core/nnet::dense_large<input_t,layer2_t,config2>():cmp                        nnet_dense_large_input_t_layer2_t_config2                                                                                                                    0.0000 4.7323 
                                                                                                                                                                                                                                                                        
      3                                                                                      econV0:core:input_48:rsci:input_48:rsc.@:wait_dp/input_48:rsci.idat           econV0:core/nnet::dense_large<input_t,layer2_t,config2>():cmp                  4.4322 0.5678 
                                                                                                                                                                                                                                                                        
        Instance                                                                             Component                                                                                                                                                    Delta  Delay  
        --------                                                                             ---------                                                                                                                                                    -----  -----  
        econV0:core:input_48:rsci:input_48:rsc.@:wait_dp/input_48:rsci.idat                                                                                                                                                                               0.0000 0.0000 
        econV0:core:input_48:rsci:input_48:rsc.@:wait_dp/mux                                 mgc_mux_864_1_2                                                                                                                                              0.5847 0.5847 
        econV0:core:input_48:rsci:input_48:rsc.@:wait_dp/input_48:rsci.idat.mxwt                                                                                                                                                                          0.0000 0.5847 
        econV0:core:input_48:rsci/input_48:rsci.idat.mxwt                                                                                                                                                                                                 0.0000 0.5847 
        econV0:core/input_48:rsci.idat.mxwt                                                                                                                                                                                                               0.0000 0.5847 
        econV0:core/nnet::dense_large<input_t,layer2_t,config2>():cmp                        nnet_dense_large_input_t_layer2_t_config2                                                                                                                    0.3001 4.4322 
                                                                                                                                                                                                                                                                        
      4                                                                                      econV0:core/reg(nnet::dense_large<layer3_t,layer4_t,config4>(layer3_out))     econV0:core/nnet::dense_large<layer3_t,layer4_t,config4>():cmp                 4.0104 0.9896 
                                                                                                                                                                                                                                                                        
        Instance                                                                             Component                                                                                                                                                    Delta  Delay  
        --------                                                                             ---------                                                                                                                                                    -----  -----  
        econV0:core/reg(nnet::dense_large<layer3_t,layer4_t,config4>(layer3_out))            mgc_reg_pos_432_0_0_1_1_1_1                                                                                                                                  0.3001 0.3001 
        econV0:core/nnet::dense_large<layer3_t,layer4_t,config4>(layer3_out).sva                                                                                                                                                                          0.0000 0.3001 
        econV0:core/asn(nnet::dense_large<layer3_t,layer4_t,config4>():cmp.data_rsc_dat)                                                                                                                                                                  0.0000 0.3001 
        econV0:core/asn(nnet::dense_large<layer3_t,layer4_t,config4>():cmp.data_rsc_dat).itm                                                                                                                                                              0.0000 0.3001 
        econV0:core/nnet::dense_large<layer3_t,layer4_t,config4>():cmp                       nnet_dense_large_layer3_t_layer4_t_config4                                                                                                                   0.0000 4.0104 
                                                                                                                                                                                                                                                                        
      5                                                                                      econV0:core/econV0:core_core:fsm:inst                                         econV0:core/nnet::dense_large<input_t,layer2_t,config2>():cmp                  3.8475 1.1525 
                                                                                                                                                                                                                                                                        
        Instance                                                                             Component                                                                                                                                                    Delta  Delay  
        --------                                                                             ---------                                                                                                                                                    -----  -----  
        econV0:core/econV0:core_core:fsm:inst                                                econV0:core_core:fsm                                                                                                                                         0.0000 0.0000 
        econV0:core/fsm_output                                                                                                                                                                                                                            0.0000 0.0000 
        econV0:core/slc(fsm_output)(1)                                                                                                                                                                                                                    0.0000 0.0000 
        econV0:core/slc(fsm_output)(1).itm                                                                                                                                                                                                                0.0000 0.0000 
        econV0:core/nnet::dense_large<input_t,layer2_t,config2>():cmp                        nnet_dense_large_input_t_layer2_t_config2                                                                                                                    0.0000 3.8475 
                                                                                                                                                                                                                                                                        
      6                                                                                      econV0:core/econV0:core_core:fsm:inst                                         econV0:core/nnet::dense_large<layer3_t,layer4_t,config4>():cmp                 3.7103 1.2897 
                                                                                                                                                                                                                                                                        
        Instance                                                                             Component                                                                                                                                                    Delta  Delay  
        --------                                                                             ---------                                                                                                                                                    -----  -----  
        econV0:core/econV0:core_core:fsm:inst                                                econV0:core_core:fsm                                                                                                                                         0.0000 0.0000 
        econV0:core/fsm_output                                                                                                                                                                                                                            0.0000 0.0000 
        econV0:core/slc(fsm_output)(8)                                                                                                                                                                                                                    0.0000 0.0000 
        econV0:core/slc(fsm_output)(8).itm                                                                                                                                                                                                                0.0000 0.0000 
        econV0:core/nnet::dense_large<layer3_t,layer4_t,config4>():cmp                       nnet_dense_large_layer3_t_layer4_t_config4                                                                                                                   0.0000 3.7103 
                                                                                                                                                                                                                                                                        
      7                                                                                      econV0:core/reg(const_size_out_1:rsci.ivld.core.psct)                         econV0:core:input_48:rsci:input_48:rsc.@:wait_dp/reg(input_48:rsci.bcwt)       3.5041 1.4959 
                                                                                                                                                                                                                                                                        
        Instance                                                                             Component                                                                                                                                                    Delta  Delay  
        --------                                                                             ---------                                                                                                                                                    -----  -----  
        econV0:core/reg(const_size_out_1:rsci.ivld.core.psct)                                mgc_reg_pos_1_0_0_1_1_1_1                                                                                                                                    0.3001 0.3001 
        econV0:core/reg(const_size_out_1:rsci.ivld.core.psct).cse                                                                                                                                                                                         0.0000 0.3001 
        econV0:core:input_48:rsci/input_48:rsci.oswt                                                                                                                                                                                                      0.0000 0.3001 
        econV0:core:input_48:rsci:input_48:rsc.@:wait_ctrl/input_48:rsci.oswt                                                                                                                                                                             0.0000 0.3001 
        econV0:core:input_48:rsci:input_48:rsc.@:wait_ctrl/and#3                             mgc_and_1_2                                                                                                                                                  0.5347 0.8348 
        econV0:core:input_48:rsci:input_48:rsc.@:wait_ctrl/input_48:rsci.ogwt                                                                                                                                                                             0.0000 0.8348 
        econV0:core:input_48:rsci:input_48:rsc.@:wait_ctrl/and#1                             mgc_and_1_2                                                                                                                                                  0.5347 1.3695 
        econV0:core:input_48:rsci:input_48:rsc.@:wait_ctrl/input_48:rsci.biwt                                                                                                                                                                             0.0000 1.3695 
        econV0:core:input_48:rsci/input_48:rsci.biwt                                                                                                                                                                                                      0.0000 1.3695 
        econV0:core:input_48:rsci:input_48:rsc.@:wait_dp/input_48:rsci.biwt                                                                                                                                                                               0.0000 1.3695 
        econV0:core:input_48:rsci:input_48:rsc.@:wait_dp/or#1                                mgc_or_1_3                                                                                                                                                   0.5326 1.9021 
        econV0:core:input_48:rsci:input_48:rsc.@:wait_dp/input_48:rsci.wen_comp                                                                                                                                                                           0.0000 1.9021 
        econV0:core:input_48:rsci/input_48:rsci.wen_comp                                                                                                                                                                                                  0.0000 1.9021 
        econV0:core/input_48:rsci.wen_comp                                                                                                                                                                                                                0.0000 1.9021 
        econV0:core:staller/input_48:rsci.wen_comp                                                                                                                                                                                                        0.0000 1.9021 
        econV0:core:staller/and#14                                                           mgc_and_1_2                                                                                                                                                  0.5347 2.4368 
        econV0:core:staller/core.wen                                                                                                                                                                                                                      0.0000 2.4368 
        econV0:core/core.wen                                                                                                                                                                                                                              0.0000 2.4368 
        econV0:core:input_48:rsci/core.wen                                                                                                                                                                                                                0.0000 2.4368 
        econV0:core:input_48:rsci:input_48:rsc.@:wait_ctrl/core.wen                                                                                                                                                                                       0.0000 2.4368 
        econV0:core:input_48:rsci:input_48:rsc.@:wait_ctrl/and                               mgc_and_1_2                                                                                                                                                  0.5347 2.9715 
        econV0:core:input_48:rsci:input_48:rsc.@:wait_ctrl/input_48:rsci.bdwt                                                                                                                                                                             0.0000 2.9715 
        econV0:core:input_48:rsci/input_48:rsci.bdwt                                                                                                                                                                                                      0.0000 2.9715 
        econV0:core:input_48:rsci:input_48:rsc.@:wait_dp/input_48:rsci.bdwt                                                                                                                                                                               0.0000 2.9715 
        econV0:core:input_48:rsci:input_48:rsc.@:wait_dp/nor                                 mgc_nor_1_2                                                                                                                                                  0.5326 3.5041 
        econV0:core:input_48:rsci:input_48:rsc.@:wait_dp/nor.itm                                                                                                                                                                                          0.0000 3.5041 
        econV0:core:input_48:rsci:input_48:rsc.@:wait_dp/reg(input_48:rsci.bcwt)             mgc_reg_pos_1_0_0_1_1_0_0                                                                                                                                    0.0000 3.5041 
                                                                                                                                                                                                                                                                        
      8                                                                                      econV0:core/reg(const_size_out_1:rsci.ivld.core.psct)                         econV0:core:layer7_out:rsci:layer7_out:rsc.@:wait_dp/reg(layer7_out:rsci.bcwt) 3.5041 1.4959 
                                                                                                                                                                                                                                                                        
        Instance                                                                             Component                                                                                                                                                    Delta  Delay  
        --------                                                                             ---------                                                                                                                                                    -----  -----  
        econV0:core/reg(const_size_out_1:rsci.ivld.core.psct)                                mgc_reg_pos_1_0_0_1_1_1_1                                                                                                                                    0.3001 0.3001 
        econV0:core/reg(const_size_out_1:rsci.ivld.core.psct).cse                                                                                                                                                                                         0.0000 0.3001 
        econV0:core:input_48:rsci/input_48:rsci.oswt                                                                                                                                                                                                      0.0000 0.3001 
        econV0:core:input_48:rsci:input_48:rsc.@:wait_ctrl/input_48:rsci.oswt                                                                                                                                                                             0.0000 0.3001 
        econV0:core:input_48:rsci:input_48:rsc.@:wait_ctrl/and#3                             mgc_and_1_2                                                                                                                                                  0.5347 0.8348 
        econV0:core:input_48:rsci:input_48:rsc.@:wait_ctrl/input_48:rsci.ogwt                                                                                                                                                                             0.0000 0.8348 
        econV0:core:input_48:rsci:input_48:rsc.@:wait_ctrl/and#1                             mgc_and_1_2                                                                                                                                                  0.5347 1.3695 
        econV0:core:input_48:rsci:input_48:rsc.@:wait_ctrl/input_48:rsci.biwt                                                                                                                                                                             0.0000 1.3695 
        econV0:core:input_48:rsci/input_48:rsci.biwt                                                                                                                                                                                                      0.0000 1.3695 
        econV0:core:input_48:rsci:input_48:rsc.@:wait_dp/input_48:rsci.biwt                                                                                                                                                                               0.0000 1.3695 
        econV0:core:input_48:rsci:input_48:rsc.@:wait_dp/or#1                                mgc_or_1_3                                                                                                                                                   0.5326 1.9021 
        econV0:core:input_48:rsci:input_48:rsc.@:wait_dp/input_48:rsci.wen_comp                                                                                                                                                                           0.0000 1.9021 
        econV0:core:input_48:rsci/input_48:rsci.wen_comp                                                                                                                                                                                                  0.0000 1.9021 
        econV0:core/input_48:rsci.wen_comp                                                                                                                                                                                                                0.0000 1.9021 
        econV0:core:staller/input_48:rsci.wen_comp                                                                                                                                                                                                        0.0000 1.9021 
        econV0:core:staller/and#14                                                           mgc_and_1_2                                                                                                                                                  0.5347 2.4368 
        econV0:core:staller/core.wen                                                                                                                                                                                                                      0.0000 2.4368 
        econV0:core/core.wen                                                                                                                                                                                                                              0.0000 2.4368 
        econV0:core:layer7_out:rsci/core.wen                                                                                                                                                                                                              0.0000 2.4368 
        econV0:core:layer7_out:rsci:layer7_out:rsc.@:wait_ctrl/core.wen                                                                                                                                                                                   0.0000 2.4368 
        econV0:core:layer7_out:rsci:layer7_out:rsc.@:wait_ctrl/and#4                         mgc_and_1_2                                                                                                                                                  0.5347 2.9715 
        econV0:core:layer7_out:rsci:layer7_out:rsc.@:wait_ctrl/layer7_out:rsci.bdwt                                                                                                                                                                       0.0000 2.9715 
        econV0:core:layer7_out:rsci/layer7_out:rsci.bdwt                                                                                                                                                                                                  0.0000 2.9715 
        econV0:core:layer7_out:rsci:layer7_out:rsc.@:wait_dp/layer7_out:rsci.bdwt                                                                                                                                                                         0.0000 2.9715 
        econV0:core:layer7_out:rsci:layer7_out:rsc.@:wait_dp/nor#2                           mgc_nor_1_2                                                                                                                                                  0.5326 3.5041 
        econV0:core:layer7_out:rsci:layer7_out:rsc.@:wait_dp/nor#2.itm                                                                                                                                                                                    0.0000 3.5041 
        econV0:core:layer7_out:rsci:layer7_out:rsc.@:wait_dp/reg(layer7_out:rsci.bcwt)       mgc_reg_pos_1_0_0_1_1_0_0                                                                                                                                    0.0000 3.5041 
                                                                                                                                                                                                                                                                        
      9                                                                                      econV0:core:input_48:rsci:input_48:rsc.@:wait_dp/reg(input_48:rsci.bcwt)      econV0:core:layer7_out:rsci:layer7_out:rsc.@:wait_dp/reg(layer7_out:rsci.bcwt) 3.5041 1.4959 
                                                                                                                                                                                                                                                                        
        Instance                                                                             Component                                                                                                                                                    Delta  Delay  
        --------                                                                             ---------                                                                                                                                                    -----  -----  
        econV0:core:input_48:rsci:input_48:rsc.@:wait_dp/reg(input_48:rsci.bcwt)             mgc_reg_pos_1_0_0_1_1_0_0                                                                                                                                    0.3001 0.3001 
        econV0:core:input_48:rsci:input_48:rsc.@:wait_dp/input_48:rsci.bcwt                                                                                                                                                                               0.0000 0.3001 
        econV0:core:input_48:rsci/input_48:rsci.bcwt                                                                                                                                                                                                      0.0000 0.3001 
        econV0:core:input_48:rsci:input_48:rsc.@:wait_ctrl/input_48:rsci.bcwt                                                                                                                                                                             0.0000 0.3001 
        econV0:core:input_48:rsci:input_48:rsc.@:wait_ctrl/not#1                             mgc_not_1                                                                                                                                                    0.0000 0.3001 
        econV0:core:input_48:rsci:input_48:rsc.@:wait_ctrl/not#1.itm                                                                                                                                                                                      0.0000 0.3001 
        econV0:core:input_48:rsci:input_48:rsc.@:wait_ctrl/and#3                             mgc_and_1_2                                                                                                                                                  0.5347 0.8348 
        econV0:core:input_48:rsci:input_48:rsc.@:wait_ctrl/input_48:rsci.ogwt                                                                                                                                                                             0.0000 0.8348 
        econV0:core:input_48:rsci:input_48:rsc.@:wait_ctrl/and#1                             mgc_and_1_2                                                                                                                                                  0.5347 1.3695 
        econV0:core:input_48:rsci:input_48:rsc.@:wait_ctrl/input_48:rsci.biwt                                                                                                                                                                             0.0000 1.3695 
        econV0:core:input_48:rsci/input_48:rsci.biwt                                                                                                                                                                                                      0.0000 1.3695 
        econV0:core:input_48:rsci:input_48:rsc.@:wait_dp/input_48:rsci.biwt                                                                                                                                                                               0.0000 1.3695 
        econV0:core:input_48:rsci:input_48:rsc.@:wait_dp/or#1                                mgc_or_1_3                                                                                                                                                   0.5326 1.9021 
        econV0:core:input_48:rsci:input_48:rsc.@:wait_dp/input_48:rsci.wen_comp                                                                                                                                                                           0.0000 1.9021 
        econV0:core:input_48:rsci/input_48:rsci.wen_comp                                                                                                                                                                                                  0.0000 1.9021 
        econV0:core/input_48:rsci.wen_comp                                                                                                                                                                                                                0.0000 1.9021 
        econV0:core:staller/input_48:rsci.wen_comp                                                                                                                                                                                                        0.0000 1.9021 
        econV0:core:staller/and#14                                                           mgc_and_1_2                                                                                                                                                  0.5347 2.4368 
        econV0:core:staller/core.wen                                                                                                                                                                                                                      0.0000 2.4368 
        econV0:core/core.wen                                                                                                                                                                                                                              0.0000 2.4368 
        econV0:core:layer7_out:rsci/core.wen                                                                                                                                                                                                              0.0000 2.4368 
        econV0:core:layer7_out:rsci:layer7_out:rsc.@:wait_ctrl/core.wen                                                                                                                                                                                   0.0000 2.4368 
        econV0:core:layer7_out:rsci:layer7_out:rsc.@:wait_ctrl/and#4                         mgc_and_1_2                                                                                                                                                  0.5347 2.9715 
        econV0:core:layer7_out:rsci:layer7_out:rsc.@:wait_ctrl/layer7_out:rsci.bdwt                                                                                                                                                                       0.0000 2.9715 
        econV0:core:layer7_out:rsci/layer7_out:rsci.bdwt                                                                                                                                                                                                  0.0000 2.9715 
        econV0:core:layer7_out:rsci:layer7_out:rsc.@:wait_dp/layer7_out:rsci.bdwt                                                                                                                                                                         0.0000 2.9715 
        econV0:core:layer7_out:rsci:layer7_out:rsc.@:wait_dp/nor#2                           mgc_nor_1_2                                                                                                                                                  0.5326 3.5041 
        econV0:core:layer7_out:rsci:layer7_out:rsc.@:wait_dp/nor#2.itm                                                                                                                                                                                    0.0000 3.5041 
        econV0:core:layer7_out:rsci:layer7_out:rsc.@:wait_dp/reg(layer7_out:rsci.bcwt)       mgc_reg_pos_1_0_0_1_1_0_0                                                                                                                                    0.0000 3.5041 
                                                                                                                                                                                                                                                                        
      10                                                                                     econV0:core/reg(layer7_out:rsci.ivld.core.psct)                               econV0:core:layer7_out:rsci:layer7_out:rsc.@:wait_dp/reg(layer7_out:rsci.bcwt) 3.5041 1.4959 
                                                                                                                                                                                                                                                                        
        Instance                                                                             Component                                                                                                                                                    Delta  Delay  
        --------                                                                             ---------                                                                                                                                                    -----  -----  
        econV0:core/reg(layer7_out:rsci.ivld.core.psct)                                      mgc_reg_pos_1_0_0_1_1_1_1                                                                                                                                    0.3001 0.3001 
        econV0:core/reg(layer7_out:rsci.ivld.core.psct).cse                                                                                                                                                                                               0.0000 0.3001 
        econV0:core:layer7_out:rsci/layer7_out:rsci.oswt                                                                                                                                                                                                  0.0000 0.3001 
        econV0:core:layer7_out:rsci:layer7_out:rsc.@:wait_ctrl/layer7_out:rsci.oswt                                                                                                                                                                       0.0000 0.3001 
        econV0:core:layer7_out:rsci:layer7_out:rsc.@:wait_ctrl/and#7                         mgc_and_1_2                                                                                                                                                  0.5347 0.8348 
        econV0:core:layer7_out:rsci:layer7_out:rsc.@:wait_ctrl/layer7_out:rsci.ogwt                                                                                                                                                                       0.0000 0.8348 
        econV0:core:layer7_out:rsci:layer7_out:rsc.@:wait_ctrl/and#5                         mgc_and_1_2                                                                                                                                                  0.5347 1.3695 
        econV0:core:layer7_out:rsci:layer7_out:rsc.@:wait_ctrl/layer7_out:rsci.biwt                                                                                                                                                                       0.0000 1.3695 
        econV0:core:layer7_out:rsci/layer7_out:rsci.biwt                                                                                                                                                                                                  0.0000 1.3695 
        econV0:core:layer7_out:rsci:layer7_out:rsc.@:wait_dp/layer7_out:rsci.biwt                                                                                                                                                                         0.0000 1.3695 
        econV0:core:layer7_out:rsci:layer7_out:rsc.@:wait_dp/or#3                            mgc_or_1_3                                                                                                                                                   0.5326 1.9021 
        econV0:core:layer7_out:rsci:layer7_out:rsc.@:wait_dp/layer7_out:rsci.wen_comp                                                                                                                                                                     0.0000 1.9021 
        econV0:core:layer7_out:rsci/layer7_out:rsci.wen_comp                                                                                                                                                                                              0.0000 1.9021 
        econV0:core/layer7_out:rsci.wen_comp                                                                                                                                                                                                              0.0000 1.9021 
        econV0:core:staller/layer7_out:rsci.wen_comp                                                                                                                                                                                                      0.0000 1.9021 
        econV0:core:staller/and#14                                                           mgc_and_1_2                                                                                                                                                  0.5347 2.4368 
        econV0:core:staller/core.wen                                                                                                                                                                                                                      0.0000 2.4368 
        econV0:core/core.wen                                                                                                                                                                                                                              0.0000 2.4368 
        econV0:core:layer7_out:rsci/core.wen                                                                                                                                                                                                              0.0000 2.4368 
        econV0:core:layer7_out:rsci:layer7_out:rsc.@:wait_ctrl/core.wen                                                                                                                                                                                   0.0000 2.4368 
        econV0:core:layer7_out:rsci:layer7_out:rsc.@:wait_ctrl/and#4                         mgc_and_1_2                                                                                                                                                  0.5347 2.9715 
        econV0:core:layer7_out:rsci:layer7_out:rsc.@:wait_ctrl/layer7_out:rsci.bdwt                                                                                                                                                                       0.0000 2.9715 
        econV0:core:layer7_out:rsci/layer7_out:rsci.bdwt                                                                                                                                                                                                  0.0000 2.9715 
        econV0:core:layer7_out:rsci:layer7_out:rsc.@:wait_dp/layer7_out:rsci.bdwt                                                                                                                                                                         0.0000 2.9715 
        econV0:core:layer7_out:rsci:layer7_out:rsc.@:wait_dp/nor#2                           mgc_nor_1_2                                                                                                                                                  0.5326 3.5041 
        econV0:core:layer7_out:rsci:layer7_out:rsc.@:wait_dp/nor#2.itm                                                                                                                                                                                    0.0000 3.5041 
        econV0:core:layer7_out:rsci:layer7_out:rsc.@:wait_dp/reg(layer7_out:rsci.bcwt)       mgc_reg_pos_1_0_0_1_1_0_0                                                                                                                                    0.0000 3.5041 
                                                                                                                                                                                                                                                                        
      
    Register Input and Register-to-Output Slack
      Clock period or pin-to-reg delay constraint (clk): 5.0
      Clock uncertainty constraint (clk)               : 0.0
      
      Instance                                                                       Port                                                        Slack (Delay) Messages 
      ------------------------------------------------------------------------------ ---------------------------------------------------------- ------ ------- --------
      econV0:core/reg(const_size_out_1:rsci.ivld.core.psct)                          const_size_out_1:or.itm                                    4.4674  0.5326          
      econV0:core/reg(layer7_out:rsci.idat)                                          nnet::relu<layer6_t,result_t,relu_config7>():cmp.res_rsc_z 4.6999  0.3001          
      econV0:core/reg(layer7_out:rsci.ivld.core.psct)                                slc(fsm_output)(19).itm                                    5.0000  0.0000          
      econV0:core/reg(nnet::dense_large<layer3_t,layer4_t,config4>(layer3_out))      nnet::relu<layer2_t,layer3_t,relu_config3>():cmp.res_rsc_z 4.6999  0.3001          
      econV0:core:input_48:rsci:input_48:rsc.@:wait_dp/reg(input_48:rsci.bcwt)       nor.itm                                                    1.4959  3.5041          
      econV0:core:input_48:rsci:input_48:rsc.@:wait_dp/reg(input_48:rsci.idat.bfwt)  input_48:rsci.idat.mxwt                                    4.1152  0.8848          
      econV0:core:layer7_out:rsci:layer7_out:rsc.@:wait_dp/reg(layer7_out:rsci.bcwt) nor#2.itm                                                  1.4959  3.5041          
      econV0:core:staller/reg(core.wten)                                             not#8.itm                                                  2.5632  2.4368          
      econV0                                                                         input_48:rsc.rdy                                           4.1652  0.8348          
      econV0                                                                         layer7_out:rsc.dat                                         4.1652  0.8348          
      econV0                                                                         layer7_out:rsc.vld                                         4.1652  0.8348          
      econV0                                                                         const_size_in_1:rsc.dat                                    4.1652  0.8348          
      econV0                                                                         const_size_in_1:rsc.vld                                    4.1652  0.8348          
      econV0                                                                         const_size_out_1:rsc.dat                                   4.1652  0.8348          
      econV0                                                                         const_size_out_1:rsc.vld                                   4.1652  0.8348          
      
  Operator Bitwidth Summary
    Operation                                                                          Size (bits) Count 
    ---------------------------------------------------------------------------------- ----------- -----
    and                                                                                                  
    -                                                                                            1    10 
    mux                                                                                                  
    -                                                                                          864     1 
    nnet__dense_large_input_t_layer2_t_config2__20a4f1ee65e085eab56d5002fbee6acb9f677                    
    -                                                                                          432     1 
    nnet__dense_large_layer3_t_layer4_t_config4__0d42feccc00a847b4d7b5f3b4a1fd84422f6c                   
    -                                                                                          108     1 
    nnet__dense_large_layer5_t_layer6_t_config6__6294c663bdcf5c7dd9271dbabd2f5fd7a7df                    
    -                                                                                           54     1 
    nnet__relu_layer2_t_layer3_t_relu_config3__79935801db37cc664e198aa39507a36413525                     
    -                                                                                          432     1 
    nnet__relu_layer4_t_layer5_t_relu_config5__bcee722f28894521a9552a467e7e2dd2908a                      
    -                                                                                          108     1 
    nnet__relu_layer6_t_result_t_relu_config7__4263e77ad5119b121ea849a900733d8b7608                      
    -                                                                                           54     1 
    nor                                                                                                  
    -                                                                                            1     4 
    not                                                                                                  
    -                                                                                            1     7 
    or                                                                                                   
    -                                                                                            1     3 
    read_port                                                                                            
    -                                                                                          864     1 
    reg                                                                                                  
    -                                                                                          864     1 
    -                                                                                           54     1 
    -                                                                                          432     1 
    -                                                                                            1     5 
    write_port                                                                                           
    -                                                                                            0     3 
    
  End of Report
