============================================================
  Generated by:           Genus(TM) Synthesis Solution 18.14-s037_1
  Generated on:           Mar 16 2020  11:39:55 am
  Module:                 converter
  Technology library:     NangateOpenCellLibrary revision 1.0
  Operating conditions:   typical (balanced_tree)
  Wireload mode:          enclosed
  Area mode:              timing library
============================================================

                                  Leakage   
   Gate    Instances    Area     Power (nW)          Library          
----------------------------------------------------------------------
AND2_X1           10     10.640     283.465    NangateOpenCellLibrary 
AND2_X4            6     14.364     573.559    NangateOpenCellLibrary 
AND3_X1            2      2.660      54.191    NangateOpenCellLibrary 
AOI211_X1          1      1.330      32.106    NangateOpenCellLibrary 
AOI21_X1         205    218.120    5568.420    NangateOpenCellLibrary 
AOI221_X1        217    346.332    6365.010    NangateOpenCellLibrary 
AOI222_X1         42     89.376    1298.150    NangateOpenCellLibrary 
AOI22_X1        2545   3384.850   62426.116    NangateOpenCellLibrary 
BUF_X1             4      3.192      93.294    NangateOpenCellLibrary 
BUF_X4             5      9.310     451.856    NangateOpenCellLibrary 
DFFR_X2            1      5.852     127.953    NangateOpenCellLibrary 
DFF_X1          1444   6529.768  113639.898    NangateOpenCellLibrary 
FA_X1           1142   4860.352   86840.087    NangateOpenCellLibrary 
HA_X1             10     26.600     624.847    NangateOpenCellLibrary 
INV_X1           415    220.780    6287.315    NangateOpenCellLibrary 
INV_X16            5     22.610    1480.009    NangateOpenCellLibrary 
INV_X2            44     35.112     995.514    NangateOpenCellLibrary 
INV_X32            2     17.556     904.431    NangateOpenCellLibrary 
INV_X4             9     11.970     496.168    NangateOpenCellLibrary 
INV_X8             7     16.758     698.220    NangateOpenCellLibrary 
MUX2_X1         1105   2057.510   35705.462    NangateOpenCellLibrary 
NAND2_X1         121     96.558    2399.711    NangateOpenCellLibrary 
NAND2_X4           1      2.394      65.228    NangateOpenCellLibrary 
NAND3_X1          48     51.072    1589.317    NangateOpenCellLibrary 
NOR2_X1         1689   1347.822   38335.259    NangateOpenCellLibrary 
NOR3_X1            6      6.384     152.963    NangateOpenCellLibrary 
NOR4_X1            1      1.330      34.953    NangateOpenCellLibrary 
OAI211_X1         38     50.540    1418.851    NangateOpenCellLibrary 
OAI21_X1          22     23.408     573.821    NangateOpenCellLibrary 
OAI221_X1        192    306.432    9006.041    NangateOpenCellLibrary 
OAI22_X1         640    851.200   18272.576    NangateOpenCellLibrary 
OR2_X1            34     36.176     762.667    NangateOpenCellLibrary 
OR2_X2             1      1.330      38.889    NangateOpenCellLibrary 
OR2_X4             5     11.970     475.362    NangateOpenCellLibrary 
XNOR2_X1          35     55.860    1057.579    NangateOpenCellLibrary 
XOR2_X1            5      7.980     198.246    NangateOpenCellLibrary 
----------------------------------------------------------------------
total          10059  20735.498  399327.533                           


                                            Leakage  Leakage 
     Type      Instances    Area   Area % Power (nW) Power % 
-------------------------------------------------------------
sequential          1445  6535.620   31.5 113767.850    28.5 
inverter             482   324.786    1.6  10861.657     2.7 
buffer                 9    12.502    0.1    545.150     0.1 
logic               8123 13862.590   66.9 274152.876    68.7 
physical_cells         0     0.000    0.0      0.000     0.0 
-------------------------------------------------------------
total              10059 20735.498  100.0 399327.533   100.0 

