============================================================
  Generated by:           Genus(TM) Synthesis Solution 18.14-s037_1
  Generated on:           Mar 16 2020  11:39:54 am
  Module:                 converter
  Technology library:     NangateOpenCellLibrary revision 1.0
  Operating conditions:   typical (balanced_tree)
  Wireload mode:          enclosed
  Area mode:              timing library
============================================================

Timing
--------

     Clock      Period 
-----------------------
clk            25000.0 
virtual_io_clk 25000.0 


     Cost        Critical         Violating 
     Group      Path Slack  TNS     Paths   
--------------------------------------------
clk                14023.0   0.0          0 
default           No paths   0.0            
virtual_io_clk    No paths   0.0            
--------------------------------------------
Total                        0.0          0 

Instance Count
--------------
Leaf Instance Count             10059 
Physical Instance count             0 
Sequential Instance Count        1445 
Combinational Instance Count     8614 
Hierarchical Instance Count         1 

Area
----
Cell Area                          20735.498
Physical Cell Area                 0.000
Total Cell Area (Cell+Physical)    20735.498
Net Area                           0.000
Total Area (Cell+Physical+Net)     20735.498

Runtime                            0.0 seconds
Elapsed Runtime                    313 seconds
Genus peak memory usage            815.07 
Innovus peak memory usage          no_value 
Hostname                           fastml02.c.harrisgroup-223921.internal
