============================================================
  Generated by:           Genus(TM) Synthesis Solution 18.14-s037_1
  Generated on:           Mar 16 2020  11:36:20 am
  Module:                 converter
  Technology library:     NangateOpenCellLibrary revision 1.0
  Operating conditions:   typical (balanced_tree)
  Wireload mode:          enclosed
  Area mode:              timing library
============================================================

Timing
--------

     Clock      Period 
-----------------------
clk            25000.0 
virtual_io_clk 25000.0 


     Cost        Critical         Violating 
     Group      Path Slack  TNS     Paths   
--------------------------------------------
clk                 9330.0   0.0          0 
default           No paths   0.0            
virtual_io_clk    No paths   0.0            
--------------------------------------------
Total                        0.0          0 

Instance Count
--------------
Leaf Instance Count             24830 
Physical Instance count             0 
Sequential Instance Count        1445 
Combinational Instance Count    23385 
Hierarchical Instance Count         5 

Area
----
Cell Area                          45319.466
Physical Cell Area                 0.000
Total Cell Area (Cell+Physical)    45319.466
Net Area                           0.000
Total Area (Cell+Physical+Net)     45319.466

Runtime                            1.0 seconds
Elapsed Runtime                    99 seconds
Genus peak memory usage            791.43 
Innovus peak memory usage          no_value 
Hostname                           fastml02.c.harrisgroup-223921.internal
