============================================================
  Generated by:           Genus(TM) Synthesis Solution 18.14-s037_1
  Generated on:           Mar 16 2020  11:39:01 am
  Module:                 converter
  Technology library:     NangateOpenCellLibrary revision 1.0
  Operating conditions:   typical (balanced_tree)
  Wireload mode:          enclosed
  Area mode:              timing library
============================================================

Timing
--------

     Clock      Period 
-----------------------
clk            25000.0 
virtual_io_clk 25000.0 


     Cost        Critical         Violating 
     Group      Path Slack  TNS     Paths   
--------------------------------------------
clk                14623.6   0.0          0 
default           No paths   0.0            
virtual_io_clk    No paths   0.0            
--------------------------------------------
Total                        0.0          0 

Instance Count
--------------
Leaf Instance Count             11660 
Physical Instance count             0 
Sequential Instance Count        1445 
Combinational Instance Count    10215 
Hierarchical Instance Count         1 

Area
----
Cell Area                          21892.598
Physical Cell Area                 0.000
Total Cell Area (Cell+Physical)    21892.598
Net Area                           0.000
Total Area (Cell+Physical+Net)     21892.598

Runtime                            1.0 seconds
Elapsed Runtime                    260 seconds
Genus peak memory usage            821.07 
Innovus peak memory usage          no_value 
Hostname                           fastml02.c.harrisgroup-223921.internal
