============================================================
  Generated by:           Genus(TM) Synthesis Solution 18.14-s037_1
  Generated on:           Mar 16 2020  11:39:02 am
  Module:                 converter
  Technology library:     NangateOpenCellLibrary revision 1.0
  Operating conditions:   typical (balanced_tree)
  Wireload mode:          enclosed
  Area mode:              timing library
============================================================

                                  Leakage   
   Gate    Instances    Area     Power (nW)          Library          
----------------------------------------------------------------------
AND2_X1           10     10.640     283.465    NangateOpenCellLibrary 
AND2_X4            6     14.364     573.559    NangateOpenCellLibrary 
AND3_X1            2      2.660      54.191    NangateOpenCellLibrary 
AOI211_X1          1      1.330      32.106    NangateOpenCellLibrary 
AOI21_X1         208    221.312    5675.500    NangateOpenCellLibrary 
AOI221_X1        217    346.332    6365.010    NangateOpenCellLibrary 
AOI222_X1         42     89.376    1298.150    NangateOpenCellLibrary 
AOI22_X1        2550   3391.500   62566.356    NangateOpenCellLibrary 
BUF_X1             4      3.192      93.294    NangateOpenCellLibrary 
BUF_X16            1      6.650     374.941    NangateOpenCellLibrary 
BUF_X2            50     53.200    2200.660    NangateOpenCellLibrary 
BUF_X32            1     13.034     629.311    NangateOpenCellLibrary 
BUF_X4           139    258.818   12414.907    NangateOpenCellLibrary 
CLKBUF_X1          6      4.788      61.087    NangateOpenCellLibrary 
DFFR_X2            1      5.852     127.953    NangateOpenCellLibrary 
DFF_X1          1444   6529.768  113639.898    NangateOpenCellLibrary 
FA_X1           1142   4860.352   86840.087    NangateOpenCellLibrary 
HA_X1             10     26.600     624.847    NangateOpenCellLibrary 
INV_X1          1562    830.984   23764.033    NangateOpenCellLibrary 
INV_X16            5     22.610    1480.009    NangateOpenCellLibrary 
INV_X2           308    245.784    8550.646    NangateOpenCellLibrary 
INV_X32            3     26.334    1485.589    NangateOpenCellLibrary 
INV_X4             6      7.980     276.462    NangateOpenCellLibrary 
INV_X8             6     14.364     552.930    NangateOpenCellLibrary 
MUX2_X1         1105   2057.510   35705.462    NangateOpenCellLibrary 
NAND2_X1         114     90.972    2321.195    NangateOpenCellLibrary 
NAND3_X1          48     51.072    1589.317    NangateOpenCellLibrary 
NOR2_X1         1682   1342.236   38213.886    NangateOpenCellLibrary 
NOR3_X1            6      6.384     152.963    NangateOpenCellLibrary 
NOR4_X1            1      1.330      34.953    NangateOpenCellLibrary 
OAI211_X1         37     49.210    1362.969    NangateOpenCellLibrary 
OAI21_X1          28     29.792     767.712    NangateOpenCellLibrary 
OAI221_X1        192    306.432    9006.041    NangateOpenCellLibrary 
OAI22_X1         648    861.840   18500.577    NangateOpenCellLibrary 
OR2_X1            29     30.856     640.598    NangateOpenCellLibrary 
OR2_X2             1      1.330      38.889    NangateOpenCellLibrary 
OR2_X4             5     11.970     475.362    NangateOpenCellLibrary 
XNOR2_X1          36     57.456    1094.191    NangateOpenCellLibrary 
XOR2_X1            4      6.384     155.283    NangateOpenCellLibrary 
----------------------------------------------------------------------
total          11660  21892.598  440024.389                           


                                            Leakage  Leakage 
     Type      Instances    Area   Area % Power (nW) Power % 
-------------------------------------------------------------
sequential          1445  6535.620   29.9 113767.850    25.9 
inverter            1890  1148.056    5.2  36109.669     8.2 
buffer               201   339.682    1.6  15774.201     3.6 
logic               8124 13869.240   63.4 274372.669    62.4 
physical_cells         0     0.000    0.0      0.000     0.0 
-------------------------------------------------------------
total              11660 21892.598  100.0 440024.389   100.0 

