============================================================
  Generated by:           Genus(TM) Synthesis Solution 16.24-s065_1
  Generated on:           Feb 25 2020  06:44:29 pm
  Module:                 econV0
  Technology libraries:   tcbn65lpwc 200
                          tpdn65lpnv2od3wc 200a
                          tpan65lpnv2od3wc 200a
  Operating conditions:   WCCOM (balanced_tree)
  Wireload mode:          segmented
  Area mode:              timing library
============================================================

                                    Leakage   
   Gate    Instances     Area      Power (nW)    Library    
------------------------------------------------------------
AN2D1              1        2.160       0.573    tcbn65lpwc 
AN2XD1          4760    10281.600    4022.985    tcbn65lpwc 
AN3XD1            89      224.280      49.277    tcbn65lpwc 
AO211D1          429     1235.520     418.847    tcbn65lpwc 
AO21D1          1968     4959.360    2011.535    tcbn65lpwc 
AO221D0         3785    13626.000    1363.211    tcbn65lpwc 
AO221D1            1        3.960       1.218    tcbn65lpwc 
AO222D1         1169     5050.080    1265.649    tcbn65lpwc 
AO22D0         11330    32630.400    5096.358    tcbn65lpwc 
AO22D1             2        6.480       2.009    tcbn65lpwc 
AO31D1            17       48.960      16.214    tcbn65lpwc 
AOI211D1          75      189.000      42.368    tcbn65lpwc 
AOI211XD0        200      504.000      58.352    tcbn65lpwc 
AOI21D1         3317     7164.720    1692.092    tcbn65lpwc 
AOI221D0         484     1393.920     128.625    tcbn65lpwc 
AOI222D0         273      982.800      80.567    tcbn65lpwc 
AOI22D1        11983    30197.160    7437.091    tcbn65lpwc 
AOI31D1          176      443.520      91.341    tcbn65lpwc 
AOI32D1           93      267.840      37.655    tcbn65lpwc 
AOI33D1          707     2290.680     372.168    tcbn65lpwc 
BUFFD16           85      887.400     870.270    tcbn65lpwc 
BUFFD2         28903    62430.480   37295.298    tcbn65lpwc 
BUFFD4            13       42.120      35.713    tcbn65lpwc 
BUFFD6             3       12.960      11.299    tcbn65lpwc 
BUFFD8             2       11.520      10.487    tcbn65lpwc 
CKAN2D2            1        2.520       1.065    tcbn65lpwc 
CKBD1           3756     5408.640    2664.960    tcbn65lpwc 
CKBD16             2       20.160      18.952    tcbn65lpwc 
CKBD4            172      557.280     397.965    tcbn65lpwc 
CKND0             82       88.560      12.479    tcbn65lpwc 
CKND1          30966    33443.280    9982.109    tcbn65lpwc 
CKND12            24      146.880     109.898    tcbn65lpwc 
CKND16           119      942.480     815.722    tcbn65lpwc 
CKND2           3501     5041.440    2485.336    tcbn65lpwc 
CKND2D1         5571     8022.240    1548.555    tcbn65lpwc 
CKND3             42       90.720      46.938    tcbn65lpwc 
CKND4            124      312.480     187.890    tcbn65lpwc 
CKND6            112      362.880     266.023    tcbn65lpwc 
CKND8              5       21.600      16.863    tcbn65lpwc 
CKXOR2D1         248      892.800     380.239    tcbn65lpwc 
CMPE42D1       32027   530367.088  289476.368    tcbn65lpwc 
DEL005             2        4.320       1.748    tcbn65lpwc 
DEL1              51      312.120      46.225    tcbn65lpwc 
DEL4               1       11.160       0.982    tcbn65lpwc 
DFCNQD1           17      134.640      28.475    tcbn65lpwc 
DFKCNQD1        3883    27957.600    6495.866    tcbn65lpwc 
DFKCNQD4           1        8.640       4.165    tcbn65lpwc 
DFQD1          10421    71279.640   19928.395    tcbn65lpwc 
DFQD4              2       16.560       7.702    tcbn65lpwc 
DFSNQD4            1        9.720       4.908    tcbn65lpwc 
EDFKCND1           2       20.880       4.836    tcbn65lpwc 
EDFKCNQD1         93      937.440     194.380    tcbn65lpwc 
FA1D0          20899   188091.000   88314.260    tcbn65lpwc 
FCICIND1         492     2302.560     608.557    tcbn65lpwc 
HA1D0          20058   115534.080   43961.833    tcbn65lpwc 
IAO21D0            7       17.640       2.669    tcbn65lpwc 
IAO21D1           34       85.680      22.929    tcbn65lpwc 
IAO22D1            1        3.240       0.851    tcbn65lpwc 
IND2D1          2041     4408.560    1220.176    tcbn65lpwc 
IND3D1             1        2.520       0.557    tcbn65lpwc 
INR2D1          1414     3054.240     904.224    tcbn65lpwc 
INR2XD0        18661    40307.760    9370.900    tcbn65lpwc 
INR3D0            45      113.400      17.767    tcbn65lpwc 
INVD1          30052    32456.160   11472.873    tcbn65lpwc 
INVD12            32      195.840     184.739    tcbn65lpwc 
INVD16            81      641.520     627.068    tcbn65lpwc 
INVD2           1934     2784.960    1578.538    tcbn65lpwc 
INVD3            433      935.280     568.429    tcbn65lpwc 
INVD4            209      526.680     373.032    tcbn65lpwc 
INVD6             36      116.640      97.645    tcbn65lpwc 
INVD8            206      889.920     776.477    tcbn65lpwc 
IOA21D1          450     1134.000     342.841    tcbn65lpwc 
IOA22D2            1        3.960       1.867    tcbn65lpwc 
MAOI222D0        115      331.200      24.459    tcbn65lpwc 
MAOI222D1       6994    20142.720    3219.148    tcbn65lpwc 
MAOI22D1       58336   168007.680   66095.024    tcbn65lpwc 
MOAI22D1       25381    73097.280   28790.180    tcbn65lpwc 
MUX2D0          1206     3907.440     663.374    tcbn65lpwc 
MUX2D1             1        3.600       1.466    tcbn65lpwc 
MUX2ND0        36899   106269.120   20805.777    tcbn65lpwc 
MUX3D1            58      334.080     132.460    tcbn65lpwc 
MUX3ND0          108      583.200     206.308    tcbn65lpwc 
MUX4ND0            2       15.120       3.658    tcbn65lpwc 
ND2D0              2        2.880       0.434    tcbn65lpwc 
ND2D1          16083    23159.520    5158.958    tcbn65lpwc 
ND3D1            194      419.040      27.410    tcbn65lpwc 
NR2D1           3979     5729.760    1459.131    tcbn65lpwc 
NR2D2              1        2.520       0.748    tcbn65lpwc 
NR2D3             36      116.640      41.526    tcbn65lpwc 
NR2XD0         27568    39697.920    7133.592    tcbn65lpwc 
NR3D0             32       69.120       3.565    tcbn65lpwc 
NR4D8              1        7.560       5.545    tcbn65lpwc 
OA211D1          389     1120.320     312.881    tcbn65lpwc 
OA21D1          9758    24590.160   10538.649    tcbn65lpwc 
OA221D0         3325    11970.000    1394.685    tcbn65lpwc 
OA222D1          429     1853.280     507.281    tcbn65lpwc 
OA22D0          1315     3787.200     582.411    tcbn65lpwc 
OA32D0           102      367.200      36.972    tcbn65lpwc 
OAI211D1        1134     2857.680     456.406    tcbn65lpwc 
OAI21D1         3802     8212.320    2057.165    tcbn65lpwc 
OAI221D0        2414     6952.320     532.779    tcbn65lpwc 
OAI221D1        2300     7452.000    1049.240    tcbn65lpwc 
OAI222D0         855     2770.200     243.429    tcbn65lpwc 
OAI22D1        88371   222694.920   56257.924    tcbn65lpwc 
OAI31D1           62      156.240      33.343    tcbn65lpwc 
OAI32D1           69      198.720      37.939    tcbn65lpwc 
OR2D1            417      900.720     285.971    tcbn65lpwc 
OR2XD1           703     1518.480     541.138    tcbn65lpwc 
OR3D1              9       22.680       5.228    tcbn65lpwc 
XNR2D1           358     1288.800     544.680    tcbn65lpwc 
XNR3D1            80      489.600     193.689    tcbn65lpwc 
XNR4D1           105      945.000     307.043    tcbn65lpwc 
XOR2D1            89      320.400     150.490    tcbn65lpwc 
XOR3D1           353     2160.360     810.720    tcbn65lpwc 
XOR4D1            20      180.000      71.105    tcbn65lpwc 
------------------------------------------------------------
total         551633  1999611.328  768712.407               


                                              Leakage  Leakage 
     Type      Instances     Area    Area % Power (nW) Power % 
---------------------------------------------------------------
sequential         14420  100365.120    5.0  26668.729     3.5 
inverter           67958   78997.320    4.0  29602.057     3.9 
buffer             32990   69698.160    3.5  41353.898     5.4 
logic             436265 1750550.728   87.5 671087.723    87.3 
physical_cells         0       0.000    0.0      0.000     0.0 
---------------------------------------------------------------
total             551633 1999611.328  100.0 768712.407   100.0 

