============================================================
  Generated by:           Genus(TM) Synthesis Solution 16.24-s065_1
  Generated on:           Feb 25 2020  05:37:40 pm
  Module:                 econV0
  Technology libraries:   tcbn65lpwc 200
                          tpdn65lpnv2od3wc 200a
                          tpan65lpnv2od3wc 200a
  Operating conditions:   WCCOM (balanced_tree)
  Wireload mode:          segmented
  Area mode:              timing library
============================================================

Timing
--------

     Clock      Period 
-----------------------
clk            25000.0 
virtual_io_clk 20000.0 


     Cost        Critical         Violating 
     Group      Path Slack  TNS     Paths   
--------------------------------------------
clk                19012.8   0.0          0 
default           No paths   0.0            
virtual_io_clk    No paths   0.0            
--------------------------------------------
Total                        0.0          0 

Instance Count
--------------
Leaf Instance Count             1087406 
Physical Instance count               0 
Sequential Instance Count         14420 
Combinational Instance Count    1072986 
Hierarchical Instance Count        1440 

Area
----
Cell Area                          4301679.107
Physical Cell Area                 0.000
Total Cell Area (Cell+Physical)    4301679.107
Net Area                           0.000
Total Area (Cell+Physical+Net)     4301679.107

Runtime                            1107.95374 seconds
Elapsed Runtime                    1685 seconds
Genus peak memory usage            4007.42 
Innovus peak memory usage          no_value 
Hostname                           nova.cs.northwestern.edu
