============================================================
  Generated by:           Genus(TM) Synthesis Solution 16.24-s065_1
  Generated on:           Feb 25 2020  05:39:05 pm
  Module:                 econV0
  Technology libraries:   tcbn65lpwc 200
                          tpdn65lpnv2od3wc 200a
                          tpan65lpnv2od3wc 200a
  Operating conditions:   WCCOM (balanced_tree)
  Wireload mode:          segmented
  Area mode:              timing library
============================================================

                                        Leakage  Leakage 
     Type      Instances  Area Area % Power (nW) Power % 
---------------------------------------------------------
sequential         14420 0.000    0.0  55345.229    15.7 
inverter              10 0.000    0.0      1.366     0.0 
logic            1072976 0.000    0.0 297920.004    84.3 
physical_cells         0 0.000    0.0      0.000     0.0 
---------------------------------------------------------
total            1087406 0.000    0.0 353266.599   100.0 

