============================================================
  Generated by:           Genus(TM) Synthesis Solution 16.24-s065_1
  Generated on:           Feb 25 2020  06:25:39 pm
  Module:                 econV0
  Technology libraries:   tcbn65lpwc 200
                          tpdn65lpnv2od3wc 200a
                          tpan65lpnv2od3wc 200a
  Operating conditions:   WCCOM (balanced_tree)
  Wireload mode:          segmented
  Area mode:              timing library
============================================================

Timing
--------

     Clock      Period 
-----------------------
clk            25000.0 
virtual_io_clk 20000.0 


     Cost        Critical         Violating 
     Group      Path Slack  TNS     Paths   
--------------------------------------------
clk                 4073.9   0.0          0 
default           No paths   0.0            
virtual_io_clk    No paths   0.0            
--------------------------------------------
Total                        0.0          0 

Instance Count
--------------
Leaf Instance Count             508330 
Physical Instance count              0 
Sequential Instance Count        14420 
Combinational Instance Count    493910 
Hierarchical Instance Count       1437 

Area
----
Cell Area                          1917756.693
Physical Cell Area                 0.000
Total Cell Area (Cell+Physical)    1917756.693
Net Area                           0.000
Total Area (Cell+Physical+Net)     1917756.693

Runtime                            3381.2684369999997 seconds
Elapsed Runtime                    4553 seconds
Genus peak memory usage            3958.16 
Innovus peak memory usage          no_value 
Hostname                           nova.cs.northwestern.edu
