============================================================
  Generated by:           Genus(TM) Synthesis Solution 16.24-s065_1
  Generated on:           Mar 23 2020  10:17:55 am
  Module:                 converter
  Technology libraries:   tcbn65lpwc 200
                          tpdn65lpnv2od3wc 200a
                          tpan65lpnv2od3wc 200a
  Operating conditions:   WCCOM (balanced_tree)
  Wireload mode:          segmented
  Area mode:              timing library
============================================================

                                       Instance                                                              Module                        Cells  Cell Area  Net Area   Total Area    Wireload      
----------------------------------------------------------------------------------------------------------------------------------------------------------------------------------------------------
converter                                                                                                                                   8179      41037         0        41037 ZeroWireload (S) 
  converter_core_inst                                                                  converter_core                                       8179      41037         0        41037 ZeroWireload (S) 
    csa_tree_U_ACC_48i22_1o28_6c73a006a90f66642582f9b3318c776fdd_rg_add_512_7_groupi   csa_tree_U_ACC_48i22_1o28_6c73a006a90f66642582f9b3    746       8861         0         8861 ZeroWireload (S) 
    U_ACC_11i16_1o30_ea07b6b36d791f99515b0bc835b3a57115b_rg_csa_tree_add_227_37_groupi csa_tree_add_227_37_group_307                         150        730         0          730 ZeroWireload (S) 
    U_ACC_11i16_1o30_ea07b6b36d791f99515b0bc835b3a57115b_rg_csa_tree_add_217_55_groupi csa_tree_add_217_55_group_311                          51        404         0          404 ZeroWireload (S) 
    U_ACC_11i16_1o30_ea07b6b36d791f99515b0bc835b3a57115b_rg_csa_tree_add_221_35_groupi csa_tree_add_221_35_group_309                          23        247         0          247 ZeroWireload (S) 
    REDUCE_LOOP_48_rshift_rg_fshr_u_137_19:sra_154_27                                  arith_shift_right_vlog_unsigned                        55        140         0          140 ZeroWireload (S) 
    REDUCE_LOOP_10_rshift_rg_fshr_u_137_19:sra_154_27                                  arith_shift_right_vlog_unsigned_426                    55        140         0          140 ZeroWireload (S) 
    REDUCE_LOOP_9_rshift_rg_fshr_u_137_19:sra_154_27                                   arith_shift_right_vlog_unsigned_425                    55        140         0          140 ZeroWireload (S) 
    REDUCE_LOOP_6_rshift_rg_fshr_u_137_19:sra_154_27                                   arith_shift_right_vlog_unsigned_422                    55        140         0          140 ZeroWireload (S) 
    REDUCE_LOOP_2_rshift_rg_fshr_u_137_19:sra_154_27                                   arith_shift_right_vlog_unsigned_418                    55        140         0          140 ZeroWireload (S) 
    REDUCE_LOOP_47_rshift_rg_fshr_u_137_19:sra_154_27                                  arith_shift_right_vlog_unsigned_463                    54        138         0          138 ZeroWireload (S) 
    REDUCE_LOOP_46_rshift_rg_fshr_u_137_19:sra_154_27                                  arith_shift_right_vlog_unsigned_462                    54        138         0          138 ZeroWireload (S) 
    REDUCE_LOOP_45_rshift_rg_fshr_u_137_19:sra_154_27                                  arith_shift_right_vlog_unsigned_461                    54        138         0          138 ZeroWireload (S) 
    REDUCE_LOOP_44_rshift_rg_fshr_u_137_19:sra_154_27                                  arith_shift_right_vlog_unsigned_460                    54        138         0          138 ZeroWireload (S) 
    REDUCE_LOOP_43_rshift_rg_fshr_u_137_19:sra_154_27                                  arith_shift_right_vlog_unsigned_459                    54        138         0          138 ZeroWireload (S) 
    REDUCE_LOOP_42_rshift_rg_fshr_u_137_19:sra_154_27                                  arith_shift_right_vlog_unsigned_458                    54        138         0          138 ZeroWireload (S) 
    REDUCE_LOOP_41_rshift_rg_fshr_u_137_19:sra_154_27                                  arith_shift_right_vlog_unsigned_457                    54        138         0          138 ZeroWireload (S) 
    REDUCE_LOOP_40_rshift_rg_fshr_u_137_19:sra_154_27                                  arith_shift_right_vlog_unsigned_456                    54        138         0          138 ZeroWireload (S) 
    REDUCE_LOOP_39_rshift_rg_fshr_u_137_19:sra_154_27                                  arith_shift_right_vlog_unsigned_455                    54        138         0          138 ZeroWireload (S) 
    REDUCE_LOOP_38_rshift_rg_fshr_u_137_19:sra_154_27                                  arith_shift_right_vlog_unsigned_454                    54        138         0          138 ZeroWireload (S) 
    REDUCE_LOOP_37_rshift_rg_fshr_u_137_19:sra_154_27                                  arith_shift_right_vlog_unsigned_453                    54        138         0          138 ZeroWireload (S) 
    REDUCE_LOOP_36_rshift_rg_fshr_u_137_19:sra_154_27                                  arith_shift_right_vlog_unsigned_452                    54        138         0          138 ZeroWireload (S) 
    REDUCE_LOOP_35_rshift_rg_fshr_u_137_19:sra_154_27                                  arith_shift_right_vlog_unsigned_451                    54        138         0          138 ZeroWireload (S) 
    REDUCE_LOOP_34_rshift_rg_fshr_u_137_19:sra_154_27                                  arith_shift_right_vlog_unsigned_450                    54        138         0          138 ZeroWireload (S) 
    REDUCE_LOOP_33_rshift_rg_fshr_u_137_19:sra_154_27                                  arith_shift_right_vlog_unsigned_449                    54        138         0          138 ZeroWireload (S) 
    REDUCE_LOOP_32_rshift_rg_fshr_u_137_19:sra_154_27                                  arith_shift_right_vlog_unsigned_448                    54        138         0          138 ZeroWireload (S) 
    REDUCE_LOOP_31_rshift_rg_fshr_u_137_19:sra_154_27                                  arith_shift_right_vlog_unsigned_447                    54        138         0          138 ZeroWireload (S) 
    REDUCE_LOOP_30_rshift_rg_fshr_u_137_19:sra_154_27                                  arith_shift_right_vlog_unsigned_446                    54        138         0          138 ZeroWireload (S) 
    REDUCE_LOOP_29_rshift_rg_fshr_u_137_19:sra_154_27                                  arith_shift_right_vlog_unsigned_445                    54        138         0          138 ZeroWireload (S) 
    REDUCE_LOOP_28_rshift_rg_fshr_u_137_19:sra_154_27                                  arith_shift_right_vlog_unsigned_444                    54        138         0          138 ZeroWireload (S) 
    REDUCE_LOOP_27_rshift_rg_fshr_u_137_19:sra_154_27                                  arith_shift_right_vlog_unsigned_443                    54        138         0          138 ZeroWireload (S) 
    REDUCE_LOOP_26_rshift_rg_fshr_u_137_19:sra_154_27                                  arith_shift_right_vlog_unsigned_442                    54        138         0          138 ZeroWireload (S) 
    REDUCE_LOOP_25_rshift_rg_fshr_u_137_19:sra_154_27                                  arith_shift_right_vlog_unsigned_441                    54        138         0          138 ZeroWireload (S) 
    REDUCE_LOOP_24_rshift_rg_fshr_u_137_19:sra_154_27                                  arith_shift_right_vlog_unsigned_440                    54        138         0          138 ZeroWireload (S) 
    REDUCE_LOOP_23_rshift_rg_fshr_u_137_19:sra_154_27                                  arith_shift_right_vlog_unsigned_439                    54        138         0          138 ZeroWireload (S) 
    REDUCE_LOOP_22_rshift_rg_fshr_u_137_19:sra_154_27                                  arith_shift_right_vlog_unsigned_438                    54        138         0          138 ZeroWireload (S) 
    REDUCE_LOOP_21_rshift_rg_fshr_u_137_19:sra_154_27                                  arith_shift_right_vlog_unsigned_437                    54        138         0          138 ZeroWireload (S) 
    REDUCE_LOOP_20_rshift_rg_fshr_u_137_19:sra_154_27                                  arith_shift_right_vlog_unsigned_436                    54        138         0          138 ZeroWireload (S) 
    REDUCE_LOOP_19_rshift_rg_fshr_u_137_19:sra_154_27                                  arith_shift_right_vlog_unsigned_435                    54        138         0          138 ZeroWireload (S) 
    REDUCE_LOOP_18_rshift_rg_fshr_u_137_19:sra_154_27                                  arith_shift_right_vlog_unsigned_434                    54        138         0          138 ZeroWireload (S) 
    REDUCE_LOOP_17_rshift_rg_fshr_u_137_19:sra_154_27                                  arith_shift_right_vlog_unsigned_433                    54        138         0          138 ZeroWireload (S) 
    REDUCE_LOOP_16_rshift_rg_fshr_u_137_19:sra_154_27                                  arith_shift_right_vlog_unsigned_432                    54        138         0          138 ZeroWireload (S) 
    REDUCE_LOOP_15_rshift_rg_fshr_u_137_19:sra_154_27                                  arith_shift_right_vlog_unsigned_431                    54        138         0          138 ZeroWireload (S) 
    REDUCE_LOOP_14_rshift_rg_fshr_u_137_19:sra_154_27                                  arith_shift_right_vlog_unsigned_430                    54        138         0          138 ZeroWireload (S) 
    REDUCE_LOOP_13_rshift_rg_fshr_u_137_19:sra_154_27                                  arith_shift_right_vlog_unsigned_429                    54        138         0          138 ZeroWireload (S) 
    REDUCE_LOOP_12_rshift_rg_fshr_u_137_19:sra_154_27                                  arith_shift_right_vlog_unsigned_428                    54        138         0          138 ZeroWireload (S) 
    REDUCE_LOOP_11_rshift_rg_fshr_u_137_19:sra_154_27                                  arith_shift_right_vlog_unsigned_427                    54        138         0          138 ZeroWireload (S) 
    REDUCE_LOOP_8_rshift_rg_fshr_u_137_19:sra_154_27                                   arith_shift_right_vlog_unsigned_424                    54        138         0          138 ZeroWireload (S) 
    REDUCE_LOOP_7_rshift_rg_fshr_u_137_19:sra_154_27                                   arith_shift_right_vlog_unsigned_423                    54        138         0          138 ZeroWireload (S) 
    REDUCE_LOOP_5_rshift_rg_fshr_u_137_19:sra_154_27                                   arith_shift_right_vlog_unsigned_421                    54        138         0          138 ZeroWireload (S) 
    REDUCE_LOOP_4_rshift_rg_fshr_u_137_19:sra_154_27                                   arith_shift_right_vlog_unsigned_420                    54        138         0          138 ZeroWireload (S) 
    REDUCE_LOOP_3_rshift_rg_fshr_u_137_19:sra_154_27                                   arith_shift_right_vlog_unsigned_419                    54        138         0          138 ZeroWireload (S) 
    REDUCE_LOOP_1_rshift_rg_fshr_u_137_19:sra_154_27                                   arith_shift_right_vlog_unsigned_417                    54        138         0          138 ZeroWireload (S) 

 (S) = wireload was automatically selected
