============================================================
  Generated by:           Genus(TM) Synthesis Solution 16.24-s065_1
  Generated on:           Mar 23 2020  10:15:31 am
  Module:                 converter
  Technology libraries:   tcbn65lpwc 200
                          tpdn65lpnv2od3wc 200a
                          tpan65lpnv2od3wc 200a
  Operating conditions:   WCCOM (balanced_tree)
  Wireload mode:          segmented
  Area mode:              timing library
============================================================

                                        Leakage  Leakage 
     Type      Instances  Area Area % Power (nW) Power % 
---------------------------------------------------------
sequential          1445 0.000    0.0   5546.037    55.0 
inverter             634 0.000    0.0     86.616     0.9 
logic              12087 0.000    0.0   4451.746    44.1 
physical_cells         0 0.000    0.0      0.000     0.0 
---------------------------------------------------------
total              14166 0.000    0.0  10084.399   100.0 

