============================================================
  Generated by:           Genus(TM) Synthesis Solution 16.24-s065_1
  Generated on:           Mar 23 2020  10:15:30 am
  Module:                 converter
  Technology libraries:   tcbn65lpwc 200
                          tpdn65lpnv2od3wc 200a
                          tpan65lpnv2od3wc 200a
  Operating conditions:   WCCOM (balanced_tree)
  Wireload mode:          segmented
  Area mode:              timing library
============================================================

                                      Instance                                                             Module                        Cells  Cell Area  Net Area   Total Area    Wireload      
--------------------------------------------------------------------------------------------------------------------------------------------------------------------------------------------------
converter                                                                                                                                14166      71575         0        71575 ZeroWireload (S) 
  converter_core_inst                                                                converter_core                                      14166      71575         0        71575 ZeroWireload (S) 
    csa_tree_U_ACC_48i22_1o28_6c73a006a90f66642582f9b3318c776fdd_rg_add_512_7_groupi csa_tree_U_ACC_48i22_1o28_6c73a006a90f66642582f9b3   6369      21975         0        21975 ZeroWireload (S) 
    converter_core_input_rsci_inst                                                   converter_core_input_rsci                            2127      18731         0        18731 ZeroWireload (S) 
      converter_core_input_rsci_input_rsc_wait_dp_inst                               converter_core_input_rsci_input_rsc_wait_dp          2123      18720         0        18720 ZeroWireload (S) 
      converter_core_input_rsci_input_rsc_wait_ctrl_inst                             converter_core_input_rsci_input_rsc_wait_ctrl           4         11         0           11 ZeroWireload (S) 
    U_ACC_11i16_1o30_ea07b6b36d791f99515b0bc835b3a57115b_rg                          ACC_11i16_1o30_d342556a359f23f521bf9605a686f82f1e1   1519       4698         0         4698 ZeroWireload (S) 
      csa_tree_add_227_37_groupi                                                     csa_tree_add_227_37_group_307                         611       1982         0         1982 ZeroWireload (S) 
      csa_tree_add_217_55_groupi                                                     csa_tree_add_217_55_group_311                         385       1205         0         1205 ZeroWireload (S) 
      csa_tree_add_221_35_groupi                                                     csa_tree_add_221_35_group_309                         248        761         0          761 ZeroWireload (S) 
      add_211_59                                                                     add_unsigned_157                                      247        706         0          706 ZeroWireload (S) 
    REDUCE_LOOP_48_rshift_rg_fshr_u_137_19:sra_154_27                                arith_shift_right_vlog_unsigned                        70        431         0          431 ZeroWireload (S) 
    REDUCE_LOOP_47_rshift_rg_fshr_u_137_19:sra_154_27                                arith_shift_right_vlog_unsigned                        70        431         0          431 ZeroWireload (S) 
    REDUCE_LOOP_46_rshift_rg_fshr_u_137_19:sra_154_27                                arith_shift_right_vlog_unsigned                        70        431         0          431 ZeroWireload (S) 
    REDUCE_LOOP_45_rshift_rg_fshr_u_137_19:sra_154_27                                arith_shift_right_vlog_unsigned                        70        431         0          431 ZeroWireload (S) 
    REDUCE_LOOP_44_rshift_rg_fshr_u_137_19:sra_154_27                                arith_shift_right_vlog_unsigned                        70        431         0          431 ZeroWireload (S) 
    REDUCE_LOOP_43_rshift_rg_fshr_u_137_19:sra_154_27                                arith_shift_right_vlog_unsigned                        70        431         0          431 ZeroWireload (S) 
    REDUCE_LOOP_42_rshift_rg_fshr_u_137_19:sra_154_27                                arith_shift_right_vlog_unsigned                        70        431         0          431 ZeroWireload (S) 
    REDUCE_LOOP_41_rshift_rg_fshr_u_137_19:sra_154_27                                arith_shift_right_vlog_unsigned                        70        431         0          431 ZeroWireload (S) 
    REDUCE_LOOP_40_rshift_rg_fshr_u_137_19:sra_154_27                                arith_shift_right_vlog_unsigned                        70        431         0          431 ZeroWireload (S) 
    REDUCE_LOOP_39_rshift_rg_fshr_u_137_19:sra_154_27                                arith_shift_right_vlog_unsigned                        70        431         0          431 ZeroWireload (S) 
    REDUCE_LOOP_38_rshift_rg_fshr_u_137_19:sra_154_27                                arith_shift_right_vlog_unsigned                        70        431         0          431 ZeroWireload (S) 
    REDUCE_LOOP_37_rshift_rg_fshr_u_137_19:sra_154_27                                arith_shift_right_vlog_unsigned                        70        431         0          431 ZeroWireload (S) 
    REDUCE_LOOP_36_rshift_rg_fshr_u_137_19:sra_154_27                                arith_shift_right_vlog_unsigned                        70        431         0          431 ZeroWireload (S) 
    REDUCE_LOOP_35_rshift_rg_fshr_u_137_19:sra_154_27                                arith_shift_right_vlog_unsigned                        70        431         0          431 ZeroWireload (S) 
    REDUCE_LOOP_34_rshift_rg_fshr_u_137_19:sra_154_27                                arith_shift_right_vlog_unsigned                        70        431         0          431 ZeroWireload (S) 
    REDUCE_LOOP_33_rshift_rg_fshr_u_137_19:sra_154_27                                arith_shift_right_vlog_unsigned                        70        431         0          431 ZeroWireload (S) 
    REDUCE_LOOP_32_rshift_rg_fshr_u_137_19:sra_154_27                                arith_shift_right_vlog_unsigned                        70        431         0          431 ZeroWireload (S) 
    REDUCE_LOOP_31_rshift_rg_fshr_u_137_19:sra_154_27                                arith_shift_right_vlog_unsigned                        70        431         0          431 ZeroWireload (S) 
    REDUCE_LOOP_30_rshift_rg_fshr_u_137_19:sra_154_27                                arith_shift_right_vlog_unsigned                        70        431         0          431 ZeroWireload (S) 
    REDUCE_LOOP_29_rshift_rg_fshr_u_137_19:sra_154_27                                arith_shift_right_vlog_unsigned                        70        431         0          431 ZeroWireload (S) 
    REDUCE_LOOP_28_rshift_rg_fshr_u_137_19:sra_154_27                                arith_shift_right_vlog_unsigned                        70        431         0          431 ZeroWireload (S) 
    REDUCE_LOOP_27_rshift_rg_fshr_u_137_19:sra_154_27                                arith_shift_right_vlog_unsigned                        70        431         0          431 ZeroWireload (S) 
    REDUCE_LOOP_26_rshift_rg_fshr_u_137_19:sra_154_27                                arith_shift_right_vlog_unsigned                        70        431         0          431 ZeroWireload (S) 
    REDUCE_LOOP_25_rshift_rg_fshr_u_137_19:sra_154_27                                arith_shift_right_vlog_unsigned                        70        431         0          431 ZeroWireload (S) 
    REDUCE_LOOP_24_rshift_rg_fshr_u_137_19:sra_154_27                                arith_shift_right_vlog_unsigned                        70        431         0          431 ZeroWireload (S) 
    REDUCE_LOOP_23_rshift_rg_fshr_u_137_19:sra_154_27                                arith_shift_right_vlog_unsigned                        70        431         0          431 ZeroWireload (S) 
    REDUCE_LOOP_22_rshift_rg_fshr_u_137_19:sra_154_27                                arith_shift_right_vlog_unsigned                        70        431         0          431 ZeroWireload (S) 
    REDUCE_LOOP_21_rshift_rg_fshr_u_137_19:sra_154_27                                arith_shift_right_vlog_unsigned                        70        431         0          431 ZeroWireload (S) 
    REDUCE_LOOP_20_rshift_rg_fshr_u_137_19:sra_154_27                                arith_shift_right_vlog_unsigned                        70        431         0          431 ZeroWireload (S) 
    REDUCE_LOOP_19_rshift_rg_fshr_u_137_19:sra_154_27                                arith_shift_right_vlog_unsigned                        70        431         0          431 ZeroWireload (S) 
    REDUCE_LOOP_18_rshift_rg_fshr_u_137_19:sra_154_27                                arith_shift_right_vlog_unsigned                        70        431         0          431 ZeroWireload (S) 
    REDUCE_LOOP_17_rshift_rg_fshr_u_137_19:sra_154_27                                arith_shift_right_vlog_unsigned                        70        431         0          431 ZeroWireload (S) 
    REDUCE_LOOP_16_rshift_rg_fshr_u_137_19:sra_154_27                                arith_shift_right_vlog_unsigned                        70        431         0          431 ZeroWireload (S) 
    REDUCE_LOOP_15_rshift_rg_fshr_u_137_19:sra_154_27                                arith_shift_right_vlog_unsigned                        70        431         0          431 ZeroWireload (S) 
    REDUCE_LOOP_14_rshift_rg_fshr_u_137_19:sra_154_27                                arith_shift_right_vlog_unsigned                        70        431         0          431 ZeroWireload (S) 
    REDUCE_LOOP_13_rshift_rg_fshr_u_137_19:sra_154_27                                arith_shift_right_vlog_unsigned                        70        431         0          431 ZeroWireload (S) 
    REDUCE_LOOP_12_rshift_rg_fshr_u_137_19:sra_154_27                                arith_shift_right_vlog_unsigned                        70        431         0          431 ZeroWireload (S) 
    REDUCE_LOOP_11_rshift_rg_fshr_u_137_19:sra_154_27                                arith_shift_right_vlog_unsigned                        70        431         0          431 ZeroWireload (S) 
    REDUCE_LOOP_10_rshift_rg_fshr_u_137_19:sra_154_27                                arith_shift_right_vlog_unsigned                        70        431         0          431 ZeroWireload (S) 
    REDUCE_LOOP_9_rshift_rg_fshr_u_137_19:sra_154_27                                 arith_shift_right_vlog_unsigned                        70        431         0          431 ZeroWireload (S) 
    REDUCE_LOOP_8_rshift_rg_fshr_u_137_19:sra_154_27                                 arith_shift_right_vlog_unsigned                        70        431         0          431 ZeroWireload (S) 
    REDUCE_LOOP_7_rshift_rg_fshr_u_137_19:sra_154_27                                 arith_shift_right_vlog_unsigned                        70        431         0          431 ZeroWireload (S) 
    REDUCE_LOOP_6_rshift_rg_fshr_u_137_19:sra_154_27                                 arith_shift_right_vlog_unsigned                        70        431         0          431 ZeroWireload (S) 
    REDUCE_LOOP_5_rshift_rg_fshr_u_137_19:sra_154_27                                 arith_shift_right_vlog_unsigned                        70        431         0          431 ZeroWireload (S) 
    REDUCE_LOOP_4_rshift_rg_fshr_u_137_19:sra_154_27                                 arith_shift_right_vlog_unsigned                        70        431         0          431 ZeroWireload (S) 
    REDUCE_LOOP_3_rshift_rg_fshr_u_137_19:sra_154_27                                 arith_shift_right_vlog_unsigned                        70        431         0          431 ZeroWireload (S) 
    REDUCE_LOOP_2_rshift_rg_fshr_u_137_19:sra_154_27                                 arith_shift_right_vlog_unsigned                        70        431         0          431 ZeroWireload (S) 
    REDUCE_LOOP_1_rshift_rg_fshr_u_137_19:sra_154_27                                 arith_shift_right_vlog_unsigned                        70        431         0          431 ZeroWireload (S) 
    U_ROM_1i5_1o5_4c72dd4f6b8d8bbf79a484d3d6a6237e2e_rg                              ROM_1i5_1o5_9b0145e8009ee9dec38f1b38bd1a9ee5b0         97        312         0          312 ZeroWireload (S) 
    add_1893_7                                                                       add_unsigned_152                                       27         79         0           79 ZeroWireload (S) 
    add_1890_7                                                                       add_unsigned_151                                       22         64         0           64 ZeroWireload (S) 
    add_1898_7                                                                       add_unsigned_153                                       19         55         0           55 ZeroWireload (S) 
    converter_core_output_rsci_inst                                                  converter_core_output_rsci                             15         47         0           47 ZeroWireload (S) 
      converter_core_output_rsci_output_rsc_wait_dp_inst                             converter_core_output_rsci_output_rsc_wait_dp          11         35         0           35 ZeroWireload (S) 
      converter_core_output_rsci_output_rsc_wait_ctrl_inst                           converter_core_output_rsci_output_rsc_wait_ctrl         4         11         0           11 ZeroWireload (S) 
    converter_core_staller_inst                                                      converter_core_staller                                  5         19         0           19 ZeroWireload (S) 
    converter_core_core_fsm_inst                                                     converter_core_core_fsm                                 2         13         0           13 ZeroWireload (S) 
    converter_core_output_rsc_triosy_obj_inst                                        converter_core_output_rsc_triosy_obj                    2          5         0            5 ZeroWireload (S) 
      converter_core_output_rsc_triosy_obj_output_rsc_triosy_wait_ctrl_inst          converter_core_output_rsc_triosy_obj_output_rsc_tr      2          5         0            5 ZeroWireload (S) 
    converter_core_input_rsc_triosy_obj_inst                                         converter_core_input_rsc_triosy_obj                     2          5         0            5 ZeroWireload (S) 
      converter_core_input_rsc_triosy_obj_input_rsc_triosy_wait_ctrl_inst            converter_core_input_rsc_triosy_obj_input_rsc_trio      2          5         0            5 ZeroWireload (S) 

 (S) = wireload was automatically selected
