============================================================
  Generated by:           Genus(TM) Synthesis Solution 16.24-s065_1
  Generated on:           Mar 23 2020  10:16:50 am
  Module:                 converter
  Technology libraries:   tcbn65lpwc 200
                          tpdn65lpnv2od3wc 200a
                          tpan65lpnv2od3wc 200a
  Operating conditions:   WCCOM (balanced_tree)
  Wireload mode:          segmented
  Area mode:              timing library
============================================================

                                       Instance                                                              Module                        Cells  Cell Area  Net Area   Total Area    Wireload      
----------------------------------------------------------------------------------------------------------------------------------------------------------------------------------------------------
converter                                                                                                                                   8239      43069         0        43069 ZeroWireload (S) 
  converter_core_inst                                                                  converter_core                                       8239      43069         0        43069 ZeroWireload (S) 
    csa_tree_U_ACC_48i22_1o28_6c73a006a90f66642582f9b3318c776fdd_rg_add_512_7_groupi   csa_tree_U_ACC_48i22_1o28_6c73a006a90f66642582f9b3   1059       9297         0         9297 ZeroWireload (S) 
    U_ACC_11i16_1o30_ea07b6b36d791f99515b0bc835b3a57115b_rg_csa_tree_add_227_37_groupi csa_tree_add_227_37_group_307                         172        743         0          743 ZeroWireload (S) 
    U_ACC_11i16_1o30_ea07b6b36d791f99515b0bc835b3a57115b_rg_csa_tree_add_217_55_groupi csa_tree_add_217_55_group_311                          65        421         0          421 ZeroWireload (S) 
    U_ACC_11i16_1o30_ea07b6b36d791f99515b0bc835b3a57115b_rg_csa_tree_add_221_35_groupi csa_tree_add_221_35_group_309                          31        257         0          257 ZeroWireload (S) 
    REDUCE_LOOP_48_rshift_rg_fshr_u_137_19:sra_154_27                                  arith_shift_right_vlog_unsigned                        55        140         0          140 ZeroWireload (S) 
    REDUCE_LOOP_47_rshift_rg_fshr_u_137_19:sra_154_27                                  arith_shift_right_vlog_unsigned_463                    55        140         0          140 ZeroWireload (S) 
    REDUCE_LOOP_46_rshift_rg_fshr_u_137_19:sra_154_27                                  arith_shift_right_vlog_unsigned_462                    55        140         0          140 ZeroWireload (S) 
    REDUCE_LOOP_45_rshift_rg_fshr_u_137_19:sra_154_27                                  arith_shift_right_vlog_unsigned_461                    55        140         0          140 ZeroWireload (S) 
    REDUCE_LOOP_44_rshift_rg_fshr_u_137_19:sra_154_27                                  arith_shift_right_vlog_unsigned_460                    55        140         0          140 ZeroWireload (S) 
    REDUCE_LOOP_43_rshift_rg_fshr_u_137_19:sra_154_27                                  arith_shift_right_vlog_unsigned_459                    55        140         0          140 ZeroWireload (S) 
    REDUCE_LOOP_42_rshift_rg_fshr_u_137_19:sra_154_27                                  arith_shift_right_vlog_unsigned_458                    55        140         0          140 ZeroWireload (S) 
    REDUCE_LOOP_41_rshift_rg_fshr_u_137_19:sra_154_27                                  arith_shift_right_vlog_unsigned_457                    55        140         0          140 ZeroWireload (S) 
    REDUCE_LOOP_40_rshift_rg_fshr_u_137_19:sra_154_27                                  arith_shift_right_vlog_unsigned_456                    55        140         0          140 ZeroWireload (S) 
    REDUCE_LOOP_39_rshift_rg_fshr_u_137_19:sra_154_27                                  arith_shift_right_vlog_unsigned_455                    55        140         0          140 ZeroWireload (S) 
    REDUCE_LOOP_38_rshift_rg_fshr_u_137_19:sra_154_27                                  arith_shift_right_vlog_unsigned_454                    55        140         0          140 ZeroWireload (S) 
    REDUCE_LOOP_37_rshift_rg_fshr_u_137_19:sra_154_27                                  arith_shift_right_vlog_unsigned_453                    55        140         0          140 ZeroWireload (S) 
    REDUCE_LOOP_36_rshift_rg_fshr_u_137_19:sra_154_27                                  arith_shift_right_vlog_unsigned_452                    55        140         0          140 ZeroWireload (S) 
    REDUCE_LOOP_35_rshift_rg_fshr_u_137_19:sra_154_27                                  arith_shift_right_vlog_unsigned_451                    55        140         0          140 ZeroWireload (S) 
    REDUCE_LOOP_34_rshift_rg_fshr_u_137_19:sra_154_27                                  arith_shift_right_vlog_unsigned_450                    55        140         0          140 ZeroWireload (S) 
    REDUCE_LOOP_33_rshift_rg_fshr_u_137_19:sra_154_27                                  arith_shift_right_vlog_unsigned_449                    55        140         0          140 ZeroWireload (S) 
    REDUCE_LOOP_32_rshift_rg_fshr_u_137_19:sra_154_27                                  arith_shift_right_vlog_unsigned_448                    55        140         0          140 ZeroWireload (S) 
    REDUCE_LOOP_31_rshift_rg_fshr_u_137_19:sra_154_27                                  arith_shift_right_vlog_unsigned_447                    55        140         0          140 ZeroWireload (S) 
    REDUCE_LOOP_30_rshift_rg_fshr_u_137_19:sra_154_27                                  arith_shift_right_vlog_unsigned_446                    55        140         0          140 ZeroWireload (S) 
    REDUCE_LOOP_29_rshift_rg_fshr_u_137_19:sra_154_27                                  arith_shift_right_vlog_unsigned_445                    55        140         0          140 ZeroWireload (S) 
    REDUCE_LOOP_28_rshift_rg_fshr_u_137_19:sra_154_27                                  arith_shift_right_vlog_unsigned_444                    55        140         0          140 ZeroWireload (S) 
    REDUCE_LOOP_27_rshift_rg_fshr_u_137_19:sra_154_27                                  arith_shift_right_vlog_unsigned_443                    55        140         0          140 ZeroWireload (S) 
    REDUCE_LOOP_26_rshift_rg_fshr_u_137_19:sra_154_27                                  arith_shift_right_vlog_unsigned_442                    55        140         0          140 ZeroWireload (S) 
    REDUCE_LOOP_25_rshift_rg_fshr_u_137_19:sra_154_27                                  arith_shift_right_vlog_unsigned_441                    55        140         0          140 ZeroWireload (S) 
    REDUCE_LOOP_24_rshift_rg_fshr_u_137_19:sra_154_27                                  arith_shift_right_vlog_unsigned_440                    55        140         0          140 ZeroWireload (S) 
    REDUCE_LOOP_23_rshift_rg_fshr_u_137_19:sra_154_27                                  arith_shift_right_vlog_unsigned_439                    55        140         0          140 ZeroWireload (S) 
    REDUCE_LOOP_22_rshift_rg_fshr_u_137_19:sra_154_27                                  arith_shift_right_vlog_unsigned_438                    55        140         0          140 ZeroWireload (S) 
    REDUCE_LOOP_21_rshift_rg_fshr_u_137_19:sra_154_27                                  arith_shift_right_vlog_unsigned_437                    55        140         0          140 ZeroWireload (S) 
    REDUCE_LOOP_20_rshift_rg_fshr_u_137_19:sra_154_27                                  arith_shift_right_vlog_unsigned_436                    55        140         0          140 ZeroWireload (S) 
    REDUCE_LOOP_19_rshift_rg_fshr_u_137_19:sra_154_27                                  arith_shift_right_vlog_unsigned_435                    55        140         0          140 ZeroWireload (S) 
    REDUCE_LOOP_18_rshift_rg_fshr_u_137_19:sra_154_27                                  arith_shift_right_vlog_unsigned_434                    55        140         0          140 ZeroWireload (S) 
    REDUCE_LOOP_17_rshift_rg_fshr_u_137_19:sra_154_27                                  arith_shift_right_vlog_unsigned_433                    55        140         0          140 ZeroWireload (S) 
    REDUCE_LOOP_16_rshift_rg_fshr_u_137_19:sra_154_27                                  arith_shift_right_vlog_unsigned_432                    55        140         0          140 ZeroWireload (S) 
    REDUCE_LOOP_15_rshift_rg_fshr_u_137_19:sra_154_27                                  arith_shift_right_vlog_unsigned_431                    55        140         0          140 ZeroWireload (S) 
    REDUCE_LOOP_14_rshift_rg_fshr_u_137_19:sra_154_27                                  arith_shift_right_vlog_unsigned_430                    55        140         0          140 ZeroWireload (S) 
    REDUCE_LOOP_13_rshift_rg_fshr_u_137_19:sra_154_27                                  arith_shift_right_vlog_unsigned_429                    55        140         0          140 ZeroWireload (S) 
    REDUCE_LOOP_12_rshift_rg_fshr_u_137_19:sra_154_27                                  arith_shift_right_vlog_unsigned_428                    55        140         0          140 ZeroWireload (S) 
    REDUCE_LOOP_11_rshift_rg_fshr_u_137_19:sra_154_27                                  arith_shift_right_vlog_unsigned_427                    55        140         0          140 ZeroWireload (S) 
    REDUCE_LOOP_10_rshift_rg_fshr_u_137_19:sra_154_27                                  arith_shift_right_vlog_unsigned_426                    55        140         0          140 ZeroWireload (S) 
    REDUCE_LOOP_9_rshift_rg_fshr_u_137_19:sra_154_27                                   arith_shift_right_vlog_unsigned_425                    55        140         0          140 ZeroWireload (S) 
    REDUCE_LOOP_8_rshift_rg_fshr_u_137_19:sra_154_27                                   arith_shift_right_vlog_unsigned_424                    55        140         0          140 ZeroWireload (S) 
    REDUCE_LOOP_7_rshift_rg_fshr_u_137_19:sra_154_27                                   arith_shift_right_vlog_unsigned_423                    55        140         0          140 ZeroWireload (S) 
    REDUCE_LOOP_6_rshift_rg_fshr_u_137_19:sra_154_27                                   arith_shift_right_vlog_unsigned_422                    55        140         0          140 ZeroWireload (S) 
    REDUCE_LOOP_5_rshift_rg_fshr_u_137_19:sra_154_27                                   arith_shift_right_vlog_unsigned_421                    55        140         0          140 ZeroWireload (S) 
    REDUCE_LOOP_4_rshift_rg_fshr_u_137_19:sra_154_27                                   arith_shift_right_vlog_unsigned_420                    55        140         0          140 ZeroWireload (S) 
    REDUCE_LOOP_3_rshift_rg_fshr_u_137_19:sra_154_27                                   arith_shift_right_vlog_unsigned_419                    55        140         0          140 ZeroWireload (S) 
    REDUCE_LOOP_2_rshift_rg_fshr_u_137_19:sra_154_27                                   arith_shift_right_vlog_unsigned_418                    55        140         0          140 ZeroWireload (S) 
    REDUCE_LOOP_1_rshift_rg_fshr_u_137_19:sra_154_27                                   arith_shift_right_vlog_unsigned_417                    55        140         0          140 ZeroWireload (S) 

 (S) = wireload was automatically selected
