============================================================
  Generated by:           Genus(TM) Synthesis Solution 16.24-s065_1
  Generated on:           Mar 23 2020  10:16:50 am
  Module:                 converter
  Technology libraries:   tcbn65lpwc 200
                          tpdn65lpnv2od3wc 200a
                          tpan65lpnv2od3wc 200a
  Operating conditions:   WCCOM (balanced_tree)
  Wireload mode:          segmented
  Area mode:              timing library
============================================================

Timing
--------

     Clock      Period 
-----------------------
clk            25000.0 
virtual_io_clk 20000.0 


     Cost        Critical         Violating 
     Group      Path Slack  TNS     Paths   
--------------------------------------------
clk                 5928.3   0.0          0 
default           No paths   0.0            
virtual_io_clk    No paths   0.0            
--------------------------------------------
Total                        0.0          0 

Instance Count
--------------
Leaf Instance Count             8239 
Physical Instance count            0 
Sequential Instance Count       1445 
Combinational Instance Count    6794 
Hierarchical Instance Count       53 

Area
----
Cell Area                          43069.320
Physical Cell Area                 0.000
Total Cell Area (Cell+Physical)    43069.320
Net Area                           0.000
Total Area (Cell+Physical+Net)     43069.320

Runtime                            0.0 seconds
Elapsed Runtime                    124 seconds
Genus peak memory usage            841.87 
Innovus peak memory usage          no_value 
Hostname                           nova.cs.northwestern.edu
