============================================================
  Generated by:           Genus(TM) Synthesis Solution 16.24-s065_1
  Generated on:           Mar 23 2020  10:16:50 am
  Module:                 converter
  Technology libraries:   tcbn65lpwc 200
                          tpdn65lpnv2od3wc 200a
                          tpan65lpnv2od3wc 200a
  Operating conditions:   WCCOM (balanced_tree)
  Wireload mode:          segmented
  Area mode:              timing library
============================================================

                                  Leakage  
   Gate    Instances    Area    Power (nW)    Library    
---------------------------------------------------------
AN2XD1             7     15.120      6.320    tcbn65lpwc 
AO211D1            1      2.880      0.763    tcbn65lpwc 
AO21D1             2      5.040      2.078    tcbn65lpwc 
AO22D0          1488   4285.440    674.806    tcbn65lpwc 
AOI211XD0          1      2.520      0.469    tcbn65lpwc 
AOI21D1            2      4.320      1.694    tcbn65lpwc 
AOI221D0           3      8.640      0.720    tcbn65lpwc 
AOI222D0          96    345.600     30.466    tcbn65lpwc 
AOI22D1         1106   2787.120    685.254    tcbn65lpwc 
AOI32D1            1      2.880      1.308    tcbn65lpwc 
BUFFD1            48     69.120     24.832    tcbn65lpwc 
BUFFD16          388   4050.720   3972.036    tcbn65lpwc 
BUFFD8             1      5.760      5.268    tcbn65lpwc 
CKBD0              1      1.440      0.289    tcbn65lpwc 
CKBD1              2      2.880      1.419    tcbn65lpwc 
CKND0              5      5.400      0.722    tcbn65lpwc 
CKND1            282    304.560     96.379    tcbn65lpwc 
CKND16             2     15.840     14.502    tcbn65lpwc 
CKND2              2      2.880      1.417    tcbn65lpwc 
CKND2D1            4      5.760      1.513    tcbn65lpwc 
CKXOR2D1           4     14.400      6.174    tcbn65lpwc 
DEL1             384   2350.080    350.834    tcbn65lpwc 
DEL4               4     44.640      3.929    tcbn65lpwc 
DFCNQD2          384   3456.000    867.309    tcbn65lpwc 
DFD1               1      7.200      2.423    tcbn65lpwc 
DFKCND1            1      8.280      2.371    tcbn65lpwc 
DFQD1              1      6.840      1.919    tcbn65lpwc 
EDFKCNQD1       1057  10654.560   2043.243    tcbn65lpwc 
FA1D0           1152  10368.000   4904.883    tcbn65lpwc 
HA1D0             13     74.880     27.989    tcbn65lpwc 
IAO21D1            1      2.520      0.700    tcbn65lpwc 
IND2D1            51    110.160     20.801    tcbn65lpwc 
INR2XD0            2      4.320      0.916    tcbn65lpwc 
INVD1            123    132.840     51.659    tcbn65lpwc 
INVD12             1      6.120      5.752    tcbn65lpwc 
INVD2             15     21.600     10.925    tcbn65lpwc 
INVD4              1      2.520      1.886    tcbn65lpwc 
INVD8              3     12.960     11.392    tcbn65lpwc 
IOA21D1            1      2.520      0.428    tcbn65lpwc 
MAOI222D1         34     97.920     18.601    tcbn65lpwc 
MAOI22D1          54    155.520     62.618    tcbn65lpwc 
MOAI22D1         127    365.760    147.817    tcbn65lpwc 
ND2D1            104    149.760     58.144    tcbn65lpwc 
ND4D8              1      7.560      5.949    tcbn65lpwc 
NR2D1            102    146.880     30.950    tcbn65lpwc 
NR2XD0           395    568.800    117.986    tcbn65lpwc 
NR3D0              1      2.160      0.109    tcbn65lpwc 
OA21D1             2      5.040      1.886    tcbn65lpwc 
OA22D0           240    691.200    114.134    tcbn65lpwc 
OA32D0             1      3.600      0.365    tcbn65lpwc 
OAI21D1            2      4.320      1.678    tcbn65lpwc 
OAI222D0         385   1247.400    115.333    tcbn65lpwc 
OAI22D1          104    262.080     74.405    tcbn65lpwc 
OR2D1              7     15.120      4.730    tcbn65lpwc 
OR2D8              2     13.680      9.687    tcbn65lpwc 
OR2XD1            21     45.360     14.483    tcbn65lpwc 
OR3D1              1      2.520      0.779    tcbn65lpwc 
SDFSNQD4           1     12.240      5.376    tcbn65lpwc 
XNR2D1             5     18.000      7.695    tcbn65lpwc 
XOR2D1             2      7.200      3.391    tcbn65lpwc 
XOR3D1             7     42.840     17.057    tcbn65lpwc 
---------------------------------------------------------
total           8239  43069.320  14650.958               


                                            Leakage  Leakage 
     Type      Instances    Area   Area % Power (nW) Power % 
-------------------------------------------------------------
sequential          1445 14145.120   32.8   2922.641    19.9 
inverter             434   504.720    1.2    194.633     1.3 
buffer               828  6524.640   15.1   4358.606    29.7 
logic               5532 21894.840   50.8   7175.078    49.0 
physical_cells         0     0.000    0.0      0.000     0.0 
-------------------------------------------------------------
total               8239 43069.320  100.0  14650.958   100.0 

