============================================================
  Generated by:           Genus(TM) Synthesis Solution 16.24-s065_1
  Generated on:           Mar 23 2020  10:17:49 am
  Module:                 converter
  Technology libraries:   tcbn65lpwc 200
                          tpdn65lpnv2od3wc 200a
                          tpan65lpnv2od3wc 200a
  Operating conditions:   WCCOM (balanced_tree)
  Wireload mode:          segmented
  Area mode:              timing library
============================================================

                                  Leakage  
   Gate    Instances    Area    Power (nW)    Library    
---------------------------------------------------------
AN2D8              1      6.840      4.933    tcbn65lpwc 
AN2XD1             6     12.960      5.588    tcbn65lpwc 
AO211D1            1      2.880      0.763    tcbn65lpwc 
AO21D1             1      2.520      0.783    tcbn65lpwc 
AO22D0          1488   4285.440    674.754    tcbn65lpwc 
AOI211XD0          1      2.520      0.481    tcbn65lpwc 
AOI21D1            1      2.160      0.753    tcbn65lpwc 
AOI221D0           3      8.640      0.719    tcbn65lpwc 
AOI222D0          96    345.600     30.466    tcbn65lpwc 
AOI22D1         1106   2787.120    687.671    tcbn65lpwc 
AOI32D1            1      2.880      1.308    tcbn65lpwc 
BUFFD1             5      7.200      2.587    tcbn65lpwc 
CKND0              2      2.160      0.315    tcbn65lpwc 
CKND1            632    682.560    182.662    tcbn65lpwc 
CKND16             2     15.840     14.504    tcbn65lpwc 
CKND2              4      5.760      3.241    tcbn65lpwc 
CKND2D1            3      4.320      1.233    tcbn65lpwc 
CMPE42D1         320   5299.200   2916.585    tcbn65lpwc 
DEL1             384   2350.080    350.833    tcbn65lpwc 
DFD1               2     14.400      4.818    tcbn65lpwc 
DFKCND1            1      8.280      2.370    tcbn65lpwc 
DFKCNQD4           1      8.640      4.046    tcbn65lpwc 
DFQD1            384   2626.560    732.923    tcbn65lpwc 
EDFKCNQD1       1057  10654.560   2042.925    tcbn65lpwc 
FA1D0            514   4626.000   2185.962    tcbn65lpwc 
FCICIND1           5     23.400      6.779    tcbn65lpwc 
HA1D0             13     74.880     27.989    tcbn65lpwc 
IND2D1            51    110.160     20.801    tcbn65lpwc 
INR2XD0            2      4.320      0.936    tcbn65lpwc 
INR3D0             1      2.520      0.509    tcbn65lpwc 
INVD1            104    112.320     43.538    tcbn65lpwc 
INVD12             1      6.120      5.752    tcbn65lpwc 
INVD16           388   3072.960   2999.108    tcbn65lpwc 
INVD2             14     20.160     10.208    tcbn65lpwc 
INVD3              1      2.160      1.219    tcbn65lpwc 
INVD6              1      3.240      2.739    tcbn65lpwc 
INVD8              1      4.320      3.815    tcbn65lpwc 
IOA21D1            1      2.520      0.428    tcbn65lpwc 
MAOI222D1         27     77.760     14.508    tcbn65lpwc 
MAOI22D1          50    144.000     57.903    tcbn65lpwc 
MOAI22D1         113    325.440    131.476    tcbn65lpwc 
ND2D1            104    149.760     58.153    tcbn65lpwc 
ND4D8              1      7.560      5.949    tcbn65lpwc 
NR2D1            106    152.640     33.130    tcbn65lpwc 
NR2XD0           394    567.360    118.181    tcbn65lpwc 
NR3D0              1      2.160      0.109    tcbn65lpwc 
OA21D1             2      5.040      1.886    tcbn65lpwc 
OA22D0           240    691.200    114.134    tcbn65lpwc 
OA32D0             1      3.600      0.365    tcbn65lpwc 
OAI21D1            1      2.160      0.908    tcbn65lpwc 
OAI222D0         385   1247.400    115.333    tcbn65lpwc 
OAI22D1          103    259.560     73.920    tcbn65lpwc 
OR2D1              8     17.280      5.445    tcbn65lpwc 
OR2D8              2     13.680      9.673    tcbn65lpwc 
OR2XD1            21     45.360     14.483    tcbn65lpwc 
OR3D1              1      2.520      0.779    tcbn65lpwc 
XNR2D1             4     14.400      5.948    tcbn65lpwc 
XNR3D1             2     12.240      4.804    tcbn65lpwc 
XNR4D1             3     27.000      9.328    tcbn65lpwc 
XOR2D1             2      7.200      3.260    tcbn65lpwc 
XOR3D1             8     48.960     19.008    tcbn65lpwc 
XOR4D1             1      9.000      3.803    tcbn65lpwc 
---------------------------------------------------------
total           8179  41037.480  13779.528               


                                            Leakage  Leakage 
     Type      Instances    Area   Area % Power (nW) Power % 
-------------------------------------------------------------
sequential          1445 13312.440   32.4   2787.082    20.2 
inverter            1150  3927.600    9.6   3267.101    23.7 
buffer               389  2357.280    5.7    353.420     2.6 
logic               5195 21440.160   52.2   7371.925    53.5 
physical_cells         0     0.000    0.0      0.000     0.0 
-------------------------------------------------------------
total               8179 41037.480  100.0  13779.528   100.0 

