============================================================
  Generated by:           Encounter(R) RTL Compiler RC14.28 - v14.20-s067_1
  Generated on:           Mar 16 2020  10:54:39 am
  Module:                 converter
  Technology library:     NangateOpenCellLibrary revision 1.0
  Operating conditions:   typical 
  Interconnect mode:      global
  Area mode:              physical library
============================================================

                                  Instance                                   Cells  Cell Area  Net Area  Total Area 
--------------------------------------------------------------------------------------------------------------------
converter                                                                     9383      21950     43069       65019 
  converter_core_inst                                                         9383      21950     38040       59990 
    converter_core_input_rsci_inst                                            4238       9883     12243       22127 
      converter_core_input_rsci_input_rsc_wait_dp_inst                        4234       9880     12233       22113 
      converter_core_input_rsci_input_rsc_wait_ctrl_inst                         4          3         2           6 
    U_ACC_48i22_1o28_6c73a006a90f66642582f9b3318c776fdd_rg                    1034       4391      4768        9159 
      csa_tree_add_512_7_groupi                                               1034       4391      4768        9159 
    U_ACC_11i16_1o30_ea07b6b36d791f99515b0bc835b3a57115b_rg                    451        859      1502        2361 
      csa_tree_add_227_21_groupi                                               246        407       783        1191 
      csa_tree_add_215_43_groupi                                                69        137       189         326 
      add_211_59                                                                60        101       141         243 
      csa_tree_add_221_43_groupi                                                32        122       103         225 
      add_217_55                                                                20         78        44         123 
    REDUCE_LOOP_7_rshift_rg                                                     50         80       213         293 
      fshr_u_137_19:sra_154_27                                                  50         80       213         293 
    REDUCE_LOOP_6_rshift_rg                                                     50         80       213         293 
      fshr_u_137_19:sra_154_27                                                  50         80       213         293 
    REDUCE_LOOP_5_rshift_rg                                                     50         80       213         293 
      fshr_u_137_19:sra_154_27                                                  50         80       213         293 
    REDUCE_LOOP_4_rshift_rg                                                     50         80       213         293 
      fshr_u_137_19:sra_154_27                                                  50         80       213         293 
    REDUCE_LOOP_48_rshift_rg                                                    50         80       213         293 
      fshr_u_137_19:sra_154_27                                                  50         80       213         293 
    REDUCE_LOOP_47_rshift_rg                                                    50         80       213         293 
      fshr_u_137_19:sra_154_27                                                  50         80       213         293 
    REDUCE_LOOP_46_rshift_rg                                                    50         80       213         293 
      fshr_u_137_19:sra_154_27                                                  50         80       213         293 
    REDUCE_LOOP_45_rshift_rg                                                    50         80       213         293 
      fshr_u_137_19:sra_154_27                                                  50         80       213         293 
    REDUCE_LOOP_44_rshift_rg                                                    50         80       213         293 
      fshr_u_137_19:sra_154_27                                                  50         80       213         293 
    REDUCE_LOOP_43_rshift_rg                                                    50         80       213         293 
      fshr_u_137_19:sra_154_27                                                  50         80       213         293 
    REDUCE_LOOP_42_rshift_rg                                                    50         80       213         293 
      fshr_u_137_19:sra_154_27                                                  50         80       213         293 
    REDUCE_LOOP_41_rshift_rg                                                    50         80       213         293 
      fshr_u_137_19:sra_154_27                                                  50         80       213         293 
    REDUCE_LOOP_40_rshift_rg                                                    50         80       213         293 
      fshr_u_137_19:sra_154_27                                                  50         80       213         293 
    REDUCE_LOOP_3_rshift_rg                                                     50         80       213         293 
      fshr_u_137_19:sra_154_27                                                  50         80       213         293 
    REDUCE_LOOP_39_rshift_rg                                                    50         80       213         293 
      fshr_u_137_19:sra_154_27                                                  50         80       213         293 
    REDUCE_LOOP_37_rshift_rg                                                    50         80       213         293 
      fshr_u_137_19:sra_154_27                                                  50         80       213         293 
    REDUCE_LOOP_36_rshift_rg                                                    50         80       213         293 
      fshr_u_137_19:sra_154_27                                                  50         80       213         293 
    REDUCE_LOOP_35_rshift_rg                                                    50         80       213         293 
      fshr_u_137_19:sra_154_27                                                  50         80       213         293 
    REDUCE_LOOP_34_rshift_rg                                                    50         80       213         293 
      fshr_u_137_19:sra_154_27                                                  50         80       213         293 
    REDUCE_LOOP_33_rshift_rg                                                    50         80       213         293 
      fshr_u_137_19:sra_154_27                                                  50         80       213         293 
    REDUCE_LOOP_32_rshift_rg                                                    50         80       213         293 
      fshr_u_137_19:sra_154_27                                                  50         80       213         293 
    REDUCE_LOOP_30_rshift_rg                                                    50         80       213         293 
      fshr_u_137_19:sra_154_27                                                  50         80       213         293 
    REDUCE_LOOP_2_rshift_rg                                                     50         80       213         293 
      fshr_u_137_19:sra_154_27                                                  50         80       213         293 
    REDUCE_LOOP_29_rshift_rg                                                    50         80       213         293 
      fshr_u_137_19:sra_154_27                                                  50         80       213         293 
    REDUCE_LOOP_28_rshift_rg                                                    50         80       213         293 
      fshr_u_137_19:sra_154_27                                                  50         80       213         293 
    REDUCE_LOOP_27_rshift_rg                                                    50         80       213         293 
      fshr_u_137_19:sra_154_27                                                  50         80       213         293 
    REDUCE_LOOP_26_rshift_rg                                                    50         80       213         293 
      fshr_u_137_19:sra_154_27                                                  50         80       213         293 
    REDUCE_LOOP_25_rshift_rg                                                    50         80       213         293 
      fshr_u_137_19:sra_154_27                                                  50         80       213         293 
    REDUCE_LOOP_24_rshift_rg                                                    50         80       213         293 
      fshr_u_137_19:sra_154_27                                                  50         80       213         293 
    REDUCE_LOOP_23_rshift_rg                                                    50         80       213         293 
      fshr_u_137_19:sra_154_27                                                  50         80       213         293 
    REDUCE_LOOP_22_rshift_rg                                                    50         80       213         293 
      fshr_u_137_19:sra_154_27                                                  50         80       213         293 
    REDUCE_LOOP_21_rshift_rg                                                    50         80       213         293 
      fshr_u_137_19:sra_154_27                                                  50         80       213         293 
    REDUCE_LOOP_20_rshift_rg                                                    50         80       213         293 
      fshr_u_137_19:sra_154_27                                                  50         80       213         293 
    REDUCE_LOOP_1_rshift_rg                                                     50         80       213         293 
      fshr_u_137_19:sra_154_27                                                  50         80       213         293 
    REDUCE_LOOP_19_rshift_rg                                                    50         80       213         293 
      fshr_u_137_19:sra_154_27                                                  50         80       213         293 
    REDUCE_LOOP_18_rshift_rg                                                    50         80       213         293 
      fshr_u_137_19:sra_154_27                                                  50         80       213         293 
    REDUCE_LOOP_17_rshift_rg                                                    50         80       213         293 
      fshr_u_137_19:sra_154_27                                                  50         80       213         293 
    REDUCE_LOOP_15_rshift_rg                                                    50         80       213         293 
      fshr_u_137_19:sra_154_27                                                  50         80       213         293 
    REDUCE_LOOP_14_rshift_rg                                                    50         80       213         293 
      fshr_u_137_19:sra_154_27                                                  50         80       213         293 
    REDUCE_LOOP_13_rshift_rg                                                    50         80       213         293 
      fshr_u_137_19:sra_154_27                                                  50         80       213         293 
    REDUCE_LOOP_11_rshift_rg                                                    50         80       213         293 
      fshr_u_137_19:sra_154_27                                                  50         80       213         293 
    REDUCE_LOOP_8_rshift_rg                                                     49         79       209         288 
      fshr_u_137_19:sra_154_27                                                  49         79       209         288 
    REDUCE_LOOP_38_rshift_rg                                                    49         79       209         288 
      fshr_u_137_19:sra_154_27                                                  49         79       209         288 
    REDUCE_LOOP_16_rshift_rg                                                    49         79       209         288 
      fshr_u_137_19:sra_154_27                                                  49         79       209         288 
    REDUCE_LOOP_12_rshift_rg                                                    49         79       209         288 
      fshr_u_137_19:sra_154_27                                                  49         79       209         288 
    REDUCE_LOOP_10_rshift_rg                                                    49         79       209         288 
      fshr_u_137_19:sra_154_27                                                  49         79       209         288 
    REDUCE_LOOP_9_rshift_rg                                                     46         77       187         264 
      fshr_u_137_19:sra_154_27                                                  46         77       187         264 
    REDUCE_LOOP_31_rshift_rg                                                    45         77       175         252 
      fshr_u_137_19:sra_154_27                                                  45         77       175         252 
    U_ROM_1i5_1o5_4c72dd4f6b8d8bbf79a484d3d6a6237e2e_rg                         52         52       173         224 
    converter_core_output_rsci_inst                                              9         12        20          31 
      converter_core_output_rsci_output_rsc_wait_dp_inst                         5          8         7          15 
      converter_core_output_rsci_output_rsc_wait_ctrl_inst                       4          3         2           6 
    converter_core_core_fsm_inst                                                 3          6         5          11 
    converter_core_staller_inst                                                  3          6         2           9 
    converter_core_output_rsc_triosy_obj_inst                                    2          1         2           4 
      converter_core_output_rsc_triosy_obj_output_rsc_triosy_wait_ctrl_inst      2          1         2           4 
    converter_core_input_rsc_triosy_obj_inst                                     2          1         2           4 
      converter_core_input_rsc_triosy_obj_input_rsc_triosy_wait_ctrl_inst        2          1         2           4 
