============================================================
  Generated by:           Encounter(R) RTL Compiler RC14.28 - v14.20-s067_1
  Generated on:           Mar 16 2020  10:54:39 am
  Module:                 converter
  Technology library:     NangateOpenCellLibrary revision 1.0
  Operating conditions:   typical 
  Interconnect mode:      global
  Area mode:              physical library
============================================================

                                  Instance                                  Total Area  Cells  Cell Area      Cost     Yield 
-----------------------------------------------------------------------------------------------------------------------------
converter                                                                        65019   9383      21950 0.000000e+00 1.0000 
  converter_core_inst                                                            59990   9383      21950 0.000000e+00 1.0000 
    converter_core_input_rsci_inst                                               22127   4238       9883 0.000000e+00 1.0000 
      converter_core_input_rsci_input_rsc_wait_dp_inst                           22113   4234       9880 0.000000e+00 1.0000 
      converter_core_input_rsci_input_rsc_wait_ctrl_inst                             6      4          3 0.000000e+00 1.0000 
    U_ACC_48i22_1o28_6c73a006a90f66642582f9b3318c776fdd_rg                        9159   1034       4391 0.000000e+00 1.0000 
      csa_tree_add_512_7_groupi                                                   9159   1034       4391 0.000000e+00 1.0000 
    U_ACC_11i16_1o30_ea07b6b36d791f99515b0bc835b3a57115b_rg                       2361    451        859 0.000000e+00 1.0000 
      csa_tree_add_227_21_groupi                                                  1191    246        407 0.000000e+00 1.0000 
      csa_tree_add_215_43_groupi                                                   326     69        137 0.000000e+00 1.0000 
      add_211_59                                                                   243     60        101 0.000000e+00 1.0000 
      csa_tree_add_221_43_groupi                                                   225     32        122 0.000000e+00 1.0000 
      add_217_55                                                                   123     20         78 0.000000e+00 1.0000 
    REDUCE_LOOP_7_rshift_rg                                                        293     50         80 0.000000e+00 1.0000 
      fshr_u_137_19:sra_154_27                                                     293     50         80 0.000000e+00 1.0000 
    REDUCE_LOOP_6_rshift_rg                                                        293     50         80 0.000000e+00 1.0000 
      fshr_u_137_19:sra_154_27                                                     293     50         80 0.000000e+00 1.0000 
    REDUCE_LOOP_5_rshift_rg                                                        293     50         80 0.000000e+00 1.0000 
      fshr_u_137_19:sra_154_27                                                     293     50         80 0.000000e+00 1.0000 
    REDUCE_LOOP_4_rshift_rg                                                        293     50         80 0.000000e+00 1.0000 
      fshr_u_137_19:sra_154_27                                                     293     50         80 0.000000e+00 1.0000 
    REDUCE_LOOP_48_rshift_rg                                                       293     50         80 0.000000e+00 1.0000 
      fshr_u_137_19:sra_154_27                                                     293     50         80 0.000000e+00 1.0000 
    REDUCE_LOOP_47_rshift_rg                                                       293     50         80 0.000000e+00 1.0000 
      fshr_u_137_19:sra_154_27                                                     293     50         80 0.000000e+00 1.0000 
    REDUCE_LOOP_46_rshift_rg                                                       293     50         80 0.000000e+00 1.0000 
      fshr_u_137_19:sra_154_27                                                     293     50         80 0.000000e+00 1.0000 
    REDUCE_LOOP_45_rshift_rg                                                       293     50         80 0.000000e+00 1.0000 
      fshr_u_137_19:sra_154_27                                                     293     50         80 0.000000e+00 1.0000 
    REDUCE_LOOP_44_rshift_rg                                                       293     50         80 0.000000e+00 1.0000 
      fshr_u_137_19:sra_154_27                                                     293     50         80 0.000000e+00 1.0000 
    REDUCE_LOOP_43_rshift_rg                                                       293     50         80 0.000000e+00 1.0000 
      fshr_u_137_19:sra_154_27                                                     293     50         80 0.000000e+00 1.0000 
    REDUCE_LOOP_42_rshift_rg                                                       293     50         80 0.000000e+00 1.0000 
      fshr_u_137_19:sra_154_27                                                     293     50         80 0.000000e+00 1.0000 
    REDUCE_LOOP_41_rshift_rg                                                       293     50         80 0.000000e+00 1.0000 
      fshr_u_137_19:sra_154_27                                                     293     50         80 0.000000e+00 1.0000 
    REDUCE_LOOP_40_rshift_rg                                                       293     50         80 0.000000e+00 1.0000 
      fshr_u_137_19:sra_154_27                                                     293     50         80 0.000000e+00 1.0000 
    REDUCE_LOOP_3_rshift_rg                                                        293     50         80 0.000000e+00 1.0000 
      fshr_u_137_19:sra_154_27                                                     293     50         80 0.000000e+00 1.0000 
    REDUCE_LOOP_39_rshift_rg                                                       293     50         80 0.000000e+00 1.0000 
      fshr_u_137_19:sra_154_27                                                     293     50         80 0.000000e+00 1.0000 
    REDUCE_LOOP_37_rshift_rg                                                       293     50         80 0.000000e+00 1.0000 
      fshr_u_137_19:sra_154_27                                                     293     50         80 0.000000e+00 1.0000 
    REDUCE_LOOP_36_rshift_rg                                                       293     50         80 0.000000e+00 1.0000 
      fshr_u_137_19:sra_154_27                                                     293     50         80 0.000000e+00 1.0000 
    REDUCE_LOOP_35_rshift_rg                                                       293     50         80 0.000000e+00 1.0000 
      fshr_u_137_19:sra_154_27                                                     293     50         80 0.000000e+00 1.0000 
    REDUCE_LOOP_34_rshift_rg                                                       293     50         80 0.000000e+00 1.0000 
      fshr_u_137_19:sra_154_27                                                     293     50         80 0.000000e+00 1.0000 
    REDUCE_LOOP_33_rshift_rg                                                       293     50         80 0.000000e+00 1.0000 
      fshr_u_137_19:sra_154_27                                                     293     50         80 0.000000e+00 1.0000 
    REDUCE_LOOP_32_rshift_rg                                                       293     50         80 0.000000e+00 1.0000 
      fshr_u_137_19:sra_154_27                                                     293     50         80 0.000000e+00 1.0000 
    REDUCE_LOOP_30_rshift_rg                                                       293     50         80 0.000000e+00 1.0000 
      fshr_u_137_19:sra_154_27                                                     293     50         80 0.000000e+00 1.0000 
    REDUCE_LOOP_2_rshift_rg                                                        293     50         80 0.000000e+00 1.0000 
      fshr_u_137_19:sra_154_27                                                     293     50         80 0.000000e+00 1.0000 
    REDUCE_LOOP_29_rshift_rg                                                       293     50         80 0.000000e+00 1.0000 
      fshr_u_137_19:sra_154_27                                                     293     50         80 0.000000e+00 1.0000 
    REDUCE_LOOP_28_rshift_rg                                                       293     50         80 0.000000e+00 1.0000 
      fshr_u_137_19:sra_154_27                                                     293     50         80 0.000000e+00 1.0000 
    REDUCE_LOOP_27_rshift_rg                                                       293     50         80 0.000000e+00 1.0000 
      fshr_u_137_19:sra_154_27                                                     293     50         80 0.000000e+00 1.0000 
    REDUCE_LOOP_26_rshift_rg                                                       293     50         80 0.000000e+00 1.0000 
      fshr_u_137_19:sra_154_27                                                     293     50         80 0.000000e+00 1.0000 
    REDUCE_LOOP_25_rshift_rg                                                       293     50         80 0.000000e+00 1.0000 
      fshr_u_137_19:sra_154_27                                                     293     50         80 0.000000e+00 1.0000 
    REDUCE_LOOP_24_rshift_rg                                                       293     50         80 0.000000e+00 1.0000 
      fshr_u_137_19:sra_154_27                                                     293     50         80 0.000000e+00 1.0000 
    REDUCE_LOOP_23_rshift_rg                                                       293     50         80 0.000000e+00 1.0000 
      fshr_u_137_19:sra_154_27                                                     293     50         80 0.000000e+00 1.0000 
    REDUCE_LOOP_22_rshift_rg                                                       293     50         80 0.000000e+00 1.0000 
      fshr_u_137_19:sra_154_27                                                     293     50         80 0.000000e+00 1.0000 
    REDUCE_LOOP_21_rshift_rg                                                       293     50         80 0.000000e+00 1.0000 
      fshr_u_137_19:sra_154_27                                                     293     50         80 0.000000e+00 1.0000 
    REDUCE_LOOP_20_rshift_rg                                                       293     50         80 0.000000e+00 1.0000 
      fshr_u_137_19:sra_154_27                                                     293     50         80 0.000000e+00 1.0000 
    REDUCE_LOOP_1_rshift_rg                                                        293     50         80 0.000000e+00 1.0000 
      fshr_u_137_19:sra_154_27                                                     293     50         80 0.000000e+00 1.0000 
    REDUCE_LOOP_19_rshift_rg                                                       293     50         80 0.000000e+00 1.0000 
      fshr_u_137_19:sra_154_27                                                     293     50         80 0.000000e+00 1.0000 
    REDUCE_LOOP_18_rshift_rg                                                       293     50         80 0.000000e+00 1.0000 
      fshr_u_137_19:sra_154_27                                                     293     50         80 0.000000e+00 1.0000 
    REDUCE_LOOP_17_rshift_rg                                                       293     50         80 0.000000e+00 1.0000 
      fshr_u_137_19:sra_154_27                                                     293     50         80 0.000000e+00 1.0000 
    REDUCE_LOOP_15_rshift_rg                                                       293     50         80 0.000000e+00 1.0000 
      fshr_u_137_19:sra_154_27                                                     293     50         80 0.000000e+00 1.0000 
    REDUCE_LOOP_14_rshift_rg                                                       293     50         80 0.000000e+00 1.0000 
      fshr_u_137_19:sra_154_27                                                     293     50         80 0.000000e+00 1.0000 
    REDUCE_LOOP_13_rshift_rg                                                       293     50         80 0.000000e+00 1.0000 
      fshr_u_137_19:sra_154_27                                                     293     50         80 0.000000e+00 1.0000 
    REDUCE_LOOP_11_rshift_rg                                                       293     50         80 0.000000e+00 1.0000 
      fshr_u_137_19:sra_154_27                                                     293     50         80 0.000000e+00 1.0000 
    REDUCE_LOOP_8_rshift_rg                                                        288     49         79 0.000000e+00 1.0000 
      fshr_u_137_19:sra_154_27                                                     288     49         79 0.000000e+00 1.0000 
    REDUCE_LOOP_38_rshift_rg                                                       288     49         79 0.000000e+00 1.0000 
      fshr_u_137_19:sra_154_27                                                     288     49         79 0.000000e+00 1.0000 
    REDUCE_LOOP_16_rshift_rg                                                       288     49         79 0.000000e+00 1.0000 
      fshr_u_137_19:sra_154_27                                                     288     49         79 0.000000e+00 1.0000 
    REDUCE_LOOP_12_rshift_rg                                                       288     49         79 0.000000e+00 1.0000 
      fshr_u_137_19:sra_154_27                                                     288     49         79 0.000000e+00 1.0000 
    REDUCE_LOOP_10_rshift_rg                                                       288     49         79 0.000000e+00 1.0000 
      fshr_u_137_19:sra_154_27                                                     288     49         79 0.000000e+00 1.0000 
    REDUCE_LOOP_9_rshift_rg                                                        264     46         77 0.000000e+00 1.0000 
      fshr_u_137_19:sra_154_27                                                     264     46         77 0.000000e+00 1.0000 
    REDUCE_LOOP_31_rshift_rg                                                       252     45         77 0.000000e+00 1.0000 
      fshr_u_137_19:sra_154_27                                                     252     45         77 0.000000e+00 1.0000 
    U_ROM_1i5_1o5_4c72dd4f6b8d8bbf79a484d3d6a6237e2e_rg                            224     52         52 0.000000e+00 1.0000 
    converter_core_output_rsci_inst                                                 31      9         12 0.000000e+00 1.0000 
      converter_core_output_rsci_output_rsc_wait_dp_inst                            15      5          8 0.000000e+00 1.0000 
      converter_core_output_rsci_output_rsc_wait_ctrl_inst                           6      4          3 0.000000e+00 1.0000 
    converter_core_core_fsm_inst                                                    11      3          6 0.000000e+00 1.0000 
    converter_core_staller_inst                                                      9      3          6 0.000000e+00 1.0000 
    converter_core_output_rsc_triosy_obj_inst                                        4      2          1 0.000000e+00 1.0000 
      converter_core_output_rsc_triosy_obj_output_rsc_triosy_wait_ctrl_inst          4      2          1 0.000000e+00 1.0000 
    converter_core_input_rsc_triosy_obj_inst                                         4      2          1 0.000000e+00 1.0000 
      converter_core_input_rsc_triosy_obj_input_rsc_triosy_wait_ctrl_inst            4      2          1 0.000000e+00 1.0000 
