============================================================
  Generated by:           Encounter(R) RTL Compiler RC14.28 - v14.20-s067_1
  Generated on:           Mar 16 2020  10:54:39 am
  Module:                 converter
  Technology library:     NangateOpenCellLibrary revision 1.0
  Operating conditions:   typical 
  Interconnect mode:      global
  Area mode:              physical library
============================================================

                                
   Gate    Instances    Area             Library          
----------------------------------------------------------
AND2_X1         1450   1542.800    NangateOpenCellLibrary 
AND2_X2            1      1.330    NangateOpenCellLibrary 
AOI211_X1          2      2.660    NangateOpenCellLibrary 
AOI21_X1           3      3.192    NangateOpenCellLibrary 
AOI221_X1          3      4.788    NangateOpenCellLibrary 
AOI222_X1        624   1327.872    NangateOpenCellLibrary 
AOI22_X1          53     70.490    NangateOpenCellLibrary 
DFFR_X1            1      5.320    NangateOpenCellLibrary 
DFF_X1          1444   6529.768    NangateOpenCellLibrary 
FA_X1           1170   4979.520    NangateOpenCellLibrary 
HA_X1             22     58.520    NangateOpenCellLibrary 
INV_X1           578    307.496    NangateOpenCellLibrary 
INV_X16            2      9.044    NangateOpenCellLibrary 
INV_X2             1      0.798    NangateOpenCellLibrary 
INV_X32            4     35.112    NangateOpenCellLibrary 
INV_X8             1      2.394    NangateOpenCellLibrary 
MUX2_X1         3074   5723.788    NangateOpenCellLibrary 
NAND2_X1         154    122.892    NangateOpenCellLibrary 
NAND2_X2           1      1.330    NangateOpenCellLibrary 
NAND2_X4           1      2.394    NangateOpenCellLibrary 
NAND3_X1           3      3.192    NangateOpenCellLibrary 
NAND4_X1           1      1.330    NangateOpenCellLibrary 
NOR2_X1          207    165.186    NangateOpenCellLibrary 
NOR3_X1            2      2.128    NangateOpenCellLibrary 
OAI211_X1          2      2.660    NangateOpenCellLibrary 
OAI21_X1          30     31.920    NangateOpenCellLibrary 
OAI221_X1          3      4.788    NangateOpenCellLibrary 
OAI222_X1        384    817.152    NangateOpenCellLibrary 
OAI22_X1           2      2.660    NangateOpenCellLibrary 
OAI33_X1           1      1.862    NangateOpenCellLibrary 
OR2_X1           126    134.064    NangateOpenCellLibrary 
OR2_X2             2      2.660    NangateOpenCellLibrary 
OR3_X1             2      2.660    NangateOpenCellLibrary 
XNOR2_X1           8     12.768    NangateOpenCellLibrary 
XOR2_X1           21     33.516    NangateOpenCellLibrary 
----------------------------------------------------------
total           9383  21950.054                           


                                      
   Type    Instances    Area   Area % 
--------------------------------------
sequential      1445  6535.088   29.8 
inverter         586   354.844    1.6 
logic           7352 15060.122   68.6 
--------------------------------------
total           9383 21950.054  100.0 

