============================================================
  Generated by:           Encounter(R) RTL Compiler RC14.28 - v14.20-s067_1
  Generated on:           Mar 16 2020  10:54:38 am
  Module:                 converter
  Technology library:     NangateOpenCellLibrary revision 1.0
  Operating conditions:   typical 
  Interconnect mode:      global
  Area mode:              physical library
============================================================

Timing
--------

     Clock      Period 
-----------------------
clk            25000.0 
virtual_io_clk 25000.0 


     Cost        Critical       Violating 
     Group      Path Slack TNS    Paths   
------------------------------------------
C2C                16533.6   0          0 
C2O                24824.0   0          0 
clk               No paths   0            
default           No paths   0            
I2C                17035.8   0          0 
I2O               No paths   0            
virtual_io_clk    No paths   0            
------------------------------------------
Total                        0          0 

Instance Count
--------------
Leaf Instance Count             9383 
Sequential Instance Count       1445 
Combinational Instance Count    7938 
Hierarchical Instance Count      118 

Area
----
Cell Area                          21950.054
Physical Cell Area                 0.000
Total Cell Area (Cell+Physical)    21950.054
Net Area                           43068.865
Total Area (Cell+Physical+Net)     65018.919

Power
-----
Leakage Power                      424074.330 nW
Dynamic Power                      3261764.191 nW
Total Power                        3685838.520 nW

Max Fanout                         1445 (clk)
Min Fanout                         0 (converter_core_inst/REDUCE_LOOP_10_rshift_rg/result[10])
Average Fanout                     2.1
Terms to net ratio                 3.0
Terms to instance ratio            4.1
Runtime                            114.530 seconds
Elapsed Runtime                    114 seconds
RC peak memory usage:              326.00 
EDI peak memory usage:             no_value 
Hostname                           fastml02.c.harrisgroup-223921.internal
