============================================================
  Generated by:           Encounter(R) RTL Compiler RC14.28 - v14.20-s067_1
  Generated on:           Mar 16 2020  10:54:36 am
  Module:                 converter
  Technology library:     NangateOpenCellLibrary revision 1.0
  Operating conditions:   typical 
  Interconnect mode:      global
  Area mode:              physical library
============================================================

                                                           Pin                                                                Type      Fanout  Load  Slew Delay Arrival   
                                                                                                                                                (fF)  (ps)  (ps)   (ps)    
---------------------------------------------------------------------------------------------------------------------------------------------------------------------------
(clock clk)                                                                                                                  launch                                    0 R 
converter_core_inst/converter_core_input_rsci_inst/converter_core_input_rsci_input_rsc_wait_dp_inst/input_rsci_bcwt_reg/CK                               0             0 R 
converter_core_inst/converter_core_input_rsci_inst/converter_core_input_rsci_input_rsc_wait_dp_inst/input_rsci_bcwt_reg/Q    DFFR_X1         2   27.5   66  +159     159 R 
converter_core_inst/converter_core_input_rsci_inst/converter_core_input_rsci_input_rsc_wait_dp_inst/Fp8748A/A                                                 +0     160   
converter_core_inst/converter_core_input_rsci_inst/converter_core_input_rsci_input_rsc_wait_dp_inst/Fp8748A/ZN               INV_X16       266  530.3   43   +71     231 F 
converter_core_inst/converter_core_input_rsci_inst/converter_core_input_rsci_input_rsc_wait_dp_inst/drc_bufs19287/A                                           +0     231   
converter_core_inst/converter_core_input_rsci_inst/converter_core_input_rsci_input_rsc_wait_dp_inst/drc_bufs19287/ZN         INV_X1          1   49.6  116  +145     376 R 
converter_core_inst/converter_core_input_rsci_inst/converter_core_input_rsci_input_rsc_wait_dp_inst/drc_bufs19285/A                                           +1     377   
converter_core_inst/converter_core_input_rsci_inst/converter_core_input_rsci_input_rsc_wait_dp_inst/drc_bufs19285/ZN         INV_X32       793 1581.5   67  +111     488 F 
converter_core_inst/converter_core_input_rsci_inst/converter_core_input_rsci_input_rsc_wait_dp_inst/p9136A/S                                                  +0     488   
converter_core_inst/converter_core_input_rsci_inst/converter_core_input_rsci_input_rsc_wait_dp_inst/p9136A/Z                 MUX2_X1         3    7.3   17   +86     574 F 
converter_core_inst/converter_core_input_rsci_inst/converter_core_input_rsci_input_rsc_wait_dp_inst/input_rsci_idat_mxwt[529] 
converter_core_inst/converter_core_input_rsci_inst/input_rsci_idat_mxwt[529] 
converter_core_inst/U_ACC_48i22_1o28_6c73a006a90f66642582f9b3318c776fdd_rg/I_26[1] 
converter_core_inst/U_ACC_48i22_1o28_6c73a006a90f66642582f9b3318c776fdd_rg/csa_tree_add_512_7_groupi/in_4[1] 
converter_core_inst/U_ACC_48i22_1o28_6c73a006a90f66642582f9b3318c776fdd_rg/csa_tree_add_512_7_groupi/p9173A/A                                                 +0     574   
converter_core_inst/U_ACC_48i22_1o28_6c73a006a90f66642582f9b3318c776fdd_rg/csa_tree_add_512_7_groupi/p9173A/S                FA_X1           1    3.8   17  +106     680 F 
converter_core_inst/U_ACC_48i22_1o28_6c73a006a90f66642582f9b3318c776fdd_rg/csa_tree_add_512_7_groupi/p9191A/B                                                 +0     680   
converter_core_inst/U_ACC_48i22_1o28_6c73a006a90f66642582f9b3318c776fdd_rg/csa_tree_add_512_7_groupi/p9191A/S                FA_X1           1    3.2   14  +126     806 R 
converter_core_inst/U_ACC_48i22_1o28_6c73a006a90f66642582f9b3318c776fdd_rg/csa_tree_add_512_7_groupi/p9226A/CI                                                +0     806   
converter_core_inst/U_ACC_48i22_1o28_6c73a006a90f66642582f9b3318c776fdd_rg/csa_tree_add_512_7_groupi/p9226A/S                FA_X1           1    4.0   18   +96     902 F 
converter_core_inst/U_ACC_48i22_1o28_6c73a006a90f66642582f9b3318c776fdd_rg/csa_tree_add_512_7_groupi/p9265A/A                                                 +0     902   
converter_core_inst/U_ACC_48i22_1o28_6c73a006a90f66642582f9b3318c776fdd_rg/csa_tree_add_512_7_groupi/p9265A/CO               FA_X1           1    3.1   15   +79     981 F 
converter_core_inst/U_ACC_48i22_1o28_6c73a006a90f66642582f9b3318c776fdd_rg/csa_tree_add_512_7_groupi/p9285A/CI                                                +0     981   
converter_core_inst/U_ACC_48i22_1o28_6c73a006a90f66642582f9b3318c776fdd_rg/csa_tree_add_512_7_groupi/p9285A/S                FA_X1           1    3.2   14  +116    1097 R 
converter_core_inst/U_ACC_48i22_1o28_6c73a006a90f66642582f9b3318c776fdd_rg/csa_tree_add_512_7_groupi/p9327A/CI                                                +0    1097   
converter_core_inst/U_ACC_48i22_1o28_6c73a006a90f66642582f9b3318c776fdd_rg/csa_tree_add_512_7_groupi/p9327A/S                FA_X1           1    3.1   16   +94    1191 F 
converter_core_inst/U_ACC_48i22_1o28_6c73a006a90f66642582f9b3318c776fdd_rg/csa_tree_add_512_7_groupi/p9410A50077/CI                                           +0    1191   
converter_core_inst/U_ACC_48i22_1o28_6c73a006a90f66642582f9b3318c776fdd_rg/csa_tree_add_512_7_groupi/p9410A50077/CO          FA_X1           1    4.0   16   +76    1266 F 
converter_core_inst/U_ACC_48i22_1o28_6c73a006a90f66642582f9b3318c776fdd_rg/csa_tree_add_512_7_groupi/p9419A/A                                                 +0    1266   
converter_core_inst/U_ACC_48i22_1o28_6c73a006a90f66642582f9b3318c776fdd_rg/csa_tree_add_512_7_groupi/p9419A/CO               FA_X1           1    3.1   15   +79    1346 F 
converter_core_inst/U_ACC_48i22_1o28_6c73a006a90f66642582f9b3318c776fdd_rg/csa_tree_add_512_7_groupi/p9437A/CI                                                +0    1346   
converter_core_inst/U_ACC_48i22_1o28_6c73a006a90f66642582f9b3318c776fdd_rg/csa_tree_add_512_7_groupi/p9437A/CO               FA_X1           1    3.1   15   +72    1418 F 
converter_core_inst/U_ACC_48i22_1o28_6c73a006a90f66642582f9b3318c776fdd_rg/csa_tree_add_512_7_groupi/p9478A/CI                                                +0    1418   
converter_core_inst/U_ACC_48i22_1o28_6c73a006a90f66642582f9b3318c776fdd_rg/csa_tree_add_512_7_groupi/p9478A/CO               FA_X1           1    3.1   15   +72    1490 F 
converter_core_inst/U_ACC_48i22_1o28_6c73a006a90f66642582f9b3318c776fdd_rg/csa_tree_add_512_7_groupi/p9513A/CI                                                +0    1490   
converter_core_inst/U_ACC_48i22_1o28_6c73a006a90f66642582f9b3318c776fdd_rg/csa_tree_add_512_7_groupi/p9513A/CO               FA_X1           1    3.1   15   +72    1563 F 
converter_core_inst/U_ACC_48i22_1o28_6c73a006a90f66642582f9b3318c776fdd_rg/csa_tree_add_512_7_groupi/p9555A/CI                                                +0    1563   
converter_core_inst/U_ACC_48i22_1o28_6c73a006a90f66642582f9b3318c776fdd_rg/csa_tree_add_512_7_groupi/p9555A/CO               FA_X1           1    3.1   15   +72    1636 F 
converter_core_inst/U_ACC_48i22_1o28_6c73a006a90f66642582f9b3318c776fdd_rg/csa_tree_add_512_7_groupi/p9600A/CI                                                +0    1636   
converter_core_inst/U_ACC_48i22_1o28_6c73a006a90f66642582f9b3318c776fdd_rg/csa_tree_add_512_7_groupi/p9600A/CO               FA_X1           1    3.1   15   +72    1708 F 
converter_core_inst/U_ACC_48i22_1o28_6c73a006a90f66642582f9b3318c776fdd_rg/csa_tree_add_512_7_groupi/p9642A/CI                                                +0    1708   
converter_core_inst/U_ACC_48i22_1o28_6c73a006a90f66642582f9b3318c776fdd_rg/csa_tree_add_512_7_groupi/p9642A/CO               FA_X1           1    3.1   15   +72    1780 F 
converter_core_inst/U_ACC_48i22_1o28_6c73a006a90f66642582f9b3318c776fdd_rg/csa_tree_add_512_7_groupi/p9688A50076/CI                                           +0    1780   
converter_core_inst/U_ACC_48i22_1o28_6c73a006a90f66642582f9b3318c776fdd_rg/csa_tree_add_512_7_groupi/p9688A50076/CO          FA_X1           1    3.1   15   +72    1853 F 
converter_core_inst/U_ACC_48i22_1o28_6c73a006a90f66642582f9b3318c776fdd_rg/csa_tree_add_512_7_groupi/p9727A/CI                                                +0    1853   
converter_core_inst/U_ACC_48i22_1o28_6c73a006a90f66642582f9b3318c776fdd_rg/csa_tree_add_512_7_groupi/p9727A/CO               FA_X1           1    3.1   15   +72    1926 F 
converter_core_inst/U_ACC_48i22_1o28_6c73a006a90f66642582f9b3318c776fdd_rg/csa_tree_add_512_7_groupi/p9771A/CI                                                +0    1926   
converter_core_inst/U_ACC_48i22_1o28_6c73a006a90f66642582f9b3318c776fdd_rg/csa_tree_add_512_7_groupi/p9771A/CO               FA_X1           1    3.1   15   +72    1998 F 
converter_core_inst/U_ACC_48i22_1o28_6c73a006a90f66642582f9b3318c776fdd_rg/csa_tree_add_512_7_groupi/p9819A50075/CI                                           +0    1998   
converter_core_inst/U_ACC_48i22_1o28_6c73a006a90f66642582f9b3318c776fdd_rg/csa_tree_add_512_7_groupi/p9819A50075/CO          FA_X1           1    3.1   15   +72    2070 F 
converter_core_inst/U_ACC_48i22_1o28_6c73a006a90f66642582f9b3318c776fdd_rg/csa_tree_add_512_7_groupi/p9843A/CI                                                +0    2070   
converter_core_inst/U_ACC_48i22_1o28_6c73a006a90f66642582f9b3318c776fdd_rg/csa_tree_add_512_7_groupi/p9843A/CO               FA_X1           1    3.1   15   +72    2143 F 
converter_core_inst/U_ACC_48i22_1o28_6c73a006a90f66642582f9b3318c776fdd_rg/csa_tree_add_512_7_groupi/p9905A50074/CI                                           +0    2143   
converter_core_inst/U_ACC_48i22_1o28_6c73a006a90f66642582f9b3318c776fdd_rg/csa_tree_add_512_7_groupi/p9905A50074/CO          FA_X1           1    3.1   15   +72    2216 F 
converter_core_inst/U_ACC_48i22_1o28_6c73a006a90f66642582f9b3318c776fdd_rg/csa_tree_add_512_7_groupi/p9933A/CI                                                +0    2216   
converter_core_inst/U_ACC_48i22_1o28_6c73a006a90f66642582f9b3318c776fdd_rg/csa_tree_add_512_7_groupi/p9933A/CO               FA_X1           1    3.1   15   +72    2288 F 
converter_core_inst/U_ACC_48i22_1o28_6c73a006a90f66642582f9b3318c776fdd_rg/csa_tree_add_512_7_groupi/p9986A/CI                                                +0    2288   
converter_core_inst/U_ACC_48i22_1o28_6c73a006a90f66642582f9b3318c776fdd_rg/csa_tree_add_512_7_groupi/p9986A/CO               FA_X1           1    3.1   15   +72    2360 F 
converter_core_inst/U_ACC_48i22_1o28_6c73a006a90f66642582f9b3318c776fdd_rg/csa_tree_add_512_7_groupi/p10015A/CI                                               +0    2360   
converter_core_inst/U_ACC_48i22_1o28_6c73a006a90f66642582f9b3318c776fdd_rg/csa_tree_add_512_7_groupi/p10015A/CO              FA_X1           1    3.1   15   +72    2433 F 
converter_core_inst/U_ACC_48i22_1o28_6c73a006a90f66642582f9b3318c776fdd_rg/csa_tree_add_512_7_groupi/p10069A/CI                                               +0    2433   
converter_core_inst/U_ACC_48i22_1o28_6c73a006a90f66642582f9b3318c776fdd_rg/csa_tree_add_512_7_groupi/p10069A/CO              FA_X1           1    3.1   15   +72    2506 F 
converter_core_inst/U_ACC_48i22_1o28_6c73a006a90f66642582f9b3318c776fdd_rg/csa_tree_add_512_7_groupi/p10107A/CI                                               +0    2506   
converter_core_inst/U_ACC_48i22_1o28_6c73a006a90f66642582f9b3318c776fdd_rg/csa_tree_add_512_7_groupi/p10107A/CO              FA_X1           1    3.1   15   +72    2578 F 
converter_core_inst/U_ACC_48i22_1o28_6c73a006a90f66642582f9b3318c776fdd_rg/csa_tree_add_512_7_groupi/p10156A/CI                                               +0    2578   
converter_core_inst/U_ACC_48i22_1o28_6c73a006a90f66642582f9b3318c776fdd_rg/csa_tree_add_512_7_groupi/p10156A/CO              FA_X1           1    3.1   15   +72    2650 F 
converter_core_inst/U_ACC_48i22_1o28_6c73a006a90f66642582f9b3318c776fdd_rg/csa_tree_add_512_7_groupi/p10194A50073/CI                                          +0    2650   
converter_core_inst/U_ACC_48i22_1o28_6c73a006a90f66642582f9b3318c776fdd_rg/csa_tree_add_512_7_groupi/p10194A50073/CO         FA_X1           1    3.1   15   +72    2723 F 
converter_core_inst/U_ACC_48i22_1o28_6c73a006a90f66642582f9b3318c776fdd_rg/csa_tree_add_512_7_groupi/p10235A/CI                                               +0    2723   
converter_core_inst/U_ACC_48i22_1o28_6c73a006a90f66642582f9b3318c776fdd_rg/csa_tree_add_512_7_groupi/p10235A/CO              FA_X1           1    3.1   15   +72    2796 F 
converter_core_inst/U_ACC_48i22_1o28_6c73a006a90f66642582f9b3318c776fdd_rg/csa_tree_add_512_7_groupi/p10273A50072/CI                                          +0    2796   
converter_core_inst/U_ACC_48i22_1o28_6c73a006a90f66642582f9b3318c776fdd_rg/csa_tree_add_512_7_groupi/p10273A50072/CO         FA_X1           1    3.1   15   +72    2868 F 
converter_core_inst/U_ACC_48i22_1o28_6c73a006a90f66642582f9b3318c776fdd_rg/csa_tree_add_512_7_groupi/p10324A50071/CI                                          +0    2868   
converter_core_inst/U_ACC_48i22_1o28_6c73a006a90f66642582f9b3318c776fdd_rg/csa_tree_add_512_7_groupi/p10324A50071/CO         FA_X1           1    3.5   16   +74    2942 F 
converter_core_inst/U_ACC_48i22_1o28_6c73a006a90f66642582f9b3318c776fdd_rg/csa_tree_add_512_7_groupi/p10356A50070/A                                           +0    2942   
converter_core_inst/U_ACC_48i22_1o28_6c73a006a90f66642582f9b3318c776fdd_rg/csa_tree_add_512_7_groupi/p10356A50070/S          HA_X1           1    1.2   11   +52    2994 F 
converter_core_inst/U_ACC_48i22_1o28_6c73a006a90f66642582f9b3318c776fdd_rg/csa_tree_add_512_7_groupi/out_0[26] 
converter_core_inst/U_ACC_48i22_1o28_6c73a006a90f66642582f9b3318c776fdd_rg/O_1[26] 
converter_core_inst/p10362A/A1                                                                                                                                +0    2994   
converter_core_inst/p10362A/ZN                                                                                               OR2_X1          3    4.6   12   +52    3046 F 
converter_core_inst/p10392A/A1                                                                                                                                +0    3046   
converter_core_inst/p10392A/ZN                                                                                               OR2_X1          4    8.4   16   +60    3105 F 
converter_core_inst/p10439A/A1                                                                                                                                +0    3105   
converter_core_inst/p10439A/ZN                                                                                               OR2_X1          4    8.4   16   +61    3166 F 
converter_core_inst/p10472A/A1                                                                                                                                +0    3166   
converter_core_inst/p10472A/ZN                                                                                               OR2_X1          5   12.7   20   +68    3234 F 
converter_core_inst/p10518A/A1                                                                                                                                +0    3234   
converter_core_inst/p10518A/ZN                                                                                               OR2_X1          5   12.0   20   +69    3303 F 
converter_core_inst/p10561A/A1                                                                                                                                +0    3303   
converter_core_inst/p10561A/ZN                                                                                               OR2_X1          6   14.6   22   +73    3376 F 
converter_core_inst/p10609A/A1                                                                                                                                +0    3376   
converter_core_inst/p10609A/ZN                                                                                               OR2_X1          6   15.6   23   +75    3451 F 
converter_core_inst/p10660A/A1                                                                                                                                +0    3451   
converter_core_inst/p10660A/ZN                                                                                               OR2_X1          7   17.3   25   +78    3529 F 
converter_core_inst/p10713A/A1                                                                                                                                +0    3529   
converter_core_inst/p10713A/ZN                                                                                               OR2_X1          7   19.2   26   +82    3611 F 
converter_core_inst/p10769A/A1                                                                                                                                +0    3611   
converter_core_inst/p10769A/ZN                                                                                               OR2_X1          8   21.8   29   +86    3697 F 
converter_core_inst/p10831A/A1                                                                                                                                +0    3697   
converter_core_inst/p10831A/ZN                                                                                               OR2_X1          9   24.8   32   +91    3788 F 
converter_core_inst/p10898A/A1                                                                                                                                +0    3788   
converter_core_inst/p10898A/ZN                                                                                               OR2_X1          9   23.3   30   +91    3878 F 
converter_core_inst/p10962A/A1                                                                                                                                +0    3878   
converter_core_inst/p10962A/ZN                                                                                               OR2_X1          9   23.3   30   +90    3968 F 
converter_core_inst/p11027A/A1                                                                                                                                +0    3968   
converter_core_inst/p11027A/ZN                                                                                               OR2_X1          9   23.7   31   +90    4059 F 
converter_core_inst/p11094A/A1                                                                                                                                +0    4059   
converter_core_inst/p11094A/ZN                                                                                               OR2_X1          8   21.3   28   +87    4146 F 
converter_core_inst/p11159A/A1                                                                                                                                +0    4146   
converter_core_inst/p11159A/ZN                                                                                               OR2_X1          9   25.1   32   +91    4238 F 
converter_core_inst/p11230A/A1                                                                                                                                +0    4238   
converter_core_inst/p11230A/ZN                                                                                               OR2_X1         10   28.7   36   +98    4336 F 
converter_core_inst/p11304A/A1                                                                                                                                +0    4336   
converter_core_inst/p11304A/ZN                                                                                               OR2_X1         11   31.2   38  +103    4439 F 
converter_core_inst/p11382A/A1                                                                                                                                +0    4439   
converter_core_inst/p11382A/ZN                                                                                               OR2_X1         11   32.4   39  +106    4544 F 
converter_core_inst/p11464A/A1                                                                                                                                +0    4544   
converter_core_inst/p11464A/ZN                                                                                               OR2_X1         11   31.2   38  +105    4649 F 
converter_core_inst/p11542A/A1                                                                                                                                +0    4649   
converter_core_inst/p11542A/ZN                                                                                               OR2_X1         10   28.9   36  +101    4751 F 
converter_core_inst/p11618A/A1                                                                                                                                +0    4751   
converter_core_inst/p11618A/ZN                                                                                               OR2_X1         11   31.1   38  +103    4854 F 
converter_core_inst/p11698A/A1                                                                                                                                +0    4854   
converter_core_inst/p11698A/ZN                                                                                               OR2_X1         13   34.9   42  +109    4962 F 
converter_core_inst/p11783A/A1                                                                                                                                +0    4962   
converter_core_inst/p11783A/ZN                                                                                               OR2_X1         13   34.0   41  +110    5072 F 
converter_core_inst/p11865A/A1                                                                                                                                +0    5072   
converter_core_inst/p11865A/ZN                                                                                               OR2_X1         11   29.6   36  +104    5176 F 
converter_core_inst/p11945A/A1                                                                                                                                +0    5176   
converter_core_inst/p11945A/ZN                                                                                               OR2_X1         10   24.0   31   +94    5270 F 
converter_core_inst/p12013A/A1                                                                                                                                +0    5270   
converter_core_inst/p12013A/ZN                                                                                               OR2_X1         11   30.2   37  +100    5369 F 
converter_core_inst/U_ACC_11i16_1o30_ea07b6b36d791f99515b0bc835b3a57115b_rg/I_11[0] 
converter_core_inst/U_ACC_11i16_1o30_ea07b6b36d791f99515b0bc835b3a57115b_rg/add_211_59/A[17] 
converter_core_inst/U_ACC_11i16_1o30_ea07b6b36d791f99515b0bc835b3a57115b_rg/add_211_59/p12078A/CI                                                             +0    5369   
converter_core_inst/U_ACC_11i16_1o30_ea07b6b36d791f99515b0bc835b3a57115b_rg/add_211_59/p12078A/CO                            FA_X1           1    3.1   15   +82    5452 F 
converter_core_inst/U_ACC_11i16_1o30_ea07b6b36d791f99515b0bc835b3a57115b_rg/add_211_59/p12094A/CI                                                             +0    5452   
converter_core_inst/U_ACC_11i16_1o30_ea07b6b36d791f99515b0bc835b3a57115b_rg/add_211_59/p12094A/CO                            FA_X1           1    3.1   15   +72    5524 F 
converter_core_inst/U_ACC_11i16_1o30_ea07b6b36d791f99515b0bc835b3a57115b_rg/add_211_59/p12145A/CI                                                             +0    5524   
converter_core_inst/U_ACC_11i16_1o30_ea07b6b36d791f99515b0bc835b3a57115b_rg/add_211_59/p12145A/CO                            FA_X1           1    3.1   15   +72    5596 F 
converter_core_inst/U_ACC_11i16_1o30_ea07b6b36d791f99515b0bc835b3a57115b_rg/add_211_59/p12186A/CI                                                             +0    5596   
converter_core_inst/U_ACC_11i16_1o30_ea07b6b36d791f99515b0bc835b3a57115b_rg/add_211_59/p12186A/S                             FA_X1           1    2.1   12  +113    5710 R 
converter_core_inst/U_ACC_11i16_1o30_ea07b6b36d791f99515b0bc835b3a57115b_rg/add_211_59/Fp12262A/A                                                             +0    5710   
converter_core_inst/U_ACC_11i16_1o30_ea07b6b36d791f99515b0bc835b3a57115b_rg/add_211_59/Fp12262A/ZN                           INV_X1          1    4.0    7   +12    5722 F 
converter_core_inst/U_ACC_11i16_1o30_ea07b6b36d791f99515b0bc835b3a57115b_rg/add_211_59/Z[5] 
converter_core_inst/U_ACC_11i16_1o30_ea07b6b36d791f99515b0bc835b3a57115b_rg/add_217_55/B[3] 
converter_core_inst/U_ACC_11i16_1o30_ea07b6b36d791f99515b0bc835b3a57115b_rg/add_217_55/p12261A/A                                                              +0    5722   
converter_core_inst/U_ACC_11i16_1o30_ea07b6b36d791f99515b0bc835b3a57115b_rg/add_217_55/p12261A/CO                            FA_X1           1    3.1   15   +76    5797 F 
converter_core_inst/U_ACC_11i16_1o30_ea07b6b36d791f99515b0bc835b3a57115b_rg/add_217_55/p12300A/CI                                                             +0    5797   
converter_core_inst/U_ACC_11i16_1o30_ea07b6b36d791f99515b0bc835b3a57115b_rg/add_217_55/p12300A/CO                            FA_X1           1    3.1   15   +72    5870 F 
converter_core_inst/U_ACC_11i16_1o30_ea07b6b36d791f99515b0bc835b3a57115b_rg/add_217_55/p12333A/CI                                                             +0    5870   
converter_core_inst/U_ACC_11i16_1o30_ea07b6b36d791f99515b0bc835b3a57115b_rg/add_217_55/p12333A/CO                            FA_X1           1    3.1   15   +72    5942 F 
converter_core_inst/U_ACC_11i16_1o30_ea07b6b36d791f99515b0bc835b3a57115b_rg/add_217_55/p12371A/CI                                                             +0    5942   
converter_core_inst/U_ACC_11i16_1o30_ea07b6b36d791f99515b0bc835b3a57115b_rg/add_217_55/p12371A/CO                            FA_X1           1    3.1   15   +72    6015 F 
converter_core_inst/U_ACC_11i16_1o30_ea07b6b36d791f99515b0bc835b3a57115b_rg/add_217_55/p12406A/CI                                                             +0    6015   
converter_core_inst/U_ACC_11i16_1o30_ea07b6b36d791f99515b0bc835b3a57115b_rg/add_217_55/p12406A/S                             FA_X1           1    3.2   14  +116    6131 R 
converter_core_inst/U_ACC_11i16_1o30_ea07b6b36d791f99515b0bc835b3a57115b_rg/add_217_55/Z[7] 
converter_core_inst/U_ACC_11i16_1o30_ea07b6b36d791f99515b0bc835b3a57115b_rg/csa_tree_add_221_43_groupi/in_1[3] 
converter_core_inst/U_ACC_11i16_1o30_ea07b6b36d791f99515b0bc835b3a57115b_rg/csa_tree_add_221_43_groupi/p12476A/CI                                             +0    6131   
converter_core_inst/U_ACC_11i16_1o30_ea07b6b36d791f99515b0bc835b3a57115b_rg/csa_tree_add_221_43_groupi/p12476A/S             FA_X1           1    4.0   18   +96    6227 F 
converter_core_inst/U_ACC_11i16_1o30_ea07b6b36d791f99515b0bc835b3a57115b_rg/csa_tree_add_221_43_groupi/p12489A/A                                              +0    6227   
converter_core_inst/U_ACC_11i16_1o30_ea07b6b36d791f99515b0bc835b3a57115b_rg/csa_tree_add_221_43_groupi/p12489A/CO            FA_X1           1    3.1   15   +79    6306 F 
converter_core_inst/U_ACC_11i16_1o30_ea07b6b36d791f99515b0bc835b3a57115b_rg/csa_tree_add_221_43_groupi/p12524A/CI                                             +0    6306   
converter_core_inst/U_ACC_11i16_1o30_ea07b6b36d791f99515b0bc835b3a57115b_rg/csa_tree_add_221_43_groupi/p12524A/CO            FA_X1           1    3.1   15   +72    6379 F 
converter_core_inst/U_ACC_11i16_1o30_ea07b6b36d791f99515b0bc835b3a57115b_rg/csa_tree_add_221_43_groupi/p12565A/CI                                             +0    6379   
converter_core_inst/U_ACC_11i16_1o30_ea07b6b36d791f99515b0bc835b3a57115b_rg/csa_tree_add_221_43_groupi/p12565A/CO            FA_X1           1    3.1   15   +72    6451 F 
converter_core_inst/U_ACC_11i16_1o30_ea07b6b36d791f99515b0bc835b3a57115b_rg/csa_tree_add_221_43_groupi/p12596A/CI                                             +0    6451   
converter_core_inst/U_ACC_11i16_1o30_ea07b6b36d791f99515b0bc835b3a57115b_rg/csa_tree_add_221_43_groupi/p12596A/CO            FA_X1           1    3.1   15   +72    6524 F 
converter_core_inst/U_ACC_11i16_1o30_ea07b6b36d791f99515b0bc835b3a57115b_rg/csa_tree_add_221_43_groupi/p12641A/CI                                             +0    6524   
converter_core_inst/U_ACC_11i16_1o30_ea07b6b36d791f99515b0bc835b3a57115b_rg/csa_tree_add_221_43_groupi/p12641A/CO            FA_X1           1    3.1   15   +72    6596 F 
converter_core_inst/U_ACC_11i16_1o30_ea07b6b36d791f99515b0bc835b3a57115b_rg/csa_tree_add_221_43_groupi/p12680A/CI                                             +0    6596   
converter_core_inst/U_ACC_11i16_1o30_ea07b6b36d791f99515b0bc835b3a57115b_rg/csa_tree_add_221_43_groupi/p12680A/CO            FA_X1           1    3.1   15   +72    6669 F 
converter_core_inst/U_ACC_11i16_1o30_ea07b6b36d791f99515b0bc835b3a57115b_rg/csa_tree_add_221_43_groupi/p12722A/CI                                             +0    6669   
converter_core_inst/U_ACC_11i16_1o30_ea07b6b36d791f99515b0bc835b3a57115b_rg/csa_tree_add_221_43_groupi/p12722A/CO            FA_X1           1    3.1   15   +72    6741 F 
converter_core_inst/U_ACC_11i16_1o30_ea07b6b36d791f99515b0bc835b3a57115b_rg/csa_tree_add_221_43_groupi/p12753A/CI                                             +0    6741   
converter_core_inst/U_ACC_11i16_1o30_ea07b6b36d791f99515b0bc835b3a57115b_rg/csa_tree_add_221_43_groupi/p12753A/S             FA_X1           1    2.1   12  +113    6854 R 
converter_core_inst/U_ACC_11i16_1o30_ea07b6b36d791f99515b0bc835b3a57115b_rg/csa_tree_add_221_43_groupi/out_0[10] 
converter_core_inst/U_ACC_11i16_1o30_ea07b6b36d791f99515b0bc835b3a57115b_rg/csa_tree_add_227_21_groupi/in_0[24] 
converter_core_inst/U_ACC_11i16_1o30_ea07b6b36d791f99515b0bc835b3a57115b_rg/csa_tree_add_227_21_groupi/Fp12826A/A                                             +0    6854   
converter_core_inst/U_ACC_11i16_1o30_ea07b6b36d791f99515b0bc835b3a57115b_rg/csa_tree_add_227_21_groupi/Fp12826A/ZN           INV_X1          1    3.1    6   +10    6864 F 
converter_core_inst/U_ACC_11i16_1o30_ea07b6b36d791f99515b0bc835b3a57115b_rg/csa_tree_add_227_21_groupi/p12826A/CI                                             +0    6864   
converter_core_inst/U_ACC_11i16_1o30_ea07b6b36d791f99515b0bc835b3a57115b_rg/csa_tree_add_227_21_groupi/p12826A/CO            FA_X1           1    3.1   15   +69    6934 F 
converter_core_inst/U_ACC_11i16_1o30_ea07b6b36d791f99515b0bc835b3a57115b_rg/csa_tree_add_227_21_groupi/p12834A/CI                                             +0    6934   
converter_core_inst/U_ACC_11i16_1o30_ea07b6b36d791f99515b0bc835b3a57115b_rg/csa_tree_add_227_21_groupi/p12834A/S             FA_X1           1    4.0   18   +94    7027 F 
converter_core_inst/U_ACC_11i16_1o30_ea07b6b36d791f99515b0bc835b3a57115b_rg/csa_tree_add_227_21_groupi/p12892A/A                                              +0    7027   
converter_core_inst/U_ACC_11i16_1o30_ea07b6b36d791f99515b0bc835b3a57115b_rg/csa_tree_add_227_21_groupi/p12892A/S             FA_X1           1    2.1   12  +116    7144 R 
converter_core_inst/U_ACC_11i16_1o30_ea07b6b36d791f99515b0bc835b3a57115b_rg/csa_tree_add_227_21_groupi/Fp12922A/A                                             +0    7144   
converter_core_inst/U_ACC_11i16_1o30_ea07b6b36d791f99515b0bc835b3a57115b_rg/csa_tree_add_227_21_groupi/Fp12922A/ZN           INV_X1          1    4.0    7   +12    7155 F 
converter_core_inst/U_ACC_11i16_1o30_ea07b6b36d791f99515b0bc835b3a57115b_rg/csa_tree_add_227_21_groupi/p12930A/A                                              +0    7156   
converter_core_inst/U_ACC_11i16_1o30_ea07b6b36d791f99515b0bc835b3a57115b_rg/csa_tree_add_227_21_groupi/p12930A/CO            FA_X1           1    3.1   15   +76    7231 F 
converter_core_inst/U_ACC_11i16_1o30_ea07b6b36d791f99515b0bc835b3a57115b_rg/csa_tree_add_227_21_groupi/p12967A/CI                                             +0    7231   
converter_core_inst/U_ACC_11i16_1o30_ea07b6b36d791f99515b0bc835b3a57115b_rg/csa_tree_add_227_21_groupi/p12967A/CO            FA_X1           1    3.1   15   +72    7304 F 
converter_core_inst/U_ACC_11i16_1o30_ea07b6b36d791f99515b0bc835b3a57115b_rg/csa_tree_add_227_21_groupi/p13003A/CI                                             +0    7304   
converter_core_inst/U_ACC_11i16_1o30_ea07b6b36d791f99515b0bc835b3a57115b_rg/csa_tree_add_227_21_groupi/p13003A/CO            FA_X1           1    3.1   15   +72    7376 F 
converter_core_inst/U_ACC_11i16_1o30_ea07b6b36d791f99515b0bc835b3a57115b_rg/csa_tree_add_227_21_groupi/p13035A/CI                                             +0    7376   
converter_core_inst/U_ACC_11i16_1o30_ea07b6b36d791f99515b0bc835b3a57115b_rg/csa_tree_add_227_21_groupi/p13035A/CO            FA_X1           1    2.6   14   +71    7447 F 
converter_core_inst/U_ACC_11i16_1o30_ea07b6b36d791f99515b0bc835b3a57115b_rg/csa_tree_add_227_21_groupi/p13066A/A                                              +0    7447   
converter_core_inst/U_ACC_11i16_1o30_ea07b6b36d791f99515b0bc835b3a57115b_rg/csa_tree_add_227_21_groupi/p13066A/Z             XOR2_X1         7   14.9   83   +96    7543 R 
converter_core_inst/U_ACC_11i16_1o30_ea07b6b36d791f99515b0bc835b3a57115b_rg/csa_tree_add_227_21_groupi/out_0[29] 
converter_core_inst/U_ACC_11i16_1o30_ea07b6b36d791f99515b0bc835b3a57115b_rg/O_1[29] 
converter_core_inst/U_ROM_1i5_1o5_4c72dd4f6b8d8bbf79a484d3d6a6237e2e_rg/I_1[4] 
converter_core_inst/U_ROM_1i5_1o5_4c72dd4f6b8d8bbf79a484d3d6a6237e2e_rg/p13088A/A                                                                             +0    7543   
converter_core_inst/U_ROM_1i5_1o5_4c72dd4f6b8d8bbf79a484d3d6a6237e2e_rg/p13088A/S                                            HA_X1           2    4.0   33   +68    7611 R 
converter_core_inst/U_ROM_1i5_1o5_4c72dd4f6b8d8bbf79a484d3d6a6237e2e_rg/p13146A/B1                                                                            +0    7611   
converter_core_inst/U_ROM_1i5_1o5_4c72dd4f6b8d8bbf79a484d3d6a6237e2e_rg/p13146A/ZN                                           AOI21_X1        1    1.9   13   +20    7630 F 
converter_core_inst/U_ROM_1i5_1o5_4c72dd4f6b8d8bbf79a484d3d6a6237e2e_rg/p13147A/A                                                                             +0    7630   
converter_core_inst/U_ROM_1i5_1o5_4c72dd4f6b8d8bbf79a484d3d6a6237e2e_rg/p13147A/ZN                                           AOI221_X1       1    2.0   44   +74    7704 R 
converter_core_inst/U_ROM_1i5_1o5_4c72dd4f6b8d8bbf79a484d3d6a6237e2e_rg/p13135A/A                                                                             +0    7704   
converter_core_inst/U_ROM_1i5_1o5_4c72dd4f6b8d8bbf79a484d3d6a6237e2e_rg/p13135A/ZN                                           OAI221_X1       3    6.6   30   +57    7761 F 
converter_core_inst/U_ROM_1i5_1o5_4c72dd4f6b8d8bbf79a484d3d6a6237e2e_rg/O_1[2] 
converter_core_inst/p13472A/A1                                                                                                                                +0    7761   
converter_core_inst/p13472A/ZN                                                                                               AND2_X1         2    2.8    8   +41    7802 F 
converter_core_inst/p13518A/A1                                                                                                                                +0    7802   
converter_core_inst/p13518A/ZN                                                                                               NOR2_X1         1    1.3   14   +20    7822 R 
converter_core_inst/p13521A/A                                                                                                                                 +0    7822   
converter_core_inst/p13521A/Z                                                                                                MUX2_X1         1    2.1   12   +39    7861 R 
converter_core_inst/p13533D/A1                                                                                                                                +0    7861   
converter_core_inst/p13533D/ZN                                                                                               AND2_X2        62  117.7  138  +169    8030 R 
converter_core_inst/REDUCE_LOOP_1_rshift_rg/s[0] 
converter_core_inst/REDUCE_LOOP_1_rshift_rg/fshr_u_137_19:sra_154_27/SH[0] 
converter_core_inst/REDUCE_LOOP_1_rshift_rg/fshr_u_137_19:sra_154_27/drc_bufs1491/A                                                                           +0    8030   
converter_core_inst/REDUCE_LOOP_1_rshift_rg/fshr_u_137_19:sra_154_27/drc_bufs1491/ZN                                         INV_X1         11   20.8   49   +64    8094 F 
converter_core_inst/REDUCE_LOOP_1_rshift_rg/fshr_u_137_19:sra_154_27/drc_bufs1490/A                                                                           +0    8094   
converter_core_inst/REDUCE_LOOP_1_rshift_rg/fshr_u_137_19:sra_154_27/drc_bufs1490/ZN                                         INV_X1          2    4.0   20   +35    8129 R 
converter_core_inst/REDUCE_LOOP_1_rshift_rg/fshr_u_137_19:sra_154_27/p13785A1474/A2                                                                           +0    8129   
converter_core_inst/REDUCE_LOOP_1_rshift_rg/fshr_u_137_19:sra_154_27/p13785A1474/ZN                                          NOR2_X1         6   10.5   22   +26    8155 F 
converter_core_inst/REDUCE_LOOP_1_rshift_rg/fshr_u_137_19:sra_154_27/p13792A/C1                                                                               +0    8155   
converter_core_inst/REDUCE_LOOP_1_rshift_rg/fshr_u_137_19:sra_154_27/p13792A/ZN                                              AOI222_X1       2    3.1   57  +100    8255 R 
converter_core_inst/REDUCE_LOOP_1_rshift_rg/fshr_u_137_19:sra_154_27/p13825A1462/B                                                                            +0    8255   
converter_core_inst/REDUCE_LOOP_1_rshift_rg/fshr_u_137_19:sra_154_27/p13825A1462/Z                                           MUX2_X1         2    3.8   14   +53    8309 R 
converter_core_inst/REDUCE_LOOP_1_rshift_rg/fshr_u_137_19:sra_154_27/p13833A/A1                                                                               +0    8309   
converter_core_inst/REDUCE_LOOP_1_rshift_rg/fshr_u_137_19:sra_154_27/p13833A/ZN                                              OAI222_X1       1    1.3   21   +26    8335 F 
converter_core_inst/REDUCE_LOOP_1_rshift_rg/fshr_u_137_19:sra_154_27/Z[3] 
converter_core_inst/REDUCE_LOOP_1_rshift_rg/z[3] 
converter_core_inst/p13842A2383/A                                                                                                                             +0    8335   
converter_core_inst/p13842A2383/Z                                                                                            MUX2_X1         1    1.3   12   +62    8397 F 
converter_core_inst/p13874A2246/A1                                                                                                                            +0    8397   
converter_core_inst/p13874A2246/ZN                                                                                           AND2_X1         1    1.5    8   +30    8427 F 
converter_core_inst/output_rsci_idat_7_0_reg[3]/D                                                                            DFF_X1                           +0    8427   
converter_core_inst/output_rsci_idat_7_0_reg[3]/CK                                                                           setup                       0   +40    8466 R 
- - - - - - - - - - - - - - - - - - - - - - - - - - - - - - - - - - - - - - - - - - - - - - - - - - - - - - - - - - - - - - - - - - - - - - - - - - - - - - - - - - - - - -
(clock clk)                                                                                                                  capture                               25000 R 
---------------------------------------------------------------------------------------------------------------------------------------------------------------------------
Cost Group   : 'C2C' (path_group 'C2C')
Timing slack :   16534ps 
Start-point  : converter_core_inst/converter_core_input_rsci_inst/converter_core_input_rsci_input_rsc_wait_dp_inst/input_rsci_bcwt_reg/CK
End-point    : converter_core_inst/output_rsci_idat_7_0_reg[3]/D
