============================================================
  Generated by:           Genus(TM) Synthesis Solution 18.14-s037_1
  Generated on:           Feb 25 2020  11:09:01 pm
  Module:                 econV0
  Technology library:     NangateOpenCellLibrary revision 1.0
  Operating conditions:   typical (balanced_tree)
  Wireload mode:          enclosed
  Area mode:              timing library
============================================================

Timing
--------

     Clock      Period 
-----------------------
clk            25000.0 
virtual_io_clk 20000.0 


     Cost        Critical         Violating 
     Group      Path Slack  TNS     Paths   
--------------------------------------------
clk                13864.5   0.0          0 
default           No paths   0.0            
virtual_io_clk    No paths   0.0            
--------------------------------------------
Total                        0.0          0 

Instance Count
--------------
Leaf Instance Count             3364840 
Physical Instance count               0 
Sequential Instance Count         29408 
Combinational Instance Count    3335432 
Hierarchical Instance Count        1423 

Area
----
Cell Area                          5481083.300
Physical Cell Area                 0.000
Total Cell Area (Cell+Physical)    5481083.300
Net Area                           0.000
Total Area (Cell+Physical+Net)     5481083.300

Runtime                            1868.532643 seconds
Elapsed Runtime                    3052 seconds
Genus peak memory usage            6841.03 
Innovus peak memory usage          no_value 
Hostname                           batgirl.ece.northwestern.edu
