============================================================
  Generated by:           Genus(TM) Synthesis Solution 18.14-s037_1
  Generated on:           Feb 26 2020  12:40:13 am
  Module:                 econV0
  Technology library:     NangateOpenCellLibrary revision 1.0
  Operating conditions:   typical (balanced_tree)
  Wireload mode:          enclosed
  Area mode:              timing library
============================================================

                                     Leakage    
   Gate    Instances     Area       Power (nW)           Library          
--------------------------------------------------------------------------
AND2_X1         8593     9142.952    215614.911    NangateOpenCellLibrary 
AND2_X4            3        7.182       279.952    NangateOpenCellLibrary 
AND3_X1          134      178.220      3973.030    NangateOpenCellLibrary 
AND4_X1          404      644.784     10852.179    NangateOpenCellLibrary 
AOI211_X1       1148     1526.840     42247.929    NangateOpenCellLibrary 
AOI21_X1        8948     9520.672    227659.564    NangateOpenCellLibrary 
AOI221_X1      51288    81855.648   1490234.524    NangateOpenCellLibrary 
AOI222_X1       5048    10742.144    150517.549    NangateOpenCellLibrary 
AOI22_X1      117438   156192.540   3644941.935    NangateOpenCellLibrary 
BUF_X1           726      579.348     15155.420    NangateOpenCellLibrary 
BUF_X16           33      219.450     11828.108    NangateOpenCellLibrary 
BUF_X2         20822    22154.608    898556.468    NangateOpenCellLibrary 
BUF_X32           22      286.748     15770.648    NangateOpenCellLibrary 
BUF_X4          2531     4712.722    218628.471    NangateOpenCellLibrary 
BUF_X8           171      591.318     29611.463    NangateOpenCellLibrary 
CLKBUF_X1       1090      869.820     12026.382    NangateOpenCellLibrary 
CLKBUF_X2          2        2.128        39.872    NangateOpenCellLibrary 
CLKBUF_X3          3        3.990        92.047    NangateOpenCellLibrary 
DFF_X1         29371   132815.662   2310817.259    NangateOpenCellLibrary 
DFF_X2            37      186.998      4163.901    NangateOpenCellLibrary 
FA_X1         164889   701767.584  11788252.373    NangateOpenCellLibrary 
HA_X1            305      811.300     17758.693    NangateOpenCellLibrary 
INV_X1        244526   130087.832   3499563.261    NangateOpenCellLibrary 
INV_X16            3       13.566       689.131    NangateOpenCellLibrary 
INV_X2          1063      848.274     30715.002    NangateOpenCellLibrary 
INV_X32            3       26.334      1553.223    NangateOpenCellLibrary 
INV_X4           344      457.520     23470.007    NangateOpenCellLibrary 
INV_X8            11       26.334      1273.455    NangateOpenCellLibrary 
MUX2_X1        23427    43621.074    794307.551    NangateOpenCellLibrary 
MUX2_X2         3285     7864.290    216615.728    NangateOpenCellLibrary 
NAND2_X1       18713    14932.974    337249.715    NangateOpenCellLibrary 
NAND3_X1        2999     3190.936     61425.129    NangateOpenCellLibrary 
NAND4_X1        1940     2580.200     37243.798    NangateOpenCellLibrary 
NOR2_X1        49693    39655.014   1082922.923    NangateOpenCellLibrary 
NOR2_X2          461      613.130     19845.190    NangateOpenCellLibrary 
NOR3_X1         1715     1824.760     43886.900    NangateOpenCellLibrary 
NOR3_X2            1        1.862        57.210    NangateOpenCellLibrary 
NOR4_X1          357      474.810     10573.454    NangateOpenCellLibrary 
OAI211_X1       5171     6877.430    162834.187    NangateOpenCellLibrary 
OAI21_X1       18482    19664.848    450732.437    NangateOpenCellLibrary 
OAI21_X2           1        1.862        51.151    NangateOpenCellLibrary 
OAI221_X1       7266    11596.536    339682.108    NangateOpenCellLibrary 
OAI222_X1        172      366.016     11692.688    NangateOpenCellLibrary 
OAI22_X1      152697   203087.010   5820650.069    NangateOpenCellLibrary 
OAI33_X1        2725     5073.950    132727.819    NangateOpenCellLibrary 
OR2_X1          1988     2115.232     46802.603    NangateOpenCellLibrary 
OR2_X2            12       15.960       588.453    NangateOpenCellLibrary 
OR2_X4             1        2.394       100.829    NangateOpenCellLibrary 
OR3_X1          1273     1693.090     32644.798    NangateOpenCellLibrary 
OR4_X1          1932     3083.472     51395.151    NangateOpenCellLibrary 
XNOR2_X1       85121   135853.116   3063067.923    NangateOpenCellLibrary 
XNOR2_X2         535     1423.100     39359.821    NangateOpenCellLibrary 
XOR2_X1        10058    16052.568    371462.143    NangateOpenCellLibrary 
--------------------------------------------------------------------------
total        1048981  1787938.152  37794206.537                           


                                               Leakage   Leakage 
     Type      Instances     Area    Area %  Power (nW)  Power % 
-----------------------------------------------------------------
sequential         29408  133002.660    7.4  2314981.161     6.1 
inverter          245950  131459.860    7.4  3557264.079     9.4 
buffer             25400   29420.132    1.6  1201708.879     3.2 
logic             748223 1494055.500   83.6 30720252.418    81.3 
physical_cells         0       0.000    0.0        0.000     0.0 
-----------------------------------------------------------------
total            1048981 1787938.152  100.0 37794206.537   100.0 

