============================================================
  Generated by:           Genus(TM) Synthesis Solution 18.14-s037_1
  Generated on:           Feb 26 2020  12:38:35 am
  Module:                 econV0
  Technology library:     NangateOpenCellLibrary revision 1.0
  Operating conditions:   typical (balanced_tree)
  Wireload mode:          enclosed
  Area mode:              timing library
============================================================

Timing
--------

     Clock      Period 
-----------------------
clk            25000.0 
virtual_io_clk 20000.0 


     Cost        Critical         Violating 
     Group      Path Slack  TNS     Paths   
--------------------------------------------
clk                17008.0   0.0          0 
default           No paths   0.0            
virtual_io_clk    No paths   0.0            
--------------------------------------------
Total                        0.0          0 

Instance Count
--------------
Leaf Instance Count             1048981 
Physical Instance count               0 
Sequential Instance Count         29408 
Combinational Instance Count    1019573 
Hierarchical Instance Count           3 

Area
----
Cell Area                          1787938.152
Physical Cell Area                 0.000
Total Cell Area (Cell+Physical)    1787938.152
Net Area                           0.000
Total Area (Cell+Physical+Net)     1787938.152

Runtime                            5921.34535 seconds
Elapsed Runtime                    8356 seconds
Genus peak memory usage            7704.69 
Innovus peak memory usage          no_value 
Hostname                           batgirl.ece.northwestern.edu
