============================================================
  Generated by:           Genus(TM) Synthesis Solution 18.14-s037_1
  Generated on:           Feb 26 2020  12:57:05 am
  Module:                 econV0
  Technology library:     NangateOpenCellLibrary revision 1.0
  Operating conditions:   typical (balanced_tree)
  Wireload mode:          enclosed
  Area mode:              timing library
============================================================

                                     Leakage    
   Gate    Instances     Area       Power (nW)           Library          
--------------------------------------------------------------------------
AND2_X1         8671     9225.944    217612.473    NangateOpenCellLibrary 
AND2_X2            2        2.660        99.866    NangateOpenCellLibrary 
AND2_X4            3        7.182       279.952    NangateOpenCellLibrary 
AND3_X1           92      122.360      2545.407    NangateOpenCellLibrary 
AND4_X1          404      644.784     10852.179    NangateOpenCellLibrary 
AOI211_X1        873     1161.090     30756.307    NangateOpenCellLibrary 
AOI21_X1       10158    10808.112    270619.967    NangateOpenCellLibrary 
AOI221_X1      51288    81855.648   1490234.524    NangateOpenCellLibrary 
AOI222_X1       4920    10469.760    146835.694    NangateOpenCellLibrary 
AOI22_X1      117233   155919.890   3640783.429    NangateOpenCellLibrary 
BUF_X1         27941    22296.918    599323.800    NangateOpenCellLibrary 
BUF_X16            3       19.950      1077.278    NangateOpenCellLibrary 
BUF_X2           296      314.944     12814.283    NangateOpenCellLibrary 
BUF_X32            1       13.034       688.799    NangateOpenCellLibrary 
BUF_X4           117      217.854     10034.592    NangateOpenCellLibrary 
BUF_X8             9       31.122      1613.529    NangateOpenCellLibrary 
CLKBUF_X1        693      553.014      7588.026    NangateOpenCellLibrary 
CLKBUF_X2          8        8.512       185.630    NangateOpenCellLibrary 
CLKBUF_X3         38       50.540      1279.746    NangateOpenCellLibrary 
DFF_X1         28577   129225.194   2248544.725    NangateOpenCellLibrary 
DFF_X2           831     4199.874     94009.104    NangateOpenCellLibrary 
FA_X1         164889   701767.584  11788252.373    NangateOpenCellLibrary 
HA_X1            305      811.300     17758.693    NangateOpenCellLibrary 
INV_X1        261991   139379.212   3757556.949    NangateOpenCellLibrary 
INV_X16            2        9.044       459.303    NangateOpenCellLibrary 
INV_X2           189      150.822      5795.562    NangateOpenCellLibrary 
INV_X4           525      698.250     33326.331    NangateOpenCellLibrary 
INV_X8            11       26.334      1239.353    NangateOpenCellLibrary 
MUX2_X1        23511    43777.482    800427.103    NangateOpenCellLibrary 
MUX2_X2         3343     8003.142    220690.034    NangateOpenCellLibrary 
NAND2_X1       18599    14842.002    335801.501    NangateOpenCellLibrary 
NAND2_X4           2        4.788       224.967    NangateOpenCellLibrary 
NAND3_X1        3094     3292.016     63091.681    NangateOpenCellLibrary 
NAND4_X1        1855     2467.150     34413.144    NangateOpenCellLibrary 
NOR2_X1        49780    39724.440   1084769.326    NangateOpenCellLibrary 
NOR2_X2          445      591.850     19116.418    NangateOpenCellLibrary 
NOR3_X1         2206     2347.184     57052.986    NangateOpenCellLibrary 
NOR3_X2            1        1.862        57.210    NangateOpenCellLibrary 
NOR4_X1          141      187.530      4478.441    NangateOpenCellLibrary 
OAI211_X1       5160     6862.800    162686.451    NangateOpenCellLibrary 
OAI21_X1       18795    19997.880    456541.123    NangateOpenCellLibrary 
OAI21_X2           1        1.862        51.151    NangateOpenCellLibrary 
OAI221_X1       7243    11559.828    338425.245    NangateOpenCellLibrary 
OAI222_X1        152      323.456     10335.510    NangateOpenCellLibrary 
OAI22_X1      151496   201489.680   5770060.722    NangateOpenCellLibrary 
OAI33_X1        2725     5073.950    132727.819    NangateOpenCellLibrary 
OR2_X1          2153     2290.792     50912.554    NangateOpenCellLibrary 
OR2_X2             2        2.660        95.253    NangateOpenCellLibrary 
OR2_X4            29       69.426      2847.698    NangateOpenCellLibrary 
OR3_X1          1057     1405.810     26448.462    NangateOpenCellLibrary 
OR4_X1          1932     3083.472     51395.151    NangateOpenCellLibrary 
XNOR2_X1       85159   135913.764   3064456.982    NangateOpenCellLibrary 
XNOR2_X2         497     1322.020     36573.391    NangateOpenCellLibrary 
XOR2_X1        10058    16052.568    371462.143    NangateOpenCellLibrary 
--------------------------------------------------------------------------
total        1069506  1790680.346  37487310.341                           


                                               Leakage   Leakage 
     Type      Instances     Area    Area %  Power (nW)  Power % 
-----------------------------------------------------------------
sequential         29408  133425.068    7.5  2342553.829     6.2 
inverter          262718  140263.662    7.8  3798377.498    10.1 
buffer             29106   23505.888    1.3   634605.683     1.7 
logic             748274 1493485.728   83.4 30711773.331    81.9 
physical_cells         0       0.000    0.0        0.000     0.0 
-----------------------------------------------------------------
total            1069506 1790680.346  100.0 37487310.341   100.0 

