==============================================================
Vivado(TM) HLS - High-Level Synthesis from C, C++ and SystemC v2019.1 (64-bit)
Copyright 1986-2019 Xilinx, Inc. All Rights Reserved.
==============================================================
INFO: [XFORM 203-101] Allowed max sub elements number after partition is 4096.
INFO: [HLS 200-10] Setting target device to 'xcku115-flvb2104-2-i'
INFO: [SYN 201-201] Setting up clock 'default' with a period of 5ns.
INFO: [SIM 211-2] *************** CSIM start ***************
INFO: [SIM 211-4] CSIM will launch GCC as the compiler.
INFO: [SIM 211-1] CSim done with 0 errors.
INFO: [SIM 211-3] *************** CSIM finish ***************
INFO: [SCHED 204-61] Option 'relax_ii_for_timing' is enabled, will increase II to preserve clock frequency constraints.
INFO: [HLS 200-10] Analyzing design file 'firmware/econV1.cpp' ... 
WARNING: [HLS 214-114] Since the only kind of statements allowed in a dataflow region are variable declarations and function calls, the compiler may not be able to correctly handle the region: firmware/nnet_utils/nnet_dense.h:158:9
WARNING: [HLS 214-104] Only for-loops and functions support the dataflow: firmware/nnet_utils/nnet_dense.h:171:9
WARNING: [HLS 214-104] Only for-loops and functions support the dataflow: firmware/nnet_utils/nnet_batchnorm.h:76:9
WARNING: [HLS 214-114] Since the only kind of statements allowed in a dataflow region are variable declarations and function calls, the compiler may not be able to correctly handle the region: firmware/econV1.cpp:44:2
WARNING: [HLS 200-471] Dataflow form checks found 4 issue(s) in file firmware/econV1.cpp
INFO: [HLS 200-111] Finished Linking Time (s): cpu = 00:00:37 ; elapsed = 00:01:02 . Memory (MB): peak = 916.441 ; gain = 128.000 ; free physical = 18082 ; free virtual = 26899
INFO: [HLS 200-111] Finished Checking Pragmas Time (s): cpu = 00:00:37 ; elapsed = 00:01:02 . Memory (MB): peak = 916.441 ; gain = 128.000 ; free physical = 18082 ; free virtual = 26899
INFO: [HLS 200-10] Starting code transformations ...
INFO: [HLS 200-111] Finished Standard Transforms Time (s): cpu = 00:00:47 ; elapsed = 00:01:13 . Memory (MB): peak = 985.039 ; gain = 196.598 ; free physical = 17992 ; free virtual = 26823
INFO: [HLS 200-10] Checking synthesizability ...
INFO: [XFORM 203-602] Inlining function '_ZN9fp_structIdEC2Ed8' into '_ZN9fp_structIdEC1Ed4' (/wrk/2019.1/continuous/2019_05_24_2552052/src/products/hls/hls_lib/src/hls/utils/x_hls_utils.h:479) automatically.
INFO: [XFORM 203-602] Inlining function 'fp_struct<double>::data' into 'fp_struct<double>::to_double' (/wrk/2019.1/continuous/2019_05_24_2552052/src/products/hls/hls_lib/src/hls/utils/x_hls_utils.h:512) automatically.
INFO: [XFORM 203-602] Inlining function 'fp_struct<double>::to_double' into 'fp_struct<double>::to_ieee' (/wrk/2019.1/continuous/2019_05_24_2552052/src/products/hls/hls_lib/src/hls/utils/x_hls_utils.h:526) automatically.
INFO: [XFORM 203-602] Inlining function '_ZN9fp_structIdEC1Ed4' into 'generic_copysign<double>' (/wrk/2019.1/continuous/2019_05_24_2552052/src/products/hls/hls_lib/hlsmath/include/FloatingPoint/hls_copysign.h:12) automatically.
INFO: [XFORM 203-602] Inlining function 'fp_struct<double>::to_ieee' into 'generic_copysign<double>' (/wrk/2019.1/continuous/2019_05_24_2552052/src/products/hls/hls_lib/hlsmath/include/FloatingPoint/hls_copysign.h:14) automatically.
INFO: [XFORM 203-602] Inlining function '_ZN9fp_structIdEC1Ed4' into 'generic_ceil<double>' (/wrk/2019.1/continuous/2019_05_24_2552052/src/products/hls/hls_lib/hlsmath/include/FloatingPoint/hls_ceil.h:18) automatically.
INFO: [XFORM 203-602] Inlining function '_ZNK9fp_structIdE9__signbitEv6' into 'generic_ceil<double>' (/wrk/2019.1/continuous/2019_05_24_2552052/src/products/hls/hls_lib/hlsmath/include/FloatingPoint/hls_ceil.h:21) automatically.
INFO: [XFORM 203-602] Inlining function 'generic_copysign<double>' into 'generic_ceil<double>' (/wrk/2019.1/continuous/2019_05_24_2552052/src/products/hls/hls_lib/hlsmath/include/FloatingPoint/hls_ceil.h:24) automatically.
INFO: [XFORM 203-602] Inlining function 'fp_struct<double>::data' into 'generic_ceil<double>' (/wrk/2019.1/continuous/2019_05_24_2552052/src/products/hls/hls_lib/hlsmath/include/FloatingPoint/hls_ceil.h:38) automatically.
INFO: [XFORM 203-602] Inlining function 'fp_struct<double>::to_ieee' into 'generic_ceil<double>' (/wrk/2019.1/continuous/2019_05_24_2552052/src/products/hls/hls_lib/hlsmath/include/FloatingPoint/hls_ceil.h:42) automatically.
INFO: [XFORM 203-602] Inlining function 'fp_struct<double>::mantissa' into 'generic_cast_IEEE754<int, (ap_q_mode)6, double>' (/wrk/2019.1/continuous/2019_05_24_2552052/src/products/hls/hls_lib/hlsmath/include/FloatingPoint/hls_case_IEEE754.h:15) automatically.
INFO: [XFORM 203-602] Inlining function 'fp_struct<double>::expv' into 'generic_cast_IEEE754<int, (ap_q_mode)6, double>' (/wrk/2019.1/continuous/2019_05_24_2552052/src/products/hls/hls_lib/hlsmath/include/FloatingPoint/hls_case_IEEE754.h:18) automatically.
INFO: [XFORM 203-602] Inlining function 'fp_struct<double>::__signbit' into 'generic_cast_IEEE754<int, (ap_q_mode)6, double>' (/wrk/2019.1/continuous/2019_05_24_2552052/src/products/hls/hls_lib/hlsmath/include/FloatingPoint/hls_case_IEEE754.h:59) automatically.
INFO: [XFORM 203-602] Inlining function 'generic_cast_IEEE754<int, (ap_q_mode)6, double>' into 'generic_cast_IEEE754<int, double>' (/wrk/2019.1/continuous/2019_05_24_2552052/src/products/hls/hls_lib/hlsmath/include/FloatingPoint/hls_case_IEEE754.h:117) automatically.
INFO: [XFORM 203-602] Inlining function 'generic_cast_IEEE754<int, double>' into '__hls_fptosi_double_i32' (/wrk/2019.1/continuous/2019_05_24_2552052/src/products/hls/hls_lib/hlsmath/src/lib_floatconversion.cpp:55) automatically.
INFO: [XFORM 203-602] Inlining function 'ceil' into 'nnet::compute_multiplier_limit_conv2d<config2>' (firmware/nnet_utils/nnet_conv2d.h:97) automatically.
INFO: [XFORM 203-602] Inlining function '__hls_fptosi_double_i32' into 'nnet::compute_multiplier_limit_conv2d<config2>' (firmware/nnet_utils/nnet_conv2d.h:97) automatically.
INFO: [XFORM 203-602] Inlining function 'nnet::max<ap_fixed<18, 8, (ap_q_mode)5, (ap_o_mode)3, 0>, 4>' into 'nnet::pool_op<ap_fixed<18, 8, (ap_q_mode)5, (ap_o_mode)3, 0>, 4, (nnet::Pool_Op)0>' (firmware/nnet_utils/nnet_pooling.h:61) automatically.
INFO: [XFORM 203-602] Inlining function 'nnet::pool_op_limit<config4>' into 'nnet::pooling2d<ap_fixed<18, 8, (ap_q_mode)5, (ap_o_mode)3, 0>, config4>' (firmware/nnet_utils/nnet_pooling.h:140) automatically.
INFO: [XFORM 203-602] Inlining function 'nnet::pad_val<ap_fixed<18, 8, (ap_q_mode)5, (ap_o_mode)3, 0>, (nnet::Pool_Op)0>' into 'nnet::pooling2d<ap_fixed<18, 8, (ap_q_mode)5, (ap_o_mode)3, 0>, config4>' (firmware/nnet_utils/nnet_pooling.h:164) automatically.
INFO: [XFORM 203-602] Inlining function 'nnet::pool_op<ap_fixed<18, 8, (ap_q_mode)5, (ap_o_mode)3, 0>, 4, (nnet::Pool_Op)0>' into 'nnet::pooling2d<ap_fixed<18, 8, (ap_q_mode)5, (ap_o_mode)3, 0>, config4>' (firmware/nnet_utils/nnet_pooling.h:175) automatically.
INFO: [XFORM 203-602] Inlining function 'ceil' into 'nnet::compute_multiplier_limit_conv2d<config5>' (firmware/nnet_utils/nnet_conv2d.h:97) automatically.
INFO: [XFORM 203-602] Inlining function '__hls_fptosi_double_i32' into 'nnet::compute_multiplier_limit_conv2d<config5>' (firmware/nnet_utils/nnet_conv2d.h:97) automatically.
INFO: [XFORM 203-602] Inlining function 'nnet::pool_op_limit<config7>' into 'nnet::pooling2d<ap_fixed<18, 8, (ap_q_mode)5, (ap_o_mode)3, 0>, config7>' (firmware/nnet_utils/nnet_pooling.h:140) automatically.
INFO: [XFORM 203-602] Inlining function 'nnet::pad_val<ap_fixed<18, 8, (ap_q_mode)5, (ap_o_mode)3, 0>, (nnet::Pool_Op)0>' into 'nnet::pooling2d<ap_fixed<18, 8, (ap_q_mode)5, (ap_o_mode)3, 0>, config7>' (firmware/nnet_utils/nnet_pooling.h:164) automatically.
INFO: [XFORM 203-602] Inlining function 'nnet::pool_op<ap_fixed<18, 8, (ap_q_mode)5, (ap_o_mode)3, 0>, 4, (nnet::Pool_Op)0>' into 'nnet::pooling2d<ap_fixed<18, 8, (ap_q_mode)5, (ap_o_mode)3, 0>, config7>' (firmware/nnet_utils/nnet_pooling.h:175) automatically.
INFO: [XFORM 203-602] Inlining function 'ceil' into 'nnet::compute_multiplier_limit_conv2d<config8>' (firmware/nnet_utils/nnet_conv2d.h:97) automatically.
INFO: [XFORM 203-602] Inlining function '__hls_fptosi_double_i32' into 'nnet::compute_multiplier_limit_conv2d<config8>' (firmware/nnet_utils/nnet_conv2d.h:97) automatically.
