============================================================
  Generated by:           Encounter(R) RTL Compiler RC14.28 - v14.20-s067_1
  Generated on:           Feb 24 2020  05:21:53 pm
  Module:                 econV0
  Technology library:     NangateOpenCellLibrary revision 1.0
  Operating conditions:   typical 
  Interconnect mode:      global
  Area mode:              physical library
============================================================

                                 
   Gate    Instances     Area             Library          
-----------------------------------------------------------
AND2_X1         2250    2394.000    NangateOpenCellLibrary 
AND2_X4            2       4.788    NangateOpenCellLibrary 
AND3_X1           51      67.830    NangateOpenCellLibrary 
AND4_X1          106     169.176    NangateOpenCellLibrary 
AOI211_X1         43      57.190    NangateOpenCellLibrary 
AOI21_X1        1084    1153.376    NangateOpenCellLibrary 
AOI221_X1         35      55.860    NangateOpenCellLibrary 
AOI222_X1          7      14.896    NangateOpenCellLibrary 
AOI22_X1         946    1258.180    NangateOpenCellLibrary 
BUF_X1             1       0.798    NangateOpenCellLibrary 
BUF_X16            2      13.300    NangateOpenCellLibrary 
BUF_X8             1       3.458    NangateOpenCellLibrary 
CLKBUF_X1         25      19.950    NangateOpenCellLibrary 
CLKBUF_X2         11      11.704    NangateOpenCellLibrary 
CLKBUF_X3          2       2.660    NangateOpenCellLibrary 
DFFR_X1            1       5.320    NangateOpenCellLibrary 
DFF_X1          2055    9292.710    NangateOpenCellLibrary 
DFF_X2            23     116.242    NangateOpenCellLibrary 
FA_X1          55012  234131.072    NangateOpenCellLibrary 
HA_X1           5148   13693.680    NangateOpenCellLibrary 
INV_X1         35236   18745.552    NangateOpenCellLibrary 
INV_X16            4      18.088    NangateOpenCellLibrary 
INV_X2           696     555.408    NangateOpenCellLibrary 
INV_X32            1       8.778    NangateOpenCellLibrary 
INV_X4             1       1.330    NangateOpenCellLibrary 
INV_X8             1       2.394    NangateOpenCellLibrary 
MUX2_X1          949    1767.038    NangateOpenCellLibrary 
MUX2_X2          262     627.228    NangateOpenCellLibrary 
NAND2_X1        8538    6813.324    NangateOpenCellLibrary 
NAND2_X2           7       9.310    NangateOpenCellLibrary 
NAND2_X4         562    1345.428    NangateOpenCellLibrary 
NAND3_X1         163     173.432    NangateOpenCellLibrary 
NAND4_X1          83     110.390    NangateOpenCellLibrary 
NOR2_X1         1225     977.550    NangateOpenCellLibrary 
NOR2_X2           33      43.890    NangateOpenCellLibrary 
NOR2_X4            1       2.394    NangateOpenCellLibrary 
NOR3_X1           50      53.200    NangateOpenCellLibrary 
NOR4_X1           32      42.560    NangateOpenCellLibrary 
OAI211_X1       1019    1355.270    NangateOpenCellLibrary 
OAI21_X1        4629    4925.256    NangateOpenCellLibrary 
OAI21_X2           1       1.862    NangateOpenCellLibrary 
OAI221_X1        325     518.700    NangateOpenCellLibrary 
OAI222_X1         57     121.296    NangateOpenCellLibrary 
OAI22_X1         469     623.770    NangateOpenCellLibrary 
OR2_X1           562     597.968    NangateOpenCellLibrary 
OR2_X4             9      21.546    NangateOpenCellLibrary 
OR3_X1            20      26.600    NangateOpenCellLibrary 
OR4_X1             8      12.768    NangateOpenCellLibrary 
XNOR2_X1        1225    1955.100    NangateOpenCellLibrary 
XOR2_X1         5626    8979.096    NangateOpenCellLibrary 
XOR2_X2            5      11.970    NangateOpenCellLibrary 
-----------------------------------------------------------
total         128604  312914.686                           


                                       
   Type    Instances    Area    Area % 
---------------------------------------
sequential      2079   9414.272    3.0 
inverter       35939  19331.550    6.2 
buffer            42     51.870    0.0 
logic          90544 284116.994   90.8 
---------------------------------------
total         128604 312914.686  100.0 

