============================================================
  Generated by:           Encounter(R) RTL Compiler RC14.28 - v14.20-s067_1
  Generated on:           Feb 24 2020  05:21:33 pm
  Module:                 econV0
  Technology library:     NangateOpenCellLibrary revision 1.0
  Operating conditions:   typical 
  Interconnect mode:      global
  Area mode:              physical library
============================================================

Timing
--------

     Clock      Period 
-----------------------
clk            25000.0 
virtual_io_clk 25000.0 


     Cost        Critical       Violating 
     Group      Path Slack TNS    Paths   
------------------------------------------
C2C                21007.2   0          0 
C2O                24804.9   0          0 
clk               No paths   0            
default           No paths   0            
I2C                21369.6   0          0 
I2O               No paths   0            
virtual_io_clk    No paths   0            
------------------------------------------
Total                        0          0 

Instance Count
--------------
Leaf Instance Count             128604 
Sequential Instance Count         2079 
Combinational Instance Count    126525 
Hierarchical Instance Count       2469 

Area
----
Cell Area                          312914.686
Physical Cell Area                 0.000
Total Cell Area (Cell+Physical)    312914.686
Net Area                           555296.475
Total Area (Cell+Physical+Net)     868211.161

Power
-----
Leakage Power                      5969807.537 nW
Dynamic Power                      100305075.371 nW
Total Power                        106274882.907 nW

Max Fanout                         2079 (clk)
Min Fanout                         0 (econV0_core_inst/econV0_core_const_size_in_1_rsci_inst/const_size_in_1_rsc_dat[5])
Average Fanout                     1.4
Terms to net ratio                 2.4
Terms to instance ratio            3.7
Runtime                            2404.202 seconds
Elapsed Runtime                    2696 seconds
RC peak memory usage:              1805.00 
EDI peak memory usage:             no_value 
Hostname                           fastml02.c.harrisgroup-223921.internal
