============================================================
  Generated by:           Encounter(R) RTL Compiler RC14.28 - v14.20-s067_1
  Generated on:           Feb 24 2020  05:21:15 pm
  Module:                 econV0
  Technology library:     NangateOpenCellLibrary revision 1.0
  Operating conditions:   typical 
  Interconnect mode:      global
  Area mode:              physical library
============================================================

                                                                             Pin                                                                                     Type     Fanout  Load Slew Delay Arrival   
                                                                                                                                                                                      (fF) (ps)  (ps)   (ps)    
----------------------------------------------------------------------------------------------------------------------------------------------------------------------------------------------------------------
(clock clk)                                                                                                                                                          launch                                 0 R 
econV0_core_inst/econV0_core_input_48_rsci_inst/econV0_core_input_48_rsci_input_48_rsc_wait_dp_inst/input_48_rsci_bcwt_reg/CK                                                                 0             0 R 
econV0_core_inst/econV0_core_input_48_rsci_inst/econV0_core_input_48_rsci_input_48_rsc_wait_dp_inst/input_48_rsci_bcwt_reg/Q                                         DFFR_X1      10  35.7   85  +179     179 R 
econV0_core_inst/econV0_core_input_48_rsci_inst/econV0_core_input_48_rsci_input_48_rsc_wait_dp_inst/Fp13592A18484/A                                                                                +0     179   
econV0_core_inst/econV0_core_input_48_rsci_inst/econV0_core_input_48_rsci_input_48_rsc_wait_dp_inst/Fp13592A18484/Z                                                  BUF_X16     407 924.1  137  +169     348 R 
econV0_core_inst/econV0_core_input_48_rsci_inst/econV0_core_input_48_rsci_input_48_rsc_wait_dp_inst/Fp13592A18428/A                                                                                +0     348   
econV0_core_inst/econV0_core_input_48_rsci_inst/econV0_core_input_48_rsci_input_48_rsc_wait_dp_inst/Fp13592A18428/ZN                                                 INV_X1       16  42.6   67  +105     454 F 
econV0_core_inst/econV0_core_input_48_rsci_inst/econV0_core_input_48_rsci_input_48_rsc_wait_dp_inst/p13775A/S                                                                                      +0     454   
econV0_core_inst/econV0_core_input_48_rsci_inst/econV0_core_input_48_rsci_input_48_rsc_wait_dp_inst/p13775A/Z                                                        MUX2_X1      31  56.6   64  +153     607 F 
econV0_core_inst/econV0_core_input_48_rsci_inst/econV0_core_input_48_rsci_input_48_rsc_wait_dp_inst/input_48_rsci_idat_mxwt[828] 
econV0_core_inst/econV0_core_input_48_rsci_inst/input_48_rsci_idat_mxwt[828] 
econV0_core_inst/nnet_dense_large_input_t_layer2_t_config2_cmp/data_rsc_dat[828] 
econV0_core_inst/nnet_dense_large_input_t_layer2_t_config2_cmp/nnet_dense_large_input_t_layer2_t_config2_core_inst/data_rsc_dat[828] 
econV0_core_inst/nnet_dense_large_input_t_layer2_t_config2_cmp/nnet_dense_large_input_t_layer2_t_config2_core_inst/p14441A/A                                                                       +0     607   
econV0_core_inst/nnet_dense_large_input_t_layer2_t_config2_cmp/nnet_dense_large_input_t_layer2_t_config2_core_inst/p14441A/ZN                                        INV_X2       25  61.4   73  +112     718 R 
econV0_core_inst/nnet_dense_large_input_t_layer2_t_config2_cmp/nnet_dense_large_input_t_layer2_t_config2_core_inst/add_10855_69/A[0] 
econV0_core_inst/nnet_dense_large_input_t_layer2_t_config2_cmp/nnet_dense_large_input_t_layer2_t_config2_core_inst/add_10855_69/p13904A/B                                                          +0     718   
econV0_core_inst/nnet_dense_large_input_t_layer2_t_config2_cmp/nnet_dense_large_input_t_layer2_t_config2_core_inst/add_10855_69/p13904A/CO                           HA_X1         1   3.2   15   +48     767 R 
econV0_core_inst/nnet_dense_large_input_t_layer2_t_config2_cmp/nnet_dense_large_input_t_layer2_t_config2_core_inst/add_10855_69/p13911A/CI                                                         +0     767   
econV0_core_inst/nnet_dense_large_input_t_layer2_t_config2_cmp/nnet_dense_large_input_t_layer2_t_config2_core_inst/add_10855_69/p13911A/CO                           FA_X1         1   2.1   13   +45     812 R 
econV0_core_inst/nnet_dense_large_input_t_layer2_t_config2_cmp/nnet_dense_large_input_t_layer2_t_config2_core_inst/add_10855_69/Fp13936A/A                                                         +0     812   
econV0_core_inst/nnet_dense_large_input_t_layer2_t_config2_cmp/nnet_dense_large_input_t_layer2_t_config2_core_inst/add_10855_69/Fp13936A/ZN                          INV_X1        1   3.1    6   +11     823 F 
econV0_core_inst/nnet_dense_large_input_t_layer2_t_config2_cmp/nnet_dense_large_input_t_layer2_t_config2_core_inst/add_10855_69/p13931A/CI                                                         +0     823   
econV0_core_inst/nnet_dense_large_input_t_layer2_t_config2_cmp/nnet_dense_large_input_t_layer2_t_config2_core_inst/add_10855_69/p13931A/CO                           FA_X1         1   3.1   15   +69     892 F 
econV0_core_inst/nnet_dense_large_input_t_layer2_t_config2_cmp/nnet_dense_large_input_t_layer2_t_config2_core_inst/add_10855_69/p13972A/CI                                                         +0     892   
econV0_core_inst/nnet_dense_large_input_t_layer2_t_config2_cmp/nnet_dense_large_input_t_layer2_t_config2_core_inst/add_10855_69/p13972A/CO                           FA_X1         1   3.1   15   +72     964 F 
econV0_core_inst/nnet_dense_large_input_t_layer2_t_config2_cmp/nnet_dense_large_input_t_layer2_t_config2_core_inst/add_10855_69/p14007A/CI                                                         +0     964   
econV0_core_inst/nnet_dense_large_input_t_layer2_t_config2_cmp/nnet_dense_large_input_t_layer2_t_config2_core_inst/add_10855_69/p14007A/CO                           FA_X1         1   3.1   15   +72    1037 F 
econV0_core_inst/nnet_dense_large_input_t_layer2_t_config2_cmp/nnet_dense_large_input_t_layer2_t_config2_core_inst/add_10855_69/p14043A/CI                                                         +0    1037   
econV0_core_inst/nnet_dense_large_input_t_layer2_t_config2_cmp/nnet_dense_large_input_t_layer2_t_config2_core_inst/add_10855_69/p14043A/CO                           FA_X1         1   3.1   15   +72    1109 F 
econV0_core_inst/nnet_dense_large_input_t_layer2_t_config2_cmp/nnet_dense_large_input_t_layer2_t_config2_core_inst/add_10855_69/p14078A/CI                                                         +0    1109   
econV0_core_inst/nnet_dense_large_input_t_layer2_t_config2_cmp/nnet_dense_large_input_t_layer2_t_config2_core_inst/add_10855_69/p14078A/CO                           FA_X1         1   3.1   15   +72    1182 F 
econV0_core_inst/nnet_dense_large_input_t_layer2_t_config2_cmp/nnet_dense_large_input_t_layer2_t_config2_core_inst/add_10855_69/p14113A/CI                                                         +0    1182   
econV0_core_inst/nnet_dense_large_input_t_layer2_t_config2_cmp/nnet_dense_large_input_t_layer2_t_config2_core_inst/add_10855_69/p14113A/CO                           FA_X1         1   3.1   15   +72    1254 F 
econV0_core_inst/nnet_dense_large_input_t_layer2_t_config2_cmp/nnet_dense_large_input_t_layer2_t_config2_core_inst/add_10855_69/p14148A/CI                                                         +0    1254   
econV0_core_inst/nnet_dense_large_input_t_layer2_t_config2_cmp/nnet_dense_large_input_t_layer2_t_config2_core_inst/add_10855_69/p14148A/CO                           FA_X1         1   3.1   15   +72    1327 F 
econV0_core_inst/nnet_dense_large_input_t_layer2_t_config2_cmp/nnet_dense_large_input_t_layer2_t_config2_core_inst/add_10855_69/p14184A/CI                                                         +0    1327   
econV0_core_inst/nnet_dense_large_input_t_layer2_t_config2_cmp/nnet_dense_large_input_t_layer2_t_config2_core_inst/add_10855_69/p14184A/CO                           FA_X1         1   3.1   15   +72    1399 F 
econV0_core_inst/nnet_dense_large_input_t_layer2_t_config2_cmp/nnet_dense_large_input_t_layer2_t_config2_core_inst/add_10855_69/p14219A/CI                                                         +0    1399   
econV0_core_inst/nnet_dense_large_input_t_layer2_t_config2_cmp/nnet_dense_large_input_t_layer2_t_config2_core_inst/add_10855_69/p14219A/CO                           FA_X1         1   3.1   15   +72    1472 F 
econV0_core_inst/nnet_dense_large_input_t_layer2_t_config2_cmp/nnet_dense_large_input_t_layer2_t_config2_core_inst/add_10855_69/p14254A/CI                                                         +0    1472   
econV0_core_inst/nnet_dense_large_input_t_layer2_t_config2_cmp/nnet_dense_large_input_t_layer2_t_config2_core_inst/add_10855_69/p14254A/CO                           FA_X1         1   3.1   15   +72    1544 F 
econV0_core_inst/nnet_dense_large_input_t_layer2_t_config2_cmp/nnet_dense_large_input_t_layer2_t_config2_core_inst/add_10855_69/p14289A/CI                                                         +0    1544   
econV0_core_inst/nnet_dense_large_input_t_layer2_t_config2_cmp/nnet_dense_large_input_t_layer2_t_config2_core_inst/add_10855_69/p14289A/CO                           FA_X1         1   3.1   15   +72    1617 F 
econV0_core_inst/nnet_dense_large_input_t_layer2_t_config2_cmp/nnet_dense_large_input_t_layer2_t_config2_core_inst/add_10855_69/p14324A/CI                                                         +0    1617   
econV0_core_inst/nnet_dense_large_input_t_layer2_t_config2_cmp/nnet_dense_large_input_t_layer2_t_config2_core_inst/add_10855_69/p14324A/CO                           FA_X1         1   3.1   15   +72    1689 F 
econV0_core_inst/nnet_dense_large_input_t_layer2_t_config2_cmp/nnet_dense_large_input_t_layer2_t_config2_core_inst/add_10855_69/p14360A/CI                                                         +0    1689   
econV0_core_inst/nnet_dense_large_input_t_layer2_t_config2_cmp/nnet_dense_large_input_t_layer2_t_config2_core_inst/add_10855_69/p14360A/CO                           FA_X1         1   3.1   15   +72    1762 F 
econV0_core_inst/nnet_dense_large_input_t_layer2_t_config2_cmp/nnet_dense_large_input_t_layer2_t_config2_core_inst/add_10855_69/p14396A/CI                                                         +0    1762   
econV0_core_inst/nnet_dense_large_input_t_layer2_t_config2_cmp/nnet_dense_large_input_t_layer2_t_config2_core_inst/add_10855_69/p14396A/CO                           FA_X1         1   3.1   15   +72    1834 F 
econV0_core_inst/nnet_dense_large_input_t_layer2_t_config2_cmp/nnet_dense_large_input_t_layer2_t_config2_core_inst/add_10855_69/p14435A/CI                                                         +0    1834   
econV0_core_inst/nnet_dense_large_input_t_layer2_t_config2_cmp/nnet_dense_large_input_t_layer2_t_config2_core_inst/add_10855_69/p14435A/CO                           FA_X1         1   4.0   16   +75    1909 F 
econV0_core_inst/nnet_dense_large_input_t_layer2_t_config2_cmp/nnet_dense_large_input_t_layer2_t_config2_core_inst/add_10855_69/g2/A                                                               +0    1910   
econV0_core_inst/nnet_dense_large_input_t_layer2_t_config2_cmp/nnet_dense_large_input_t_layer2_t_config2_core_inst/add_10855_69/g2/S                                 FA_X1        11  38.0   91  +200    2110 R 
econV0_core_inst/nnet_dense_large_input_t_layer2_t_config2_cmp/nnet_dense_large_input_t_layer2_t_config2_core_inst/add_10855_69/Z[17] 
econV0_core_inst/nnet_dense_large_input_t_layer2_t_config2_cmp/nnet_dense_large_input_t_layer2_t_config2_core_inst/add_15967_17/B[17] 
econV0_core_inst/nnet_dense_large_input_t_layer2_t_config2_cmp/nnet_dense_large_input_t_layer2_t_config2_core_inst/add_15967_17/p14566A/A                                                          +0    2110   
econV0_core_inst/nnet_dense_large_input_t_layer2_t_config2_cmp/nnet_dense_large_input_t_layer2_t_config2_core_inst/add_15967_17/p14566A/S                            FA_X1         1   4.0   18  +115    2224 F 
econV0_core_inst/nnet_dense_large_input_t_layer2_t_config2_cmp/nnet_dense_large_input_t_layer2_t_config2_core_inst/add_15967_17/Z[17] 
econV0_core_inst/nnet_dense_large_input_t_layer2_t_config2_cmp/nnet_dense_large_input_t_layer2_t_config2_core_inst/add_15969_73/A[17] 
econV0_core_inst/nnet_dense_large_input_t_layer2_t_config2_cmp/nnet_dense_large_input_t_layer2_t_config2_core_inst/add_15969_73/p14636A/A                                                          +0    2224   
econV0_core_inst/nnet_dense_large_input_t_layer2_t_config2_cmp/nnet_dense_large_input_t_layer2_t_config2_core_inst/add_15969_73/p14636A/CO                           FA_X1         1   3.1   15   +79    2304 F 
econV0_core_inst/nnet_dense_large_input_t_layer2_t_config2_cmp/nnet_dense_large_input_t_layer2_t_config2_core_inst/add_15969_73/p14666A/CI                                                         +0    2304   
econV0_core_inst/nnet_dense_large_input_t_layer2_t_config2_cmp/nnet_dense_large_input_t_layer2_t_config2_core_inst/add_15969_73/p14666A/CO                           FA_X1         1   3.1   15   +72    2376 F 
econV0_core_inst/nnet_dense_large_input_t_layer2_t_config2_cmp/nnet_dense_large_input_t_layer2_t_config2_core_inst/add_15969_73/p14699A/CI                                                         +0    2376   
econV0_core_inst/nnet_dense_large_input_t_layer2_t_config2_cmp/nnet_dense_large_input_t_layer2_t_config2_core_inst/add_15969_73/p14699A/CO                           FA_X1         1   3.1   15   +72    2449 F 
econV0_core_inst/nnet_dense_large_input_t_layer2_t_config2_cmp/nnet_dense_large_input_t_layer2_t_config2_core_inst/add_15969_73/p14731A/CI                                                         +0    2449   
econV0_core_inst/nnet_dense_large_input_t_layer2_t_config2_cmp/nnet_dense_large_input_t_layer2_t_config2_core_inst/add_15969_73/p14731A/CO                           FA_X1         1   3.1   15   +72    2521 F 
econV0_core_inst/nnet_dense_large_input_t_layer2_t_config2_cmp/nnet_dense_large_input_t_layer2_t_config2_core_inst/add_15969_73/p14756A/CI                                                         +0    2521   
econV0_core_inst/nnet_dense_large_input_t_layer2_t_config2_cmp/nnet_dense_large_input_t_layer2_t_config2_core_inst/add_15969_73/p14756A/S                            FA_X1         1   3.9   17  +118    2639 R 
econV0_core_inst/nnet_dense_large_input_t_layer2_t_config2_cmp/nnet_dense_large_input_t_layer2_t_config2_core_inst/add_15969_73/Z[21] 
econV0_core_inst/nnet_dense_large_input_t_layer2_t_config2_cmp/nnet_dense_large_input_t_layer2_t_config2_core_inst/csa_tree_add_16019_7_groupi/in_8[13] 
econV0_core_inst/nnet_dense_large_input_t_layer2_t_config2_cmp/nnet_dense_large_input_t_layer2_t_config2_core_inst/csa_tree_add_16019_7_groupi/cdnfadd_013_3/B                                     +0    2639   
econV0_core_inst/nnet_dense_large_input_t_layer2_t_config2_cmp/nnet_dense_large_input_t_layer2_t_config2_core_inst/csa_tree_add_16019_7_groupi/cdnfadd_013_3/S  (p)  FA_X1         1   3.1   16   +97    2736 F 
econV0_core_inst/nnet_dense_large_input_t_layer2_t_config2_cmp/nnet_dense_large_input_t_layer2_t_config2_core_inst/csa_tree_add_16019_7_groupi/cdnfadd_013_5/CI                                    +0    2736   
econV0_core_inst/nnet_dense_large_input_t_layer2_t_config2_cmp/nnet_dense_large_input_t_layer2_t_config2_core_inst/csa_tree_add_16019_7_groupi/cdnfadd_013_5/S  (p)  FA_X1         1   3.2   14  +116    2852 R 
econV0_core_inst/nnet_dense_large_input_t_layer2_t_config2_cmp/nnet_dense_large_input_t_layer2_t_config2_core_inst/csa_tree_add_16019_7_groupi/cdnfadd_013_6/CI                                    +0    2852   
econV0_core_inst/nnet_dense_large_input_t_layer2_t_config2_cmp/nnet_dense_large_input_t_layer2_t_config2_core_inst/csa_tree_add_16019_7_groupi/cdnfadd_013_6/S  (p)  FA_X1         1   3.8   17   +96    2948 F 
econV0_core_inst/nnet_dense_large_input_t_layer2_t_config2_cmp/nnet_dense_large_input_t_layer2_t_config2_core_inst/csa_tree_add_16019_7_groupi/cdnfadd_013_7/B                                     +0    2948   
econV0_core_inst/nnet_dense_large_input_t_layer2_t_config2_cmp/nnet_dense_large_input_t_layer2_t_config2_core_inst/csa_tree_add_16019_7_groupi/cdnfadd_013_7/S  (p)  FA_X1         1   3.2   14  +126    3074 R 
econV0_core_inst/nnet_dense_large_input_t_layer2_t_config2_cmp/nnet_dense_large_input_t_layer2_t_config2_core_inst/csa_tree_add_16019_7_groupi/cdnfadd_013_8/CI                                    +0    3074   
econV0_core_inst/nnet_dense_large_input_t_layer2_t_config2_cmp/nnet_dense_large_input_t_layer2_t_config2_core_inst/csa_tree_add_16019_7_groupi/cdnfadd_013_8/S  (p)  FA_X1         1   4.0   18   +96    3170 F 
econV0_core_inst/nnet_dense_large_input_t_layer2_t_config2_cmp/nnet_dense_large_input_t_layer2_t_config2_core_inst/csa_tree_add_16019_7_groupi/cdnfadd_013_10/A                                    +0    3170   
econV0_core_inst/nnet_dense_large_input_t_layer2_t_config2_cmp/nnet_dense_large_input_t_layer2_t_config2_core_inst/csa_tree_add_16019_7_groupi/cdnfadd_013_10/S (p)  FA_X1         1   3.9   16  +121    3290 R 
econV0_core_inst/nnet_dense_large_input_t_layer2_t_config2_cmp/nnet_dense_large_input_t_layer2_t_config2_core_inst/csa_tree_add_16019_7_groupi/cdnfadd_013_11/B                                    +0    3290   
econV0_core_inst/nnet_dense_large_input_t_layer2_t_config2_cmp/nnet_dense_large_input_t_layer2_t_config2_core_inst/csa_tree_add_16019_7_groupi/cdnfadd_013_11/S (p)  FA_X1         1   3.8   17   +98    3389 F 
econV0_core_inst/nnet_dense_large_input_t_layer2_t_config2_cmp/nnet_dense_large_input_t_layer2_t_config2_core_inst/csa_tree_add_16019_7_groupi/cdnfadd_013_12/B                                    +0    3389   
econV0_core_inst/nnet_dense_large_input_t_layer2_t_config2_cmp/nnet_dense_large_input_t_layer2_t_config2_core_inst/csa_tree_add_16019_7_groupi/cdnfadd_013_12/S (p)  FA_X1         1   2.1   12  +123    3512 R 
econV0_core_inst/nnet_dense_large_input_t_layer2_t_config2_cmp/nnet_dense_large_input_t_layer2_t_config2_core_inst/csa_tree_add_16019_7_groupi/Fp14773A/A                                          +0    3512   
econV0_core_inst/nnet_dense_large_input_t_layer2_t_config2_cmp/nnet_dense_large_input_t_layer2_t_config2_core_inst/csa_tree_add_16019_7_groupi/Fp14773A/ZN           INV_X1        1   4.0    7   +12    3524 F 
econV0_core_inst/nnet_dense_large_input_t_layer2_t_config2_cmp/nnet_dense_large_input_t_layer2_t_config2_core_inst/csa_tree_add_16019_7_groupi/p14724A/A                                           +0    3524   
econV0_core_inst/nnet_dense_large_input_t_layer2_t_config2_cmp/nnet_dense_large_input_t_layer2_t_config2_core_inst/csa_tree_add_16019_7_groupi/p14724A/CO            FA_X1         1   3.1   15   +76    3599 F 
econV0_core_inst/nnet_dense_large_input_t_layer2_t_config2_cmp/nnet_dense_large_input_t_layer2_t_config2_core_inst/csa_tree_add_16019_7_groupi/p14769A/CI                                          +0    3599   
econV0_core_inst/nnet_dense_large_input_t_layer2_t_config2_cmp/nnet_dense_large_input_t_layer2_t_config2_core_inst/csa_tree_add_16019_7_groupi/p14769A/CO            FA_X1         1   3.1   15   +72    3672 F 
econV0_core_inst/nnet_dense_large_input_t_layer2_t_config2_cmp/nnet_dense_large_input_t_layer2_t_config2_core_inst/csa_tree_add_16019_7_groupi/p14810A/CI                                          +0    3672   
econV0_core_inst/nnet_dense_large_input_t_layer2_t_config2_cmp/nnet_dense_large_input_t_layer2_t_config2_core_inst/csa_tree_add_16019_7_groupi/p14810A/CO            FA_X1         1   3.1   15   +72    3744 F 
econV0_core_inst/nnet_dense_large_input_t_layer2_t_config2_cmp/nnet_dense_large_input_t_layer2_t_config2_core_inst/csa_tree_add_16019_7_groupi/p14852A/CI                                          +0    3744   
econV0_core_inst/nnet_dense_large_input_t_layer2_t_config2_cmp/nnet_dense_large_input_t_layer2_t_config2_core_inst/csa_tree_add_16019_7_groupi/p14852A/CO            FA_X1         1   2.6   14   +71    3816 F 
econV0_core_inst/nnet_dense_large_input_t_layer2_t_config2_cmp/nnet_dense_large_input_t_layer2_t_config2_core_inst/csa_tree_add_16019_7_groupi/p14894A/A                                           +0    3816   
econV0_core_inst/nnet_dense_large_input_t_layer2_t_config2_cmp/nnet_dense_large_input_t_layer2_t_config2_core_inst/csa_tree_add_16019_7_groupi/p14894A/Z             XOR2_X1       1   1.3   11   +51    3867 F 
econV0_core_inst/nnet_dense_large_input_t_layer2_t_config2_cmp/nnet_dense_large_input_t_layer2_t_config2_core_inst/csa_tree_add_16019_7_groupi/out_0[17] 
econV0_core_inst/nnet_dense_large_input_t_layer2_t_config2_cmp/nnet_dense_large_input_t_layer2_t_config2_core_inst/p15293A34587/B                                                                  +0    3867   
econV0_core_inst/nnet_dense_large_input_t_layer2_t_config2_cmp/nnet_dense_large_input_t_layer2_t_config2_core_inst/p15293A34587/Z                                    MUX2_X1       1   1.3   11   +58    3924 F 
econV0_core_inst/nnet_dense_large_input_t_layer2_t_config2_cmp/nnet_dense_large_input_t_layer2_t_config2_core_inst/p15327A/A1                                                                      +0    3924   
econV0_core_inst/nnet_dense_large_input_t_layer2_t_config2_cmp/nnet_dense_large_input_t_layer2_t_config2_core_inst/p15327A/ZN                                        AND2_X1       1   1.5    7   +29    3953 F 
econV0_core_inst/nnet_dense_large_input_t_layer2_t_config2_cmp/nnet_dense_large_input_t_layer2_t_config2_core_inst/res_rsci_d_161_144_reg[17]/D                      DFF_X1                        +0    3953   
econV0_core_inst/nnet_dense_large_input_t_layer2_t_config2_cmp/nnet_dense_large_input_t_layer2_t_config2_core_inst/res_rsci_d_161_144_reg[17]/CK                     setup                    0   +39    3993 R 
- - - - - - - - - - - - - - - - - - - - - - - - - - - - - - - - - - - - - - - - - - - - - - - - - - - - - - - - - - - - - - - - - - - - - - - - - - - - - - - - - - - - - - - - - - - - - - - - - - - - - - - - 
(clock clk)                                                                                                                                                          capture                            25000 R 
----------------------------------------------------------------------------------------------------------------------------------------------------------------------------------------------------------------
Cost Group   : 'C2C' (path_group 'C2C')
Timing slack :   21007ps 
Start-point  : econV0_core_inst/econV0_core_input_48_rsci_inst/econV0_core_input_48_rsci_input_48_rsc_wait_dp_inst/input_48_rsci_bcwt_reg/CK
End-point    : econV0_core_inst/nnet_dense_large_input_t_layer2_t_config2_cmp/nnet_dense_large_input_t_layer2_t_config2_core_inst/res_rsci_d_161_144_reg[17]/D

(p) : Instance is preserved but may be resized
