

Working Directory = /home/yluo/hls4ml/example-prjs/mentor_workspace/mntr_ex16/syn-rc
QoS Summary for econ_4x4_d10
========================================================================================
Metric                          generic         map             syn_opt         final          
========================================================================================
Slack (ps):                    13,546              71             571             571
  R2R (ps):                    13,546              71             571             571
  I2R (ps):                    14,140           1,799           1,565           1,565
  R2O (ps):                    24,549          16,946          18,950          18,950
  I2O (ps):                  no_value        no_value        no_value        no_value
  CG  (ps):                  no_value        no_value        no_value        no_value
TNS (ps):                           0               0               0               0
  R2R (ps):                         0               0               0               0
  I2R (ps):                         0               0               0               0
  R2O (ps):                         0               0               0               0
  I2O (ps):                  no_value        no_value        no_value        no_value
  CG  (ps):                  no_value        no_value        no_value        no_value
Failing Paths:                      0               0               0               0
Cell Area:                  3,611,953       1,598,755       1,641,592       1,641,592
Total Cell Area:            3,611,953       1,598,755       1,641,592       1,641,592
Leaf Instances:               869,948         422,093         447,375         447,375
Total Instances:              869,948         422,093         447,375         447,375
Utilization (%):                 0.00            0.00            0.00            0.00
Tot. Net Length (um):        no_value        no_value        no_value        no_value
Avg. Net Length (um):        no_value        no_value        no_value        no_value
Route Overflow H (%):        no_value        no_value        no_value        no_value
Route Overflow V (%):        no_value        no_value        no_value        no_value
MBCI(%) (bits/gate) :            0.00            0.00            0.00            0.00
Norm Cong Hotspot Area:
  Max Cong:                  no_value        no_value        no_value        no_value
  Tot Cong:                  no_value        no_value        no_value        no_value
========================================================================================
CPU  Runtime (h:m:s):        00:15:28        00:10:27        00:19:04        00:00:01
Real Runtime (h:m:s):        00:23:06        02:17:27        00:20:59        00:01:24
CPU  Elapsed (h:m:s):        00:15:34        00:26:01        00:45:05        00:45:06
Real Elapsed (h:m:s):        00:23:08        02:40:35        03:01:34        03:02:58
Memory (MB):                  3782.53         3702.04         3604.62         3604.62
========================================================================================

========================================================================================
Flow Settings:
========================================================================================
Total Runtime (h:m:s): 03:04:20
Total Memory (MB):     3604.62
Executable Version:    16.24
========================================================================================

Total Cell Area =  Cell Area + Physical Cell Area
Total Instances =  Leaf Instances + Physical Instances


