============================================================
  Generated by:           Genus(TM) Synthesis Solution 16.24-s065_1
  Generated on:           Mar 05 2020  11:40:09 am
  Module:                 econ_4x4_d10
  Technology libraries:   tcbn65lpwc 200
                          tpdn65lpnv2od3wc 200a
                          tpan65lpnv2od3wc 200a
  Operating conditions:   WCCOM (balanced_tree)
  Wireload mode:          segmented
  Area mode:              timing library
============================================================

                                    Leakage   
   Gate    Instances     Area      Power (nW)    Library    
------------------------------------------------------------
AN2D1              4        8.640       2.113    tcbn65lpwc 
AN2D2              5       12.600       6.578    tcbn65lpwc 
AN2D4              2        8.640       5.117    tcbn65lpwc 
AN2D8              1        6.840       5.251    tcbn65lpwc 
AN2XD1          2044     4415.040    1548.696    tcbn65lpwc 
AN3D2              1        2.880       1.029    tcbn65lpwc 
AN3XD1           204      514.080     309.798    tcbn65lpwc 
AN4XD1           448     1290.240     876.414    tcbn65lpwc 
AO211D1         3053     8792.640    2796.707    tcbn65lpwc 
AO211D2            1        3.240       1.779    tcbn65lpwc 
AO21D0            14       35.280       5.753    tcbn65lpwc 
AO21D1          1220     3074.400    1255.782    tcbn65lpwc 
AO21D2             4       11.520       6.210    tcbn65lpwc 
AO221D0         3271    11775.600    1453.819    tcbn65lpwc 
AO221D1          381     1508.760     439.584    tcbn65lpwc 
AO221D2            6       25.920       9.603    tcbn65lpwc 
AO222D1         4010    17323.200    3652.271    tcbn65lpwc 
AO22D0         25777    74237.760   10504.660    tcbn65lpwc 
AO22D1            49      158.760      47.142    tcbn65lpwc 
AO31D1           119      342.720     147.888    tcbn65lpwc 
AO32D1           321     1271.160     312.927    tcbn65lpwc 
AOI211D1         118      297.360      57.584    tcbn65lpwc 
AOI211XD0       1871     4714.920     627.441    tcbn65lpwc 
AOI21D1         1793     3872.880     893.783    tcbn65lpwc 
AOI21D2           22       71.280      25.002    tcbn65lpwc 
AOI21D4            7       45.360      17.043    tcbn65lpwc 
AOI221D0       11060    31852.800    2744.373    tcbn65lpwc 
AOI221D1          19       61.560      12.244    tcbn65lpwc 
AOI222D0       10596    38145.600    2002.453    tcbn65lpwc 
AOI222D1          10       39.600       4.249    tcbn65lpwc 
AOI222D2           1        6.480       0.820    tcbn65lpwc 
AOI22D1        25397    64000.440    9038.806    tcbn65lpwc 
AOI22D2            4       17.280       2.794    tcbn65lpwc 
AOI31D1           11       27.720       5.266    tcbn65lpwc 
AOI32D1          120      345.600      59.011    tcbn65lpwc 
AOI33D1           15       48.600       5.264    tcbn65lpwc 
BMLD2              1        9.000       4.902    tcbn65lpwc 
BUFFD1            98      141.120      58.815    tcbn65lpwc 
BUFFD12           13      102.960      99.967    tcbn65lpwc 
BUFFD16          233     2432.520    2386.450    tcbn65lpwc 
BUFFD2           407      879.120     532.248    tcbn65lpwc 
BUFFD3            96      241.920     174.165    tcbn65lpwc 
BUFFD4            69      223.560     189.752    tcbn65lpwc 
BUFFD6            96      414.720     359.558    tcbn65lpwc 
BUFFD8            63      362.880     328.149    tcbn65lpwc 
CKAN2D1           11       23.760       6.152    tcbn65lpwc 
CKBD0              3        4.320       0.867    tcbn65lpwc 
CKBD1            362      521.280     256.847    tcbn65lpwc 
CKBD16             1       10.080       9.462    tcbn65lpwc 
CKBD3              2        5.040       3.311    tcbn65lpwc 
CKBD4             89      288.360     218.182    tcbn65lpwc 
CKND0              3        3.240       0.289    tcbn65lpwc 
CKND1          14020    15141.600    4297.112    tcbn65lpwc 
CKND12             1        6.120       5.660    tcbn65lpwc 
CKND16            23      182.160     158.401    tcbn65lpwc 
CKND2             48       69.120      35.723    tcbn65lpwc 
CKND2D1        17227    24806.880    7677.013    tcbn65lpwc 
CKND2D2           44      110.880      32.770    tcbn65lpwc 
CKND2D3            3        9.720       4.899    tcbn65lpwc 
CKND2D4            1        4.320       2.603    tcbn65lpwc 
CKND3              5       10.800       5.974    tcbn65lpwc 
CKND4              7       17.640      11.909    tcbn65lpwc 
CKND6              3        9.720       7.089    tcbn65lpwc 
CKND8              2        8.640       7.402    tcbn65lpwc 
CKXOR2D1         587     2113.200     923.993    tcbn65lpwc 
CKXOR2D2           2        7.920       4.311    tcbn65lpwc 
CMPE42D1       12816   212232.947  114796.442    tcbn65lpwc 
DEL005            15       32.400      13.512    tcbn65lpwc 
DEL1             210     1285.200     191.114    tcbn65lpwc 
DFCNQD1           84      665.280     141.284    tcbn65lpwc 
DFD1              23      165.600      55.484    tcbn65lpwc 
DFKCND1            1        8.280       2.186    tcbn65lpwc 
DFKCNQD1       14709   105904.800   23929.923    tcbn65lpwc 
DFKCNQD2           8       63.360      21.305    tcbn65lpwc 
DFQD1           1221     8351.640    2344.415    tcbn65lpwc 
DFQD2             48      345.600     112.624    tcbn65lpwc 
DFSNQD1          126     1043.280     307.519    tcbn65lpwc 
EDFKCNQD1        961     9686.880    1840.841    tcbn65lpwc 
EDFKCNQD2         83      866.520     244.391    tcbn65lpwc 
FA1D0          34403   309627.000  141864.992    tcbn65lpwc 
FA1D1           2205    22226.400   12887.874    tcbn65lpwc 
FA1D2             12      125.280      79.727    tcbn65lpwc 
FA1D4              2       28.800      20.414    tcbn65lpwc 
FCICIND1         579     2709.720     685.868    tcbn65lpwc 
FCICOND1          10       32.400       1.958    tcbn65lpwc 
FICOND1            1       11.160       5.756    tcbn65lpwc 
FICOND2            1       12.240       7.717    tcbn65lpwc 
FIICOND1           3       31.320      19.460    tcbn65lpwc 
FIICOND2           1       12.600       8.085    tcbn65lpwc 
HA1D0          12807    73768.320   28615.139    tcbn65lpwc 
HA1D1             15       91.800      51.036    tcbn65lpwc 
HICIND1            1        6.840       3.870    tcbn65lpwc 
IAO21D0           21       52.920       8.960    tcbn65lpwc 
IAO21D1          322      811.440     201.290    tcbn65lpwc 
IAO22D0            1        3.240       0.355    tcbn65lpwc 
IAO22D1          186      602.640     139.750    tcbn65lpwc 
IAO22D2            1        3.960       1.814    tcbn65lpwc 
IIND4D1           28      100.800      54.334    tcbn65lpwc 
IINR4D0           21       75.600      27.670    tcbn65lpwc 
IND2D1          3394     7331.040    2315.350    tcbn65lpwc 
IND2D2            17       48.960      30.743    tcbn65lpwc 
IND2D4             6       34.560      11.115    tcbn65lpwc 
IND3D1          2191     5521.320    2724.077    tcbn65lpwc 
IND3D2             3       12.960       7.386    tcbn65lpwc 
IND4D1          1589     4576.320    2580.690    tcbn65lpwc 
IND4D2             1        5.760       3.106    tcbn65lpwc 
INR2D1          1305     2818.800     878.620    tcbn65lpwc 
INR2D2             5       14.400       5.776    tcbn65lpwc 
INR2XD0         2406     5196.960    1327.394    tcbn65lpwc 
INR2XD1           12       34.560      11.121    tcbn65lpwc 
INR2XD4            1        9.360       4.385    tcbn65lpwc 
INR3D0            81      204.120      50.116    tcbn65lpwc 
INR3D1             1        3.600       0.823    tcbn65lpwc 
INR4D0            42      120.960      21.146    tcbn65lpwc 
INVD0              3        3.240       0.419    tcbn65lpwc 
INVD1           6591     7118.280    2522.576    tcbn65lpwc 
INVD12            42      257.040     242.259    tcbn65lpwc 
INVD16             4       31.680      30.953    tcbn65lpwc 
INVD2            391      563.040     297.856    tcbn65lpwc 
INVD3             61      131.760      78.060    tcbn65lpwc 
INVD4             17       42.840      30.483    tcbn65lpwc 
INVD6             13       42.120      36.051    tcbn65lpwc 
INVD8             13       56.160      48.885    tcbn65lpwc 
IOA21D1         6259    15772.680    5790.194    tcbn65lpwc 
IOA21D2            8       25.920      15.499    tcbn65lpwc 
IOA22D1            3        9.720       2.186    tcbn65lpwc 
IOA22D2         1267     5017.320    2581.531    tcbn65lpwc 
MAOI222D0        294      846.720      54.109    tcbn65lpwc 
MAOI222D1       2276     6554.880     722.751    tcbn65lpwc 
MAOI22D1       39869   114822.720   46466.624    tcbn65lpwc 
MOAI22D0           2        5.760       0.836    tcbn65lpwc 
MOAI22D1       13181    37961.280   14726.093    tcbn65lpwc 
MOAI22D2           1        4.320       2.045    tcbn65lpwc 
MUX2D0           158      511.920      83.090    tcbn65lpwc 
MUX2D1           313     1126.800     469.287    tcbn65lpwc 
MUX2D2             1        3.960       2.006    tcbn65lpwc 
MUX2ND0        17309    49849.920    8864.017    tcbn65lpwc 
MUX3ND0            7       37.800      11.451    tcbn65lpwc 
MUX4ND0           49      370.440     102.535    tcbn65lpwc 
ND2D0            157      226.080      10.528    tcbn65lpwc 
ND2D1          20534    29568.960    6187.191    tcbn65lpwc 
ND2D2            122      307.440     142.417    tcbn65lpwc 
ND2D3              4       12.960       7.986    tcbn65lpwc 
ND3D1           5852    12640.320    6394.662    tcbn65lpwc 
ND3D2              6       19.440       5.563    tcbn65lpwc 
ND4D1           5174    13038.480    7166.586    tcbn65lpwc 
NR2D1           4689     6752.160    2252.757    tcbn65lpwc 
NR2D2              7       17.640       7.129    tcbn65lpwc 
NR2D4              2        8.640       2.814    tcbn65lpwc 
NR2XD0          5028     7240.320    1421.591    tcbn65lpwc 
NR2XD1            53      133.560      36.966    tcbn65lpwc 
NR2XD2             6       25.920       9.933    tcbn65lpwc 
NR2XD3             2       12.240       3.847    tcbn65lpwc 
NR2XD4             1        7.920       3.006    tcbn65lpwc 
NR3D0            116      250.560      23.707    tcbn65lpwc 
NR4D0             49      123.480       5.377    tcbn65lpwc 
OA211D1          374     1077.120     376.174    tcbn65lpwc 
OA21D1          5568    14031.360    5639.054    tcbn65lpwc 
OA21D2            10       28.800      14.027    tcbn65lpwc 
OA21D4             2       11.520       5.687    tcbn65lpwc 
OA221D0          323     1162.800     138.397    tcbn65lpwc 
OA221D1            3       11.880       3.572    tcbn65lpwc 
OA222D1           46      198.720      59.336    tcbn65lpwc 
OA22D0          1195     3441.600     467.998    tcbn65lpwc 
OA32D0            15       54.000       6.201    tcbn65lpwc 
OAI211D1         952     2399.040     941.647    tcbn65lpwc 
OAI21D0            1        2.160       0.291    tcbn65lpwc 
OAI21D1         4360     9417.600    2220.056    tcbn65lpwc 
OAI21D2           33      106.920      37.350    tcbn65lpwc 
OAI21D4            6       38.880      15.606    tcbn65lpwc 
OAI221D0         638     1837.440     226.052    tcbn65lpwc 
OAI221D1          95      307.800      51.599    tcbn65lpwc 
OAI222D0         498     1613.520     178.306    tcbn65lpwc 
OAI222D1           1        3.960       0.549    tcbn65lpwc 
OAI22D0            1        2.520       0.292    tcbn65lpwc 
OAI22D1        55450   139734.000   26248.903    tcbn65lpwc 
OAI22D2            1        4.320       1.625    tcbn65lpwc 
OAI31D1            3        7.560       1.917    tcbn65lpwc 
OAI32D1          241      694.080     146.639    tcbn65lpwc 
OAI33D1            1        3.240       0.749    tcbn65lpwc 
OR2D1            801     1730.160     541.067    tcbn65lpwc 
OR2D2             21       52.920      24.846    tcbn65lpwc 
OR2D4              8       34.560      20.287    tcbn65lpwc 
OR2D8              2       13.680       9.766    tcbn65lpwc 
OR2XD1           706     1524.960     609.876    tcbn65lpwc 
OR3D1            286      720.720     244.550    tcbn65lpwc 
OR3D2              1        2.880       1.272    tcbn65lpwc 
OR3D8              1        8.280       5.360    tcbn65lpwc 
OR3XD1            65      163.800      92.615    tcbn65lpwc 
OR4D1             74      213.120      71.060    tcbn65lpwc 
OR4XD1             1        2.880       1.765    tcbn65lpwc 
XNR2D1           504     1814.400     762.073    tcbn65lpwc 
XNR3D0             3       18.360       4.928    tcbn65lpwc 
XNR3D1           335     2050.200     826.239    tcbn65lpwc 
XNR3D2             4       31.680      12.713    tcbn65lpwc 
XNR3D4             3       31.320      20.991    tcbn65lpwc 
XOR2D1          1347     4849.200    2337.610    tcbn65lpwc 
XOR3D0             4       24.480       4.573    tcbn65lpwc 
XOR3D1           697     4265.640    1471.693    tcbn65lpwc 
XOR3D2             1        6.840       3.005    tcbn65lpwc 
------------------------------------------------------------
total         422093  1598755.307  546060.356               


                                              Leakage  Leakage 
     Type      Instances     Area    Area % Power (nW) Power % 
---------------------------------------------------------------
sequential         17264  127101.240    8.0  28999.973     5.3 
inverter           21247   23695.200    1.5   7817.103     1.4 
buffer              1757    6945.480    0.4   4822.400     0.9 
logic             381825 1441013.387   90.1 504420.880    92.4 
physical_cells         0       0.000    0.0      0.000     0.0 
---------------------------------------------------------------
total             422093 1598755.307  100.0 546060.356   100.0 

