============================================================
  Generated by:           Genus(TM) Synthesis Solution 16.24-s065_1
  Generated on:           Mar 05 2020  12:01:08 pm
  Module:                 econ_4x4_d10
  Technology libraries:   tcbn65lpwc 200
                          tpdn65lpnv2od3wc 200a
                          tpan65lpnv2od3wc 200a
  Operating conditions:   WCCOM (balanced_tree)
  Wireload mode:          segmented
  Area mode:              timing library
============================================================

                                    Leakage   
   Gate    Instances     Area      Power (nW)    Library    
------------------------------------------------------------
AN2D1              3        6.480       1.584    tcbn65lpwc 
AN2D2              3        7.560       4.371    tcbn65lpwc 
AN2D4              2        8.640       5.447    tcbn65lpwc 
AN2XD1          1768     3818.880    1361.473    tcbn65lpwc 
AN3D2              1        2.880       1.029    tcbn65lpwc 
AN3XD1           145      365.400     228.648    tcbn65lpwc 
AN4XD1           448     1290.240     876.414    tcbn65lpwc 
AO211D1         3060     8812.800    2806.314    tcbn65lpwc 
AO21D1          1201     3026.520    1236.340    tcbn65lpwc 
AO21D2             1        2.880       1.560    tcbn65lpwc 
AO221D0         3590    12924.000    1597.682    tcbn65lpwc 
AO221D1          198      784.080     228.367    tcbn65lpwc 
AO221D2            1        4.320       1.604    tcbn65lpwc 
AO222D0           94      406.080      33.278    tcbn65lpwc 
AO222D1         4559    19694.880    4127.051    tcbn65lpwc 
AO222D2            1        4.680       1.286    tcbn65lpwc 
AO22D0         25680    73958.400   10467.076    tcbn65lpwc 
AO22D1            12       38.880      11.393    tcbn65lpwc 
AO31D1           122      351.360     150.831    tcbn65lpwc 
AO32D1           507     2007.720     483.425    tcbn65lpwc 
AOI211D1         118      297.360      57.584    tcbn65lpwc 
AOI211XD0       1870     4712.400     627.077    tcbn65lpwc 
AOI21D1         1652     3568.320     813.895    tcbn65lpwc 
AOI221D0       11027    31757.760    2743.450    tcbn65lpwc 
AOI221D1           5       16.200       3.176    tcbn65lpwc 
AOI222D0       10646    38325.600    2011.690    tcbn65lpwc 
AOI222D1           1        3.960       0.370    tcbn65lpwc 
AOI22D1        24839    62594.280    8878.948    tcbn65lpwc 
AOI22D2            3       12.960       2.107    tcbn65lpwc 
AOI31D1           11       27.720       5.266    tcbn65lpwc 
AOI32D1          120      345.600      59.011    tcbn65lpwc 
AOI33D1           15       48.600       5.264    tcbn65lpwc 
BMLD1              1        8.640       4.427    tcbn65lpwc 
BUFFD0             1        1.440       0.338    tcbn65lpwc 
BUFFD1            34       48.960      20.424    tcbn65lpwc 
BUFFD12            6       47.520      45.997    tcbn65lpwc 
BUFFD16          242     2526.480    2481.179    tcbn65lpwc 
BUFFD2          7504    16208.640    9778.904    tcbn65lpwc 
BUFFD3            26       65.520      47.158    tcbn65lpwc 
BUFFD4            80      259.200     219.947    tcbn65lpwc 
BUFFD6            22       95.040      82.503    tcbn65lpwc 
BUFFD8            30      172.800     156.882    tcbn65lpwc 
CKAN2D1           11       23.760       6.152    tcbn65lpwc 
CKBD1           3468     4993.920    2460.620    tcbn65lpwc 
CKBD16             2       20.160      19.147    tcbn65lpwc 
CKBD3              2        5.040       3.311    tcbn65lpwc 
CKBD4            237      767.880     575.434    tcbn65lpwc 
CKND0             45       48.600       4.392    tcbn65lpwc 
CKND1          14913    16106.040    4708.187    tcbn65lpwc 
CKND12            29      177.480     145.601    tcbn65lpwc 
CKND16           409     3239.280    2932.073    tcbn65lpwc 
CKND2           4163     5994.720    2913.748    tcbn65lpwc 
CKND2D1        16872    24295.680    7593.382    tcbn65lpwc 
CKND2D2            1        2.520       0.542    tcbn65lpwc 
CKND3            109      235.440     130.842    tcbn65lpwc 
CKND4            534     1345.680     676.162    tcbn65lpwc 
CKND6             94      304.560     245.624    tcbn65lpwc 
CKND8             20       86.400      72.040    tcbn65lpwc 
CKXOR2D1         407     1465.200     644.268    tcbn65lpwc 
CMPE42D1       13837   229140.706  124004.327    tcbn65lpwc 
DEL005            25       54.000      22.529    tcbn65lpwc 
DEL1             210     1285.200     191.114    tcbn65lpwc 
DEL4               2       22.320       1.961    tcbn65lpwc 
DFCNQD1           40      316.800      67.360    tcbn65lpwc 
DFD1              37      266.400      89.674    tcbn65lpwc 
DFKCND1          435     3601.800     965.272    tcbn65lpwc 
DFKCND2            2       18.000       8.378    tcbn65lpwc 
DFKCNQD1       14281   102823.200   23232.046    tcbn65lpwc 
DFQD1           1400     9576.000    2686.094    tcbn65lpwc 
DFQD2             25      180.000      58.594    tcbn65lpwc 
EDFKCND1          23      240.120      55.309    tcbn65lpwc 
EDFKCNQD1        975     9828.000    1866.781    tcbn65lpwc 
EDFKCNQD2         46      480.240     135.584    tcbn65lpwc 
FA1D0          34396   309564.000  141741.133    tcbn65lpwc 
FA1D1            302     3044.160    1768.804    tcbn65lpwc 
FA1D2              2       20.880      13.311    tcbn65lpwc 
FCICIND1         687     3215.160     807.184    tcbn65lpwc 
FCICOND1           2        6.480       0.344    tcbn65lpwc 
FICIND1           92      960.480     495.639    tcbn65lpwc 
FICOND1           11      122.760      62.471    tcbn65lpwc 
FIICOND1           3       31.320      19.480    tcbn65lpwc 
HA1D0          12822    73854.720   28648.747    tcbn65lpwc 
IAO21D0            9       22.680       3.558    tcbn65lpwc 
IAO21D1          301      758.520     182.888    tcbn65lpwc 
IAO22D0            1        3.240       0.355    tcbn65lpwc 
IAO22D1          211      683.640     156.687    tcbn65lpwc 
IAO22D2            1        3.960       1.814    tcbn65lpwc 
IIND4D1           39      140.400      73.443    tcbn65lpwc 
IINR4D0           22       79.200      28.949    tcbn65lpwc 
IND2D1          3388     7318.080    2305.472    tcbn65lpwc 
IND2D2             2        5.760       2.982    tcbn65lpwc 
IND3D1          2181     5496.120    2709.565    tcbn65lpwc 
IND3D2             2        8.640       5.921    tcbn65lpwc 
IND4D1          1590     4579.200    2582.198    tcbn65lpwc 
INR2D1          1276     2756.160     857.600    tcbn65lpwc 
INR2D2             3        8.640       4.957    tcbn65lpwc 
INR2XD0         2389     5160.240    1319.643    tcbn65lpwc 
INR2XD1            1        2.880       1.043    tcbn65lpwc 
INR2XD2            1        4.680       1.847    tcbn65lpwc 
INR3D0            37       93.240      22.970    tcbn65lpwc 
INR3D1             1        3.600       0.823    tcbn65lpwc 
INR4D0            42      120.960      21.146    tcbn65lpwc 
INVD0              1        1.080       0.179    tcbn65lpwc 
INVD1          16752    18092.160    6791.255    tcbn65lpwc 
INVD12            74      452.880     426.451    tcbn65lpwc 
INVD16           224     1774.080    1732.266    tcbn65lpwc 
INVD2           3021     4350.240    2701.467    tcbn65lpwc 
INVD3            186      401.760     253.446    tcbn65lpwc 
INVD4            121      304.920     221.856    tcbn65lpwc 
INVD6             53      171.720     146.568    tcbn65lpwc 
INVD8            178      768.960     667.084    tcbn65lpwc 
IOA21D1         5697    14356.440    5255.891    tcbn65lpwc 
IOA21D2            3        9.720       6.166    tcbn65lpwc 
IOA22D0         1198     3881.520     547.841    tcbn65lpwc 
IOA22D1           10       32.400       8.838    tcbn65lpwc 
IOA22D2            5       19.800      10.024    tcbn65lpwc 
MAOI222D0        300      864.000      54.838    tcbn65lpwc 
MAOI222D1       2408     6935.040     763.210    tcbn65lpwc 
MAOI22D1       39804   114635.520   46388.770    tcbn65lpwc 
MOAI22D0           1        2.880       0.334    tcbn65lpwc 
MOAI22D1       12473    35922.240   13914.938    tcbn65lpwc 
MUX2D0           464     1503.360     249.516    tcbn65lpwc 
MUX2D1           119      428.400     177.654    tcbn65lpwc 
MUX2ND0        17308    49847.040    8863.245    tcbn65lpwc 
MUX3ND0            7       37.800      11.451    tcbn65lpwc 
MUX4ND0           49      370.440     102.535    tcbn65lpwc 
ND2D0            157      226.080      10.528    tcbn65lpwc 
ND2D1          19704    28373.760    5896.375    tcbn65lpwc 
ND2D2             11       27.720      11.130    tcbn65lpwc 
ND3D1           5826    12584.160    6357.853    tcbn65lpwc 
ND4D1           5179    13051.080    7174.369    tcbn65lpwc 
NR2D1           4516     6503.040    2167.415    tcbn65lpwc 
NR2D2              4       10.080       4.192    tcbn65lpwc 
NR2D3              3        9.720       2.997    tcbn65lpwc 
NR2XD0          4880     7027.200    1381.069    tcbn65lpwc 
NR2XD1             1        2.520       0.738    tcbn65lpwc 
NR2XD4             1        7.920       3.006    tcbn65lpwc 
NR3D0            116      250.560      23.707    tcbn65lpwc 
NR4D0             49      123.480       5.377    tcbn65lpwc 
OA211D1          376     1082.880     377.398    tcbn65lpwc 
OA21D1          5545    13973.400    5614.600    tcbn65lpwc 
OA21D2             5       14.400       6.836    tcbn65lpwc 
OA221D0          324     1166.400     138.875    tcbn65lpwc 
OA221D1            1        3.960       1.200    tcbn65lpwc 
OA222D1           80      345.600     107.724    tcbn65lpwc 
OA22D0          1184     3409.920     463.021    tcbn65lpwc 
OA32D0            15       54.000       6.201    tcbn65lpwc 
OAI211D1         955     2406.600     945.108    tcbn65lpwc 
OAI21D0            1        2.160       0.291    tcbn65lpwc 
OAI21D1         4189     9048.240    2107.818    tcbn65lpwc 
OAI21D2            2        6.480       1.680    tcbn65lpwc 
OAI21D4            1        6.480       3.025    tcbn65lpwc 
OAI221D0         643     1851.840     227.649    tcbn65lpwc 
OAI221D1          90      291.600      47.834    tcbn65lpwc 
OAI222D0         510     1652.400     182.855    tcbn65lpwc 
OAI22D0            1        2.520       0.292    tcbn65lpwc 
OAI22D1        55312   139386.240   26181.541    tcbn65lpwc 
OAI31D1            3        7.560       1.917    tcbn65lpwc 
OAI32D1          241      694.080     146.639    tcbn65lpwc 
OAI33D1            1        3.240       0.749    tcbn65lpwc 
OR2D1            734     1585.440     493.458    tcbn65lpwc 
OR2D2              8       20.160       9.419    tcbn65lpwc 
OR2D4              5       21.600      12.723    tcbn65lpwc 
OR2D8              1        6.840       4.865    tcbn65lpwc 
OR2XD1           668     1442.880     575.070    tcbn65lpwc 
OR3D1            287      723.240     245.365    tcbn65lpwc 
OR3XD1            66      166.320      94.208    tcbn65lpwc 
OR4D1             63      181.440      60.287    tcbn65lpwc 
OR4XD1             1        2.880       1.765    tcbn65lpwc 
XNR2D1           364     1310.400     552.449    tcbn65lpwc 
XNR3D0             6       36.720       8.761    tcbn65lpwc 
XNR3D1           438     2680.560    1069.506    tcbn65lpwc 
XNR3D2             1        7.920       3.167    tcbn65lpwc 
XNR3D4             1       10.440       6.992    tcbn65lpwc 
XNR4D1           195     1755.000     593.238    tcbn65lpwc 
XOR2D1          1311     4719.600    2274.456    tcbn65lpwc 
XOR3D0             5       30.600       5.810    tcbn65lpwc 
XOR3D1           714     4369.680    1519.559    tcbn65lpwc 
XOR4D1             8       72.000      29.035    tcbn65lpwc 
------------------------------------------------------------
total         447375  1641592.066  568486.256               


                                              Leakage  Leakage 
     Type      Instances     Area    Area % Power (nW) Power % 
---------------------------------------------------------------
sequential         17264  127330.560    7.8  29165.092     5.1 
inverter           40926   53856.000    3.3  24769.241     4.4 
buffer             11891   26574.120    1.6  16107.448     2.8 
logic             377294 1433831.386   87.3 498444.475    87.7 
physical_cells         0       0.000    0.0      0.000     0.0 
---------------------------------------------------------------
total             447375 1641592.066  100.0 568486.256   100.0 

