============================================================
  Generated by:           Encounter(R) RTL Compiler RC14.28 - v14.20-s067_1
  Generated on:           Feb 25 2020  01:46:11 am
  Module:                 econV0
  Technology library:     NangateOpenCellLibrary revision 1.0
  Operating conditions:   typical 
  Interconnect mode:      global
  Area mode:              physical library
============================================================

                                                                             Pin                                                                                  Type     Fanout  Load  Slew Delay Arrival   
                                                                                                                                                                                   (fF)  (ps)  (ps)   (ps)    
--------------------------------------------------------------------------------------------------------------------------------------------------------------------------------------------------------------
(clock clk)                                                                                                                                                      launch                                   0 R 
econV0_core_inst/econV0_core_w2_rsci_inst/econV0_core_w2_rsci_w2_rsc_wait_dp_inst/w2_rsci_bcwt_reg/CK                                                                                       0             0 R 
econV0_core_inst/econV0_core_w2_rsci_inst/econV0_core_w2_rsci_w2_rsc_wait_dp_inst/w2_rsci_bcwt_reg/Q                                                             DFFR_X1        3   58.0  136  +232     232 R 
econV0_core_inst/econV0_core_w2_rsci_inst/econV0_core_w2_rsci_w2_rsc_wait_dp_inst/Fp13721A304940/A                                                                                               +0     232   
econV0_core_inst/econV0_core_w2_rsci_inst/econV0_core_w2_rsci_w2_rsc_wait_dp_inst/Fp13721A304940/ZN                                                              INV_X32      821 1796.1   77  +129     361 F 
econV0_core_inst/econV0_core_w2_rsci_inst/econV0_core_w2_rsci_w2_rsc_wait_dp_inst/Fp13721A303365/A                                                                                               +0     362   
econV0_core_inst/econV0_core_w2_rsci_inst/econV0_core_w2_rsci_w2_rsc_wait_dp_inst/Fp13721A303365/ZN                                                              INV_X32      855 1898.8  142  +191     553 R 
econV0_core_inst/econV0_core_w2_rsci_inst/econV0_core_w2_rsci_w2_rsc_wait_dp_inst/Fp13721A303240/A                                                                                               +0     553   
econV0_core_inst/econV0_core_w2_rsci_inst/econV0_core_w2_rsci_w2_rsc_wait_dp_inst/Fp13721A303240/ZN                                                              INV_X32      892 1798.8   79  +131     684 F 
econV0_core_inst/econV0_core_w2_rsci_inst/econV0_core_w2_rsci_w2_rsc_wait_dp_inst/Fp13721A304397/A                                                                                               +0     684   
econV0_core_inst/econV0_core_w2_rsci_inst/econV0_core_w2_rsci_w2_rsc_wait_dp_inst/Fp13721A304397/ZN                                                              INV_X16      433  951.5  140  +189     874 R 
econV0_core_inst/econV0_core_w2_rsci_inst/econV0_core_w2_rsci_w2_rsc_wait_dp_inst/Fp13721A302743/A                                                                                               +0     874   
econV0_core_inst/econV0_core_w2_rsci_inst/econV0_core_w2_rsci_w2_rsc_wait_dp_inst/Fp13721A302743/ZN                                                              INV_X32      907 1817.1   79  +131    1005 F 
econV0_core_inst/econV0_core_w2_rsci_inst/econV0_core_w2_rsci_w2_rsc_wait_dp_inst/p13997A288371/S                                                                                                +0    1005   
econV0_core_inst/econV0_core_w2_rsci_inst/econV0_core_w2_rsci_w2_rsc_wait_dp_inst/p13997A288371/Z                                                                MUX2_X1       21   49.8  117  +193    1198 R 
econV0_core_inst/econV0_core_w2_rsci_inst/econV0_core_w2_rsci_w2_rsc_wait_dp_inst/w2_rsci_idat_mxwt[477] 
econV0_core_inst/econV0_core_w2_rsci_inst/w2_rsci_idat_mxwt[477] 
econV0_core_inst/nnet_dense_large_input_t_layer2_t_config2_cmp/weights_rsc_dat[477] 
econV0_core_inst/nnet_dense_large_input_t_layer2_t_config2_cmp/nnet_dense_large_input_t_layer2_t_config2_core_inst/weights_rsc_dat[477] 
econV0_core_inst/nnet_dense_large_input_t_layer2_t_config2_cmp/nnet_dense_large_input_t_layer2_t_config2_core_inst/mul_6730_44/B[9] 
econV0_core_inst/nnet_dense_large_input_t_layer2_t_config2_cmp/nnet_dense_large_input_t_layer2_t_config2_core_inst/mul_6730_44/Fp14132A/A                                                        +0    1198   
econV0_core_inst/nnet_dense_large_input_t_layer2_t_config2_cmp/nnet_dense_large_input_t_layer2_t_config2_core_inst/mul_6730_44/Fp14132A/ZN                       INV_X1         3    9.3   33   +34    1232 F 
econV0_core_inst/nnet_dense_large_input_t_layer2_t_config2_cmp/nnet_dense_large_input_t_layer2_t_config2_core_inst/mul_6730_44/p14156A/B                                                         +0    1232   
econV0_core_inst/nnet_dense_large_input_t_layer2_t_config2_cmp/nnet_dense_large_input_t_layer2_t_config2_core_inst/mul_6730_44/p14156A/Z                         XOR2_X1        1    1.4   22   +40    1272 R 
econV0_core_inst/nnet_dense_large_input_t_layer2_t_config2_cmp/nnet_dense_large_input_t_layer2_t_config2_core_inst/mul_6730_44/p14163A/A2                                                        +0    1272   
econV0_core_inst/nnet_dense_large_input_t_layer2_t_config2_cmp/nnet_dense_large_input_t_layer2_t_config2_core_inst/mul_6730_44/p14163A/ZN                        AND2_X1       18   34.3   81  +115    1387 R 
econV0_core_inst/nnet_dense_large_input_t_layer2_t_config2_cmp/nnet_dense_large_input_t_layer2_t_config2_core_inst/mul_6730_44/p14268A12772/A1                                                   +0    1387   
econV0_core_inst/nnet_dense_large_input_t_layer2_t_config2_cmp/nnet_dense_large_input_t_layer2_t_config2_core_inst/mul_6730_44/p14268A12772/ZN                   AOI22_X1       1    3.1   28   +28    1415 F 
econV0_core_inst/nnet_dense_large_input_t_layer2_t_config2_cmp/nnet_dense_large_input_t_layer2_t_config2_core_inst/mul_6730_44/p14247A12742/CI                                                   +0    1415   
econV0_core_inst/nnet_dense_large_input_t_layer2_t_config2_cmp/nnet_dense_large_input_t_layer2_t_config2_core_inst/mul_6730_44/p14247A12742/CO                   FA_X1          1    4.0   16   +81    1496 F 
econV0_core_inst/nnet_dense_large_input_t_layer2_t_config2_cmp/nnet_dense_large_input_t_layer2_t_config2_core_inst/mul_6730_44/p14221A/A                                                         +0    1496   
econV0_core_inst/nnet_dense_large_input_t_layer2_t_config2_cmp/nnet_dense_large_input_t_layer2_t_config2_core_inst/mul_6730_44/p14221A/S                         FA_X1          1    3.2   14  +119    1615 R 
econV0_core_inst/nnet_dense_large_input_t_layer2_t_config2_cmp/nnet_dense_large_input_t_layer2_t_config2_core_inst/mul_6730_44/p14286A/CI                                                        +0    1615   
econV0_core_inst/nnet_dense_large_input_t_layer2_t_config2_cmp/nnet_dense_large_input_t_layer2_t_config2_core_inst/mul_6730_44/p14286A/S                         FA_X1          1    4.0   18   +96    1711 F 
econV0_core_inst/nnet_dense_large_input_t_layer2_t_config2_cmp/nnet_dense_large_input_t_layer2_t_config2_core_inst/mul_6730_44/p14307A/A                                                         +0    1711   
econV0_core_inst/nnet_dense_large_input_t_layer2_t_config2_cmp/nnet_dense_large_input_t_layer2_t_config2_core_inst/mul_6730_44/p14307A/CO                        FA_X1          1    3.1   15   +79    1790 F 
econV0_core_inst/nnet_dense_large_input_t_layer2_t_config2_cmp/nnet_dense_large_input_t_layer2_t_config2_core_inst/mul_6730_44/p14358A/CI                                                        +0    1790   
econV0_core_inst/nnet_dense_large_input_t_layer2_t_config2_cmp/nnet_dense_large_input_t_layer2_t_config2_core_inst/mul_6730_44/p14358A/CO                        FA_X1          1    3.1   15   +72    1863 F 
econV0_core_inst/nnet_dense_large_input_t_layer2_t_config2_cmp/nnet_dense_large_input_t_layer2_t_config2_core_inst/mul_6730_44/p14399A/CI                                                        +0    1863   
econV0_core_inst/nnet_dense_large_input_t_layer2_t_config2_cmp/nnet_dense_large_input_t_layer2_t_config2_core_inst/mul_6730_44/p14399A/CO                        FA_X1          1    3.1   15   +72    1935 F 
econV0_core_inst/nnet_dense_large_input_t_layer2_t_config2_cmp/nnet_dense_large_input_t_layer2_t_config2_core_inst/mul_6730_44/p14443A/CI                                                        +0    1935   
econV0_core_inst/nnet_dense_large_input_t_layer2_t_config2_cmp/nnet_dense_large_input_t_layer2_t_config2_core_inst/mul_6730_44/p14443A/CO                        FA_X1          1    3.1   15   +72    2008 F 
econV0_core_inst/nnet_dense_large_input_t_layer2_t_config2_cmp/nnet_dense_large_input_t_layer2_t_config2_core_inst/mul_6730_44/p14471A/CI                                                        +0    2008   
econV0_core_inst/nnet_dense_large_input_t_layer2_t_config2_cmp/nnet_dense_large_input_t_layer2_t_config2_core_inst/mul_6730_44/p14471A/CO                        FA_X1          1    3.1   15   +72    2080 F 
econV0_core_inst/nnet_dense_large_input_t_layer2_t_config2_cmp/nnet_dense_large_input_t_layer2_t_config2_core_inst/mul_6730_44/p14518A/CI                                                        +0    2080   
econV0_core_inst/nnet_dense_large_input_t_layer2_t_config2_cmp/nnet_dense_large_input_t_layer2_t_config2_core_inst/mul_6730_44/p14518A/CO                        FA_X1          1    3.1   15   +72    2153 F 
econV0_core_inst/nnet_dense_large_input_t_layer2_t_config2_cmp/nnet_dense_large_input_t_layer2_t_config2_core_inst/mul_6730_44/p14559A/CI                                                        +0    2153   
econV0_core_inst/nnet_dense_large_input_t_layer2_t_config2_cmp/nnet_dense_large_input_t_layer2_t_config2_core_inst/mul_6730_44/p14559A/CO                        FA_X1          1    3.1   15   +72    2225 F 
econV0_core_inst/nnet_dense_large_input_t_layer2_t_config2_cmp/nnet_dense_large_input_t_layer2_t_config2_core_inst/mul_6730_44/p14598A/CI                                                        +0    2225   
econV0_core_inst/nnet_dense_large_input_t_layer2_t_config2_cmp/nnet_dense_large_input_t_layer2_t_config2_core_inst/mul_6730_44/p14598A/CO                        FA_X1          1    3.1   15   +72    2298 F 
econV0_core_inst/nnet_dense_large_input_t_layer2_t_config2_cmp/nnet_dense_large_input_t_layer2_t_config2_core_inst/mul_6730_44/p14637A/CI                                                        +0    2298   
econV0_core_inst/nnet_dense_large_input_t_layer2_t_config2_cmp/nnet_dense_large_input_t_layer2_t_config2_core_inst/mul_6730_44/p14637A/S                         FA_X1          1    2.1   12  +113    2411 R 
econV0_core_inst/nnet_dense_large_input_t_layer2_t_config2_cmp/nnet_dense_large_input_t_layer2_t_config2_core_inst/mul_6730_44/Fp14701A/A                                                        +0    2411   
econV0_core_inst/nnet_dense_large_input_t_layer2_t_config2_cmp/nnet_dense_large_input_t_layer2_t_config2_core_inst/mul_6730_44/Fp14701A/ZN                       INV_X1         1    3.1    6   +10    2421 F 
econV0_core_inst/nnet_dense_large_input_t_layer2_t_config2_cmp/nnet_dense_large_input_t_layer2_t_config2_core_inst/mul_6730_44/Z[18] 
econV0_core_inst/nnet_dense_large_input_t_layer2_t_config2_cmp/nnet_dense_large_input_t_layer2_t_config2_core_inst/csa_tree_add_6940_55_groupi/in_34[8] 
econV0_core_inst/nnet_dense_large_input_t_layer2_t_config2_cmp/nnet_dense_large_input_t_layer2_t_config2_core_inst/csa_tree_add_6940_55_groupi/p14682A/CI                                        +0    2421   
econV0_core_inst/nnet_dense_large_input_t_layer2_t_config2_cmp/nnet_dense_large_input_t_layer2_t_config2_core_inst/csa_tree_add_6940_55_groupi/p14682A/S         FA_X1          1    3.1   16   +89    2510 F 
econV0_core_inst/nnet_dense_large_input_t_layer2_t_config2_cmp/nnet_dense_large_input_t_layer2_t_config2_core_inst/csa_tree_add_6940_55_groupi/p14691A39905/CI                                   +0    2510   
econV0_core_inst/nnet_dense_large_input_t_layer2_t_config2_cmp/nnet_dense_large_input_t_layer2_t_config2_core_inst/csa_tree_add_6940_55_groupi/p14691A39905/CO   FA_X1          1    3.8   16   +75    2585 F 
econV0_core_inst/nnet_dense_large_input_t_layer2_t_config2_cmp/nnet_dense_large_input_t_layer2_t_config2_core_inst/csa_tree_add_6940_55_groupi/p14718A/B                                         +0    2585   
econV0_core_inst/nnet_dense_large_input_t_layer2_t_config2_cmp/nnet_dense_large_input_t_layer2_t_config2_core_inst/csa_tree_add_6940_55_groupi/p14718A/S         FA_X1          1    3.9   16  +127    2712 R 
econV0_core_inst/nnet_dense_large_input_t_layer2_t_config2_cmp/nnet_dense_large_input_t_layer2_t_config2_core_inst/csa_tree_add_6940_55_groupi/p14752A/B                                         +0    2712   
econV0_core_inst/nnet_dense_large_input_t_layer2_t_config2_cmp/nnet_dense_large_input_t_layer2_t_config2_core_inst/csa_tree_add_6940_55_groupi/p14752A/S         FA_X1          1    3.1   16   +96    2809 F 
econV0_core_inst/nnet_dense_large_input_t_layer2_t_config2_cmp/nnet_dense_large_input_t_layer2_t_config2_core_inst/csa_tree_add_6940_55_groupi/p14768A/CI                                        +0    2809   
econV0_core_inst/nnet_dense_large_input_t_layer2_t_config2_cmp/nnet_dense_large_input_t_layer2_t_config2_core_inst/csa_tree_add_6940_55_groupi/p14768A/S         FA_X1          1    3.2   14  +116    2925 R 
econV0_core_inst/nnet_dense_large_input_t_layer2_t_config2_cmp/nnet_dense_large_input_t_layer2_t_config2_core_inst/csa_tree_add_6940_55_groupi/p14832A/CI                                        +0    2925   
econV0_core_inst/nnet_dense_large_input_t_layer2_t_config2_cmp/nnet_dense_large_input_t_layer2_t_config2_core_inst/csa_tree_add_6940_55_groupi/p14832A/S         FA_X1          1    3.1   16   +94    3019 F 
econV0_core_inst/nnet_dense_large_input_t_layer2_t_config2_cmp/nnet_dense_large_input_t_layer2_t_config2_core_inst/csa_tree_add_6940_55_groupi/p14854A/CI                                        +0    3019   
econV0_core_inst/nnet_dense_large_input_t_layer2_t_config2_cmp/nnet_dense_large_input_t_layer2_t_config2_core_inst/csa_tree_add_6940_55_groupi/p14854A/S         FA_X1          1    3.2   14  +116    3136 R 
econV0_core_inst/nnet_dense_large_input_t_layer2_t_config2_cmp/nnet_dense_large_input_t_layer2_t_config2_core_inst/csa_tree_add_6940_55_groupi/p14915A/CI                                        +0    3136   
econV0_core_inst/nnet_dense_large_input_t_layer2_t_config2_cmp/nnet_dense_large_input_t_layer2_t_config2_core_inst/csa_tree_add_6940_55_groupi/p14915A/S         FA_X1          1    4.0   18   +96    3232 F 
econV0_core_inst/nnet_dense_large_input_t_layer2_t_config2_cmp/nnet_dense_large_input_t_layer2_t_config2_core_inst/csa_tree_add_6940_55_groupi/p14967A40183/A                                    +0    3232   
econV0_core_inst/nnet_dense_large_input_t_layer2_t_config2_cmp/nnet_dense_large_input_t_layer2_t_config2_core_inst/csa_tree_add_6940_55_groupi/p14967A40183/CO   FA_X1          1    3.1   15   +79    3311 F 
econV0_core_inst/nnet_dense_large_input_t_layer2_t_config2_cmp/nnet_dense_large_input_t_layer2_t_config2_core_inst/csa_tree_add_6940_55_groupi/p14999A/CI                                        +0    3311   
econV0_core_inst/nnet_dense_large_input_t_layer2_t_config2_cmp/nnet_dense_large_input_t_layer2_t_config2_core_inst/csa_tree_add_6940_55_groupi/p14999A/CO        FA_X1          1    4.0   16   +75    3386 F 
econV0_core_inst/nnet_dense_large_input_t_layer2_t_config2_cmp/nnet_dense_large_input_t_layer2_t_config2_core_inst/csa_tree_add_6940_55_groupi/p15032A40182/A                                    +0    3386   
econV0_core_inst/nnet_dense_large_input_t_layer2_t_config2_cmp/nnet_dense_large_input_t_layer2_t_config2_core_inst/csa_tree_add_6940_55_groupi/p15032A40182/CO   FA_X1          1    3.1   15   +79    3465 F 
econV0_core_inst/nnet_dense_large_input_t_layer2_t_config2_cmp/nnet_dense_large_input_t_layer2_t_config2_core_inst/csa_tree_add_6940_55_groupi/p15060A40181/CI                                   +0    3465   
econV0_core_inst/nnet_dense_large_input_t_layer2_t_config2_cmp/nnet_dense_large_input_t_layer2_t_config2_core_inst/csa_tree_add_6940_55_groupi/p15060A40181/CO   FA_X1          1    3.1   15   +72    3538 F 
econV0_core_inst/nnet_dense_large_input_t_layer2_t_config2_cmp/nnet_dense_large_input_t_layer2_t_config2_core_inst/csa_tree_add_6940_55_groupi/p15100A40180/CI                                   +0    3538   
econV0_core_inst/nnet_dense_large_input_t_layer2_t_config2_cmp/nnet_dense_large_input_t_layer2_t_config2_core_inst/csa_tree_add_6940_55_groupi/p15100A40180/CO   FA_X1          1    3.1   15   +72    3610 F 
econV0_core_inst/nnet_dense_large_input_t_layer2_t_config2_cmp/nnet_dense_large_input_t_layer2_t_config2_core_inst/csa_tree_add_6940_55_groupi/p15152A40179/CI                                   +0    3610   
econV0_core_inst/nnet_dense_large_input_t_layer2_t_config2_cmp/nnet_dense_large_input_t_layer2_t_config2_core_inst/csa_tree_add_6940_55_groupi/p15152A40179/CO   FA_X1          1    3.1   15   +72    3682 F 
econV0_core_inst/nnet_dense_large_input_t_layer2_t_config2_cmp/nnet_dense_large_input_t_layer2_t_config2_core_inst/csa_tree_add_6940_55_groupi/p15194A/CI                                        +0    3682   
econV0_core_inst/nnet_dense_large_input_t_layer2_t_config2_cmp/nnet_dense_large_input_t_layer2_t_config2_core_inst/csa_tree_add_6940_55_groupi/p15194A/CO        FA_X1          1    4.0   16   +75    3758 F 
econV0_core_inst/nnet_dense_large_input_t_layer2_t_config2_cmp/nnet_dense_large_input_t_layer2_t_config2_core_inst/csa_tree_add_6940_55_groupi/p15237A40178/A                                    +0    3758   
econV0_core_inst/nnet_dense_large_input_t_layer2_t_config2_cmp/nnet_dense_large_input_t_layer2_t_config2_core_inst/csa_tree_add_6940_55_groupi/p15237A40178/CO   FA_X1          1    2.6   14   +78    3835 F 
econV0_core_inst/nnet_dense_large_input_t_layer2_t_config2_cmp/nnet_dense_large_input_t_layer2_t_config2_core_inst/csa_tree_add_6940_55_groupi/p15264A/A                                         +0    3835   
econV0_core_inst/nnet_dense_large_input_t_layer2_t_config2_cmp/nnet_dense_large_input_t_layer2_t_config2_core_inst/csa_tree_add_6940_55_groupi/p15264A/Z         XOR2_X1        1    1.3   11   +51    3886 F 
econV0_core_inst/nnet_dense_large_input_t_layer2_t_config2_cmp/nnet_dense_large_input_t_layer2_t_config2_core_inst/csa_tree_add_6940_55_groupi/out_0[17] 
econV0_core_inst/nnet_dense_large_input_t_layer2_t_config2_cmp/nnet_dense_large_input_t_layer2_t_config2_core_inst/p15270A1727/B                                                                 +0    3886   
econV0_core_inst/nnet_dense_large_input_t_layer2_t_config2_cmp/nnet_dense_large_input_t_layer2_t_config2_core_inst/p15270A1727/Z                                 MUX2_X1        1    1.3   11   +58    3944 F 
econV0_core_inst/nnet_dense_large_input_t_layer2_t_config2_cmp/nnet_dense_large_input_t_layer2_t_config2_core_inst/p15301A1312/A1                                                                +0    3944   
econV0_core_inst/nnet_dense_large_input_t_layer2_t_config2_cmp/nnet_dense_large_input_t_layer2_t_config2_core_inst/p15301A1312/ZN                                AND2_X1        1    1.5    7   +29    3973 F 
econV0_core_inst/nnet_dense_large_input_t_layer2_t_config2_cmp/nnet_dense_large_input_t_layer2_t_config2_core_inst/res_rsci_d_17_0_reg[17]/D                     DFF_X1                          +0    3973   
econV0_core_inst/nnet_dense_large_input_t_layer2_t_config2_cmp/nnet_dense_large_input_t_layer2_t_config2_core_inst/res_rsci_d_17_0_reg[17]/CK                    setup                      0   +39    4013 R 
- - - - - - - - - - - - - - - - - - - - - - - - - - - - - - - - - - - - - - - - - - - - - - - - - - - - - - - - - - - - - - - - - - - - - - - - - - - - - - - - - - - - - - - - - - - - - - - - - - - - - - - 
(clock clk)                                                                                                                                                      capture                              25000 R 
--------------------------------------------------------------------------------------------------------------------------------------------------------------------------------------------------------------
Cost Group   : 'C2C' (path_group 'C2C')
Timing slack :   20987ps 
Start-point  : econV0_core_inst/econV0_core_w2_rsci_inst/econV0_core_w2_rsci_w2_rsc_wait_dp_inst/w2_rsci_bcwt_reg/CK
End-point    : econV0_core_inst/nnet_dense_large_input_t_layer2_t_config2_cmp/nnet_dense_large_input_t_layer2_t_config2_core_inst/res_rsci_d_17_0_reg[17]/D
