============================================================
  Generated by:           Genus(TM) Synthesis Solution 16.24-s065_1
  Generated on:           Feb 25 2020  07:41:50 pm
  Module:                 econV0
  Technology libraries:   tcbn65lpwc 200
                          tpdn65lpnv2od3wc 200a
                          tpan65lpnv2od3wc 200a
  Operating conditions:   WCCOM (balanced_tree)
  Wireload mode:          segmented
  Area mode:              timing library
============================================================

                                     Leakage   
   Gate    Instances     Area      Power (nW)     Library    
-------------------------------------------------------------
AN2XD1          3664     7914.240     3077.735    tcbn65lpwc 
AN4XD1            47      135.360       28.949    tcbn65lpwc 
AO21D1          2498     6294.960     2336.970    tcbn65lpwc 
AO221D0         1885     6786.000      701.400    tcbn65lpwc 
AO221D2            1        4.320        1.813    tcbn65lpwc 
AO222D1          708     3058.560      680.775    tcbn65lpwc 
AO22D0         21560    62092.800     9665.073    tcbn65lpwc 
AO22D1           220      712.800      224.792    tcbn65lpwc 
AO33D1           478     1892.880      474.862    tcbn65lpwc 
AOI211D1           6       15.120        2.032    tcbn65lpwc 
AOI211XD0        535     1348.200      154.433    tcbn65lpwc 
AOI21D1         1412     3049.920      764.088    tcbn65lpwc 
AOI221D0       16064    46264.320     3901.964    tcbn65lpwc 
AOI222D0        2177     7837.200      480.541    tcbn65lpwc 
AOI22D1       164663   414950.760   101844.509    tcbn65lpwc 
AOI31D1           39       98.280       21.726    tcbn65lpwc 
AOI32D1          137      394.560       67.183    tcbn65lpwc 
AOI33D1          847     2744.280      411.179    tcbn65lpwc 
BUFFD1             1        1.440        0.580    tcbn65lpwc 
BUFFD16           97     1012.680      995.095    tcbn65lpwc 
BUFFD2         47407   102399.120    61191.675    tcbn65lpwc 
BUFFD3             1        2.520        1.797    tcbn65lpwc 
BUFFD4            18       58.320       49.442    tcbn65lpwc 
BUFFD6            11       47.520       41.457    tcbn65lpwc 
BUFFD8            11       63.360       57.942    tcbn65lpwc 
CKAN2D2            1        2.520        1.048    tcbn65lpwc 
CKBD1           9728    14008.320     6902.220    tcbn65lpwc 
CKBD4            111      359.640      256.072    tcbn65lpwc 
CKND0             74       79.920       10.064    tcbn65lpwc 
CKND1          59946    64741.680    19611.129    tcbn65lpwc 
CKND12            57      348.840      270.371    tcbn65lpwc 
CKND16           396     3136.320     2720.900    tcbn65lpwc 
CKND2           3386     4875.840     2394.402    tcbn65lpwc 
CKND2D1         7428    10696.320     2386.476    tcbn65lpwc 
CKND3             45       97.200       49.250    tcbn65lpwc 
CKND4            199      501.480      308.243    tcbn65lpwc 
CKND6            153      495.720      378.543    tcbn65lpwc 
CKND8             14       60.480       44.064    tcbn65lpwc 
CKXOR2D1           4       14.400        6.250    tcbn65lpwc 
CMPE42D1       62683  1038030.417   568895.372    tcbn65lpwc 
DEL005            29       62.640       25.676    tcbn65lpwc 
DEL1              49      299.880       44.367    tcbn65lpwc 
DEL4               3       33.480        2.945    tcbn65lpwc 
DFCNQD1            1        7.920        1.550    tcbn65lpwc 
DFD1               2       14.400        4.806    tcbn65lpwc 
DFD2               1        8.280        4.324    tcbn65lpwc 
DFD4               1       10.800        6.915    tcbn65lpwc 
DFKCNQD1       16993   122349.600    28621.619    tcbn65lpwc 
DFQD1          12089    82688.760    23130.372    tcbn65lpwc 
DFQD2            223     1605.600      515.494    tcbn65lpwc 
DFQD4              3       24.840       11.549    tcbn65lpwc 
EDFKCND1           2       20.880        4.860    tcbn65lpwc 
EDFKCND2           1       11.160        4.406    tcbn65lpwc 
EDFKCNQD1         92      927.360      189.872    tcbn65lpwc 
FA1D0          50165   451485.000   212589.400    tcbn65lpwc 
FCICIND1          65      304.200       82.533    tcbn65lpwc 
HA1D0          12351    71141.760    27134.112    tcbn65lpwc 
IAO21D0          344      866.880      135.591    tcbn65lpwc 
IAO21D1           66      166.320       41.431    tcbn65lpwc 
IAO22D1           16       51.840       13.257    tcbn65lpwc 
IND2D1          3296     7119.360     1713.926    tcbn65lpwc 
IND3D1             1        2.520        0.303    tcbn65lpwc 
INR2D1         10548    22783.680     5918.400    tcbn65lpwc 
INR2XD0         2241     4840.560     1060.318    tcbn65lpwc 
INR4D0           127      365.760       58.742    tcbn65lpwc 
INVD1          45681    49335.480    17648.282    tcbn65lpwc 
INVD12           212     1297.440     1223.443    tcbn65lpwc 
INVD16            95      752.400      736.481    tcbn65lpwc 
INVD2           1798     2589.120     1468.380    tcbn65lpwc 
INVD3            367      792.720      480.965    tcbn65lpwc 
INVD4            254      640.080      455.221    tcbn65lpwc 
INVD6             71      230.040      191.638    tcbn65lpwc 
INVD8            162      699.840      610.847    tcbn65lpwc 
IOA21D1           72      181.440       48.200    tcbn65lpwc 
MAOI222D0        238      685.440       56.814    tcbn65lpwc 
MAOI222D1       8683    25007.040     3997.135    tcbn65lpwc 
MAOI22D1       11002    31685.760    11587.298    tcbn65lpwc 
MOAI22D1       47501   136802.880    53961.302    tcbn65lpwc 
MUX2D0          1834     5942.160     1004.360    tcbn65lpwc 
MUX2D1           184      662.400      271.225    tcbn65lpwc 
MUX2ND0         1662     4786.560      929.232    tcbn65lpwc 
MUX3ND0            6       32.400       12.454    tcbn65lpwc 
MUX4ND0           33      249.480       58.981    tcbn65lpwc 
ND2D1           4580     6595.200     1742.599    tcbn65lpwc 
ND3D1            441      952.560      152.429    tcbn65lpwc 
ND4D1            535     1348.200       73.084    tcbn65lpwc 
NR2D1           3173     4569.120     1218.364    tcbn65lpwc 
NR2D2              1        2.520        0.658    tcbn65lpwc 
NR2XD0          8848    12741.120     2714.500    tcbn65lpwc 
NR2XD4             1        7.920        2.798    tcbn65lpwc 
NR3D0            524     1131.840      131.828    tcbn65lpwc 
NR3D1              9       29.160        4.421    tcbn65lpwc 
NR4D0             77      194.040       15.383    tcbn65lpwc 
OA211D1          227      653.760      172.891    tcbn65lpwc 
OA21D1           487     1227.240      491.263    tcbn65lpwc 
OA221D0         1619     5828.400      654.534    tcbn65lpwc 
OA222D1           36      155.520       41.909    tcbn65lpwc 
OA22D0          2861     8239.680     1260.848    tcbn65lpwc 
OA32D0            20       72.000        7.369    tcbn65lpwc 
OA33D1            26      102.960       25.559    tcbn65lpwc 
OAI211D1        1082     2726.640      649.466    tcbn65lpwc 
OAI21D1         5569    12029.040     2647.216    tcbn65lpwc 
OAI221D0       21122    60831.360     5986.404    tcbn65lpwc 
OAI221D1        4998    16193.520     2298.622    tcbn65lpwc 
OAI222D0        1311     4247.640      398.662    tcbn65lpwc 
OAI22D1       148201   373466.520    93143.446    tcbn65lpwc 
OAI31D1          830     2091.600      485.993    tcbn65lpwc 
OAI32D1          421     1212.480      223.843    tcbn65lpwc 
OAI33D1         1327     4299.480      725.407    tcbn65lpwc 
OR2D1             95      205.200       59.038    tcbn65lpwc 
OR2XD1            11       23.760       10.158    tcbn65lpwc 
OR3D1              2        5.040        1.337    tcbn65lpwc 
OR3D4              1        5.040        2.332    tcbn65lpwc 
OR4D1              7       20.160        4.009    tcbn65lpwc 
OR4XD1           627     1805.760      385.880    tcbn65lpwc 
XNR2D1           131      471.600      199.887    tcbn65lpwc 
XNR3D1            90      550.800      216.985    tcbn65lpwc 
XNR4D1          1905    17145.000     5580.088    tcbn65lpwc 
XOR2D1             6       21.600       10.163    tcbn65lpwc 
XOR3D1           173     1058.760      395.519    tcbn65lpwc 
XOR4D1           387     3483.000     1396.782    tcbn65lpwc 
-------------------------------------------------------------
total         849037  3381940.017  1311003.116               


                                              Leakage   Leakage 
     Type      Instances     Area    Area %  Power (nW) Power % 
----------------------------------------------------------------
sequential         29408  207669.600    6.1   52495.767     4.0 
inverter          112910  130674.600    3.9   48602.223     3.7 
buffer             57466  118348.920    3.5   69569.269     5.3 
logic             649253 2925246.897   86.5 1140335.856    87.0 
physical_cells         0       0.000    0.0       0.000     0.0 
----------------------------------------------------------------
total             849037 3381940.017  100.0 1311003.116   100.0 

