============================================================
  Generated by:           Genus(TM) Synthesis Solution 16.24-s065_1
  Generated on:           Feb 25 2020  05:44:06 pm
  Module:                 econV0
  Technology libraries:   tcbn65lpwc 200
                          tpdn65lpnv2od3wc 200a
                          tpan65lpnv2od3wc 200a
  Operating conditions:   WCCOM (balanced_tree)
  Wireload mode:          segmented
  Area mode:              timing library
============================================================

                                        Leakage  Leakage 
     Type      Instances  Area Area % Power (nW) Power % 
---------------------------------------------------------
sequential         29408 0.000    0.0 112870.492    19.8 
inverter              10 0.000    0.0      1.366     0.0 
logic            1353046 0.000    0.0 458461.767    80.2 
physical_cells         0 0.000    0.0      0.000     0.0 
---------------------------------------------------------
total            1382464 0.000    0.0 571333.625   100.0 

