============================================================
  Generated by:           Genus(TM) Synthesis Solution 16.24-s065_1
  Generated on:           Feb 25 2020  07:37:21 pm
  Module:                 econV0
  Technology libraries:   tcbn65lpwc 200
                          tpdn65lpnv2od3wc 200a
                          tpan65lpnv2od3wc 200a
  Operating conditions:   WCCOM (balanced_tree)
  Wireload mode:          segmented
  Area mode:              timing library
============================================================

Timing
--------

     Clock      Period 
-----------------------
clk            25000.0 
virtual_io_clk 20000.0 


     Cost        Critical         Violating 
     Group      Path Slack  TNS     Paths   
--------------------------------------------
clk                 8527.1   0.0          0 
default           No paths   0.0            
virtual_io_clk    No paths   0.0            
--------------------------------------------
Total                        0.0          0 

Instance Count
--------------
Leaf Instance Count             849037 
Physical Instance count              0 
Sequential Instance Count        29408 
Combinational Instance Count    819629 
Hierarchical Instance Count       2131 

Area
----
Cell Area                          3381940.017
Physical Cell Area                 0.000
Total Cell Area (Cell+Physical)    3381940.017
Net Area                           0.000
Total Area (Cell+Physical+Net)     3381940.017

Runtime                            5909.503821 seconds
Elapsed Runtime                    8906 seconds
Genus peak memory usage            5093.20 
Innovus peak memory usage          no_value 
Hostname                           nova.cs.northwestern.edu
