============================================================
  Generated by:           Encounter(R) RTL Compiler RC14.28 - v14.20-s067_1
  Generated on:           Mar 13 2020  06:03:05 pm
  Module:                 econ_4x4_d10
  Technology library:     NangateOpenCellLibrary revision 1.0
  Operating conditions:   typical 
  Interconnect mode:      global
  Area mode:              physical library
============================================================

                                  
   Gate    Instances     Area              Library          
------------------------------------------------------------
AND2_X1        62151    66128.664    NangateOpenCellLibrary 
AND2_X2          257      341.810    NangateOpenCellLibrary 
AND2_X4          642     1536.948    NangateOpenCellLibrary 
AND3_X1         1000     1330.000    NangateOpenCellLibrary 
AOI211_X1          5        6.650    NangateOpenCellLibrary 
AOI21_X1        7370     7841.680    NangateOpenCellLibrary 
AOI22_X1        7429     9880.570    NangateOpenCellLibrary 
BUF_X16          288     1915.200    NangateOpenCellLibrary 
BUF_X2             3        3.192    NangateOpenCellLibrary 
BUF_X32           96     1251.264    NangateOpenCellLibrary 
CLKBUF_X2          3        3.192    NangateOpenCellLibrary 
CLKBUF_X3        168      223.440    NangateOpenCellLibrary 
DFFR_X1            2       10.640    NangateOpenCellLibrary 
DFF_X1         12557    56782.754    NangateOpenCellLibrary 
FA_X1         172520   734245.120    NangateOpenCellLibrary 
HA_X1           6519    17340.540    NangateOpenCellLibrary 
INV_X1         62201    33090.932    NangateOpenCellLibrary 
INV_X16            8       36.176    NangateOpenCellLibrary 
INV_X2            28       22.344    NangateOpenCellLibrary 
INV_X32           43      377.454    NangateOpenCellLibrary 
INV_X4             9       11.970    NangateOpenCellLibrary 
INV_X8             8       19.152    NangateOpenCellLibrary 
MUX2_X1        23010    42844.620    NangateOpenCellLibrary 
MUX2_X2          468     1120.392    NangateOpenCellLibrary 
NAND2_X1      162829   129937.542    NangateOpenCellLibrary 
NAND2_X4        1095     2621.430    NangateOpenCellLibrary 
NAND3_X1           5        5.320    NangateOpenCellLibrary 
NAND4_X1           2        2.660    NangateOpenCellLibrary 
NOR2_X1         4718     3764.964    NangateOpenCellLibrary 
NOR3_X1            4        4.256    NangateOpenCellLibrary 
OAI211_X1       1281     1703.730    NangateOpenCellLibrary 
OAI21_X1        3682     3917.648    NangateOpenCellLibrary 
OAI221_X1       2399     3828.804    NangateOpenCellLibrary 
OAI22_X1        1281     1703.730    NangateOpenCellLibrary 
OR2_X1         14848    15798.272    NangateOpenCellLibrary 
OR2_X2           288      383.040    NangateOpenCellLibrary 
OR2_X4            96      229.824    NangateOpenCellLibrary 
OR3_X1          1283     1706.390    NangateOpenCellLibrary 
SDFF_X1            1        6.118    NangateOpenCellLibrary 
XNOR2_X1       17515    27953.940    NangateOpenCellLibrary 
XOR2_X1         9613    15342.348    NangateOpenCellLibrary 
------------------------------------------------------------
total         577725  1185274.720                           


                                        
   Type    Instances     Area    Area % 
----------------------------------------
sequential     12560   56799.512    4.8 
inverter       62297   33558.028    2.8 
buffer           558    3396.288    0.3 
logic         502310 1091520.892   92.1 
----------------------------------------
total         577725 1185274.720  100.0 

