============================================================
  Generated by:           Encounter(R) RTL Compiler RC14.28 - v14.20-s067_1
  Generated on:           Mar 13 2020  12:00:14 am
  Module:                 econ_4x4_d10
  Technology library:     NangateOpenCellLibrary revision 1.0
  Operating conditions:   typical 
  Interconnect mode:      global
  Area mode:              physical library
============================================================

Timing
--------

     Clock      Period 
-----------------------
clk            25000.0 
virtual_io_clk 25000.0 


     Cost        Critical       Violating 
     Group      Path Slack TNS    Paths   
------------------------------------------
C2C                24512.8   0          0 
C2O                24853.9   0          0 
clk               No paths   0            
default           No paths   0            
I2C                20604.5   0          0 
I2O               No paths   0            
virtual_io_clk    No paths   0            
------------------------------------------
Total                        0          0 

Instance Count
--------------
Leaf Instance Count             515913 
Sequential Instance Count           74 
Combinational Instance Count    515839 
Hierarchical Instance Count       3848 

Area
----
Cell Area                          1061500.930
Physical Cell Area                 0.000
Total Cell Area (Cell+Physical)    1061500.930
Net Area                           2202063.444
Total Area (Cell+Physical+Net)     3263564.374

Power
-----
Leakage Power                      21644735.679 nW
Dynamic Power                      541444467.448 nW
Total Power                        563089203.127 nW

Max Fanout                         520 (n_12586)
Min Fanout                         0 (b2_rsc_dat[56])
Average Fanout                     1.6
Terms to net ratio                 2.5
Terms to instance ratio            3.7
Runtime                            3044.317 seconds
Elapsed Runtime                    3118 seconds
RC peak memory usage:              3056.00 
EDI peak memory usage:             no_value 
Hostname                           fastml02.c.harrisgroup-223921.internal
