============================================================
  Generated by:           Encounter(R) RTL Compiler RC14.28 - v14.20-s067_1
  Generated on:           Mar 13 2020  06:01:00 pm
  Module:                 econ_4x4_d10
  Technology library:     NangateOpenCellLibrary revision 1.0
  Operating conditions:   typical 
  Interconnect mode:      global
  Area mode:              physical library
============================================================

                                                                   Pin                                                                         Type      Fanout  Load Slew Delay Arrival   
                                                                                                                                                                 (fF) (ps)  (ps)   (ps)    
-------------------------------------------------------------------------------------------------------------------------------------------------------------------------------------------
(clock clk)                                                                                                                                   launch                                   0 R 
econ_4x4_d10_core_inst/econ_4x4_d10_core_input_1_rsci_inst/econ_4x4_d10_core_input_1_rsci_input_1_rsc_wait_dp_inst/input_1_rsci_bcwt_reg/CK                              0             0 R 
econ_4x4_d10_core_inst/econ_4x4_d10_core_input_1_rsci_inst/econ_4x4_d10_core_input_1_rsci_input_1_rsc_wait_dp_inst/input_1_rsci_bcwt_reg/Q    DFF_X1         39  48.5  113  +194     194 R 
econ_4x4_d10_core_inst/econ_4x4_d10_core_input_1_rsci_inst/econ_4x4_d10_core_input_1_rsci_input_1_rsc_wait_dp_inst/Fp12363A7838/A                                             +0     194   
econ_4x4_d10_core_inst/econ_4x4_d10_core_input_1_rsci_inst/econ_4x4_d10_core_input_1_rsci_input_1_rsc_wait_dp_inst/Fp12363A7838/ZN            INV_X1         47  52.9   69  +114     309 F 
econ_4x4_d10_core_inst/econ_4x4_d10_core_input_1_rsci_inst/econ_4x4_d10_core_input_1_rsci_input_1_rsc_wait_dp_inst/Fp12363A7837/A                                             +0     309   
econ_4x4_d10_core_inst/econ_4x4_d10_core_input_1_rsci_inst/econ_4x4_d10_core_input_1_rsci_input_1_rsc_wait_dp_inst/Fp12363A7837/ZN            INV_X1         41  47.5  111  +154     462 R 
econ_4x4_d10_core_inst/econ_4x4_d10_core_input_1_rsci_inst/econ_4x4_d10_core_input_1_rsci_input_1_rsc_wait_dp_inst/Fp12363A7779/A                                             +0     462   
econ_4x4_d10_core_inst/econ_4x4_d10_core_input_1_rsci_inst/econ_4x4_d10_core_input_1_rsci_input_1_rsc_wait_dp_inst/Fp12363A7779/ZN            INV_X1         52  57.7   72  +121     583 F 
econ_4x4_d10_core_inst/econ_4x4_d10_core_input_1_rsci_inst/econ_4x4_d10_core_input_1_rsci_input_1_rsc_wait_dp_inst/Fp12363A7762/A                                             +0     583   
econ_4x4_d10_core_inst/econ_4x4_d10_core_input_1_rsci_inst/econ_4x4_d10_core_input_1_rsci_input_1_rsc_wait_dp_inst/Fp12363A7762/ZN            INV_X1         52  57.1  133  +178     761 R 
econ_4x4_d10_core_inst/econ_4x4_d10_core_input_1_rsci_inst/econ_4x4_d10_core_input_1_rsci_input_1_rsc_wait_dp_inst/p12634A/A1                                                 +0     761   
econ_4x4_d10_core_inst/econ_4x4_d10_core_input_1_rsci_inst/econ_4x4_d10_core_input_1_rsci_input_1_rsc_wait_dp_inst/p12634A/ZN                 AND2_X1         1   2.1   13   +53     814 R 
econ_4x4_d10_core_inst/econ_4x4_d10_core_input_1_rsci_inst/econ_4x4_d10_core_input_1_rsci_input_1_rsc_wait_dp_inst/p12636D/A1                                                 +0     814   
econ_4x4_d10_core_inst/econ_4x4_d10_core_input_1_rsci_inst/econ_4x4_d10_core_input_1_rsci_input_1_rsc_wait_dp_inst/p12636D/ZN                 OR2_X2          1  12.8   18   +36     850 R 
econ_4x4_d10_core_inst/econ_4x4_d10_core_input_1_rsci_inst/econ_4x4_d10_core_input_1_rsci_input_1_rsc_wait_dp_inst/drc_bufs8369/A                                             +0     850   
econ_4x4_d10_core_inst/econ_4x4_d10_core_input_1_rsci_inst/econ_4x4_d10_core_input_1_rsci_input_1_rsc_wait_dp_inst/drc_bufs8369/Z             BUF_X16       202 365.1   56   +77     927 R 
econ_4x4_d10_core_inst/econ_4x4_d10_core_input_1_rsci_inst/econ_4x4_d10_core_input_1_rsci_input_1_rsc_wait_dp_inst/input_1_rsci_idat_mxwt[43] 
econ_4x4_d10_core_inst/econ_4x4_d10_core_input_1_rsci_inst/input_1_rsci_idat_mxwt[43] 
econ_4x4_d10_core_inst/mul_30426_50/A[3] 
econ_4x4_d10_core_inst/mul_30426_50/drc_bufs2691/A                                                                                                                            +0     927   
econ_4x4_d10_core_inst/mul_30426_50/drc_bufs2691/ZN                                                                                           INV_X1          1   1.9   13   +10     937 F 
econ_4x4_d10_core_inst/mul_30426_50/drc_bufs/A                                                                                                                                +0     937   
econ_4x4_d10_core_inst/mul_30426_50/drc_bufs/ZN                                                                                               INV_X1          8  14.7   36   +46     984 R 
econ_4x4_d10_core_inst/mul_30426_50/p13088A/A2                                                                                                                                +0     984   
econ_4x4_d10_core_inst/mul_30426_50/p13088A/ZN                                                                                                NAND2_X1        1   4.0   28   +25    1008 F 
econ_4x4_d10_core_inst/mul_30426_50/p13081A/A                                                                                                                                 +0    1008   
econ_4x4_d10_core_inst/mul_30426_50/p13081A/S                                                                                                 FA_X1           1   3.1   16  +108    1116 F 
econ_4x4_d10_core_inst/mul_30426_50/p13096A/CI                                                                                                                                +0    1116   
econ_4x4_d10_core_inst/mul_30426_50/p13096A/S                                                                                                 FA_X1           1   3.2   14  +116    1232 R 
econ_4x4_d10_core_inst/mul_30426_50/p13161A/CI                                                                                                                                +0    1232   
econ_4x4_d10_core_inst/mul_30426_50/p13161A/S                                                                                                 FA_X1           2   3.5   17   +95    1327 F 
econ_4x4_d10_core_inst/mul_30426_50/p13216A/A1                                                                                                                                +0    1327   
econ_4x4_d10_core_inst/mul_30426_50/p13216A/ZN                                                                                                AOI22_X1        1   2.0   26   +36    1363 R 
econ_4x4_d10_core_inst/mul_30426_50/p13221A/B1                                                                                                                                +0    1363   
econ_4x4_d10_core_inst/mul_30426_50/p13221A/ZN                                                                                                AOI21_X1        1   3.1   13   +22    1385 F 
econ_4x4_d10_core_inst/mul_30426_50/p13220A/CI                                                                                                                                +0    1385   
econ_4x4_d10_core_inst/mul_30426_50/p13220A/CO                                                                                                FA_X1           1   3.1   15   +72    1456 F 
econ_4x4_d10_core_inst/mul_30426_50/p13241A/CI                                                                                                                                +0    1456   
econ_4x4_d10_core_inst/mul_30426_50/p13241A/CO                                                                                                FA_X1           1   3.1   15   +72    1529 F 
econ_4x4_d10_core_inst/mul_30426_50/p13299A/CI                                                                                                                                +0    1529   
econ_4x4_d10_core_inst/mul_30426_50/p13299A/CO                                                                                                FA_X1           1   3.1   15   +72    1601 F 
econ_4x4_d10_core_inst/mul_30426_50/p13335A/CI                                                                                                                                +0    1601   
econ_4x4_d10_core_inst/mul_30426_50/p13335A/CO                                                                                                FA_X1           1   3.1   15   +72    1674 F 
econ_4x4_d10_core_inst/mul_30426_50/p13366A/CI                                                                                                                                +0    1674   
econ_4x4_d10_core_inst/mul_30426_50/p13366A/CO                                                                                                FA_X1           1   3.1   15   +72    1746 F 
econ_4x4_d10_core_inst/mul_30426_50/p13402A/CI                                                                                                                                +0    1746   
econ_4x4_d10_core_inst/mul_30426_50/p13402A/S                                                                                                 FA_X1           1   2.1   12  +113    1859 R 
econ_4x4_d10_core_inst/mul_30426_50/Fp13465A/A                                                                                                                                +0    1859   
econ_4x4_d10_core_inst/mul_30426_50/Fp13465A/ZN                                                                                               INV_X1          1   4.0    7   +12    1871 F 
econ_4x4_d10_core_inst/mul_30426_50/Z[12] 
econ_4x4_d10_core_inst/csa_tree_add_30454_7_groupi/in_0[5] 
econ_4x4_d10_core_inst/csa_tree_add_30454_7_groupi/p13474A9617/A                                                                                                              +0    1871   
econ_4x4_d10_core_inst/csa_tree_add_30454_7_groupi/p13474A9617/S                                                                              FA_X1           1   3.9   16  +116    1988 R 
econ_4x4_d10_core_inst/csa_tree_add_30454_7_groupi/p13510A/B                                                                                                                  +0    1988   
econ_4x4_d10_core_inst/csa_tree_add_30454_7_groupi/p13510A/S                                                                                  FA_X1           1   3.8   17   +98    2086 F 
econ_4x4_d10_core_inst/csa_tree_add_30454_7_groupi/p13527A/B                                                                                                                  +0    2086   
econ_4x4_d10_core_inst/csa_tree_add_30454_7_groupi/p13527A/S                                                                                  FA_X1           1   3.2   14  +126    2212 R 
econ_4x4_d10_core_inst/csa_tree_add_30454_7_groupi/p13575A/CI                                                                                                                 +0    2212   
econ_4x4_d10_core_inst/csa_tree_add_30454_7_groupi/p13575A/S                                                                                  FA_X1           1   4.0   18   +96    2308 F 
econ_4x4_d10_core_inst/csa_tree_add_30454_7_groupi/p13617A/A                                                                                                                  +0    2308   
econ_4x4_d10_core_inst/csa_tree_add_30454_7_groupi/p13617A/S                                                                                  FA_X1           1   2.1   12  +116    2424 R 
econ_4x4_d10_core_inst/csa_tree_add_30454_7_groupi/Fp13669A/A                                                                                                                 +0    2424   
econ_4x4_d10_core_inst/csa_tree_add_30454_7_groupi/Fp13669A/ZN                                                                                INV_X1          1   4.0    7   +12    2436 F 
econ_4x4_d10_core_inst/csa_tree_add_30454_7_groupi/p13670A/A                                                                                                                  +0    2436   
econ_4x4_d10_core_inst/csa_tree_add_30454_7_groupi/p13670A/CO                                                                                 FA_X1           1   3.1   15   +76    2512 F 
econ_4x4_d10_core_inst/csa_tree_add_30454_7_groupi/p13700A/CI                                                                                                                 +0    2512   
econ_4x4_d10_core_inst/csa_tree_add_30454_7_groupi/p13700A/CO                                                                                 FA_X1           1   2.6   14   +71    2583 F 
econ_4x4_d10_core_inst/csa_tree_add_30454_7_groupi/p13730A/A                                                                                                                  +0    2583   
econ_4x4_d10_core_inst/csa_tree_add_30454_7_groupi/p13730A/Z                                                                                  XOR2_X1         1   1.9   12   +53    2635 F 
econ_4x4_d10_core_inst/csa_tree_add_30454_7_groupi/out_0[7] 
econ_4x4_d10_core_inst/Fp13703A/A                                                                                                                                             +0    2635   
econ_4x4_d10_core_inst/Fp13703A/ZN                                                                                                            INV_X1          7  21.0   50   +61    2696 R 
econ_4x4_d10_core_inst/p13734A/A1                                                                                                                                             +0    2696   
econ_4x4_d10_core_inst/p13734A/ZN                                                                                                             AND2_X2        70 118.8  139  +181    2877 R 
econ_4x4_d10_core_inst/mul_19118_7/A[0] 
econ_4x4_d10_core_inst/mul_19118_7/p13885A/A1                                                                                                                                 +0    2877   
econ_4x4_d10_core_inst/mul_19118_7/p13885A/ZN                                                                                                 NAND2_X1        2   3.9   34   +32    2909 F 
econ_4x4_d10_core_inst/mul_19118_7/p13881A/B                                                                                                                                  +0    2909   
econ_4x4_d10_core_inst/mul_19118_7/p13881A/ZN                                                                                                 XNOR2_X1        1   3.2   27   +49    2958 R 
econ_4x4_d10_core_inst/mul_19118_7/p13875A/CI                                                                                                                                 +0    2958   
econ_4x4_d10_core_inst/mul_19118_7/p13875A/S                                                                                                  FA_X1           2   3.5   17   +99    3058 F 
econ_4x4_d10_core_inst/mul_19118_7/p13933A/A1                                                                                                                                 +0    3058   
econ_4x4_d10_core_inst/mul_19118_7/p13933A/ZN                                                                                                 AOI22_X1        1   2.0   26   +36    3094 R 
econ_4x4_d10_core_inst/mul_19118_7/p13940A/A                                                                                                                                  +0    3094   
econ_4x4_d10_core_inst/mul_19118_7/p13940A/ZN                                                                                                 OAI211_X1       1   1.9   37   +32    3126 F 
econ_4x4_d10_core_inst/mul_19118_7/p13966A/A1                                                                                                                                 +0    3126   
econ_4x4_d10_core_inst/mul_19118_7/p13966A/ZN                                                                                                 OAI22_X1        2   3.9   40   +51    3177 R 
econ_4x4_d10_core_inst/mul_19118_7/Fp13977A/A                                                                                                                                 +0    3177   
econ_4x4_d10_core_inst/mul_19118_7/Fp13977A/ZN                                                                                                INV_X1          1   1.8   10   +10    3187 F 
econ_4x4_d10_core_inst/mul_19118_7/p13986A/B1                                                                                                                                 +0    3187   
econ_4x4_d10_core_inst/mul_19118_7/p13986A/ZN                                                                                                 AOI21_X1        1   2.0   23   +28    3215 R 
econ_4x4_d10_core_inst/mul_19118_7/p13987A2391/A                                                                                                                              +0    3215   
econ_4x4_d10_core_inst/mul_19118_7/p13987A2391/ZN                                                                                             AOI21_X1        1   1.9   14   +17    3232 F 
econ_4x4_d10_core_inst/mul_19118_7/p13998A/A                                                                                                                                  +0    3232   
econ_4x4_d10_core_inst/mul_19118_7/p13998A/ZN                                                                                                 OAI21_X1        1   2.1   20   +24    3256 R 
econ_4x4_d10_core_inst/mul_19118_7/p13999A/B2                                                                                                                                 +0    3256   
econ_4x4_d10_core_inst/mul_19118_7/p13999A/ZN                                                                                                 AOI21_X1        1   3.1   13   +21    3276 F 
econ_4x4_d10_core_inst/mul_19118_7/p13987A/CI                                                                                                                                 +0    3276   
econ_4x4_d10_core_inst/mul_19118_7/p13987A/CO                                                                                                 FA_X1           1   3.1   15   +72    3348 F 
econ_4x4_d10_core_inst/mul_19118_7/p14028A/CI                                                                                                                                 +0    3348   
econ_4x4_d10_core_inst/mul_19118_7/p14028A/CO                                                                                                 FA_X1           1   3.1   15   +72    3420 F 
econ_4x4_d10_core_inst/mul_19118_7/p14088A/CI                                                                                                                                 +0    3420   
econ_4x4_d10_core_inst/mul_19118_7/p14088A/CO                                                                                                 FA_X1           1   3.1   15   +72    3493 F 
econ_4x4_d10_core_inst/mul_19118_7/p14117A/CI                                                                                                                                 +0    3493   
econ_4x4_d10_core_inst/mul_19118_7/p14117A/CO                                                                                                 FA_X1           1   3.1   15   +72    3565 F 
econ_4x4_d10_core_inst/mul_19118_7/p14175A/CI                                                                                                                                 +0    3565   
econ_4x4_d10_core_inst/mul_19118_7/p14175A/CO                                                                                                 FA_X1           1   3.1   15   +72    3638 F 
econ_4x4_d10_core_inst/mul_19118_7/p14198A/CI                                                                                                                                 +0    3638   
econ_4x4_d10_core_inst/mul_19118_7/p14198A/S                                                                                                  FA_X1           1   2.1   12  +113    3751 R 
econ_4x4_d10_core_inst/mul_19118_7/Fp14266A/A                                                                                                                                 +0    3751   
econ_4x4_d10_core_inst/mul_19118_7/Fp14266A/ZN                                                                                                INV_X1          1   3.1    6   +10    3761 F 
econ_4x4_d10_core_inst/mul_19118_7/Z[12] 
econ_4x4_d10_core_inst/csa_tree_add_19689_7_groupi/in_76[5] 
econ_4x4_d10_core_inst/csa_tree_add_19689_7_groupi/p14296A/CI                                                                                                                 +0    3761   
econ_4x4_d10_core_inst/csa_tree_add_19689_7_groupi/p14296A/S                                                                                  FA_X1           1   3.9   16  +114    3876 R 
econ_4x4_d10_core_inst/csa_tree_add_19689_7_groupi/p14343A48581/B                                                                                                             +0    3876   
econ_4x4_d10_core_inst/csa_tree_add_19689_7_groupi/p14343A48581/S                                                                             FA_X1           1   3.8   17   +98    3974 F 
econ_4x4_d10_core_inst/csa_tree_add_19689_7_groupi/p14355A/B                                                                                                                  +0    3974   
econ_4x4_d10_core_inst/csa_tree_add_19689_7_groupi/p14355A/CO                                                                                 FA_X1           1   4.0   16   +85    4059 F 
econ_4x4_d10_core_inst/csa_tree_add_19689_7_groupi/p14393A/A                                                                                                                  +0    4059   
econ_4x4_d10_core_inst/csa_tree_add_19689_7_groupi/p14393A/S                                                                                  FA_X1           1   4.0   18  +106    4165 F 
econ_4x4_d10_core_inst/csa_tree_add_19689_7_groupi/p14419A/A                                                                                                                  +0    4165   
econ_4x4_d10_core_inst/csa_tree_add_19689_7_groupi/p14419A/S                                                                                  FA_X1           1   2.1   12  +116    4281 R 
econ_4x4_d10_core_inst/csa_tree_add_19689_7_groupi/Fp14452A/A                                                                                                                 +0    4281   
econ_4x4_d10_core_inst/csa_tree_add_19689_7_groupi/Fp14452A/ZN                                                                                INV_X1          1   4.0    7   +12    4293 F 
econ_4x4_d10_core_inst/csa_tree_add_19689_7_groupi/p14454A/A                                                                                                                  +0    4293   
econ_4x4_d10_core_inst/csa_tree_add_19689_7_groupi/p14454A/S                                                                                  FA_X1           1   3.2   14  +114    4408 R 
econ_4x4_d10_core_inst/csa_tree_add_19689_7_groupi/p14474A/CI                                                                                                                 +0    4408   
econ_4x4_d10_core_inst/csa_tree_add_19689_7_groupi/p14474A/S                                                                                  FA_X1           1   3.1   16   +94    4502 F 
econ_4x4_d10_core_inst/csa_tree_add_19689_7_groupi/p14537A/CI                                                                                                                 +0    4502   
econ_4x4_d10_core_inst/csa_tree_add_19689_7_groupi/p14537A/S                                                                                  FA_X1           1   4.1   16  +119    4620 R 
econ_4x4_d10_core_inst/csa_tree_add_19689_7_groupi/p14550A/A                                                                                                                  +0    4620   
econ_4x4_d10_core_inst/csa_tree_add_19689_7_groupi/p14550A/S                                                                                  FA_X1           1   3.1   16   +90    4710 F 
econ_4x4_d10_core_inst/csa_tree_add_19689_7_groupi/p14563A/CI                                                                                                                 +0    4710   
econ_4x4_d10_core_inst/csa_tree_add_19689_7_groupi/p14563A/S                                                                                  FA_X1           1   2.1   12  +114    4824 R 
econ_4x4_d10_core_inst/csa_tree_add_19689_7_groupi/Fp14631A/A                                                                                                                 +0    4824   
econ_4x4_d10_core_inst/csa_tree_add_19689_7_groupi/Fp14631A/ZN                                                                                INV_X1          1   4.0    7   +12    4836 F 
econ_4x4_d10_core_inst/csa_tree_add_19689_7_groupi/p14636A/A                                                                                                                  +0    4836   
econ_4x4_d10_core_inst/csa_tree_add_19689_7_groupi/p14636A/CO                                                                                 FA_X1           1   2.6   14   +74    4910 F 
econ_4x4_d10_core_inst/csa_tree_add_19689_7_groupi/p14674A/A                                                                                                                  +0    4910   
econ_4x4_d10_core_inst/csa_tree_add_19689_7_groupi/p14674A/Z                                                                                  XOR2_X1         1   1.8   11   +52    4963 F 
econ_4x4_d10_core_inst/csa_tree_add_19689_7_groupi/out_0[7] 
econ_4x4_d10_core_inst/p14689A7173/A1                                                                                                                                         +0    4963   
econ_4x4_d10_core_inst/p14689A7173/ZN                                                                                                         NOR2_X1         7  13.5   70   +84    5047 R 
econ_4x4_d10_core_inst/p14744A7162/A1                                                                                                                                         +0    5047   
econ_4x4_d10_core_inst/p14744A7162/ZN                                                                                                         AOI22_X1        1   1.9   26   +22    5069 F 
econ_4x4_d10_core_inst/Fp14732A7127/A                                                                                                                                         +0    5069   
econ_4x4_d10_core_inst/Fp14732A7127/ZN                                                                                                        INV_X1          1   1.5   10   +18    5088 R 
econ_4x4_d10_core_inst/layer5_out_rsci_idat_38_32_reg[1]/D                                                                                    DFF_X1                          +0    5088   
econ_4x4_d10_core_inst/layer5_out_rsci_idat_38_32_reg[1]/CK                                                                                   setup                      0   +32    5120 R 
- - - - - - - - - - - - - - - - - - - - - - - - - - - - - - - - - - - - - - - - - - - - - - - - - - - - - - - - - - - - - - - - - - - - - - - - - - - - - - - - - - - - - - - - - - - - - -
(clock clk)                                                                                                                                   capture                              25000 R 
-------------------------------------------------------------------------------------------------------------------------------------------------------------------------------------------
Cost Group   : 'C2C' (path_group 'C2C')
Timing slack :   19880ps 
Start-point  : econ_4x4_d10_core_inst/econ_4x4_d10_core_input_1_rsci_inst/econ_4x4_d10_core_input_1_rsci_input_1_rsc_wait_dp_inst/input_1_rsci_bcwt_reg/CK
End-point    : econ_4x4_d10_core_inst/layer5_out_rsci_idat_38_32_reg[1]/D
