============================================================
  Generated by:           Genus(TM) Synthesis Solution 16.24-s065_1
  Generated on:           Feb 25 2020  07:09:49 pm
  Module:                 econV0
  Technology libraries:   tcbn65lpwc 200
                          tpdn65lpnv2od3wc 200a
                          tpan65lpnv2od3wc 200a
  Operating conditions:   WCCOM (balanced_tree)
  Wireload mode:          segmented
  Area mode:              timing library
============================================================

                                     Leakage   
   Gate    Instances     Area      Power (nW)     Library    
-------------------------------------------------------------
AN2XD1          3664     7914.240     3067.914    tcbn65lpwc 
AN3XD1            47      118.440       42.882    tcbn65lpwc 
AN4XD1            47      135.360       29.078    tcbn65lpwc 
AO21D1          2499     6297.480     2338.923    tcbn65lpwc 
AO221D0         2006     7221.600      745.992    tcbn65lpwc 
AO221D2            1        4.320        1.873    tcbn65lpwc 
AO222D1          714     3084.480      687.897    tcbn65lpwc 
AO22D0         20872    60111.360     9394.378    tcbn65lpwc 
AO22D1           908     2941.920      929.496    tcbn65lpwc 
AO33D1           478     1892.880      475.077    tcbn65lpwc 
AOI211D1           6       15.120        2.008    tcbn65lpwc 
AOI211XD0        535     1348.200      155.275    tcbn65lpwc 
AOI21D1         1412     3049.920      764.674    tcbn65lpwc 
AOI221D0       16064    46264.320     3906.819    tcbn65lpwc 
AOI222D0        2177     7837.200      479.098    tcbn65lpwc 
AOI22D1       164663   414950.760   101709.435    tcbn65lpwc 
AOI31D1           39       98.280       21.676    tcbn65lpwc 
AOI32D1          137      394.560       67.247    tcbn65lpwc 
AOI33D1          847     2744.280      410.226    tcbn65lpwc 
BUFFD1             1        1.440        0.574    tcbn65lpwc 
BUFFD12            1        7.920        7.710    tcbn65lpwc 
BUFFD16           67      699.480      686.031    tcbn65lpwc 
BUFFD2            61      131.760       79.605    tcbn65lpwc 
BUFFD3            11       27.720       19.765    tcbn65lpwc 
BUFFD4            10       32.400       27.482    tcbn65lpwc 
BUFFD6             1        4.320        3.755    tcbn65lpwc 
CKAN2D2            1        2.520        1.037    tcbn65lpwc 
CKBD1            639      920.160      453.384    tcbn65lpwc 
CKND1          58296    62959.680    19034.528    tcbn65lpwc 
CKND12            18      110.160       89.447    tcbn65lpwc 
CKND16            76      601.920      524.976    tcbn65lpwc 
CKND2             18       25.920       12.577    tcbn65lpwc 
CKND2D1         7428    10696.320     2374.412    tcbn65lpwc 
CKND2D8            1        7.920        2.878    tcbn65lpwc 
CKND4              1        2.520        1.499    tcbn65lpwc 
CKND6              7       22.680       16.680    tcbn65lpwc 
CKND8              1        4.320        2.942    tcbn65lpwc 
CKXOR2D1          84      302.400      129.805    tcbn65lpwc 
CMPE42D1       56619   937610.583   513831.146    tcbn65lpwc 
DEL005             8       17.280        7.143    tcbn65lpwc 
DEL1              51      312.120       46.414    tcbn65lpwc 
DFCNQD1           51      403.920       86.008    tcbn65lpwc 
DFKCNQD1       16993   122349.600    28626.769    tcbn65lpwc 
DFQD1          11759    80431.560    22513.659    tcbn65lpwc 
DFQD2            480     3456.000     1109.432    tcbn65lpwc 
DFSNQD2           30      270.000      104.454    tcbn65lpwc 
EDFKCND1           2       20.880        4.903    tcbn65lpwc 
EDFKCNQD1         93      937.440      192.267    tcbn65lpwc 
FA1D0          62223   560007.000   263654.976    tcbn65lpwc 
FCICIND1          17       79.560       21.599    tcbn65lpwc 
HA1D0          12351    71141.760    27133.262    tcbn65lpwc 
IAO21D0          453     1141.560      180.537    tcbn65lpwc 
IAO21D1           78      196.560       50.691    tcbn65lpwc 
IAO22D1           16       51.840       13.266    tcbn65lpwc 
IND2D1          3295     7117.200     1714.994    tcbn65lpwc 
IND3D1             1        2.520        0.277    tcbn65lpwc 
INR2D1           408      881.280      226.039    tcbn65lpwc 
INR2XD0         2241     4840.560     1061.230    tcbn65lpwc 
INR4D0           127      365.760       58.776    tcbn65lpwc 
INVD1          31800    34344.000    12271.786    tcbn65lpwc 
INVD12           362     2215.440     2088.765    tcbn65lpwc 
INVD16             7       55.440       54.595    tcbn65lpwc 
INVD2           9995    14392.800     8192.735    tcbn65lpwc 
INVD3             18       38.880       24.353    tcbn65lpwc 
INVD4             12       30.240       21.350    tcbn65lpwc 
INVD6             20       64.800       54.643    tcbn65lpwc 
INVD8             47      203.040      177.234    tcbn65lpwc 
IOA21D1           72      181.440       48.176    tcbn65lpwc 
MAOI222D0        250      720.000       59.547    tcbn65lpwc 
MAOI222D1       8499    24477.120     3925.305    tcbn65lpwc 
MAOI22D1       11481    33065.280    12127.122    tcbn65lpwc 
MOAI22D1       50314   144904.320    57144.886    tcbn65lpwc 
MUX2D0           497     1610.280      274.394    tcbn65lpwc 
MUX2D1          1519     5468.400     2224.547    tcbn65lpwc 
MUX2D2             2        7.920        3.925    tcbn65lpwc 
MUX2ND0         1650     4752.000      923.303    tcbn65lpwc 
MUX3ND0            6       32.400       12.371    tcbn65lpwc 
MUX4ND0           33      249.480       58.777    tcbn65lpwc 
ND2D1           4580     6595.200     1734.458    tcbn65lpwc 
ND3D1            441      952.560      152.910    tcbn65lpwc 
ND4D1            535     1348.200       73.567    tcbn65lpwc 
NR2D1           2823     4065.120     1090.369    tcbn65lpwc 
NR2D2              1        2.520        0.600    tcbn65lpwc 
NR2XD0         10074    14506.560     3103.761    tcbn65lpwc 
NR2XD1          8821    22228.920     5795.917    tcbn65lpwc 
NR2XD2           443     1913.760      596.076    tcbn65lpwc 
NR2XD4             1        7.920        2.735    tcbn65lpwc 
NR3D0            524     1131.840      131.488    tcbn65lpwc 
NR3D1              9       29.160        4.406    tcbn65lpwc 
NR4D0             77      194.040       15.252    tcbn65lpwc 
OA211D1          227      653.760      173.901    tcbn65lpwc 
OA21D1           486     1224.720      490.651    tcbn65lpwc 
OA221D0         1620     5832.000      654.642    tcbn65lpwc 
OA222D1           36      155.520       42.078    tcbn65lpwc 
OA22D0          2861     8239.680     1260.074    tcbn65lpwc 
OA32D0            20       72.000        7.343    tcbn65lpwc 
OA33D1            26      102.960       25.539    tcbn65lpwc 
OAI211D1        1082     2726.640      640.413    tcbn65lpwc 
OAI21D1         5696    12303.360     2723.339    tcbn65lpwc 
OAI221D0       21122    60831.360     5987.408    tcbn65lpwc 
OAI221D1        4998    16193.520     2297.387    tcbn65lpwc 
OAI222D0        1311     4247.640      398.184    tcbn65lpwc 
OAI22D1       148248   373584.960    93131.416    tcbn65lpwc 
OAI31D1          830     2091.600      496.521    tcbn65lpwc 
OAI32D1          421     1212.480      224.015    tcbn65lpwc 
OAI33D1         1327     4299.480      726.117    tcbn65lpwc 
OR2D1            101      218.160       62.834    tcbn65lpwc 
OR2XD1            11       23.760       10.135    tcbn65lpwc 
OR3D1              3        7.560        1.981    tcbn65lpwc 
OR4D1              7       20.160        3.980    tcbn65lpwc 
OR4XD1           627     1805.760      386.026    tcbn65lpwc 
XNR2D1           814     2930.400     1234.372    tcbn65lpwc 
XNR3D1           128      783.360      309.110    tcbn65lpwc 
XOR2D1            21       75.600       35.845    tcbn65lpwc 
XOR3D1          1614     9877.680     3739.984    tcbn65lpwc 
-------------------------------------------------------------
total         789684  3263924.463  1236789.545               


                                              Leakage   Leakage 
     Type      Instances     Area    Area %  Power (nW) Power % 
----------------------------------------------------------------
sequential         29408  207869.400    6.4   52637.491     4.3 
inverter          100678  115071.840    3.5   42568.110     3.4 
buffer               850    2154.600    0.1    1331.861     0.1 
logic             658748 2938828.623   90.0 1140252.083    92.2 
physical_cells         0       0.000    0.0       0.000     0.0 
----------------------------------------------------------------
total             789684 3263924.463  100.0 1236789.545   100.0 

