============================================================
  Generated by:           Genus(TM) Synthesis Solution 16.24-s065_1
  Generated on:           Feb 25 2020  07:08:13 pm
  Module:                 econV0
  Technology libraries:   tcbn65lpwc 200
                          tpdn65lpnv2od3wc 200a
                          tpan65lpnv2od3wc 200a
  Operating conditions:   WCCOM (balanced_tree)
  Wireload mode:          segmented
  Area mode:              timing library
============================================================

Timing
--------

     Clock      Period 
-----------------------
clk            25000.0 
virtual_io_clk 20000.0 


     Cost        Critical         Violating 
     Group      Path Slack  TNS     Paths   
--------------------------------------------
clk                 4707.7   0.0          0 
default           No paths   0.0            
virtual_io_clk    No paths   0.0            
--------------------------------------------
Total                        0.0          0 

Instance Count
--------------
Leaf Instance Count             789684 
Physical Instance count              0 
Sequential Instance Count        29408 
Combinational Instance Count    760276 
Hierarchical Instance Count       2131 

Area
----
Cell Area                          3263924.463
Physical Cell Area                 0.000
Total Cell Area (Cell+Physical)    3263924.463
Net Area                           0.000
Total Area (Cell+Physical+Net)     3263924.463

Runtime                            5458.503821 seconds
Elapsed Runtime                    7157 seconds
Genus peak memory usage            5167.46 
Innovus peak memory usage          no_value 
Hostname                           nova.cs.northwestern.edu
