============================================================
  Generated by:           Encounter(R) RTL Compiler RC14.28 - v14.20-s067_1
  Generated on:           Mar 04 2020  02:02:20 pm
  Module:                 econ_4x4_d10
  Technology library:     NangateOpenCellLibrary revision 1.0
  Operating conditions:   typical 
  Interconnect mode:      global
  Area mode:              physical library
============================================================

                                 
   Gate    Instances     Area             Library          
-----------------------------------------------------------
AND2_X1        32169   34227.816    NangateOpenCellLibrary 
AND2_X2           21      27.930    NangateOpenCellLibrary 
AND2_X4           17      40.698    NangateOpenCellLibrary 
AND3_X1          809    1075.970    NangateOpenCellLibrary 
AND4_X1          386     616.056    NangateOpenCellLibrary 
AOI211_X1        781    1038.730    NangateOpenCellLibrary 
AOI21_X1        5800    6171.200    NangateOpenCellLibrary 
AOI21_X2           1       1.862    NangateOpenCellLibrary 
AOI221_X1       1525    2433.900    NangateOpenCellLibrary 
AOI222_X1      14091   29985.648    NangateOpenCellLibrary 
AOI222_X4          2       7.448    NangateOpenCellLibrary 
AOI22_X1       79185  105316.050    NangateOpenCellLibrary 
BUF_X16           29     192.850    NangateOpenCellLibrary 
BUF_X32           10     130.340    NangateOpenCellLibrary 
BUF_X4            10      18.620    NangateOpenCellLibrary 
BUF_X8            90     311.220    NangateOpenCellLibrary 
CLKBUF_X1         81      64.638    NangateOpenCellLibrary 
CLKBUF_X2          1       1.064    NangateOpenCellLibrary 
CLKBUF_X3          1       1.330    NangateOpenCellLibrary 
DFF_X1         17264   78067.808    NangateOpenCellLibrary 
FA_X1          95082  404668.992    NangateOpenCellLibrary 
HA_X1           3541    9419.060    NangateOpenCellLibrary 
INV_X1         45602   24260.264    NangateOpenCellLibrary 
INV_X16          100     452.200    NangateOpenCellLibrary 
INV_X2           442     352.716    NangateOpenCellLibrary 
INV_X32           72     632.016    NangateOpenCellLibrary 
INV_X4           251     333.830    NangateOpenCellLibrary 
INV_X8           252     603.288    NangateOpenCellLibrary 
MUX2_X1        19766   36804.292    NangateOpenCellLibrary 
NAND2_X1       66291   52900.218    NangateOpenCellLibrary 
NAND2_X2          96     127.680    NangateOpenCellLibrary 
NAND2_X4           5      11.970    NangateOpenCellLibrary 
NAND3_X1       14491   15418.424    NangateOpenCellLibrary 
NAND3_X2          87     161.994    NangateOpenCellLibrary 
NAND4_X1        6059    8058.470    NangateOpenCellLibrary 
NAND4_X2         126     301.644    NangateOpenCellLibrary 
NOR2_X1         4502    3592.596    NangateOpenCellLibrary 
NOR2_X2            4       5.320    NangateOpenCellLibrary 
NOR2_X4            8      19.152    NangateOpenCellLibrary 
NOR3_X1          304     323.456    NangateOpenCellLibrary 
NOR4_X1          134     178.220    NangateOpenCellLibrary 
OAI211_X1        645     857.850    NangateOpenCellLibrary 
OAI211_X2          2       4.788    NangateOpenCellLibrary 
OAI21_X1        5350    5692.400    NangateOpenCellLibrary 
OAI21_X2           2       3.724    NangateOpenCellLibrary 
OAI221_X1        369     588.924    NangateOpenCellLibrary 
OAI221_X2          1       2.926    NangateOpenCellLibrary 
OAI222_X1        312     663.936    NangateOpenCellLibrary 
OAI22_X1        3089    4108.370    NangateOpenCellLibrary 
OAI22_X2           2       4.788    NangateOpenCellLibrary 
OAI33_X1          85     158.270    NangateOpenCellLibrary 
OR2_X1          8105    8623.720    NangateOpenCellLibrary 
OR2_X2           477     634.410    NangateOpenCellLibrary 
OR2_X4            17      40.698    NangateOpenCellLibrary 
OR3_X1          2410    3205.300    NangateOpenCellLibrary 
OR3_X2           327     521.892    NangateOpenCellLibrary 
OR4_X1          2307    3681.972    NangateOpenCellLibrary 
OR4_X2           170     316.540    NangateOpenCellLibrary 
XNOR2_X1        7644   12199.824    NangateOpenCellLibrary 
XOR2_X1        39508   63054.768    NangateOpenCellLibrary 
XOR2_X2         1197    2865.618    NangateOpenCellLibrary 
-----------------------------------------------------------
total         481507  925587.698                           


                                       
   Type    Instances    Area    Area % 
---------------------------------------
sequential     17264  78067.808    8.4 
inverter       46719  26634.314    2.9 
buffer           222    720.062    0.1 
logic         417302 820165.514   88.6 
---------------------------------------
total         481507 925587.698  100.0 

