============================================================
  Generated by:           Encounter(R) RTL Compiler RC14.28 - v14.20-s067_1
  Generated on:           Feb 25 2020  01:49:41 am
  Module:                 econV0
  Technology library:     NangateOpenCellLibrary revision 1.0
  Operating conditions:   typical 
  Interconnect mode:      global
  Area mode:              physical library
============================================================

                                  
   Gate    Instances     Area              Library          
------------------------------------------------------------
AND2_X1        39547    42078.008    NangateOpenCellLibrary 
AND2_X4            2        4.788    NangateOpenCellLibrary 
AOI211_X1       1135     1509.550    NangateOpenCellLibrary 
AOI21_X1        8667     9221.688    NangateOpenCellLibrary 
AOI221_X1        672     1072.512    NangateOpenCellLibrary 
AOI222_X1        162      344.736    NangateOpenCellLibrary 
AOI22_X1      175237   233065.210    NangateOpenCellLibrary 
CLKBUF_X1         30       23.940    NangateOpenCellLibrary 
CLKBUF_X2         59       62.776    NangateOpenCellLibrary 
CLKBUF_X3         17       22.610    NangateOpenCellLibrary 
DFFR_X1            4       21.280    NangateOpenCellLibrary 
DFF_X1         29294   132467.468    NangateOpenCellLibrary 
DFF_X2           111      560.994    NangateOpenCellLibrary 
FA_X1         183951   782895.456    NangateOpenCellLibrary 
HA_X1          12007    31938.620    NangateOpenCellLibrary 
INV_X1        113473    60367.636    NangateOpenCellLibrary 
INV_X16          789     3567.858    NangateOpenCellLibrary 
INV_X2          3369     2688.462    NangateOpenCellLibrary 
INV_X32           47      412.566    NangateOpenCellLibrary 
INV_X4          1059     1408.470    NangateOpenCellLibrary 
INV_X8           132      316.008    NangateOpenCellLibrary 
MUX2_X1        28019    52171.378    NangateOpenCellLibrary 
NAND2_X1       14148    11290.104    NangateOpenCellLibrary 
NAND2_X2           2        2.660    NangateOpenCellLibrary 
NAND3_X1           7        7.448    NangateOpenCellLibrary 
NAND4_X1          26       34.580    NangateOpenCellLibrary 
NOR2_X1        15900    12688.200    NangateOpenCellLibrary 
NOR2_X2           30       39.900    NangateOpenCellLibrary 
NOR2_X4            1        2.394    NangateOpenCellLibrary 
NOR3_X1            4        4.256    NangateOpenCellLibrary 
OAI211_X1        678      901.740    NangateOpenCellLibrary 
OAI21_X1       24757    26341.448    NangateOpenCellLibrary 
OAI221_X1       2148     3428.208    NangateOpenCellLibrary 
OAI22_X1       13488    17939.040    NangateOpenCellLibrary 
OAI33_X1           1        1.862    NangateOpenCellLibrary 
OR2_X1          1564     1664.096    NangateOpenCellLibrary 
OR3_X1             2        2.660    NangateOpenCellLibrary 
XNOR2_X1        2482     3961.272    NangateOpenCellLibrary 
XOR2_X1       221619   353703.924    NangateOpenCellLibrary 
XOR2_X2         5885    14088.690    NangateOpenCellLibrary 
------------------------------------------------------------
total         900525  1802324.496                           


                                        
   Type    Instances     Area    Area % 
----------------------------------------
sequential     29409  133049.742    7.4 
inverter      118869   68761.000    3.8 
buffer           106     109.326    0.0 
logic         752141 1600404.428   88.8 
----------------------------------------
total         900525 1802324.496  100.0 

