============================================================
  Generated by:           Encounter(R) RTL Compiler RC14.28 - v14.20-s067_1
  Generated on:           Feb 25 2020  01:47:36 am
  Module:                 econV0
  Technology library:     NangateOpenCellLibrary revision 1.0
  Operating conditions:   typical 
  Interconnect mode:      global
  Area mode:              physical library
============================================================

Timing
--------

     Clock      Period 
-----------------------
clk            25000.0 
virtual_io_clk 25000.0 


     Cost        Critical       Violating 
     Group      Path Slack TNS    Paths   
------------------------------------------
C2C                20987.3   0          0 
C2O                24714.7   0          0 
clk               No paths   0            
default           No paths   0            
I2C                21802.5   0          0 
I2O               No paths   0            
virtual_io_clk    No paths   0            
------------------------------------------
Total                        0          0 

Instance Count
--------------
Leaf Instance Count             900525 
Sequential Instance Count        29409 
Combinational Instance Count    871116 
Hierarchical Instance Count       1440 

Area
----
Cell Area                          1802324.496
Physical Cell Area                 0.000
Total Cell Area (Cell+Physical)    1802324.496
Net Area                           3950058.753
Total Area (Cell+Physical+Net)     5752383.249

Power
-----
Leakage Power                      37506139.045 nW
Dynamic Power                      547243289.404 nW
Total Power                        584749428.449 nW

Max Fanout                         29409 (clk)
Min Fanout                         0 (econV0_core_inst/nnet_dense_large_input_t_layer2_t_config2_cmp/nnet_dense_large_input_t_layer2_t_config2_core_inst/nl_MultLoop_335_nnet_product_input_t_config2_weight_t_config2_accum_t_mul_nl[9])
Average Fanout                     2.0
Terms to net ratio                 3.0
Terms to instance ratio            3.8
Runtime                            8535.508 seconds
Elapsed Runtime                    8627 seconds
RC peak memory usage:              5203.00 
EDI peak memory usage:             no_value 
Hostname                           fastml02.c.harrisgroup-223921.internal
