============================================================
  Generated by:           Genus(TM) Synthesis Solution 16.24-s065_1
  Generated on:           Feb 25 2020  02:29:05 pm
  Module:                 econV0
  Technology libraries:   tcbn65lpwc 200
                          tpdn65lpnv2od3wc 200a
                          tpan65lpnv2od3wc 200a
  Operating conditions:   WCCOM (balanced_tree)
  Wireload mode:          segmented
  Area mode:              timing library
============================================================

                                   Leakage   
   Gate    Instances     Area     Power (nW)    Library    
-----------------------------------------------------------
AN2D1              1       2.160       0.596    tcbn65lpwc 
AN2XD1           403     870.480     364.763    tcbn65lpwc 
AN3XD1           113     284.760      96.597    tcbn65lpwc 
AN4XD1            82     236.160      74.700    tcbn65lpwc 
AO211D1           28      80.640      28.005    tcbn65lpwc 
AO21D1           666    1678.320     667.646    tcbn65lpwc 
AO221D0           24      86.400       9.932    tcbn65lpwc 
AO22D0          1362    3922.560     567.266    tcbn65lpwc 
AO22D1           203     657.720     211.030    tcbn65lpwc 
AO31D1            44     126.720      46.274    tcbn65lpwc 
AO32D1            32     126.720      30.751    tcbn65lpwc 
AOI211D1           8      20.160       4.594    tcbn65lpwc 
AOI211XD0         44     110.880      14.424    tcbn65lpwc 
AOI21D1          443     956.880     271.085    tcbn65lpwc 
AOI221D0           6      17.280       1.583    tcbn65lpwc 
AOI222D0           6      21.600       1.728    tcbn65lpwc 
AOI22D1          562    1416.240     358.292    tcbn65lpwc 
AOI31D1           16      40.320      10.591    tcbn65lpwc 
AOI32D1           45     129.600      26.492    tcbn65lpwc 
BUFFD0             7      10.080       2.367    tcbn65lpwc 
BUFFD1             1       1.440       0.600    tcbn65lpwc 
BUFFD12            1       7.920       7.815    tcbn65lpwc 
BUFFD16           60     626.400     615.055    tcbn65lpwc 
BUFFD2            60     129.600      77.909    tcbn65lpwc 
BUFFD4             4      12.960      10.994    tcbn65lpwc 
CKAN2D1            3       6.480       1.648    tcbn65lpwc 
CKBD1             17      24.480      12.062    tcbn65lpwc 
CKND0             59      63.720       7.736    tcbn65lpwc 
CKND1           5976    6454.080    1924.584    tcbn65lpwc 
CKND2            722    1039.680     514.454    tcbn65lpwc 
CKND2D1         1633    2351.520     537.746    tcbn65lpwc 
CKND3              1       2.160       1.106    tcbn65lpwc 
CKND6            164     531.360     390.333    tcbn65lpwc 
CKXOR2D0           6      21.600       4.960    tcbn65lpwc 
CKXOR2D1         688    2476.800    1063.027    tcbn65lpwc 
CMPE42D1        4759   78809.035   43197.465    tcbn65lpwc 
CMPE42D2           7     126.000      69.367    tcbn65lpwc 
DEL1              51     312.120      46.284    tcbn65lpwc 
DFD1              98     705.600     229.790    tcbn65lpwc 
DFKCND1            2      16.560       4.324    tcbn65lpwc 
DFKCNQD1         919    6616.800    1563.699    tcbn65lpwc 
DFQD1            840    5745.600    1590.025    tcbn65lpwc 
EDFKCND1           2      20.880       4.960    tcbn65lpwc 
EDFKCNQD1        217    2187.360     459.765    tcbn65lpwc 
FA1D0          42499  382491.000  180162.312    tcbn65lpwc 
FA1D2              1      10.440       6.716    tcbn65lpwc 
FCICIND1         919    4300.920    1205.800    tcbn65lpwc 
FCICOND1           1       3.240       0.479    tcbn65lpwc 
FICIND1            1      10.440       5.538    tcbn65lpwc 
FICOND1           47     524.520     276.432    tcbn65lpwc 
HA1D0           3621   20856.960    8022.576    tcbn65lpwc 
HICOND1            5      32.400      16.614    tcbn65lpwc 
IAO21D0           31      78.120      12.938    tcbn65lpwc 
IAO21D1           94     236.880      70.068    tcbn65lpwc 
IAO21D2            1       3.240       1.504    tcbn65lpwc 
IIND4D1            1       3.600       2.167    tcbn65lpwc 
IND2D1          1193    2576.880     679.954    tcbn65lpwc 
IND2D2             2       5.760       1.925    tcbn65lpwc 
IND3D1            15      37.800      10.270    tcbn65lpwc 
IND4D1            10      28.800       7.927    tcbn65lpwc 
INR2D1           228     492.480     144.332    tcbn65lpwc 
INR2XD0          528    1140.480     242.122    tcbn65lpwc 
INR3D0             5      12.600       1.942    tcbn65lpwc 
INR4D0            10      28.800       4.548    tcbn65lpwc 
INVD1           4953    5349.240    1879.554    tcbn65lpwc 
INVD12             1       6.120       5.770    tcbn65lpwc 
INVD16            61     483.120     471.781    tcbn65lpwc 
INVD2             69      99.360      53.032    tcbn65lpwc 
INVD3            149     321.840     195.658    tcbn65lpwc 
INVD4            516    1300.320     921.063    tcbn65lpwc 
INVD6              5      16.200      13.576    tcbn65lpwc 
INVD8              2       8.640       7.534    tcbn65lpwc 
IOA21D1         1570    3956.400    1238.071    tcbn65lpwc 
IOA22D0            8      25.920       3.490    tcbn65lpwc 
MAOI222D0        350    1008.000      91.496    tcbn65lpwc 
MAOI222D1       4155   11966.400    1955.070    tcbn65lpwc 
MAOI22D1         637    1834.560     726.003    tcbn65lpwc 
MOAI22D1        6320   18201.600    7230.825    tcbn65lpwc 
MUX2D0            26      84.240      14.308    tcbn65lpwc 
MUX2D1            78     280.800     113.539    tcbn65lpwc 
MUX2D2             1       3.960       1.986    tcbn65lpwc 
MUX2ND0          843    2427.840     472.592    tcbn65lpwc 
ND2D0            243     349.920      35.306    tcbn65lpwc 
ND2D1            918    1321.920     347.309    tcbn65lpwc 
ND3D1             37      79.920      13.135    tcbn65lpwc 
ND4D1             58     146.160      28.910    tcbn65lpwc 
NR2D0             27      38.880       4.148    tcbn65lpwc 
NR2D1            785    1130.400     328.152    tcbn65lpwc 
NR2D2              1       2.520       0.805    tcbn65lpwc 
NR2XD0          1958    2819.520     611.290    tcbn65lpwc 
NR3D0             53     114.480      13.754    tcbn65lpwc 
NR4D0             29      73.080       5.657    tcbn65lpwc 
OA211D1           42     120.960      43.698    tcbn65lpwc 
OA21D0            12      30.240       5.125    tcbn65lpwc 
OA21D1           298     750.960     309.596    tcbn65lpwc 
OA221D0            2       7.200       0.768    tcbn65lpwc 
OA222D1            1       4.320       1.110    tcbn65lpwc 
OA22D0            17      48.960       7.874    tcbn65lpwc 
OA31D1             7      20.160       5.999    tcbn65lpwc 
OA32D0             2       7.200       0.835    tcbn65lpwc 
OAI211D1         516    1300.320     192.216    tcbn65lpwc 
OAI21D1         1158    2501.280     663.359    tcbn65lpwc 
OAI221D0          43     123.840      10.889    tcbn65lpwc 
OAI222D0           7      22.680       1.914    tcbn65lpwc 
OAI22D1          317     798.840     216.569    tcbn65lpwc 
OAI31D1            4      10.080       2.434    tcbn65lpwc 
OAI32D1           33      95.040      21.535    tcbn65lpwc 
OR2D0             12      25.920       3.309    tcbn65lpwc 
OR2D1            306     660.960     206.264    tcbn65lpwc 
OR2D4              1       4.320       2.571    tcbn65lpwc 
OR2XD1           145     313.200     109.106    tcbn65lpwc 
OR3D1              8      20.160       5.344    tcbn65lpwc 
OR3XD1             1       2.520       0.639    tcbn65lpwc 
OR4D1              5      14.400       3.743    tcbn65lpwc 
XNR2D0             3      10.800       2.628    tcbn65lpwc 
XNR2D1           539    1940.400     818.501    tcbn65lpwc 
XNR2D2            18      71.280      35.919    tcbn65lpwc 
XNR3D0             2      12.240       2.881    tcbn65lpwc 
XNR3D1           429    2625.480    1040.540    tcbn65lpwc 
XNR3D4             3      31.320      20.784    tcbn65lpwc 
XNR4D0             1       9.000       2.147    tcbn65lpwc 
XNR4D1           160    1440.000     467.329    tcbn65lpwc 
XOR2D1           657    2365.200    1120.643    tcbn65lpwc 
XOR2D2            23      91.080      50.714    tcbn65lpwc 
XOR3D0            39     238.680      54.768    tcbn65lpwc 
XOR3D1          1266    7747.920    2945.132    tcbn65lpwc 
XOR3D2            64     437.760     197.865    tcbn65lpwc 
XOR4D0            15     135.000      31.594    tcbn65lpwc 
XOR4D1            51     459.000     183.985    tcbn65lpwc 
-----------------------------------------------------------
total          99657  609911.275  271574.725               


                                             Leakage  Leakage 
     Type      Instances    Area    Area % Power (nW) Power % 
--------------------------------------------------------------
sequential          2078  15292.800    2.5   3852.564     1.4 
inverter           12678  15675.840    2.6   6386.180     2.4 
buffer               201   1125.000    0.2    773.085     0.3 
logic              84700 577817.635   94.7 260562.896    95.9 
physical_cells         0      0.000    0.0      0.000     0.0 
--------------------------------------------------------------
total              99657 609911.275  100.0 271574.725   100.0 

