============================================================
  Generated by:           Genus(TM) Synthesis Solution 16.24-s065_1
  Generated on:           Feb 25 2020  02:04:50 pm
  Module:                 econV0
  Technology libraries:   tcbn65lpwc 200
                          tpdn65lpnv2od3wc 200a
                          tpan65lpnv2od3wc 200a
  Operating conditions:   WCCOM (balanced_tree)
  Wireload mode:          segmented
  Area mode:              timing library
============================================================

Timing
--------

     Clock      Period 
-----------------------
clk            25000.0 
virtual_io_clk 20000.0 


     Cost        Critical         Violating 
     Group      Path Slack  TNS     Paths   
--------------------------------------------
clk                18385.5   0.0          0 
default           No paths   0.0            
virtual_io_clk    No paths   0.0            
--------------------------------------------
Total                        0.0          0 

Instance Count
--------------
Leaf Instance Count             306479 
Physical Instance count              0 
Sequential Instance Count         2078 
Combinational Instance Count    304401 
Hierarchical Instance Count       2303 

Area
----
Cell Area                          1142818.340
Physical Cell Area                 0.000
Total Cell Area (Cell+Physical)    1142818.340
Net Area                           0.000
Total Area (Cell+Physical+Net)     1142818.340

Runtime                            376.282793 seconds
Elapsed Runtime                    659 seconds
Genus peak memory usage            2672.89 
Innovus peak memory usage          no_value 
Hostname                           nova.cs.northwestern.edu
