============================================================
  Generated by:           Genus(TM) Synthesis Solution 16.24-s065_1
  Generated on:           Feb 25 2020  02:05:21 pm
  Module:                 econV0
  Technology libraries:   tcbn65lpwc 200
                          tpdn65lpnv2od3wc 200a
                          tpan65lpnv2od3wc 200a
  Operating conditions:   WCCOM (balanced_tree)
  Wireload mode:          segmented
  Area mode:              timing library
============================================================

                                        Leakage  Leakage 
     Type      Instances  Area Area % Power (nW) Power % 
---------------------------------------------------------
sequential          2078 0.000    0.0   7975.547     9.6 
inverter            2043 0.000    0.0    279.113     0.3 
logic             302358 0.000    0.0  74869.745    90.1 
physical_cells         0 0.000    0.0      0.000     0.0 
---------------------------------------------------------
total             306479 0.000    0.0  83124.404   100.0 

