============================================================
  Generated by:           Genus(TM) Synthesis Solution 18.14-s037_1
  Generated on:           Mar 13 2020  02:29:40 am
  Module:                 econ_4x4_d10
  Technology library:     NangateOpenCellLibrary revision 1.0
  Operating conditions:   typical (balanced_tree)
  Wireload mode:          enclosed
  Area mode:              timing library
============================================================

                                     Leakage    
   Gate    Instances     Area       Power (nW)           Library          
--------------------------------------------------------------------------
AND2_X1        57285    60951.240   1457894.630    NangateOpenCellLibrary 
AND2_X2          867     1153.110     43666.205    NangateOpenCellLibrary 
AND2_X4            3        7.182       299.037    NangateOpenCellLibrary 
AND3_X1            1        1.330        36.530    NangateOpenCellLibrary 
AND3_X2            8       12.768       508.240    NangateOpenCellLibrary 
AND4_X1            1        1.596        25.181    NangateOpenCellLibrary 
AOI211_X1       2127     2828.910     83841.284    NangateOpenCellLibrary 
AOI21_X1       10994    11697.616    241920.746    NangateOpenCellLibrary 
AOI221_X1        243      387.828     13314.877    NangateOpenCellLibrary 
AOI22_X1        3602     4790.660    111057.633    NangateOpenCellLibrary 
BUF_X1          1445     1153.110     30989.618    NangateOpenCellLibrary 
BUF_X16           62      412.300     21357.821    NangateOpenCellLibrary 
BUF_X2          3229     3435.656    139042.402    NangateOpenCellLibrary 
BUF_X4          1197     2228.814    103086.124    NangateOpenCellLibrary 
BUF_X8           221      764.218     38065.470    NangateOpenCellLibrary 
CLKBUF_X1        483      385.434      5416.282    NangateOpenCellLibrary 
CLKBUF_X2         11       11.704       252.094    NangateOpenCellLibrary 
CLKBUF_X3        407      541.310     12437.101    NangateOpenCellLibrary 
DFF_X1            73      330.106      5732.329    NangateOpenCellLibrary 
FA_X1         163022   693821.632  12270892.489    NangateOpenCellLibrary 
HA_X1            847     2253.020     51896.610    NangateOpenCellLibrary 
INV_X1         69931    37203.292   1054557.743    NangateOpenCellLibrary 
INV_X2           317      252.966      9093.150    NangateOpenCellLibrary 
INV_X4          5390     7168.700    331954.570    NangateOpenCellLibrary 
INV_X8             3        7.182       344.390    NangateOpenCellLibrary 
MUX2_X1           41       76.342      1473.075    NangateOpenCellLibrary 
NAND2_X1      155709   124255.782   2654792.863    NangateOpenCellLibrary 
NAND3_X1         652      693.728     10091.555    NangateOpenCellLibrary 
NAND4_X1           3        3.990        37.544    NangateOpenCellLibrary 
NOR2_X1        35895    28644.210    824838.104    NangateOpenCellLibrary 
NOR3_X1          197      209.608      6253.232    NangateOpenCellLibrary 
NOR4_X1           13       17.290       393.890    NangateOpenCellLibrary 
OAI211_X1       1167     1552.110     39599.288    NangateOpenCellLibrary 
OAI21_X1        5243     5578.552    154662.262    NangateOpenCellLibrary 
OAI221_X1          1        1.596        12.288    NangateOpenCellLibrary 
OAI22_X1       12904    17162.320    511596.247    NangateOpenCellLibrary 
OAI33_X1         145      269.990      7892.869    NangateOpenCellLibrary 
OR2_X1          4907     5221.048    113564.711    NangateOpenCellLibrary 
XNOR2_X1       30004    47886.384   1005568.850    NangateOpenCellLibrary 
XOR2_X1        10596    16911.216    444316.233    NangateOpenCellLibrary 
--------------------------------------------------------------------------
total         579246  1080285.850  21802775.565                           


                                               Leakage   Leakage 
     Type      Instances     Area    Area %  Power (nW)  Power % 
-----------------------------------------------------------------
sequential            73     330.106    0.0     5732.329     0.0 
inverter           75641   44632.140    4.1  1395949.853     6.4 
buffer              7055    8932.546    0.8   350646.911     1.6 
logic             496477 1026391.058   95.0 20050446.472    92.0 
physical_cells         0       0.000    0.0        0.000     0.0 
-----------------------------------------------------------------
total             579246 1080285.850  100.0 21802775.565   100.0 

