============================================================
  Generated by:           Genus(TM) Synthesis Solution 18.14-s037_1
  Generated on:           Mar 13 2020  01:26:21 am
  Module:                 econ_4x4_d10
  Technology library:     NangateOpenCellLibrary revision 1.0
  Operating conditions:   typical (balanced_tree)
  Wireload mode:          enclosed
  Area mode:              timing library
============================================================

Timing
--------

     Clock      Period 
-----------------------
clk            25000.0 
virtual_io_clk 25000.0 


     Cost        Critical         Violating 
     Group      Path Slack  TNS     Paths   
--------------------------------------------
clk                11075.2   0.0          0 
default           No paths   0.0            
virtual_io_clk    No paths   0.0            
--------------------------------------------
Total                        0.0          0 

Instance Count
--------------
Leaf Instance Count             2088060 
Physical Instance count               0 
Sequential Instance Count            73 
Combinational Instance Count    2087987 
Hierarchical Instance Count        3881 

Area
----
Cell Area                          3328865.775
Physical Cell Area                 0.000
Total Cell Area (Cell+Physical)    3328865.775
Net Area                           0.000
Total Area (Cell+Physical+Net)     3328865.775

Runtime                            877.0861600000001 seconds
Elapsed Runtime                    1712 seconds
Genus peak memory usage            4461.89 
Innovus peak memory usage          no_value 
Hostname                           fastml02.c.harrisgroup-223921.internal
