============================================================
  Generated by:           Genus(TM) Synthesis Solution 18.14-s037_1
  Generated on:           Mar 13 2020  02:17:19 am
  Module:                 econ_4x4_d10
  Technology library:     NangateOpenCellLibrary revision 1.0
  Operating conditions:   typical (balanced_tree)
  Wireload mode:          enclosed
  Area mode:              timing library
============================================================

Timing
--------

     Clock      Period 
-----------------------
clk            25000.0 
virtual_io_clk 25000.0 


     Cost        Critical         Violating 
     Group      Path Slack  TNS     Paths   
--------------------------------------------
clk                17187.9   0.0          0 
default           No paths   0.0            
virtual_io_clk    No paths   0.0            
--------------------------------------------
Total                        0.0          0 

Instance Count
--------------
Leaf Instance Count             573843 
Physical Instance count              0 
Sequential Instance Count           73 
Combinational Instance Count    573770 
Hierarchical Instance Count          1 

Area
----
Cell Area                          1069771.668
Physical Cell Area                 0.000
Total Cell Area (Cell+Physical)    1069771.668
Net Area                           0.000
Total Area (Cell+Physical+Net)     1069771.668

Runtime                            3043.929750000004 seconds
Elapsed Runtime                    4727 seconds
Genus peak memory usage            5203.67 
Innovus peak memory usage          no_value 
Hostname                           fastml02.c.harrisgroup-223921.internal
