============================================================
  Generated by:           Genus(TM) Synthesis Solution 18.14-s037_1
  Generated on:           Mar 13 2020  07:52:18 pm
  Module:                 econ_4x4_d10
  Technology library:     NangateOpenCellLibrary revision 1.0
  Operating conditions:   typical (balanced_tree)
  Wireload mode:          enclosed
  Area mode:              timing library
============================================================

                                     Leakage    
   Gate    Instances     Area       Power (nW)           Library          
--------------------------------------------------------------------------
AND2_X1        59884    63716.576   1533697.839    NangateOpenCellLibrary 
AND2_X2          852     1133.160     42913.016    NangateOpenCellLibrary 
AND2_X4            2        4.788       205.482    NangateOpenCellLibrary 
AND3_X1            6        7.980       183.945    NangateOpenCellLibrary 
AND3_X2           19       30.324      1211.252    NangateOpenCellLibrary 
AOI211_X1       1932     2569.560     76195.059    NangateOpenCellLibrary 
AOI211_X2          1        2.394        68.767    NangateOpenCellLibrary 
AOI21_X1       11646    12391.344    265069.834    NangateOpenCellLibrary 
AOI21_X2          24       44.688       999.918    NangateOpenCellLibrary 
AOI221_X1        420      670.320     22614.308    NangateOpenCellLibrary 
AOI222_X1          1        2.128        39.884    NangateOpenCellLibrary 
AOI22_X1       17039    22661.870    368734.509    NangateOpenCellLibrary 
BUF_X1          1187      947.226     25457.916    NangateOpenCellLibrary 
BUF_X16           58      385.700     20025.028    NangateOpenCellLibrary 
BUF_X2         10032    10674.048    432420.591    NangateOpenCellLibrary 
BUF_X32            6       78.204      4302.736    NangateOpenCellLibrary 
BUF_X4           683     1271.746     59802.585    NangateOpenCellLibrary 
BUF_X8           228      788.424     39311.900    NangateOpenCellLibrary 
CLKBUF_X1         13       10.374       145.783    NangateOpenCellLibrary 
CLKBUF_X2         95      101.080      2185.769    NangateOpenCellLibrary 
CLKBUF_X3        205      272.650      6271.583    NangateOpenCellLibrary 
DFF_X1         12554    56769.188    988187.638    NangateOpenCellLibrary 
DFF_X2             5       25.270       572.878    NangateOpenCellLibrary 
FA_X1         157901   672026.656  11878373.976    NangateOpenCellLibrary 
HA_X1           1169     3109.540     73330.791    NangateOpenCellLibrary 
INV_X1        106773    56803.236   1579974.931    NangateOpenCellLibrary 
INV_X16           84      379.848     19605.402    NangateOpenCellLibrary 
INV_X2           579      462.042     14715.261    NangateOpenCellLibrary 
INV_X32            5       43.890      2578.095    NangateOpenCellLibrary 
INV_X4            17       22.610      1139.148    NangateOpenCellLibrary 
INV_X8           114      272.916     13413.006    NangateOpenCellLibrary 
MUX2_X1        10512    19573.344    351909.272    NangateOpenCellLibrary 
MUX2_X2          772     1848.168     50468.470    NangateOpenCellLibrary 
NAND2_X1      158699   126641.802   2680551.567    NangateOpenCellLibrary 
NAND2_X4         846     2025.324     94630.511    NangateOpenCellLibrary 
NAND3_X1         920      978.880     16652.917    NangateOpenCellLibrary 
NAND4_X1           7        9.310       114.723    NangateOpenCellLibrary 
NOR2_X1        50033    39926.334   1139185.012    NangateOpenCellLibrary 
NOR2_X2            1        1.330        39.894    NangateOpenCellLibrary 
NOR3_X1          427      454.328     12478.596    NangateOpenCellLibrary 
NOR4_X1           57       75.810      1830.816    NangateOpenCellLibrary 
OAI211_X1       1276     1697.080     40949.535    NangateOpenCellLibrary 
OAI21_X1        5796     6166.944    173813.113    NangateOpenCellLibrary 
OAI221_X1         15       23.940       597.950    NangateOpenCellLibrary 
OAI22_X1       16377    21781.410    672929.415    NangateOpenCellLibrary 
OAI33_X1         126      234.612      7029.548    NangateOpenCellLibrary 
OR2_X1          5803     6174.392    136649.767    NangateOpenCellLibrary 
OR2_X2            57       75.810      2819.862    NangateOpenCellLibrary 
OR2_X4            95      227.430      9403.515    NangateOpenCellLibrary 
OR4_X1             1        1.596        25.409    NangateOpenCellLibrary 
XNOR2_X1       40022    63875.112   1350449.930    NangateOpenCellLibrary 
XOR2_X1        10765    17180.940    450611.185    NangateOpenCellLibrary 
--------------------------------------------------------------------------
total         686141  1216653.676  24666889.839                           


                                               Leakage   Leakage 
     Type      Instances     Area    Area %  Power (nW)  Power % 
-----------------------------------------------------------------
sequential         12559   56794.458    4.7   988760.515     4.0 
inverter          107572   57984.542    4.8  1631425.842     6.6 
buffer             12507   14529.452    1.2   589923.892     2.4 
logic             553503 1087345.224   89.4 21456779.589    87.0 
physical_cells         0       0.000    0.0        0.000     0.0 
-----------------------------------------------------------------
total             686141 1216653.676  100.0 24666889.839   100.0 

