============================================================
  Generated by:           Genus(TM) Synthesis Solution 18.14-s037_1
  Generated on:           Mar 13 2020  08:06:21 pm
  Module:                 econ_4x4_d10
  Technology library:     NangateOpenCellLibrary revision 1.0
  Operating conditions:   typical (balanced_tree)
  Wireload mode:          enclosed
  Area mode:              timing library
============================================================

                                     Leakage    
   Gate    Instances     Area       Power (nW)           Library          
--------------------------------------------------------------------------
AND2_X1        58448    62188.672   1493051.046    NangateOpenCellLibrary 
AND2_X2          830     1103.900     41782.345    NangateOpenCellLibrary 
AND2_X4           18       43.092      1814.030    NangateOpenCellLibrary 
AND3_X1            6        7.980       183.945    NangateOpenCellLibrary 
AND3_X2           18       28.728      1147.563    NangateOpenCellLibrary 
AND3_X4            1        2.926       127.378    NangateOpenCellLibrary 
AOI211_X1       1931     2568.230     76161.205    NangateOpenCellLibrary 
AOI211_X2          2        4.788       136.474    NangateOpenCellLibrary 
AOI21_X1       11856    12614.784    272208.921    NangateOpenCellLibrary 
AOI221_X1        420      670.320     22614.308    NangateOpenCellLibrary 
AOI222_X1          1        2.128        39.884    NangateOpenCellLibrary 
AOI22_X1       16155    21486.150    350176.146    NangateOpenCellLibrary 
BUF_X1         12641    10087.518    271260.790    NangateOpenCellLibrary 
BUF_X2          2831     3012.184    122170.354    NangateOpenCellLibrary 
BUF_X4           731     1361.122     64923.537    NangateOpenCellLibrary 
BUF_X8            79      273.182     13621.345    NangateOpenCellLibrary 
CLKBUF_X1        622      496.356      7007.719    NangateOpenCellLibrary 
CLKBUF_X2         83       88.312      1918.305    NangateOpenCellLibrary 
CLKBUF_X3        138      183.540      4237.457    NangateOpenCellLibrary 
DFF_X1         12557    56782.754    988425.652    NangateOpenCellLibrary 
DFF_X2             2       10.108       229.590    NangateOpenCellLibrary 
FA_X1         160477   682990.112  12081222.924    NangateOpenCellLibrary 
HA_X1           1143     3040.380     71360.606    NangateOpenCellLibrary 
INV_X1        116414    61932.248   1717513.417    NangateOpenCellLibrary 
INV_X16            2        9.044       469.573    NangateOpenCellLibrary 
INV_X2           636      507.528     17365.529    NangateOpenCellLibrary 
INV_X4          6351     8446.830    384923.230    NangateOpenCellLibrary 
INV_X8            91      217.854     10849.332    NangateOpenCellLibrary 
MUX2_X1        10750    20016.500    360570.897    NangateOpenCellLibrary 
MUX2_X2          636     1522.584     41653.970    NangateOpenCellLibrary 
NAND2_X1      158369   126378.462   2676210.966    NangateOpenCellLibrary 
NAND2_X2          43       57.190      2390.793    NangateOpenCellLibrary 
NAND2_X4         594     1422.036     64137.889    NangateOpenCellLibrary 
NAND3_X1         922      981.008     16680.748    NangateOpenCellLibrary 
NAND4_X1           9       11.970       145.922    NangateOpenCellLibrary 
NOR2_X1        49962    39869.676   1137835.865    NangateOpenCellLibrary 
NOR3_X1          427      454.328     12478.596    NangateOpenCellLibrary 
NOR4_X1           57       75.810      1830.816    NangateOpenCellLibrary 
OAI211_X1       1274     1694.420     40934.290    NangateOpenCellLibrary 
OAI21_X1        5712     6077.568    172235.082    NangateOpenCellLibrary 
OAI21_X2           5        9.310       320.569    NangateOpenCellLibrary 
OAI21_X4           9       31.122      1176.463    NangateOpenCellLibrary 
OAI221_X1         15       23.940       597.950    NangateOpenCellLibrary 
OAI22_X1       14522    19314.260    588811.584    NangateOpenCellLibrary 
OAI33_X1         127      236.474      7078.135    NangateOpenCellLibrary 
OR2_X1          4953     5269.992    114634.412    NangateOpenCellLibrary 
OR2_X2             9       11.970       442.008    NangateOpenCellLibrary 
OR2_X4           294      703.836     29071.870    NangateOpenCellLibrary 
OR3_X1             2        2.660        64.393    NangateOpenCellLibrary 
OR4_X1             1        1.596        25.409    NangateOpenCellLibrary 
XNOR2_X1       34683    55354.068   1163959.907    NangateOpenCellLibrary 
XNOR2_X2           3        7.980       221.701    NangateOpenCellLibrary 
XOR2_X1        10902    17399.592    456681.931    NangateOpenCellLibrary 
--------------------------------------------------------------------------
total         698764  1227089.122  24907134.774                           


                                               Leakage   Leakage 
     Type      Instances     Area    Area %  Power (nW)  Power % 
-----------------------------------------------------------------
sequential         12559   56792.862    4.6   988655.242     4.0 
inverter          123494   71113.504    5.8  2131121.082     8.6 
buffer             17125   15502.214    1.3   485139.507     1.9 
logic             545586 1083680.542   88.3 21302218.942    85.5 
physical_cells         0       0.000    0.0        0.000     0.0 
-----------------------------------------------------------------
total             698764 1227089.122  100.0 24907134.774   100.0 

