============================================================
  Generated by:           Genus(TM) Synthesis Solution 18.14-s037_1
  Generated on:           Mar 13 2020  08:05:01 pm
  Module:                 econ_4x4_d10
  Technology library:     NangateOpenCellLibrary revision 1.0
  Operating conditions:   typical (balanced_tree)
  Wireload mode:          enclosed
  Area mode:              timing library
============================================================

Timing
--------

     Clock      Period 
-----------------------
clk            25000.0 
virtual_io_clk 25000.0 


     Cost        Critical         Violating 
     Group      Path Slack  TNS     Paths   
--------------------------------------------
clk                14991.1   0.0          0 
default           No paths   0.0            
virtual_io_clk    No paths   0.0            
--------------------------------------------
Total                        0.0          0 

Instance Count
--------------
Leaf Instance Count             698764 
Physical Instance count              0 
Sequential Instance Count        12559 
Combinational Instance Count    686205 
Hierarchical Instance Count          1 

Area
----
Cell Area                          1227089.122
Physical Cell Area                 0.000
Total Cell Area (Cell+Physical)    1227089.122
Net Area                           0.000
Total Area (Cell+Physical+Net)     1227089.122

Runtime                            4780.5050759999995 seconds
Elapsed Runtime                    7337 seconds
Genus peak memory usage            5677.00 
Innovus peak memory usage          no_value 
Hostname                           fastml02.c.harrisgroup-223921.internal
