============================================================
  Generated by:           Genus(TM) Synthesis Solution 16.24-s065_1
  Generated on:           Mar 16 2020  08:14:58 pm
  Module:                 econ_4x4_d10
  Technology libraries:   tcbn65lpwc 200
                          tpdn65lpnv2od3wc 200a
                          tpan65lpnv2od3wc 200a
  Operating conditions:   WCCOM (balanced_tree)
  Wireload mode:          segmented
  Area mode:              timing library
============================================================

                                    Leakage   
   Gate    Instances     Area      Power (nW)    Library    
------------------------------------------------------------
AN2D0              7       15.120       2.299    tcbn65lpwc 
AN2D2            581     1464.120     760.035    tcbn65lpwc 
AN2XD1         12332    26637.120   10635.993    tcbn65lpwc 
AO211D1         2592     7464.960    1965.766    tcbn65lpwc 
AO21D1            98      246.960      96.303    tcbn65lpwc 
AO21D2            30       86.400      43.620    tcbn65lpwc 
AO21D4            67      337.680     200.875    tcbn65lpwc 
AO221D0          291     1047.600     112.194    tcbn65lpwc 
AO22D0         46938   135181.440   20813.773    tcbn65lpwc 
AO22D1           498     1613.520     504.913    tcbn65lpwc 
AO22D2             2        7.920       2.967    tcbn65lpwc 
AO32D1           644     2550.240     659.172    tcbn65lpwc 
AOI211D1           6       15.120       3.626    tcbn65lpwc 
AOI211XD0         18       45.360       5.975    tcbn65lpwc 
AOI21D1         5105    11026.800    2817.986    tcbn65lpwc 
AOI221D0        6581    18953.280    1403.648    tcbn65lpwc 
AOI222D0         121      435.600      33.537    tcbn65lpwc 
AOI22D1        46298   116670.960   28248.998    tcbn65lpwc 
AOI22D2           12       51.840      16.409    tcbn65lpwc 
AOI32D1          277      797.760     179.690    tcbn65lpwc 
AOI33D1            1        3.240       0.732    tcbn65lpwc 
BUFFD1            32       46.080      17.964    tcbn65lpwc 
BUFFD16           94      981.360     970.629    tcbn65lpwc 
BUFFD2         29731    64218.960   38368.316    tcbn65lpwc 
BUFFD3             9       22.680      15.967    tcbn65lpwc 
BUFFD4            32      103.680      87.900    tcbn65lpwc 
BUFFD6            12       51.840      45.223    tcbn65lpwc 
BUFFD8             5       28.800      26.343    tcbn65lpwc 
CKAN2D2          129      325.080     139.101    tcbn65lpwc 
CKAN2D4           73      236.520     142.804    tcbn65lpwc 
CKBD1           4266     6143.040    3026.816    tcbn65lpwc 
CKBD16             8       80.640      73.892    tcbn65lpwc 
CKBD4            204      660.960     471.715    tcbn65lpwc 
CKND0           6592     7119.360     912.777    tcbn65lpwc 
CKND1          45943    49618.440   15298.200    tcbn65lpwc 
CKND12             7       42.840      36.105    tcbn65lpwc 
CKND16           371     2938.320    2595.592    tcbn65lpwc 
CKND2           4059     5844.960    2896.828    tcbn65lpwc 
CKND2D1        10226    14725.440    3704.601    tcbn65lpwc 
CKND3             61      131.760      67.770    tcbn65lpwc 
CKND4            342      861.840     456.660    tcbn65lpwc 
CKND6             50      162.000     124.172    tcbn65lpwc 
CKND8             11       47.520      37.194    tcbn65lpwc 
CKXOR2D1         414     1490.400     645.671    tcbn65lpwc 
CMPE42D1       12467   206453.508  113534.897    tcbn65lpwc 
DEL005            16       34.560      14.140    tcbn65lpwc 
DEL1              70      428.400      63.021    tcbn65lpwc 
DEL4               5       55.800       4.913    tcbn65lpwc 
DFCNQD1            4       31.680       6.696    tcbn65lpwc 
DFD1               3       21.600       7.245    tcbn65lpwc 
DFKCND1            3       24.840       6.638    tcbn65lpwc 
DFKCND2            1        9.000       4.247    tcbn65lpwc 
DFKCNQD1       11915    85788.000   19615.640    tcbn65lpwc 
DFQD1            631     4316.040    1208.141    tcbn65lpwc 
DFQD4              1        8.280       3.856    tcbn65lpwc 
FA1D0          52016   468144.000  220875.286    tcbn65lpwc 
FCICIND1         171      800.280     223.513    tcbn65lpwc 
FICIND1            1       10.440       5.511    tcbn65lpwc 
HA1D0           8609    49587.840   18787.769    tcbn65lpwc 
IAO21D0          905     2280.600     397.265    tcbn65lpwc 
IAO21D1         3885     9790.200    3184.455    tcbn65lpwc 
IAO22D1            1        3.240       0.840    tcbn65lpwc 
IND2D1          3025     6534.000    1367.665    tcbn65lpwc 
IND2D2             1        2.880       1.237    tcbn65lpwc 
IND3D1          2400     6048.000    1848.935    tcbn65lpwc 
INR2D1           863     1864.080     484.685    tcbn65lpwc 
INR2XD0         7554    16316.640    3832.862    tcbn65lpwc 
INR3D0           199      501.480     100.657    tcbn65lpwc 
INVD0              3        3.240       0.431    tcbn65lpwc 
INVD1          41512    44832.960   16147.403    tcbn65lpwc 
INVD12            45      275.400     259.610    tcbn65lpwc 
INVD16           100      792.000     776.442    tcbn65lpwc 
INVD2           2553     3676.320    2090.325    tcbn65lpwc 
INVD3            613     1324.080     804.281    tcbn65lpwc 
INVD4            205      516.600     368.441    tcbn65lpwc 
INVD6             25       81.000      67.956    tcbn65lpwc 
INVD8            129      557.280     485.677    tcbn65lpwc 
IOA21D1         3615     9109.800    2911.625    tcbn65lpwc 
MAOI222D0       2128     6128.640     492.180    tcbn65lpwc 
MAOI222D1      22320    64281.600   10425.760    tcbn65lpwc 
MAOI22D1       30619    88182.720   34641.511    tcbn65lpwc 
MOAI22D1       70280   202406.400   79452.872    tcbn65lpwc 
MOAI22D2          74      319.680     144.714    tcbn65lpwc 
MUX2D0           236      764.640     129.284    tcbn65lpwc 
MUX2D1           420     1512.000     622.287    tcbn65lpwc 
MUX2D2           654     2589.840    1286.831    tcbn65lpwc 
MUX2D4             9       55.080      36.221    tcbn65lpwc 
MUX2ND0        37734   108673.920   20716.266    tcbn65lpwc 
MUX2ND1            2        8.640       3.639    tcbn65lpwc 
ND2D1          15581    22436.640    5233.741    tcbn65lpwc 
ND3D1              4        8.640       0.720    tcbn65lpwc 
NR2D1           8889    12800.160    3126.377    tcbn65lpwc 
NR2XD0         19441    27995.040    5973.498    tcbn65lpwc 
NR2XD4             1        7.920       3.325    tcbn65lpwc 
OA211D1          223      642.240     213.297    tcbn65lpwc 
OA21D1          7908    19928.160    8482.395    tcbn65lpwc 
OA221D0          412     1483.200     171.151    tcbn65lpwc 
OA22D0          2690     7747.200    1173.647    tcbn65lpwc 
OAI21D1        11481    24798.960    5751.309    tcbn65lpwc 
OAI221D0        9097    26199.360    1500.334    tcbn65lpwc 
OAI222D0        1630     5281.200     384.111    tcbn65lpwc 
OAI22D1        46000   115920.000   29893.873    tcbn65lpwc 
OAI31D1          163      410.760      95.288    tcbn65lpwc 
OAI32D1          706     2033.280     447.924    tcbn65lpwc 
OR2D1             56      120.960      37.383    tcbn65lpwc 
OR2XD1           127      274.320     100.166    tcbn65lpwc 
SDFQD0             1        8.640       1.258    tcbn65lpwc 
XNR2D1           474     1706.400     722.233    tcbn65lpwc 
XNR3D1          3760    23011.200    9108.076    tcbn65lpwc 
XNR4D1           385     3465.000    1123.242    tcbn65lpwc 
XOR2D1          2569     9248.400    4394.077    tcbn65lpwc 
XOR3D0             1        6.120       1.369    tcbn65lpwc 
XOR3D1          1880    11505.600    4277.785    tcbn65lpwc 
XOR4D1           379     3411.000    1374.931    tcbn65lpwc 
------------------------------------------------------------
total         677050  2196133.188  779706.129               


                                              Leakage  Leakage 
     Type      Instances     Area    Area % Power (nW) Power % 
---------------------------------------------------------------
sequential         12559   90208.080    4.1  20853.720     2.7 
inverter          102621  118825.920    5.4  43425.863     5.6 
buffer             34484   72856.800    3.3  43186.841     5.5 
logic             527386 1914242.388   87.2 672239.704    86.2 
physical_cells         0       0.000    0.0      0.000     0.0 
---------------------------------------------------------------
total             677050 2196133.188  100.0 779706.129   100.0 

