============================================================
  Generated by:           Genus(TM) Synthesis Solution 16.24-s065_1
  Generated on:           Mar 16 2020  08:13:49 pm
  Module:                 econ_4x4_d10
  Technology libraries:   tcbn65lpwc 200
                          tpdn65lpnv2od3wc 200a
                          tpan65lpnv2od3wc 200a
  Operating conditions:   WCCOM (balanced_tree)
  Wireload mode:          segmented
  Area mode:              timing library
============================================================

Timing
--------

     Clock      Period 
-----------------------
clk            25000.0 
virtual_io_clk 20000.0 


     Cost        Critical         Violating 
     Group      Path Slack  TNS     Paths   
--------------------------------------------
clk                 7604.9   0.0          0 
default           No paths   0.0            
virtual_io_clk    No paths   0.0            
--------------------------------------------
Total                        0.0          0 

Instance Count
--------------
Leaf Instance Count             677050 
Physical Instance count              0 
Sequential Instance Count        12559 
Combinational Instance Count    664491 
Hierarchical Instance Count       3915 

Area
----
Cell Area                          2196133.188
Physical Cell Area                 0.000
Total Cell Area (Cell+Physical)    2196133.188
Net Area                           0.000
Total Area (Cell+Physical+Net)     2196133.188

Runtime                            9737.138161 seconds
Elapsed Runtime                    11521 seconds
Genus peak memory usage            3883.27 
Innovus peak memory usage          no_value 
Hostname                           nova.cs.northwestern.edu
