============================================================
  Generated by:           Genus(TM) Synthesis Solution 16.24-s065_1
  Generated on:           Feb 25 2020  06:26:33 pm
  Module:                 econV0
  Technology libraries:   tcbn65lpwc 200
                          tpdn65lpnv2od3wc 200a
                          tpan65lpnv2od3wc 200a
  Operating conditions:   WCCOM (balanced_tree)
  Wireload mode:          segmented
  Area mode:              timing library
============================================================

                                    Leakage   
   Gate    Instances     Area      Power (nW)    Library    
------------------------------------------------------------
AN2D1              1        2.160       0.573    tcbn65lpwc 
AN2XD1          4781    10326.960    4037.657    tcbn65lpwc 
AN3XD1            98      246.960      56.586    tcbn65lpwc 
AO211D1          429     1235.520     418.847    tcbn65lpwc 
AO21D1          1970     4964.400    2013.687    tcbn65lpwc 
AO221D0         3785    13626.000    1363.211    tcbn65lpwc 
AO222D1         1169     5050.080    1265.649    tcbn65lpwc 
AO22D0         11105    31982.400    4994.784    tcbn65lpwc 
AO22D1           225      729.000     229.300    tcbn65lpwc 
AO22D2             2        7.920       2.961    tcbn65lpwc 
AO31D1            17       48.960      16.214    tcbn65lpwc 
AOI211D1          75      189.000      42.368    tcbn65lpwc 
AOI211XD0        200      504.000      58.352    tcbn65lpwc 
AOI21D1         2996     6471.360    1524.656    tcbn65lpwc 
AOI221D0         865     2491.200     196.248    tcbn65lpwc 
AOI221D1           1        3.240       0.888    tcbn65lpwc 
AOI222D0         273      982.800      80.567    tcbn65lpwc 
AOI22D1        12802    32261.040    7930.579    tcbn65lpwc 
AOI31D1          176      443.520      91.341    tcbn65lpwc 
AOI32D1           93      267.840      37.655    tcbn65lpwc 
AOI33D1          707     2290.680     372.168    tcbn65lpwc 
BUFFD12            1        7.920       7.709    tcbn65lpwc 
BUFFD16           59      615.960     605.536    tcbn65lpwc 
BUFFD2             3        6.480       3.891    tcbn65lpwc 
BUFFD4             1        3.240       2.745    tcbn65lpwc 
BUFFD8             1        5.760       5.201    tcbn65lpwc 
CKAN2D2            1        2.520       1.065    tcbn65lpwc 
CKBD1             20       28.800      14.190    tcbn65lpwc 
CKBD16             1       10.080       9.574    tcbn65lpwc 
CKND1          29132    31462.560    9324.246    tcbn65lpwc 
CKND12             2       12.240       9.621    tcbn65lpwc 
CKND16            10       79.200      69.858    tcbn65lpwc 
CKND2             18       25.920      10.992    tcbn65lpwc 
CKND2D1         6302     9074.880    1903.959    tcbn65lpwc 
CKND3              1        2.160       1.232    tcbn65lpwc 
CKND4              4       10.080       5.994    tcbn65lpwc 
CKND6              4       12.960       9.903    tcbn65lpwc 
CKND8              1        4.320       3.030    tcbn65lpwc 
CKXOR2D1         322     1159.200     494.205    tcbn65lpwc 
CMPE42D1       27378   453379.653  247229.254    tcbn65lpwc 
DEL1              51      312.120      46.225    tcbn65lpwc 
DFCNQD1           51      403.920      86.688    tcbn65lpwc 
DFKCNQD1        3884    27964.800    6497.534    tcbn65lpwc 
DFQD1          10269    70239.960   19640.332    tcbn65lpwc 
DFQD2            120      864.000     280.181    tcbn65lpwc 
DFSND4             1       11.520       7.550    tcbn65lpwc 
EDFKCND1           2       20.880       4.836    tcbn65lpwc 
EDFKCNQD1         93      937.440     194.380    tcbn65lpwc 
FA1D0          30152   271368.000  127524.531    tcbn65lpwc 
FCICIND1          29      135.720      33.154    tcbn65lpwc 
HA1D0          20058   115534.080   43961.833    tcbn65lpwc 
IAO21D0            7       17.640       2.669    tcbn65lpwc 
IAO21D1           30       75.600      19.578    tcbn65lpwc 
IAO22D1            1        3.240       0.851    tcbn65lpwc 
IND2D1          2041     4408.560    1220.176    tcbn65lpwc 
IND3D1           820     2066.400     572.112    tcbn65lpwc 
INR2D1          1269     2741.040     822.890    tcbn65lpwc 
INR2XD0        18661    40307.760    9370.900    tcbn65lpwc 
INR2XD2            1        4.680       1.690    tcbn65lpwc 
INR3D0           512     1290.240     273.507    tcbn65lpwc 
INR3D1             1        3.600       0.910    tcbn65lpwc 
INVD1          20510    22150.800    7772.666    tcbn65lpwc 
INVD12            20      122.400     115.456    tcbn65lpwc 
INVD16             6       47.520      46.404    tcbn65lpwc 
INVD2            968     1393.920     793.634    tcbn65lpwc 
INVD3             16       34.560      21.072    tcbn65lpwc 
INVD4             13       32.760      23.386    tcbn65lpwc 
INVD6             14       45.360      38.494    tcbn65lpwc 
INVD8             20       86.400      75.339    tcbn65lpwc 
IOA21D1          450     1134.000     342.841    tcbn65lpwc 
IOA21D2            3        9.720       5.202    tcbn65lpwc 
IOA22D2            1        3.960       1.867    tcbn65lpwc 
MAOI222D0        115      331.200      24.459    tcbn65lpwc 
MAOI222D1       5752    16565.760    2716.163    tcbn65lpwc 
MAOI22D1       58404   168203.520   66172.424    tcbn65lpwc 
MOAI22D1       25644    73854.720   29090.375    tcbn65lpwc 
MUX2D0           776     2514.240     429.594    tcbn65lpwc 
MUX2D1           363     1306.800     530.024    tcbn65lpwc 
MUX2D2            65      257.400     127.564    tcbn65lpwc 
MUX2ND0        36899   106269.120   20805.777    tcbn65lpwc 
MUX3D1            58      334.080     132.460    tcbn65lpwc 
MUX3ND0          108      583.200     206.308    tcbn65lpwc 
MUX4ND0            2       15.120       3.658    tcbn65lpwc 
ND2D0              2        2.880       0.434    tcbn65lpwc 
ND2D1          15355    22111.200    4686.258    tcbn65lpwc 
ND3D1            194      419.040      27.410    tcbn65lpwc 
NR2D1           4234     6096.960    1531.883    tcbn65lpwc 
NR2D2              2        5.040       1.495    tcbn65lpwc 
NR2XD0         28009    40332.960    7265.197    tcbn65lpwc 
NR2XD2           270     1166.400     351.874    tcbn65lpwc 
NR2XD4            36      285.120      96.563    tcbn65lpwc 
NR3D0             32       69.120       3.565    tcbn65lpwc 
OA211D1          389     1120.320     312.881    tcbn65lpwc 
OA21D1          9749    24567.480   10530.730    tcbn65lpwc 
OA221D0         3325    11970.000    1394.685    tcbn65lpwc 
OA222D1          429     1853.280     507.281    tcbn65lpwc 
OA22D0          1315     3787.200     582.411    tcbn65lpwc 
OA32D0           138      496.800      46.737    tcbn65lpwc 
OAI211D1        1134     2857.680     456.406    tcbn65lpwc 
OAI21D1         3802     8212.320    2057.165    tcbn65lpwc 
OAI221D0        2414     6952.320     532.779    tcbn65lpwc 
OAI221D1        2300     7452.000    1049.240    tcbn65lpwc 
OAI222D0         855     2770.200     243.429    tcbn65lpwc 
OAI22D1        88843   223884.360   56524.248    tcbn65lpwc 
OAI31D1           62      156.240      33.343    tcbn65lpwc 
OAI32D1           69      198.720      37.939    tcbn65lpwc 
OR2D1            426      920.160     290.608    tcbn65lpwc 
OR2XD1           703     1518.480     541.138    tcbn65lpwc 
OR3D1              9       22.680       5.228    tcbn65lpwc 
XNR2D1           402     1447.200     611.578    tcbn65lpwc 
XNR3D1            59      361.080     145.750    tcbn65lpwc 
XNR4D1             7       63.000      21.533    tcbn65lpwc 
XOR2D1           114      410.400     192.871    tcbn65lpwc 
XOR3D1           361     2209.320     825.197    tcbn65lpwc 
------------------------------------------------------------
total         508330  1917756.693  715392.046               


                                              Leakage  Leakage 
     Type      Instances     Area    Area % Power (nW) Power % 
---------------------------------------------------------------
sequential         14420  100442.520    5.2  26711.501     3.7 
inverter           50739   55523.160    2.9  18321.327     2.6 
buffer               137     990.360    0.1    695.071     0.1 
logic             443034 1760800.653   91.8 669664.148    93.6 
physical_cells         0       0.000    0.0      0.000     0.0 
---------------------------------------------------------------
total             508330 1917756.693  100.0 715392.046   100.0 

