============================================================
  Generated by:           Encounter(R) RTL Compiler RC14.28 - v14.20-s067_1
  Generated on:           Feb 04 2020  04:47:04 pm
  Module:                 econV0
  Technology library:     NangateOpenCellLibrary revision 1.0
  Operating conditions:   typical 
  Interconnect mode:      global
  Area mode:              physical library
============================================================

                                 
   Gate    Instances     Area             Library          
-----------------------------------------------------------
AND2_X1         8411    8949.304    NangateOpenCellLibrary 
AND2_X2            1       1.330    NangateOpenCellLibrary 
AND2_X4            1       2.394    NangateOpenCellLibrary 
AND3_X1           58      77.140    NangateOpenCellLibrary 
AND4_X1          117     186.732    NangateOpenCellLibrary 
AOI211_X1         44      58.520    NangateOpenCellLibrary 
AOI21_X1         931     990.584    NangateOpenCellLibrary 
AOI21_X2           1       1.862    NangateOpenCellLibrary 
AOI221_X1         45      71.820    NangateOpenCellLibrary 
AOI222_X1         10      21.280    NangateOpenCellLibrary 
AOI22_X1         946    1258.180    NangateOpenCellLibrary 
BUF_X1             1       0.798    NangateOpenCellLibrary 
BUF_X4             1       1.862    NangateOpenCellLibrary 
BUF_X8             2       6.916    NangateOpenCellLibrary 
CLKBUF_X1         34      27.132    NangateOpenCellLibrary 
CLKBUF_X2         13      13.832    NangateOpenCellLibrary 
DFFR_X1            1       5.320    NangateOpenCellLibrary 
DFF_X1          7073   31984.106    NangateOpenCellLibrary 
DFF_X2             4      20.216    NangateOpenCellLibrary 
FA_X1          54670  232675.520    NangateOpenCellLibrary 
HA_X1           5398   14358.680    NangateOpenCellLibrary 
INV_X1         37027   19698.364    NangateOpenCellLibrary 
INV_X16            3      13.566    NangateOpenCellLibrary 
INV_X2           683     545.034    NangateOpenCellLibrary 
INV_X32           15     131.670    NangateOpenCellLibrary 
INV_X4             4       5.320    NangateOpenCellLibrary 
INV_X8             1       2.394    NangateOpenCellLibrary 
MUX2_X1         5920   11023.040    NangateOpenCellLibrary 
MUX2_X2          241     576.954    NangateOpenCellLibrary 
NAND2_X1        7355    5869.290    NangateOpenCellLibrary 
NAND2_X2           4       5.320    NangateOpenCellLibrary 
NAND3_X1         173     184.072    NangateOpenCellLibrary 
NAND4_X1          80     106.400    NangateOpenCellLibrary 
NOR2_X1         1283    1023.834    NangateOpenCellLibrary 
NOR2_X2           31      41.230    NangateOpenCellLibrary 
NOR2_X4            1       2.394    NangateOpenCellLibrary 
NOR3_X1           47      50.008    NangateOpenCellLibrary 
NOR4_X1           33      43.890    NangateOpenCellLibrary 
OAI211_X1       1045    1389.850    NangateOpenCellLibrary 
OAI21_X1        4526    4815.664    NangateOpenCellLibrary 
OAI21_X2           1       1.862    NangateOpenCellLibrary 
OAI221_X1        364     580.944    NangateOpenCellLibrary 
OAI222_X1         67     142.576    NangateOpenCellLibrary 
OAI22_X1         491     653.030    NangateOpenCellLibrary 
OR2_X1           534     568.176    NangateOpenCellLibrary 
OR2_X2            40      53.200    NangateOpenCellLibrary 
OR2_X4           557    1333.458    NangateOpenCellLibrary 
OR3_X1            17      22.610    NangateOpenCellLibrary 
OR4_X1             8      12.768    NangateOpenCellLibrary 
XNOR2_X1        1572    2508.912    NangateOpenCellLibrary 
XNOR2_X2           1       2.660    NangateOpenCellLibrary 
XOR2_X1         4766    7606.536    NangateOpenCellLibrary 
XOR2_X2            5      11.970    NangateOpenCellLibrary 
-----------------------------------------------------------
total         144657  349740.524                           


                                       
   Type    Instances    Area    Area % 
---------------------------------------
sequential      7078  32009.642    9.2 
inverter       37733  20396.348    5.8 
buffer            51     50.540    0.0 
logic          99795 297283.994   85.0 
---------------------------------------
total         144657 349740.524  100.0 

