============================================================
  Generated by:           Encounter(R) RTL Compiler RC14.28 - v14.20-s067_1
  Generated on:           Feb 08 2020  08:07:50 pm
  Module:                 econV0
  Technology library:     NangateOpenCellLibrary revision 1.0
  Operating conditions:   typical 
  Interconnect mode:      global
  Area mode:              physical library
============================================================

Timing
--------

     Clock     Period 
----------------------
clk            5000.0 
virtual_io_clk 5000.0 


     Cost        Critical       Violating 
     Group      Path Slack TNS    Paths   
------------------------------------------
C2C                 1066.5   0          0 
C2O                 4765.3   0          0 
clk               No paths   0            
default           No paths   0            
I2C                 1887.2   0          0 
I2O               No paths   0            
virtual_io_clk    No paths   0            
------------------------------------------
Total                        0          0 

Instance Count
--------------
Leaf Instance Count             144672 
Sequential Instance Count         7078 
Combinational Instance Count    137594 
Hierarchical Instance Count       2671 

Area
----
Cell Area                          349749.568
Physical Cell Area                 0.000
Total Cell Area (Cell+Physical)    349749.568
Net Area                           608647.124
Total Area (Cell+Physical+Net)     958396.692

Power
-----
Leakage Power                      6633847.137 nW
Dynamic Power                      302855927.995 nW
Total Power                        309489775.132 nW

Max Fanout                         7078 (clk)
Min Fanout                         0 (econV0_core_inst/econV0_core_const_size_in_1_rsci_inst/const_size_in_1_rsc_dat[5])
Average Fanout                     1.5
Terms to net ratio                 2.5
Terms to instance ratio            3.7
Runtime                            2433.534 seconds
Elapsed Runtime                    2748 seconds
RC peak memory usage:              1822.00 
EDI peak memory usage:             no_value 
Hostname                           fastml02.c.harrisgroup-223921.internal
