============================================================
  Generated by:           Encounter(R) RTL Compiler RC14.28 - v14.20-s067_1
  Generated on:           Feb 04 2020  03:34:55 pm
  Module:                 econV0
  Technology library:     NangateOpenCellLibrary revision 1.0
  Operating conditions:   typical 
  Interconnect mode:      global
  Area mode:              physical library
============================================================

                                                                          Pin                                                                               Type     Fanout  Load Slew Delay Arrival   
                                                                                                                                                                             (fF) (ps)  (ps)   (ps)    
-------------------------------------------------------------------------------------------------------------------------------------------------------------------------------------------------------
(clock clk)                                                                                                                                                 launch                                 0 R 
econV0_core_inst/econV0_core_input_48_rsci_inst/econV0_core_input_48_rsci_input_48_rsc_wait_dp_inst/input_48_rsci_bcwt_reg/CK                                                        0             0 R 
econV0_core_inst/econV0_core_input_48_rsci_inst/econV0_core_input_48_rsci_input_48_rsc_wait_dp_inst/input_48_rsci_bcwt_reg/QN                               DFFR_X1      44  53.6   63  +144     144 F 
econV0_core_inst/econV0_core_input_48_rsci_inst/econV0_core_input_48_rsci_input_48_rsc_wait_dp_inst/Fp0624A18829/A                                                                        +0     144   
econV0_core_inst/econV0_core_input_48_rsci_inst/econV0_core_input_48_rsci_input_48_rsc_wait_dp_inst/Fp0624A18829/ZN                                         INV_X2       45 102.5  120  +160     304 R 
econV0_core_inst/econV0_core_input_48_rsci_inst/econV0_core_input_48_rsci_input_48_rsc_wait_dp_inst/Fp0624A18799/A                                                                        +0     304   
econV0_core_inst/econV0_core_input_48_rsci_inst/econV0_core_input_48_rsci_input_48_rsc_wait_dp_inst/Fp0624A18799/ZN                                         INV_X2       66  78.9   60   +96     400 F 
econV0_core_inst/econV0_core_input_48_rsci_inst/econV0_core_input_48_rsci_input_48_rsc_wait_dp_inst/Fp0624A18798/A                                                                        +0     400   
econV0_core_inst/econV0_core_input_48_rsci_inst/econV0_core_input_48_rsci_input_48_rsc_wait_dp_inst/Fp0624A18798/ZN                                         INV_X4      139 241.0  140  +180     580 R 
econV0_core_inst/econV0_core_input_48_rsci_inst/econV0_core_input_48_rsci_input_48_rsc_wait_dp_inst/Fp0624A18826/A                                                                        +0     580   
econV0_core_inst/econV0_core_input_48_rsci_inst/econV0_core_input_48_rsci_input_48_rsc_wait_dp_inst/Fp0624A18826/ZN                                         INV_X1       39  44.7   69  +110     690 F 
econV0_core_inst/econV0_core_input_48_rsci_inst/econV0_core_input_48_rsci_input_48_rsc_wait_dp_inst/Fp0624A18741/A                                                                        +0     690   
econV0_core_inst/econV0_core_input_48_rsci_inst/econV0_core_input_48_rsci_input_48_rsc_wait_dp_inst/Fp0624A18741/ZN                                         INV_X1       26  41.2   97  +139     829 R 
econV0_core_inst/econV0_core_input_48_rsci_inst/econV0_core_input_48_rsci_input_48_rsc_wait_dp_inst/Fp0624A18740/A                                                                        +0     829   
econV0_core_inst/econV0_core_input_48_rsci_inst/econV0_core_input_48_rsci_input_48_rsc_wait_dp_inst/Fp0624A18740/ZN                                         INV_X1       32  35.8   52   +84     913 F 
econV0_core_inst/econV0_core_input_48_rsci_inst/econV0_core_input_48_rsci_input_48_rsc_wait_dp_inst/Fp0624A18719/A                                                                        +0     913   
econV0_core_inst/econV0_core_input_48_rsci_inst/econV0_core_input_48_rsci_input_48_rsc_wait_dp_inst/Fp0624A18719/ZN                                         INV_X1       32  48.5  113  +147    1060 R 
econV0_core_inst/econV0_core_input_48_rsci_inst/econV0_core_input_48_rsci_input_48_rsc_wait_dp_inst/Fp0624A18696/A                                                                        +0    1060   
econV0_core_inst/econV0_core_input_48_rsci_inst/econV0_core_input_48_rsci_input_48_rsc_wait_dp_inst/Fp0624A18696/ZN                                         INV_X1       49  55.8   71  +119    1179 F 
econV0_core_inst/econV0_core_input_48_rsci_inst/econV0_core_input_48_rsci_input_48_rsc_wait_dp_inst/Fp0624A18617/A                                                                        +0    1179   
econV0_core_inst/econV0_core_input_48_rsci_inst/econV0_core_input_48_rsci_input_48_rsc_wait_dp_inst/Fp0624A18617/ZN                                         INV_X2       64  96.9  114  +157    1336 R 
econV0_core_inst/econV0_core_input_48_rsci_inst/econV0_core_input_48_rsci_input_48_rsc_wait_dp_inst/Fp0624A18688/A                                                                        +0    1336   
econV0_core_inst/econV0_core_input_48_rsci_inst/econV0_core_input_48_rsci_input_48_rsc_wait_dp_inst/Fp0624A18688/ZN                                         INV_X1       53  58.8   73  +123    1459 F 
econV0_core_inst/econV0_core_input_48_rsci_inst/econV0_core_input_48_rsci_input_48_rsc_wait_dp_inst/Fp0624A18687/A                                                                        +0    1459   
econV0_core_inst/econV0_core_input_48_rsci_inst/econV0_core_input_48_rsci_input_48_rsc_wait_dp_inst/Fp0624A18687/ZN                                         INV_X1       25  31.9   76  +119    1578 R 
econV0_core_inst/econV0_core_input_48_rsci_inst/econV0_core_input_48_rsci_input_48_rsc_wait_dp_inst/p1423A/A1                                                                             +0    1578   
econV0_core_inst/econV0_core_input_48_rsci_inst/econV0_core_input_48_rsci_input_48_rsc_wait_dp_inst/p1423A/ZN                                               AND2_X1       1   2.1   11   +48    1626 R 
econV0_core_inst/econV0_core_input_48_rsci_inst/econV0_core_input_48_rsci_input_48_rsc_wait_dp_inst/p1423D17029/A1                                                                        +0    1626   
econV0_core_inst/econV0_core_input_48_rsci_inst/econV0_core_input_48_rsci_input_48_rsc_wait_dp_inst/p1423D17029/ZN                                          OR2_X2       35 118.5  138  +162    1788 R 
econV0_core_inst/econV0_core_input_48_rsci_inst/econV0_core_input_48_rsci_input_48_rsc_wait_dp_inst/input_48_rsci_idat_mxwt[712] 
econV0_core_inst/econV0_core_input_48_rsci_inst/input_48_rsci_idat_mxwt[712] 
econV0_core_inst/nnet_dense_large_input_t_layer2_t_config2_cmp/data_rsc_dat[712] 
econV0_core_inst/nnet_dense_large_input_t_layer2_t_config2_cmp/nnet_dense_large_input_t_layer2_t_config2_core_inst/data_rsc_dat[712] 
econV0_core_inst/nnet_dense_large_input_t_layer2_t_config2_cmp/nnet_dense_large_input_t_layer2_t_config2_core_inst/p1452D/A                                                               +0    1788   
econV0_core_inst/nnet_dense_large_input_t_layer2_t_config2_cmp/nnet_dense_large_input_t_layer2_t_config2_core_inst/p1452D/ZN                                INV_X2       26  88.9   68  +109    1897 F 
econV0_core_inst/nnet_dense_large_input_t_layer2_t_config2_cmp/nnet_dense_large_input_t_layer2_t_config2_core_inst/p1420A61404/B                                                          +0    1897   
econV0_core_inst/nnet_dense_large_input_t_layer2_t_config2_cmp/nnet_dense_large_input_t_layer2_t_config2_core_inst/p1420A61404/S                            HA_X1         1   3.1   22   +80    1976 F 
econV0_core_inst/nnet_dense_large_input_t_layer2_t_config2_cmp/nnet_dense_large_input_t_layer2_t_config2_core_inst/csa_tree_add_18255_75_groupi/in_0[10] 
econV0_core_inst/nnet_dense_large_input_t_layer2_t_config2_cmp/nnet_dense_large_input_t_layer2_t_config2_core_inst/csa_tree_add_18255_75_groupi/p1477A/CI                                 +0    1976   
econV0_core_inst/nnet_dense_large_input_t_layer2_t_config2_cmp/nnet_dense_large_input_t_layer2_t_config2_core_inst/csa_tree_add_18255_75_groupi/p1477A/S    FA_X1         1   4.0   18   +96    2073 F 
econV0_core_inst/nnet_dense_large_input_t_layer2_t_config2_cmp/nnet_dense_large_input_t_layer2_t_config2_core_inst/csa_tree_add_18255_75_groupi/p1404A/A                                  +0    2073   
econV0_core_inst/nnet_dense_large_input_t_layer2_t_config2_cmp/nnet_dense_large_input_t_layer2_t_config2_core_inst/csa_tree_add_18255_75_groupi/p1404A/CO   FA_X1         1   3.1   15   +79    2152 F 
econV0_core_inst/nnet_dense_large_input_t_layer2_t_config2_cmp/nnet_dense_large_input_t_layer2_t_config2_core_inst/csa_tree_add_18255_75_groupi/p1439A/CI                                 +0    2152   
econV0_core_inst/nnet_dense_large_input_t_layer2_t_config2_cmp/nnet_dense_large_input_t_layer2_t_config2_core_inst/csa_tree_add_18255_75_groupi/p1439A/CO   FA_X1         1   3.1   15   +72    2225 F 
econV0_core_inst/nnet_dense_large_input_t_layer2_t_config2_cmp/nnet_dense_large_input_t_layer2_t_config2_core_inst/csa_tree_add_18255_75_groupi/p1482A/CI                                 +0    2225   
econV0_core_inst/nnet_dense_large_input_t_layer2_t_config2_cmp/nnet_dense_large_input_t_layer2_t_config2_core_inst/csa_tree_add_18255_75_groupi/p1482A/CO   FA_X1         1   3.1   15   +72    2297 F 
econV0_core_inst/nnet_dense_large_input_t_layer2_t_config2_cmp/nnet_dense_large_input_t_layer2_t_config2_core_inst/csa_tree_add_18255_75_groupi/p1526A/CI                                 +0    2297   
econV0_core_inst/nnet_dense_large_input_t_layer2_t_config2_cmp/nnet_dense_large_input_t_layer2_t_config2_core_inst/csa_tree_add_18255_75_groupi/p1526A/CO   FA_X1         1   3.1   15   +72    2370 F 
econV0_core_inst/nnet_dense_large_input_t_layer2_t_config2_cmp/nnet_dense_large_input_t_layer2_t_config2_core_inst/csa_tree_add_18255_75_groupi/p1567A/CI                                 +0    2370   
econV0_core_inst/nnet_dense_large_input_t_layer2_t_config2_cmp/nnet_dense_large_input_t_layer2_t_config2_core_inst/csa_tree_add_18255_75_groupi/p1567A/CO   FA_X1         1   3.1   15   +72    2442 F 
econV0_core_inst/nnet_dense_large_input_t_layer2_t_config2_cmp/nnet_dense_large_input_t_layer2_t_config2_core_inst/csa_tree_add_18255_75_groupi/p1594A/CI                                 +0    2442   
econV0_core_inst/nnet_dense_large_input_t_layer2_t_config2_cmp/nnet_dense_large_input_t_layer2_t_config2_core_inst/csa_tree_add_18255_75_groupi/p1594A/CO   FA_X1         1   3.1   15   +72    2515 F 
econV0_core_inst/nnet_dense_large_input_t_layer2_t_config2_cmp/nnet_dense_large_input_t_layer2_t_config2_core_inst/csa_tree_add_18255_75_groupi/p1640A/CI                                 +0    2515   
econV0_core_inst/nnet_dense_large_input_t_layer2_t_config2_cmp/nnet_dense_large_input_t_layer2_t_config2_core_inst/csa_tree_add_18255_75_groupi/p1640A/CO   FA_X1         1   3.1   15   +72    2587 F 
econV0_core_inst/nnet_dense_large_input_t_layer2_t_config2_cmp/nnet_dense_large_input_t_layer2_t_config2_core_inst/csa_tree_add_18255_75_groupi/p1678A/CI                                 +0    2587   
econV0_core_inst/nnet_dense_large_input_t_layer2_t_config2_cmp/nnet_dense_large_input_t_layer2_t_config2_core_inst/csa_tree_add_18255_75_groupi/p1678A/CO   FA_X1         1   3.1   15   +72    2660 F 
econV0_core_inst/nnet_dense_large_input_t_layer2_t_config2_cmp/nnet_dense_large_input_t_layer2_t_config2_core_inst/csa_tree_add_18255_75_groupi/p1713A/CI                                 +0    2660   
econV0_core_inst/nnet_dense_large_input_t_layer2_t_config2_cmp/nnet_dense_large_input_t_layer2_t_config2_core_inst/csa_tree_add_18255_75_groupi/p1713A/CO   FA_X1         1   3.1   15   +72    2732 F 
econV0_core_inst/nnet_dense_large_input_t_layer2_t_config2_cmp/nnet_dense_large_input_t_layer2_t_config2_core_inst/csa_tree_add_18255_75_groupi/p1744A/CI                                 +0    2732   
econV0_core_inst/nnet_dense_large_input_t_layer2_t_config2_cmp/nnet_dense_large_input_t_layer2_t_config2_core_inst/csa_tree_add_18255_75_groupi/p1744A/S    FA_X1         1   3.2   14  +116    2848 R 
econV0_core_inst/nnet_dense_large_input_t_layer2_t_config2_cmp/nnet_dense_large_input_t_layer2_t_config2_core_inst/csa_tree_add_18255_75_groupi/out_0[19] 
econV0_core_inst/nnet_dense_large_input_t_layer2_t_config2_cmp/nnet_dense_large_input_t_layer2_t_config2_core_inst/csa_tree_add_18280_7_groupi/in_3[12] 
econV0_core_inst/nnet_dense_large_input_t_layer2_t_config2_cmp/nnet_dense_large_input_t_layer2_t_config2_core_inst/csa_tree_add_18280_7_groupi/p1855A/CI                                  +0    2848   
econV0_core_inst/nnet_dense_large_input_t_layer2_t_config2_cmp/nnet_dense_large_input_t_layer2_t_config2_core_inst/csa_tree_add_18280_7_groupi/p1855A/S     FA_X1         1   3.1   16   +94    2942 F 
econV0_core_inst/nnet_dense_large_input_t_layer2_t_config2_cmp/nnet_dense_large_input_t_layer2_t_config2_core_inst/csa_tree_add_18280_7_groupi/p1921A/CI                                  +0    2942   
econV0_core_inst/nnet_dense_large_input_t_layer2_t_config2_cmp/nnet_dense_large_input_t_layer2_t_config2_core_inst/csa_tree_add_18280_7_groupi/p1921A/S     FA_X1         1   4.1   16  +119    3061 R 
econV0_core_inst/nnet_dense_large_input_t_layer2_t_config2_cmp/nnet_dense_large_input_t_layer2_t_config2_core_inst/csa_tree_add_18280_7_groupi/p1926A/A                                   +0    3061   
econV0_core_inst/nnet_dense_large_input_t_layer2_t_config2_cmp/nnet_dense_large_input_t_layer2_t_config2_core_inst/csa_tree_add_18280_7_groupi/p1926A/S     FA_X1         1   4.0   18   +92    3153 F 
econV0_core_inst/nnet_dense_large_input_t_layer2_t_config2_cmp/nnet_dense_large_input_t_layer2_t_config2_core_inst/csa_tree_add_18280_7_groupi/p1988A/A                                   +0    3153   
econV0_core_inst/nnet_dense_large_input_t_layer2_t_config2_cmp/nnet_dense_large_input_t_layer2_t_config2_core_inst/csa_tree_add_18280_7_groupi/p1988A/CO    FA_X1         1   4.0   16   +82    3235 F 
econV0_core_inst/nnet_dense_large_input_t_layer2_t_config2_cmp/nnet_dense_large_input_t_layer2_t_config2_core_inst/csa_tree_add_18280_7_groupi/p2003A/A                                   +0    3235   
econV0_core_inst/nnet_dense_large_input_t_layer2_t_config2_cmp/nnet_dense_large_input_t_layer2_t_config2_core_inst/csa_tree_add_18280_7_groupi/p2003A/S     FA_X1         1   3.1   16  +104    3339 F 
econV0_core_inst/nnet_dense_large_input_t_layer2_t_config2_cmp/nnet_dense_large_input_t_layer2_t_config2_core_inst/csa_tree_add_18280_7_groupi/p2029A/CI                                  +0    3339   
econV0_core_inst/nnet_dense_large_input_t_layer2_t_config2_cmp/nnet_dense_large_input_t_layer2_t_config2_core_inst/csa_tree_add_18280_7_groupi/p2029A/S     FA_X1         1   2.1   12  +114    3452 R 
econV0_core_inst/nnet_dense_large_input_t_layer2_t_config2_cmp/nnet_dense_large_input_t_layer2_t_config2_core_inst/csa_tree_add_18280_7_groupi/Fp2089A/A                                  +0    3452   
econV0_core_inst/nnet_dense_large_input_t_layer2_t_config2_cmp/nnet_dense_large_input_t_layer2_t_config2_core_inst/csa_tree_add_18280_7_groupi/Fp2089A/ZN   INV_X1        1   4.0    7   +12    3464 F 
econV0_core_inst/nnet_dense_large_input_t_layer2_t_config2_cmp/nnet_dense_large_input_t_layer2_t_config2_core_inst/csa_tree_add_18280_7_groupi/p2088A/A                                   +0    3464   
econV0_core_inst/nnet_dense_large_input_t_layer2_t_config2_cmp/nnet_dense_large_input_t_layer2_t_config2_core_inst/csa_tree_add_18280_7_groupi/p2088A/CO    FA_X1         1   3.1   15   +76    3540 F 
econV0_core_inst/nnet_dense_large_input_t_layer2_t_config2_cmp/nnet_dense_large_input_t_layer2_t_config2_core_inst/csa_tree_add_18280_7_groupi/p2120A/CI                                  +0    3540   
econV0_core_inst/nnet_dense_large_input_t_layer2_t_config2_cmp/nnet_dense_large_input_t_layer2_t_config2_core_inst/csa_tree_add_18280_7_groupi/p2120A/CO    FA_X1         1   3.1   15   +72    3612 F 
econV0_core_inst/nnet_dense_large_input_t_layer2_t_config2_cmp/nnet_dense_large_input_t_layer2_t_config2_core_inst/csa_tree_add_18280_7_groupi/p2169A/CI                                  +0    3612   
econV0_core_inst/nnet_dense_large_input_t_layer2_t_config2_cmp/nnet_dense_large_input_t_layer2_t_config2_core_inst/csa_tree_add_18280_7_groupi/p2169A/CO    FA_X1         1   3.1   15   +72    3685 F 
econV0_core_inst/nnet_dense_large_input_t_layer2_t_config2_cmp/nnet_dense_large_input_t_layer2_t_config2_core_inst/csa_tree_add_18280_7_groupi/p2209A/CI                                  +0    3685   
econV0_core_inst/nnet_dense_large_input_t_layer2_t_config2_cmp/nnet_dense_large_input_t_layer2_t_config2_core_inst/csa_tree_add_18280_7_groupi/p2209A/CO    FA_X1         1   2.6   14   +71    3756 F 
econV0_core_inst/nnet_dense_large_input_t_layer2_t_config2_cmp/nnet_dense_large_input_t_layer2_t_config2_core_inst/csa_tree_add_18280_7_groupi/p2253A/A                                   +0    3756   
econV0_core_inst/nnet_dense_large_input_t_layer2_t_config2_cmp/nnet_dense_large_input_t_layer2_t_config2_core_inst/csa_tree_add_18280_7_groupi/p2253A/Z     XOR2_X1       1   1.3   11   +51    3807 F 
econV0_core_inst/nnet_dense_large_input_t_layer2_t_config2_cmp/nnet_dense_large_input_t_layer2_t_config2_core_inst/csa_tree_add_18280_7_groupi/out_0[17] 
econV0_core_inst/nnet_dense_large_input_t_layer2_t_config2_cmp/nnet_dense_large_input_t_layer2_t_config2_core_inst/p2209A52391/B                                                          +0    3807   
econV0_core_inst/nnet_dense_large_input_t_layer2_t_config2_cmp/nnet_dense_large_input_t_layer2_t_config2_core_inst/p2209A52391/Z                            MUX2_X1       1   1.3   11   +58    3865 F 
econV0_core_inst/nnet_dense_large_input_t_layer2_t_config2_cmp/nnet_dense_large_input_t_layer2_t_config2_core_inst/p2241A/A1                                                              +0    3865   
econV0_core_inst/nnet_dense_large_input_t_layer2_t_config2_cmp/nnet_dense_large_input_t_layer2_t_config2_core_inst/p2241A/ZN                                AND2_X1       1   1.5    7   +29    3894 F 
econV0_core_inst/nnet_dense_large_input_t_layer2_t_config2_cmp/nnet_dense_large_input_t_layer2_t_config2_core_inst/MultLoop_acc_2903_itm_1_reg[17]/D        DFF_X1                        +0    3894   
econV0_core_inst/nnet_dense_large_input_t_layer2_t_config2_cmp/nnet_dense_large_input_t_layer2_t_config2_core_inst/MultLoop_acc_2903_itm_1_reg[17]/CK       setup                    0   +40    3934 R 
- - - - - - - - - - - - - - - - - - - - - - - - - - - - - - - - - - - - - - - - - - - - - - - - - - - - - - - - - - - - - - - - - - - - - - - - - - - - - - - - - - - - - - - - - - - - - - - - - - - -
(clock clk)                                                                                                                                                 capture                             5000 R 
-------------------------------------------------------------------------------------------------------------------------------------------------------------------------------------------------------
Cost Group   : 'C2C' (path_group 'r2g.sdc_1_line_107')
Timing slack :    1066ps 
Start-point  : econV0_core_inst/econV0_core_input_48_rsci_inst/econV0_core_input_48_rsci_input_48_rsc_wait_dp_inst/input_48_rsci_bcwt_reg/CK
End-point    : econV0_core_inst/nnet_dense_large_input_t_layer2_t_config2_cmp/nnet_dense_large_input_t_layer2_t_config2_core_inst/MultLoop_acc_2903_itm_1_reg[17]/D
