============================================================
  Generated by:           Genus(TM) Synthesis Solution 18.14-s037_1
  Generated on:           Feb 25 2020  10:07:15 pm
  Module:                 econV0
  Technology library:     NangateOpenCellLibrary revision 1.0
  Operating conditions:   typical (balanced_tree)
  Wireload mode:          enclosed
  Area mode:              timing library
============================================================

                                    Leakage   
   Gate    Instances     Area     Power (nW)           Library          
------------------------------------------------------------------------
AND2_X1          906     963.984    23121.290    NangateOpenCellLibrary 
AND2_X2            5       6.650      292.475    NangateOpenCellLibrary 
AND3_X1           82     109.060     2264.386    NangateOpenCellLibrary 
AND4_X1           78     124.488     2300.702    NangateOpenCellLibrary 
AOI211_X1        127     168.910     4309.456    NangateOpenCellLibrary 
AOI21_X1        5077    5401.928   137815.363    NangateOpenCellLibrary 
AOI221_X1         98     156.408     3906.633    NangateOpenCellLibrary 
AOI222_X1          4       8.512      201.850    NangateOpenCellLibrary 
AOI22_X1        2918    3880.940    85029.876    NangateOpenCellLibrary 
BUF_X1           462     368.676     9900.431    NangateOpenCellLibrary 
BUF_X16            3      19.950     1032.132    NangateOpenCellLibrary 
BUF_X2            45      47.880     1938.719    NangateOpenCellLibrary 
BUF_X4            18      33.516     1550.990    NangateOpenCellLibrary 
BUF_X8             9      31.122     1527.710    NangateOpenCellLibrary 
CLKBUF_X1          1       0.798       11.214    NangateOpenCellLibrary 
CLKBUF_X2          1       1.064       25.511    NangateOpenCellLibrary 
CLKBUF_X3         17      22.610      520.731    NangateOpenCellLibrary 
DFF_X1          2027    9166.094   158513.404    NangateOpenCellLibrary 
DFF_X2            51     257.754     5692.784    NangateOpenCellLibrary 
FA_X1          53639  228287.584  3995090.870    NangateOpenCellLibrary 
HA_X1           1620    4309.200    96747.761    NangateOpenCellLibrary 
INV_X1         11156    5934.992   155257.371    NangateOpenCellLibrary 
INV_X2          1017     811.566    29331.297    NangateOpenCellLibrary 
INV_X4           566     752.780    32618.852    NangateOpenCellLibrary 
INV_X8           269     643.986    30848.141    NangateOpenCellLibrary 
MUX2_X1          223     415.226     7392.402    NangateOpenCellLibrary 
MUX2_X2          520    1244.880    35371.614    NangateOpenCellLibrary 
NAND2_X1        5267    4203.066    96895.730    NangateOpenCellLibrary 
NAND2_X2          25      33.250     1528.903    NangateOpenCellLibrary 
NAND2_X4          48     114.912     5672.529    NangateOpenCellLibrary 
NAND3_X1         164     174.496     3686.808    NangateOpenCellLibrary 
NAND4_X1          96     127.680     2575.197    NangateOpenCellLibrary 
NOR2_X1         7330    5849.340   161205.995    NangateOpenCellLibrary 
NOR2_X2           40      53.200     1620.032    NangateOpenCellLibrary 
NOR3_X1           83      88.312     2230.445    NangateOpenCellLibrary 
NOR4_X1           31      41.230     1057.516    NangateOpenCellLibrary 
OAI211_X1        568     755.440    12769.962    NangateOpenCellLibrary 
OAI21_X1        4582    4875.248   121065.915    NangateOpenCellLibrary 
OAI21_X2          11      20.482      504.527    NangateOpenCellLibrary 
OAI221_X1        137     218.652     5470.651    NangateOpenCellLibrary 
OAI222_X1          6      12.768      265.328    NangateOpenCellLibrary 
OAI22_X1        1285    1709.050    43776.174    NangateOpenCellLibrary 
OAI33_X1           2       3.724       67.316    NangateOpenCellLibrary 
OR2_X1          1390    1478.960    31872.610    NangateOpenCellLibrary 
OR2_X2             2       2.660       97.188    NangateOpenCellLibrary 
OR2_X4           114     272.916    11064.004    NangateOpenCellLibrary 
OR3_X1            18      23.940      481.808    NangateOpenCellLibrary 
OR4_X1            11      17.556      327.696    NangateOpenCellLibrary 
XNOR2_X1        5891    9402.036   217021.549    NangateOpenCellLibrary 
XNOR2_X2           2       5.320      151.929    NangateOpenCellLibrary 
XOR2_X1         2505    3997.980    83797.954    NangateOpenCellLibrary 
XOR2_X2           10      23.940      909.288    NangateOpenCellLibrary 
------------------------------------------------------------------------
total         110557  296676.716  5628731.020                           


                                             Leakage   Leakage 
     Type      Instances    Area    Area %  Power (nW) Power % 
---------------------------------------------------------------
sequential          2078   9423.848    3.2  164206.188     2.9 
inverter           13008   8143.324    2.7  248055.661     4.4 
buffer               556    525.616    0.2   16507.438     0.3 
logic              94915 278583.928   93.9 5199961.732    92.4 
physical_cells         0      0.000    0.0       0.000     0.0 
---------------------------------------------------------------
total             110557 296676.716  100.0 5628731.020   100.0 

