

Working Directory = /home/ylf673/hls4ml-therwig/example-prjs/mentor_workspace/mntr_ex9/syn-rc-25ns
QoS Summary for econV0
==========================================================================================
Metric                          generic         map             syn_opt         final          
==========================================================================================
Slack (ps):                    12,095          18,028          18,103          18,103
  R2R (ps):                    12,095          18,028          18,103          18,103
  I2R (ps):                    12,447          18,610          18,750          18,750
  R2O (ps):                    24,536          24,727          24,522          24,522
  I2O (ps):                  no_value        no_value        no_value        no_value
  CG  (ps):                  no_value        no_value        no_value        no_value
TNS (ps):                           0               0               0               0
  R2R (ps):                         0               0               0               0
  I2R (ps):                         0               0               0               0
  R2O (ps):                         0               0               0               0
  I2O (ps):                  no_value        no_value        no_value        no_value
  CG  (ps):                  no_value        no_value        no_value        no_value
Failing Paths:                      0               0               0               0
Cell Area:                    900,276         299,169         296,677         296,677
Total Cell Area:              900,276         299,169         296,677         296,677
Leaf Instances:               560,707         117,983         110,557         110,557
Total Instances:              560,707         117,983         110,557         110,557
Utilization (%):                 0.00            0.00            0.00            0.00
Tot. Net Length (um):        no_value        no_value        no_value        no_value
Avg. Net Length (um):        no_value        no_value        no_value        no_value
Route Overflow H (%):        no_value        no_value        no_value        no_value
Route Overflow V (%):        no_value        no_value        no_value        no_value
MBCI(%) (bits/gate) :            0.00            0.00            0.00            0.00
Norm Cong Hotspot Area:
  Max Cong:                  no_value        no_value        no_value        no_value
  Tot Cong:                  no_value        no_value        no_value        no_value
==========================================================================================
CPU  Runtime (h:m:s):        00:06:27        00:03:46        00:04:11        00:00:05
Real Runtime (h:m:s):        00:18:28        00:11:55        00:05:03        00:00:17
CPU  Elapsed (h:m:s):        00:06:31        00:10:17        00:14:28        00:14:33
Real Elapsed (h:m:s):        00:18:30        00:30:25        00:35:28        00:35:45
Memory (MB):                  2475.63         2440.81         2433.34         2433.34
==========================================================================================
==========================================================================================
Flow Settings:
==========================================================================================
Total Runtime (h:m:s): 00:35:59
Total Memory (MB):     2433.34
Executable Version:    18.14-s037_1
==========================================================================================
Total Cell Area =  Cell Area + Physical Cell Area
Total Instances =  Leaf Instances + Physical Instances


