============================================================
  Generated by:           Genus(TM) Synthesis Solution 18.14-s037_1
  Generated on:           Feb 25 2020  09:49:58 pm
  Module:                 econV0
  Technology library:     NangateOpenCellLibrary revision 1.0
  Operating conditions:   typical (balanced_tree)
  Wireload mode:          enclosed
  Area mode:              timing library
============================================================

Timing
--------

     Clock      Period 
-----------------------
clk            25000.0 
virtual_io_clk 20000.0 


     Cost        Critical         Violating 
     Group      Path Slack  TNS     Paths   
--------------------------------------------
clk                12094.6   0.0          0 
default           No paths   0.0            
virtual_io_clk    No paths   0.0            
--------------------------------------------
Total                        0.0          0 

Instance Count
--------------
Leaf Instance Count             560707 
Physical Instance count              0 
Sequential Instance Count         2078 
Combinational Instance Count    558629 
Hierarchical Instance Count       2572 

Area
----
Cell Area                          900275.946
Physical Cell Area                 0.000
Total Cell Area (Cell+Physical)    900275.946
Net Area                           0.000
Total Area (Cell+Physical+Net)     900275.946

Runtime                            805.784119 seconds
Elapsed Runtime                    1157 seconds
Genus peak memory usage            2499.76 
Innovus peak memory usage          no_value 
Hostname                           batgirl.ece.northwestern.edu
