============================================================
  Generated by:           Genus(TM) Synthesis Solution 18.14-s037_1
  Generated on:           Feb 25 2020  10:01:57 pm
  Module:                 econV0
  Technology library:     NangateOpenCellLibrary revision 1.0
  Operating conditions:   typical (balanced_tree)
  Wireload mode:          enclosed
  Area mode:              timing library
============================================================

                                    Leakage   
   Gate    Instances     Area     Power (nW)           Library          
------------------------------------------------------------------------
AND2_X1          712     757.568    18157.252    NangateOpenCellLibrary 
AND2_X2            3       3.990      165.774    NangateOpenCellLibrary 
AND2_X4            2       4.788      213.406    NangateOpenCellLibrary 
AND3_X1           85     113.050     2343.868    NangateOpenCellLibrary 
AND4_X1           76     121.296     2201.224    NangateOpenCellLibrary 
AOI211_X1        127     168.910     4315.326    NangateOpenCellLibrary 
AOI21_X1        5016    5337.024   135967.345    NangateOpenCellLibrary 
AOI21_X2          17      31.654      943.184    NangateOpenCellLibrary 
AOI221_X1         98     156.408     3891.919    NangateOpenCellLibrary 
AOI222_X1          4       8.512      199.617    NangateOpenCellLibrary 
AOI22_X1        3179    4228.070    93948.731    NangateOpenCellLibrary 
BUF_X1           779     621.642    16712.545    NangateOpenCellLibrary 
BUF_X16            6      39.900     2068.608    NangateOpenCellLibrary 
BUF_X2            90      95.760     3923.315    NangateOpenCellLibrary 
BUF_X4            64     119.168     5488.714    NangateOpenCellLibrary 
BUF_X8             6      20.748     1034.616    NangateOpenCellLibrary 
CLKBUF_X1         41      32.718      458.260    NangateOpenCellLibrary 
CLKBUF_X2          1       1.064       22.910    NangateOpenCellLibrary 
CLKBUF_X3          6       7.980      183.706    NangateOpenCellLibrary 
DFF_X1          1941    8777.202   152004.424    NangateOpenCellLibrary 
DFF_X2           137     692.398    15403.341    NangateOpenCellLibrary 
FA_X1          53442  227449.152  3986470.841    NangateOpenCellLibrary 
HA_X1           1479    3934.140    88422.742    NangateOpenCellLibrary 
INV_X1         19351   10294.732   269882.045    NangateOpenCellLibrary 
INV_X2           185     147.630     5319.634    NangateOpenCellLibrary 
INV_X4             8      10.640      550.956    NangateOpenCellLibrary 
INV_X8             3       7.182      325.884    NangateOpenCellLibrary 
MUX2_X1          178     331.436     5808.703    NangateOpenCellLibrary 
MUX2_X2          605    1448.370    41164.347    NangateOpenCellLibrary 
NAND2_X1        5520    4404.960   101717.289    NangateOpenCellLibrary 
NAND2_X2           3       3.990      118.634    NangateOpenCellLibrary 
NAND2_X4         108     258.552    13120.923    NangateOpenCellLibrary 
NAND3_X1         172     183.008     3752.740    NangateOpenCellLibrary 
NAND4_X1          97     129.010     2461.356    NangateOpenCellLibrary 
NOR2_X1         7443    5939.514   163833.817    NangateOpenCellLibrary 
NOR2_X2           52      69.160     2051.572    NangateOpenCellLibrary 
NOR3_X1           86      91.504     2309.440    NangateOpenCellLibrary 
NOR4_X1           32      42.560     1070.630    NangateOpenCellLibrary 
OAI211_X1        576     766.080    12921.342    NangateOpenCellLibrary 
OAI21_X1        4630    4926.320   122553.463    NangateOpenCellLibrary 
OAI221_X1        139     221.844     5559.915    NangateOpenCellLibrary 
OAI222_X1          6      12.768      267.361    NangateOpenCellLibrary 
OAI22_X1        1418    1885.940    48560.215    NangateOpenCellLibrary 
OAI33_X1           2       3.724       69.584    NangateOpenCellLibrary 
OR2_X1          1555    1654.520    35558.806    NangateOpenCellLibrary 
OR2_X2             2       2.660       91.371    NangateOpenCellLibrary 
OR2_X4             2       4.788      199.428    NangateOpenCellLibrary 
OR3_X1            19      25.270      497.209    NangateOpenCellLibrary 
OR4_X1            11      17.556      311.377    NangateOpenCellLibrary 
XNOR2_X1        6189    9877.644   228202.006    NangateOpenCellLibrary 
XNOR2_X2          18      47.880     1387.853    NangateOpenCellLibrary 
XOR2_X1         2229    3557.484    76182.249    NangateOpenCellLibrary 
XOR2_X2           33      79.002     2750.060    NangateOpenCellLibrary 
------------------------------------------------------------------------
total         117983  299168.870  5683141.883                           


                                             Leakage   Leakage 
     Type      Instances    Area    Area %  Power (nW) Power % 
---------------------------------------------------------------
sequential          2078   9469.600    3.2  167407.765     2.9 
inverter           19547  10460.184    3.5  276078.519     4.9 
buffer               993    938.980    0.3   29892.675     0.5 
logic              95365 278300.106   93.0 5209762.924    91.7 
physical_cells         0      0.000    0.0       0.000     0.0 
---------------------------------------------------------------
total             117983 299168.870  100.0 5683141.883   100.0 

