============================================================
  Generated by:           Genus(TM) Synthesis Solution 18.14-s037_1
  Generated on:           Feb 25 2020  10:06:48 pm
  Module:                 econV0
  Technology library:     NangateOpenCellLibrary revision 1.0
  Operating conditions:   typical (balanced_tree)
  Wireload mode:          enclosed
  Area mode:              timing library
============================================================

Timing
--------

     Clock      Period 
-----------------------
clk            25000.0 
virtual_io_clk 20000.0 


     Cost        Critical         Violating 
     Group      Path Slack  TNS     Paths   
--------------------------------------------
clk                18102.6   0.0          0 
default           No paths   0.0            
virtual_io_clk    No paths   0.0            
--------------------------------------------
Total                        0.0          0 

Instance Count
--------------
Leaf Instance Count             110557 
Physical Instance count              0 
Sequential Instance Count         2078 
Combinational Instance Count    108479 
Hierarchical Instance Count          4 

Area
----
Cell Area                          296676.716
Physical Cell Area                 0.000
Total Cell Area (Cell+Physical)    296676.716
Net Area                           0.000
Total Area (Cell+Physical+Net)     296676.716

Runtime                            1311.35403 seconds
Elapsed Runtime                    2151 seconds
Genus peak memory usage            2433.34 
Innovus peak memory usage          no_value 
Hostname                           batgirl.ece.northwestern.edu
