1.95313 3.45996 1.77148 4.67676 2.07031 1.58203 0 0.417969 
0.975586 2.89941 0.639648 4.32715 1.42188 1.52051 0 1.85254 
1.73828 2.7373 2.22656 3.94336 1.59375 2.08398 0 1.81445 
1.44434 1.87598 1.32715 2.99902 1.1416 2.08691 0 2.94238 
1.20996 1.56934 0.797852 2.5752 1.1709 2.17871 0 3.89746 
1.74609 2.64844 1.63965 4.58496 1.30664 3.70996 0 4.09766 
2.43848 1.80859 1.43848 3.16504 0.50293 2.83008 0 2.90137 
2.37793 1.27148 1.3291 3.01074 1.48145 2.33301 0 1.56055 
1.90234 1.58691 1.41602 1.58301 1.06738 1.87109 0 0.53418 
1.47754 1.73242 0.866211 3.47754 1.59863 1.74316 0 0.853516 
0.600586 2.9541 0 3.77246 2.16309 1.8877 0 1.53906 
1.76367 2.85938 1.86133 3.53223 1.15332 3.16113 0 2.2041 
1.58008 3.22754 1.73535 5.22461 1.51172 2.71973 0 2.08008 
0.785156 2.07227 0.986328 4.33691 0.847656 2.47266 0 3.54883 
0.701172 1.09082 0.543945 2.63281 0.790039 0.814453 0 1.58496 
1.75391 1.69727 1.59766 3.5166 1.30469 1.75586 0 1.32617 
0.993164 2.625 0.452148 4.00391 1.83398 2.38965 0 1.78809 
0.899414 2.48633 0.55957 3.64551 0.605469 2.04004 0 2.0293 
1.38672 1.81445 1.09375 3.61914 0.891602 2.19629 0 1.51367 
1.03125 2.77734 0.899414 3.63379 0.504883 2.81836 0 2.19434 
1.32422 3.08203 1.20215 4.32422 1.40918 2.81445 0 2.56152 
1.62109 2.9248 1.49023 4.20313 1.2373 2.41016 0 2.14063 
1.26172 2.81641 1.31836 4.55176 0.557617 2.89063 0 3.32422 
1.40332 3.03906 1.59082 4.40625 1.2832 2.69629 0 2.74219 
1.28906 2.5332 0.972656 5.08203 1.33301 1.88086 0 2.40234 
1.20117 2.31152 0.831055 3.04785 1.19238 2.38965 0 1.97559 
0.910156 2.0127 0.87207 4.81348 1.36816 2.0957 0 3.29395 
0.761719 2.72168 0.897461 5.04785 0.863281 3.15137 0 4.34863 
1.12598 4.08398 1.2627 4.93359 1.46387 3.96094 0 3.13086 
0.592773 2.30566 0.673828 3.71289 0.416992 2.89648 0 2.73633 
1.24707 2.8252 0.748047 4.98828 1.05078 3.21387 0 3.40625 
1.07031 2.11719 1.24512 3.64355 1.17871 1.83691 0 1.26367 
1.44922 1.99805 1.26855 2.10645 1.23438 1.46191 0 1.37695 
1.45313 1.75195 0.851563 3.75977 1.63477 1.41797 0 2.08105 
1.78516 2.93359 1.33594 4.34668 1.20215 2.25879 0 1.71191 
1.64648 2.40039 1.17871 4.53711 1.97852 3.34277 0 2.18457 
1.52734 2.28516 0.879883 3.61523 0.769531 2.35645 0 1.98438 
1.23633 2.58691 1.33203 3.67383 1.04102 2.32031 0 1.31934 
1.30664 2.12402 1.18457 3.6084 1.4248 1.56641 0 0.945313 
2.20117 2.09668 1.32813 3.37207 1.33691 2.375 0 1.68457 
1.44922 2.57422 1.25195 4.22363 1.24512 2.93164 0 1.90918 
0.939453 3.05664 0.911133 4.95117 1.52734 1.87305 0 1.65137 
1.30078 2.73438 1.1416 3.88086 1.01855 2.19824 0 2.35059 
1.61133 2.70605 1.13281 4.48242 1.43164 1.98828 0 1.74902 
1.81836 3.05762 1.32129 3.41211 1.39453 2.21289 0 2.20801 
1.65723 1.78516 1.30078 3.62891 1.50488 2.14063 0 1.74902 
1.66602 2.70605 1.11719 4.01367 1.58887 2.14355 0 2.38965 
2.24316 3.75684 2.04199 4.66992 1.80078 3.83008 0 2.44629 
1.78613 3.82031 1.50977 5.24902 0.775391 3.82324 0 3.19727 
1.12793 1.28711 0.666992 3.13184 1.73438 0.829102 0 1.50488 
2.14258 2.70898 1.50586 4.38184 1.52051 3.25879 0 2.29883 
0.564453 2.70703 0.736328 4.05273 1.32617 2.8418 0 3.13867 
1.31836 2.16211 1.05176 3.42578 0.704102 2.31641 0 2.43262 
0.649414 2.24902 0.102539 3.36035 1.10449 1.39844 0 1.6875 
1.43066 2.19336 1.04102 3.73633 1.58691 1.86719 0 1.80078 
1.21484 1.99414 0.947266 3.01172 1.25098 2.30859 0 3.21484 
0.618164 3.76758 0.908203 4.30176 0.494141 2.40527 0 1.45215 
1.99805 2.06934 1.26367 3.4043 2.04297 2.29297 0 2.35352 
1.41797 1.83398 1.00098 3.73926 1.10449 2.21094 0 1.99707 
1.66113 1.94141 1.05273 3.32324 2.30664 1.83691 0 2.13184 
1.44238 1.66992 0.517578 2.73242 1.98828 1.8916 0 1.72266 
1.14941 1.73633 1.14063 2.96875 1.11914 1.27246 0 1.28516 
1.2666 1.47168 1.0918 2.50977 1.0459 2.06348 0 1.43066 
1.91211 2.33203 0.838867 3.76855 1.76465 1.59082 0 1.62012 
1.36816 2.25195 0.697266 3.57715 1.06445 1.85938 0 1.36328 
1.64648 2.35254 1.10156 3.38086 1.27344 1.4873 0 0.976563 
1.05762 1.74609 0.21875 2.89063 1.16797 0.900391 0 1.66211 
1.19922 2.46777 0.731445 3.75488 1.53223 1.91895 0 1.98633 
1.52051 3.375 1.31641 4.39551 0.273438 3.08691 0 1.8125 
1.4707 2.11133 0.711914 2.69141 2.17285 1.93066 0 1.86328 
1.10059 3.37598 1.33105 4.32227 1.07031 2.74609 0 2.81641 
2.2002 3.20996 1.48535 3.63184 1.30957 2.3584 0 2.12012 
1.88281 2.58496 1.20605 5.08789 1.60156 1.97656 0 1.74707 
2.20117 1.46387 1.77832 3.18848 1.71582 1.35352 0 0.835938 
1.7666 2.87891 1.62402 3.2041 0.915039 3.16602 0 1.85059 
1.93848 2.06641 1.29688 3.64551 1.44727 2.19141 0 1.10156 
1.43066 2.11035 0.408203 2.18164 1.03906 1.60156 0 0.664063 
1.63379 1.7832 1.15918 2.29785 1.12988 1.71484 0 2.28711 
1.80566 2.70313 1.42871 2.97754 0.705078 2.51758 0 2.57715 
1.40234 1.80664 0.586914 3.10742 1.46387 1.91406 0 1.66016 
1.00977 1.60742 0.555664 2.68555 0.419922 1.57617 0 2.58789 
1.24121 2.30957 1.09766 3.65527 1.49414 2.46973 0 2.16211 
1.47949 3.2002 1.09668 4.10645 0.666016 2.83203 0 2.91309 
1.3916 2.65039 0.824219 4.54199 1.89551 1.66406 0 1.29492 
1.86719 1.3418 0.990234 2.85254 0.691406 1.91309 0 2.13184 
1.33301 2.58984 1.58984 5.06152 0.527344 2.83008 0 1.62012 
0.388672 1.75586 1.09082 3.81152 1.20801 1.7207 0 2.55273 
1.4668 2.39063 1.58301 3.86914 0.907227 1.88281 0 1.77832 
1.61035 2.05078 0.911133 3.41309 1.26758 1.5918 0 1.01367 
1.27344 1.82031 1.0127 2.72363 1.14258 2.18848 0 1.6084 
1.46191 2.11914 1.30176 2.48926 0.366211 2.20996 0 1.72266 
1.2002 1.45508 0.529297 2.85449 1.42676 1.18652 0 2.30371 
1.08105 1.96973 0.652344 3.44629 1.31738 1.55566 0 1.30566 
0.714844 2.0127 0.773438 2.37988 1.23145 1.94531 0 1.37402 
2.60352 1.46777 1.74121 1.82324 1.85742 0.969727 0 0.1875 
1.125 1.61133 0.425781 1.21191 1.65332 1.77246 0 0.750977 
1.21777 1.47852 1.00391 3.36328 1.38184 0.844727 0 0.731445 
1.8623 3.3623 1.05664 5.24609 2.85059 3.43262 0 3.25488 
2.00879 2.10059 1.11523 4.23535 1.83398 2.05469 0 2.55566 
