============================================================
  Generated by:           Encounter(R) RTL Compiler RC14.28 - v14.20-s067_1
  Generated on:           Mar 04 2020  02:01:44 pm
  Module:                 econ_4x4_d10
  Technology library:     NangateOpenCellLibrary revision 1.0
  Operating conditions:   typical 
  Interconnect mode:      global
  Area mode:              physical library
============================================================

Timing
--------

     Clock      Period 
-----------------------
clk            25000.0 
virtual_io_clk 25000.0 


     Cost        Critical       Violating 
     Group      Path Slack TNS    Paths   
------------------------------------------
C2C                15835.8   0          0 
C2O                24817.5   0          0 
clk               No paths   0            
default           No paths   0            
I2C                16554.1   0          0 
I2O               No paths   0            
virtual_io_clk    No paths   0            
------------------------------------------
Total                        0          0 

Instance Count
--------------
Leaf Instance Count             481507 
Sequential Instance Count        17264 
Combinational Instance Count    464243 
Hierarchical Instance Count       1707 

Area
----
Cell Area                          925587.698
Physical Cell Area                 0.000
Total Cell Area (Cell+Physical)    925587.698
Net Area                           2184519.725
Total Area (Cell+Physical+Net)     3110107.423

Power
-----
Leakage Power                      17217250.440 nW
Dynamic Power                      154521663.107 nW
Total Power                        171738913.547 nW

Max Fanout                         17264 (clk)
Min Fanout                         0 (econ_4x4_d10_core_inst/csa_tree_add_16431_7_groupi/in_3[21])
Average Fanout                     2.1
Terms to net ratio                 3.1
Terms to instance ratio            4.0
Runtime                            5469.102 seconds
Elapsed Runtime                    5679 seconds
RC peak memory usage:              3842.00 
EDI peak memory usage:             no_value 
Hostname                           gandalf.umbia.edu
