============================================================
  Generated by:           Encounter(R) RTL Compiler RC14.28 - v14.20-s067_1
  Generated on:           Mar 04 2020  02:01:14 pm
  Module:                 econ_4x4_d10
  Technology library:     NangateOpenCellLibrary revision 1.0
  Operating conditions:   typical 
  Interconnect mode:      global
  Area mode:              physical library
============================================================

                                        Pin                                             Type      Fanout  Load Slew Delay Arrival   
                                                                                                          (fF) (ps)  (ps)   (ps)    
------------------------------------------------------------------------------------------------------------------------------------
(clock clk)                                                                            launch                                   0 R 
econ_4x4_d10_core_inst/econ_4x4_d10_core_core_fsm_inst/state_var_reg[3]/CK                                        0             0 R 
econ_4x4_d10_core_inst/econ_4x4_d10_core_core_fsm_inst/state_var_reg[3]/Q              DFF_X1          6   9.4   14   +91      91 F 
econ_4x4_d10_core_inst/econ_4x4_d10_core_core_fsm_inst/p11499A/A2                                                      +0      91   
econ_4x4_d10_core_inst/econ_4x4_d10_core_core_fsm_inst/p11499A/ZN                      NOR2_X1         3   4.3   28   +43     134 R 
econ_4x4_d10_core_inst/econ_4x4_d10_core_core_fsm_inst/p11516A/A1                                                      +0     134   
econ_4x4_d10_core_inst/econ_4x4_d10_core_core_fsm_inst/p11516A/ZN                      AND2_X1         3   5.0   16   +46     180 R 
econ_4x4_d10_core_inst/econ_4x4_d10_core_core_fsm_inst/p11525A/A1                                                      +0     180   
econ_4x4_d10_core_inst/econ_4x4_d10_core_core_fsm_inst/p11525A/ZN                      AND2_X2        39  63.9   76  +106     286 R 
econ_4x4_d10_core_inst/econ_4x4_d10_core_core_fsm_inst/fsm_output[6] 
econ_4x4_d10_core_inst/Fp11621A/A                                                                                      +0     286   
econ_4x4_d10_core_inst/Fp11621A/ZN                                                     INV_X1          4   7.2   23   +27     313 F 
econ_4x4_d10_core_inst/p11609D/A2                                                                                      +0     313   
econ_4x4_d10_core_inst/p11609D/ZN                                                      AND2_X2        39  91.3   50   +94     407 F 
econ_4x4_d10_core_inst/p11694D/A1                                                                                      +0     407   
econ_4x4_d10_core_inst/p11694D/ZN                                                      NAND2_X4      101 174.7  106  +137     543 R 
econ_4x4_d10_core_inst/p11816D/A1                                                                                      +0     543   
econ_4x4_d10_core_inst/p11816D/ZN                                                      OR2_X2         67 117.8  138  +170     714 R 
econ_4x4_d10_core_inst/p11960D/A1                                                                                      +0     714   
econ_4x4_d10_core_inst/p11960D/ZN                                                      OR2_X4        115 197.9  116  +147     861 R 
econ_4x4_d10_core_inst/p12086D/A1                                                                                      +0     861   
econ_4x4_d10_core_inst/p12086D/ZN                                                      OR2_X4        113 192.2  113  +144    1004 R 
econ_4x4_d10_core_inst/Fp12169A2586045/A                                                                               +0    1004   
econ_4x4_d10_core_inst/Fp12169A2586045/ZN                                              INV_X1         20  33.0   54   +84    1089 F 
econ_4x4_d10_core_inst/p9888A2568189/C1                                                                                +0    1089   
econ_4x4_d10_core_inst/p9888A2568189/ZN                                                OAI211_X1      11  24.6  127  +165    1254 R 
econ_4x4_d10_core_inst/mul_23347_7/B[0] 
econ_4x4_d10_core_inst/mul_23347_7/p9953A/A                                                                            +0    1254   
econ_4x4_d10_core_inst/mul_23347_7/p9953A/Z                                            XOR2_X1         1   2.1   30   +57    1311 R 
econ_4x4_d10_core_inst/mul_23347_7/p9939A7049/A1                                                                       +0    1311   
econ_4x4_d10_core_inst/mul_23347_7/p9939A7049/ZN                                       AOI22_X1        1   1.9   24   +19    1330 F 
econ_4x4_d10_core_inst/mul_23347_7/p9939A/A                                                                            +0    1330   
econ_4x4_d10_core_inst/mul_23347_7/p9939A/ZN                                           AOI21_X1        1   2.0   40   +47    1377 R 
econ_4x4_d10_core_inst/mul_23347_7/p9954A7037/B1                                                                       +0    1377   
econ_4x4_d10_core_inst/mul_23347_7/p9954A7037/ZN                                       AOI21_X1        1   1.9   17   +21    1398 F 
econ_4x4_d10_core_inst/mul_23347_7/p9954A/A                                                                            +0    1398   
econ_4x4_d10_core_inst/mul_23347_7/p9954A/ZN                                           AOI21_X1        1   2.1   25   +45    1443 R 
econ_4x4_d10_core_inst/mul_23347_7/p9982A/A                                                                            +0    1443   
econ_4x4_d10_core_inst/mul_23347_7/p9982A/ZN                                           OAI21_X1        1   1.9   12   +23    1465 F 
econ_4x4_d10_core_inst/mul_23347_7/p9989A/A                                                                            +0    1465   
econ_4x4_d10_core_inst/mul_23347_7/p9989A/ZN                                           OAI21_X1        1   2.0   21   +23    1488 R 
econ_4x4_d10_core_inst/mul_23347_7/p9974A/A2                                                                           +0    1488   
econ_4x4_d10_core_inst/mul_23347_7/p9974A/ZN                                           OAI22_X1        1   1.9   12   +23    1511 F 
econ_4x4_d10_core_inst/mul_23347_7/p9985A/A                                                                            +0    1511   
econ_4x4_d10_core_inst/mul_23347_7/p9985A/ZN                                           AOI21_X1        2   4.1   33   +53    1564 R 
econ_4x4_d10_core_inst/mul_23347_7/p10012A7034/A1                                                                      +0    1564   
econ_4x4_d10_core_inst/mul_23347_7/p10012A7034/ZN                                      NOR2_X1         1   1.8    9   +11    1575 F 
econ_4x4_d10_core_inst/mul_23347_7/p10012A/B1                                                                          +0    1575   
econ_4x4_d10_core_inst/mul_23347_7/p10012A/ZN                                          OAI22_X1        1   2.1   32   +40    1615 R 
econ_4x4_d10_core_inst/mul_23347_7/Fp10032A/A                                                                          +0    1615   
econ_4x4_d10_core_inst/mul_23347_7/Fp10032A/ZN                                         INV_X1          1   3.1   10   +13    1628 F 
econ_4x4_d10_core_inst/mul_23347_7/p10037A/CI                                                                          +0    1628   
econ_4x4_d10_core_inst/mul_23347_7/p10037A/CO                                          FA_X1           1   3.1   15   +71    1699 F 
econ_4x4_d10_core_inst/mul_23347_7/p10089A/CI                                                                          +0    1699   
econ_4x4_d10_core_inst/mul_23347_7/p10089A/CO                                          FA_X1           1   3.1   15   +72    1771 F 
econ_4x4_d10_core_inst/mul_23347_7/p10127A/CI                                                                          +0    1771   
econ_4x4_d10_core_inst/mul_23347_7/p10127A/CO                                          FA_X1           1   3.1   15   +72    1844 F 
econ_4x4_d10_core_inst/mul_23347_7/p10159A/CI                                                                          +0    1844   
econ_4x4_d10_core_inst/mul_23347_7/p10159A/CO                                          FA_X1           1   3.1   15   +72    1916 F 
econ_4x4_d10_core_inst/mul_23347_7/p10194A/CI                                                                          +0    1916   
econ_4x4_d10_core_inst/mul_23347_7/p10194A/CO                                          FA_X1           1   3.1   15   +72    1989 F 
econ_4x4_d10_core_inst/mul_23347_7/p10229A/CI                                                                          +0    1989   
econ_4x4_d10_core_inst/mul_23347_7/p10229A/CO                                          FA_X1           1   3.1   15   +72    2061 F 
econ_4x4_d10_core_inst/mul_23347_7/p10264A/CI                                                                          +0    2061   
econ_4x4_d10_core_inst/mul_23347_7/p10264A/CO                                          FA_X1           1   3.1   15   +72    2134 F 
econ_4x4_d10_core_inst/mul_23347_7/p10300A/CI                                                                          +0    2134   
econ_4x4_d10_core_inst/mul_23347_7/p10300A/CO                                          FA_X1           1   3.1   15   +72    2206 F 
econ_4x4_d10_core_inst/mul_23347_7/p10335A/CI                                                                          +0    2206   
econ_4x4_d10_core_inst/mul_23347_7/p10335A/S                                           FA_X1           1   2.1   12  +113    2319 R 
econ_4x4_d10_core_inst/mul_23347_7/Fp10404A/A                                                                          +0    2319   
econ_4x4_d10_core_inst/mul_23347_7/Fp10404A/ZN                                         INV_X1          8  15.7   18   +27    2346 F 
econ_4x4_d10_core_inst/mul_23347_7/Z[15] 
econ_4x4_d10_core_inst/p10448A/C1                                                                                      +0    2346   
econ_4x4_d10_core_inst/p10448A/ZN                                                      AOI222_X1       1   2.0   50   +90    2436 R 
econ_4x4_d10_core_inst/p10485A/A1                                                                                      +0    2436   
econ_4x4_d10_core_inst/p10485A/ZN                                                      NAND3_X1        1   4.0   23   +36    2473 F 
econ_4x4_d10_core_inst/add_18125_69/B[6] 
econ_4x4_d10_core_inst/add_18125_69/p10468A/A                                                                          +0    2473   
econ_4x4_d10_core_inst/add_18125_69/p10468A/S                                          FA_X1           7  12.1   26  +126    2599 F 
econ_4x4_d10_core_inst/add_18125_69/Z[6] 
econ_4x4_d10_core_inst/p10529A2230498/C1                                                                               +0    2599   
econ_4x4_d10_core_inst/p10529A2230498/ZN                                               AOI222_X1       1   2.0   50   +93    2692 R 
econ_4x4_d10_core_inst/p10570A2230444/A1                                                                               +0    2692   
econ_4x4_d10_core_inst/p10570A2230444/ZN                                               NAND2_X1        2   7.4   24   +38    2730 F 
econ_4x4_d10_core_inst/final_adder_add_13391_54/B[6] 
econ_4x4_d10_core_inst/final_adder_add_13391_54/p10511A/B                                                              +0    2730   
econ_4x4_d10_core_inst/final_adder_add_13391_54/p10511A/CO                             FA_X1           1   3.1   15   +85    2815 F 
econ_4x4_d10_core_inst/final_adder_add_13391_54/p10530A/CI                                                             +0    2815   
econ_4x4_d10_core_inst/final_adder_add_13391_54/p10530A/CO                             FA_X1           1   3.1   15   +72    2888 F 
econ_4x4_d10_core_inst/final_adder_add_13391_54/p10567A/CI                                                             +0    2888   
econ_4x4_d10_core_inst/final_adder_add_13391_54/p10567A/CO                             FA_X1           1   3.1   15   +72    2960 F 
econ_4x4_d10_core_inst/final_adder_add_13391_54/p10571A/CI                                                             +0    2960   
econ_4x4_d10_core_inst/final_adder_add_13391_54/p10571A/S                              FA_X1           4   7.5   23  +126    3086 R 
econ_4x4_d10_core_inst/final_adder_add_13391_54/Z[9] 
econ_4x4_d10_core_inst/p10715A2237939/B1                                                                               +0    3086   
econ_4x4_d10_core_inst/p10715A2237939/ZN                                               AOI22_X1        1   1.9   30   +24    3110 F 
econ_4x4_d10_core_inst/p10727A2237775/A1                                                                               +0    3110   
econ_4x4_d10_core_inst/p10727A2237775/ZN                                               NAND2_X1        2   7.1   22   +38    3148 R 
econ_4x4_d10_core_inst/csa_tree_add_14873_46_groupi/in_2[9] 
econ_4x4_d10_core_inst/csa_tree_add_14873_46_groupi/p10734A/CI                                                         +0    3148   
econ_4x4_d10_core_inst/csa_tree_add_14873_46_groupi/p10734A/S                          FA_X1           1   4.0   18   +99    3247 F 
econ_4x4_d10_core_inst/csa_tree_add_14873_46_groupi/p10774A/A                                                          +0    3248   
econ_4x4_d10_core_inst/csa_tree_add_14873_46_groupi/p10774A/S                          FA_X1           2   3.7   17  +106    3353 F 
econ_4x4_d10_core_inst/csa_tree_add_14873_46_groupi/out_0[9] 
econ_4x4_d10_core_inst/p10818A2244470/B1                                                                               +0    3353   
econ_4x4_d10_core_inst/p10818A2244470/ZN                                               AOI22_X1        1   1.9   30   +45    3399 R 
econ_4x4_d10_core_inst/p10827A2244295/A1                                                                               +0    3399   
econ_4x4_d10_core_inst/p10827A2244295/ZN                                               NAND4_X1        1   4.0   25   +40    3438 F 
econ_4x4_d10_core_inst/add_16377_55/B[9] 
econ_4x4_d10_core_inst/add_16377_55/p10776A/A                                                                          +0    3438   
econ_4x4_d10_core_inst/add_16377_55/p10776A/S                                          FA_X1           8  13.5   28  +130    3568 F 
econ_4x4_d10_core_inst/add_16377_55/Z[9] 
econ_4x4_d10_core_inst/p10882A2207930/B1                                                                               +0    3568   
econ_4x4_d10_core_inst/p10882A2207930/ZN                                               AOI22_X1        1   1.9   31   +49    3617 R 
econ_4x4_d10_core_inst/p10890A2210950/A1                                                                               +0    3617   
econ_4x4_d10_core_inst/p10890A2210950/ZN                                               NAND4_X1        1   4.0   25   +40    3657 F 
econ_4x4_d10_core_inst/add_12587_54/A[9] 
econ_4x4_d10_core_inst/add_12587_54/p10861A/A                                                                          +0    3657   
econ_4x4_d10_core_inst/add_12587_54/p10861A/S                                          FA_X1          13  18.8   33  +139    3796 F 
econ_4x4_d10_core_inst/add_12587_54/Z[9] 
econ_4x4_d10_core_inst/p10930A2249422/B1                                                                               +0    3796   
econ_4x4_d10_core_inst/p10930A2249422/ZN                                               AOI22_X1        1   1.9   30   +52    3848 R 
econ_4x4_d10_core_inst/p10937A2249288/A1                                                                               +0    3848   
econ_4x4_d10_core_inst/p10937A2249288/ZN                                               NAND4_X1        2   6.9   34   +51    3898 F 
econ_4x4_d10_core_inst/final_adder_add_12223_54/B[9] 
econ_4x4_d10_core_inst/final_adder_add_12223_54/p10935A/A                                                              +0    3898   
econ_4x4_d10_core_inst/final_adder_add_12223_54/p10935A/CO                             FA_X1           1   3.1   15   +86    3985 F 
econ_4x4_d10_core_inst/final_adder_add_12223_54/p10984A/CI                                                             +0    3985   
econ_4x4_d10_core_inst/final_adder_add_12223_54/p10984A/CO                             FA_X1           1   3.1   15   +72    4057 F 
econ_4x4_d10_core_inst/final_adder_add_12223_54/p11022A/CI                                                             +0    4057   
econ_4x4_d10_core_inst/final_adder_add_12223_54/p11022A/CO                             FA_X1           1   3.1   15   +72    4130 F 
econ_4x4_d10_core_inst/final_adder_add_12223_54/p11058A/CI                                                             +0    4130   
econ_4x4_d10_core_inst/final_adder_add_12223_54/p11058A/CO                             FA_X1           1   3.1   15   +72    4202 F 
econ_4x4_d10_core_inst/final_adder_add_12223_54/p11109A/CI                                                             +0    4202   
econ_4x4_d10_core_inst/final_adder_add_12223_54/p11109A/CO                             FA_X1           1   3.1   15   +72    4275 F 
econ_4x4_d10_core_inst/final_adder_add_12223_54/p11153A/CI                                                             +0    4275   
econ_4x4_d10_core_inst/final_adder_add_12223_54/p11153A/CO                             FA_X1           1   3.1   15   +72    4347 F 
econ_4x4_d10_core_inst/final_adder_add_12223_54/p11194A/CI                                                             +0    4347   
econ_4x4_d10_core_inst/final_adder_add_12223_54/p11194A/CO                             FA_X1           1   3.1   15   +72    4420 F 
econ_4x4_d10_core_inst/final_adder_add_12223_54/p11232A/CI                                                             +0    4420   
econ_4x4_d10_core_inst/final_adder_add_12223_54/p11232A/CO                             FA_X1           1   3.1   15   +72    4492 F 
econ_4x4_d10_core_inst/final_adder_add_12223_54/p11270A/CI                                                             +0    4492   
econ_4x4_d10_core_inst/final_adder_add_12223_54/p11270A/CO                             FA_X1           1   3.1   15   +72    4565 F 
econ_4x4_d10_core_inst/final_adder_add_12223_54/p11317A/CI                                                             +0    4565   
econ_4x4_d10_core_inst/final_adder_add_12223_54/p11317A/CO                             FA_X1           1   3.1   15   +72    4637 F 
econ_4x4_d10_core_inst/final_adder_add_12223_54/p11353A/CI                                                             +0    4637   
econ_4x4_d10_core_inst/final_adder_add_12223_54/p11353A/CO                             FA_X1           1   3.1   15   +72    4710 F 
econ_4x4_d10_core_inst/final_adder_add_12223_54/p11395A/CI                                                             +0    4710   
econ_4x4_d10_core_inst/final_adder_add_12223_54/p11395A/S                              FA_X1           7  12.4   26  +112    4822 F 
econ_4x4_d10_core_inst/final_adder_add_12223_54/Z[20] 
econ_4x4_d10_core_inst/p11453A2258207/B1                                                                               +0    4822   
econ_4x4_d10_core_inst/p11453A2258207/ZN                                               AOI222_X1       1   2.0   49   +84    4906 R 
econ_4x4_d10_core_inst/p11492A2258193/A1                                                                               +0    4906   
econ_4x4_d10_core_inst/p11492A2258193/ZN                                               NAND3_X1        3   8.7   32   +53    4958 F 
econ_4x4_d10_core_inst/csa_mux_b_MUX_v_22_2_2_14651_37:mux_result_24504_11/in_0[20] 
econ_4x4_d10_core_inst/csa_mux_b_MUX_v_22_2_2_14651_37:mux_result_24504_11/p11535A/A                                   +0    4958   
econ_4x4_d10_core_inst/csa_mux_b_MUX_v_22_2_2_14651_37:mux_result_24504_11/p11535A/Z   MUX2_X1         1   3.1   12   +71    5029 F 
econ_4x4_d10_core_inst/csa_mux_b_MUX_v_22_2_2_14651_37:mux_result_24504_11/z[20] 
econ_4x4_d10_core_inst/csa_tree_add_14652_52/in_3[20] 
econ_4x4_d10_core_inst/csa_tree_add_14652_52/p11559A/CI                                                                +0    5029   
econ_4x4_d10_core_inst/csa_tree_add_14652_52/p11559A/S                                 FA_X1           1   3.2   14  +115    5144 R 
econ_4x4_d10_core_inst/csa_tree_add_14652_52/p11623A/CI                                                                +0    5144   
econ_4x4_d10_core_inst/csa_tree_add_14652_52/p11623A/S                                 FA_X1           2   7.8   22  +104    5247 F 
econ_4x4_d10_core_inst/csa_tree_add_14652_52/out_1[20] 
econ_4x4_d10_core_inst/final_adder_add_14652_52/B[20] 
econ_4x4_d10_core_inst/final_adder_add_14652_52/p11648A/A                                                              +0    5247   
econ_4x4_d10_core_inst/final_adder_add_14652_52/p11648A/S                              FA_X1           2   3.4   17  +106    5354 F 
econ_4x4_d10_core_inst/final_adder_add_14652_52/Z[20] 
econ_4x4_d10_core_inst/p11682A2261209/A1                                                                               +0    5354   
econ_4x4_d10_core_inst/p11682A2261209/ZN                                               OAI222_X1       1   2.1   52   +36    5390 R 
econ_4x4_d10_core_inst/p11687A2261179/B1                                                                               +0    5390   
econ_4x4_d10_core_inst/p11687A2261179/ZN                                               OAI33_X1        1   1.1   17   +30    5420 F 
econ_4x4_d10_core_inst/p11684A2261160/A1                                                                               +0    5420   
econ_4x4_d10_core_inst/p11684A2261160/ZN                                               OR4_X1          1   1.2   17   +84    5504 F 
econ_4x4_d10_core_inst/p11736A2261156/A1                                                                               +0    5504   
econ_4x4_d10_core_inst/p11736A2261156/ZN                                               OR3_X1          1   1.8   13   +68    5572 F 
econ_4x4_d10_core_inst/p11767A2261132/A1                                                                               +0    5572   
econ_4x4_d10_core_inst/p11767A2261132/ZN                                               OAI33_X1        2   5.6   87   +73    5645 R 
econ_4x4_d10_core_inst/Fp11852A2261131/A                                                                               +0    5645   
econ_4x4_d10_core_inst/Fp11852A2261131/ZN                                              INV_X2         68  74.6   51   +84    5729 F 
econ_4x4_d10_core_inst/p11894A2264858/A1                                                                               +0    5729   
econ_4x4_d10_core_inst/p11894A2264858/ZN                                               AND2_X1        21  23.8   28   +78    5807 F 
econ_4x4_d10_core_inst/p11933A2264703/A1                                                                               +0    5807   
econ_4x4_d10_core_inst/p11933A2264703/ZN                                               AND2_X1         7   8.7   13   +49    5857 F 
econ_4x4_d10_core_inst/p12005A2228497/A3                                                                               +0    5857   
econ_4x4_d10_core_inst/p12005A2228497/ZN                                               OR4_X1          8  13.3   31  +143    5999 F 
econ_4x4_d10_core_inst/mul_10477_7/B[3] 
econ_4x4_d10_core_inst/mul_10477_7/p12089A/A1                                                                          +0    5999   
econ_4x4_d10_core_inst/mul_10477_7/p12089A/ZN                                          NAND2_X1        1   3.9   25   +30    6029 R 
econ_4x4_d10_core_inst/mul_10477_7/p12086A/B                                                                           +0    6029   
econ_4x4_d10_core_inst/mul_10477_7/p12086A/S                                           FA_X1           1   3.1   16   +99    6128 F 
econ_4x4_d10_core_inst/mul_10477_7/p12104A/CI                                                                          +0    6128   
econ_4x4_d10_core_inst/mul_10477_7/p12104A/S                                           FA_X1           1   3.2   14  +116    6245 R 
econ_4x4_d10_core_inst/mul_10477_7/p12162A/CI                                                                          +0    6245   
econ_4x4_d10_core_inst/mul_10477_7/p12162A/S                                           FA_X1           2   3.5   17   +95    6340 F 
econ_4x4_d10_core_inst/mul_10477_7/p12223A/A1                                                                          +0    6340   
econ_4x4_d10_core_inst/mul_10477_7/p12223A/ZN                                          AOI22_X1        1   2.0   26   +36    6375 R 
econ_4x4_d10_core_inst/mul_10477_7/p12227A7637/B1                                                                      +0    6375   
econ_4x4_d10_core_inst/mul_10477_7/p12227A7637/ZN                                      AOI21_X1        1   3.1   13   +22    6397 F 
econ_4x4_d10_core_inst/mul_10477_7/p12227A/CI                                                                          +0    6397   
econ_4x4_d10_core_inst/mul_10477_7/p12227A/CO                                          FA_X1           1   3.1   15   +72    6469 F 
econ_4x4_d10_core_inst/mul_10477_7/p12253A/CI                                                                          +0    6469   
econ_4x4_d10_core_inst/mul_10477_7/p12253A/CO                                          FA_X1           1   3.1   15   +72    6541 F 
econ_4x4_d10_core_inst/mul_10477_7/p12299A/CI                                                                          +0    6541   
econ_4x4_d10_core_inst/mul_10477_7/p12299A/CO                                          FA_X1           1   3.1   15   +72    6614 F 
econ_4x4_d10_core_inst/mul_10477_7/p12330A/CI                                                                          +0    6614   
econ_4x4_d10_core_inst/mul_10477_7/p12330A/CO                                          FA_X1           1   3.1   15   +72    6686 F 
econ_4x4_d10_core_inst/mul_10477_7/p12365A/CI                                                                          +0    6686   
econ_4x4_d10_core_inst/mul_10477_7/p12365A/CO                                          FA_X1           1   3.1   15   +72    6759 F 
econ_4x4_d10_core_inst/mul_10477_7/p12400A/CI                                                                          +0    6759   
econ_4x4_d10_core_inst/mul_10477_7/p12400A/S                                           FA_X1           1   2.1   12  +113    6872 R 
econ_4x4_d10_core_inst/mul_10477_7/Fp12468A/A                                                                          +0    6872   
econ_4x4_d10_core_inst/mul_10477_7/Fp12468A/ZN                                         INV_X1          4   9.0   11   +19    6890 F 
econ_4x4_d10_core_inst/mul_10477_7/Z[12] 
econ_4x4_d10_core_inst/p12497A2271664/C1                                                                               +0    6890   
econ_4x4_d10_core_inst/p12497A2271664/ZN                                               AOI222_X1       1   2.1   51   +88    6978 R 
econ_4x4_d10_core_inst/p12538A2271388/A2                                                                               +0    6978   
econ_4x4_d10_core_inst/p12538A2271388/ZN                                               NAND2_X1        1   4.0   15   +27    7006 F 
econ_4x4_d10_core_inst/add_12661_49/A[5] 
econ_4x4_d10_core_inst/add_12661_49/p12495A/A                                                                          +0    7006   
econ_4x4_d10_core_inst/add_12661_49/p12495A/S                                          FA_X1           5   9.0   23  +117    7123 F 
econ_4x4_d10_core_inst/add_12661_49/Z[5] 
econ_4x4_d10_core_inst/p12577A2187763/A1                                                                               +0    7123   
econ_4x4_d10_core_inst/p12577A2187763/ZN                                               AOI22_X1        1   2.0   33   +38    7162 R 
econ_4x4_d10_core_inst/p12457A2595902/A2                                                                               +0    7162   
econ_4x4_d10_core_inst/p12457A2595902/ZN                                               NAND3_X1        2   4.9   20   +37    7198 F 
econ_4x4_d10_core_inst/final_adder_add_12999_49/A[5] 
econ_4x4_d10_core_inst/final_adder_add_12999_49/p12436A/B                                                              +0    7198   
econ_4x4_d10_core_inst/final_adder_add_12999_49/p12436A/CO                             FA_X1           1   3.1   15   +83    7282 F 
econ_4x4_d10_core_inst/final_adder_add_12999_49/p12463A/CI                                                             +0    7282   
econ_4x4_d10_core_inst/final_adder_add_12999_49/p12463A/CO                             FA_X1           1   3.1   15   +72    7354 F 
econ_4x4_d10_core_inst/final_adder_add_12999_49/p12496A/CI                                                             +0    7354   
econ_4x4_d10_core_inst/final_adder_add_12999_49/p12496A/CO                             FA_X1           1   3.1   15   +72    7427 F 
econ_4x4_d10_core_inst/final_adder_add_12999_49/p12532A/CI                                                             +0    7427   
econ_4x4_d10_core_inst/final_adder_add_12999_49/p12532A/CO                             FA_X1           1   3.1   15   +72    7499 F 
econ_4x4_d10_core_inst/final_adder_add_12999_49/p12573A/CI                                                             +0    7499   
econ_4x4_d10_core_inst/final_adder_add_12999_49/p12573A/S                              FA_X1           5   8.8   23  +105    7604 F 
econ_4x4_d10_core_inst/final_adder_add_12999_49/Z[9] 
econ_4x4_d10_core_inst/p12628A2277705/B1                                                                               +0    7604   
econ_4x4_d10_core_inst/p12628A2277705/ZN                                               AOI222_X1       1   2.0   50   +82    7686 R 
econ_4x4_d10_core_inst/p12665A2277677/A1                                                                               +0    7686   
econ_4x4_d10_core_inst/p12665A2277677/ZN                                               NAND2_X1        1   4.0   19   +27    7714 F 
econ_4x4_d10_core_inst/add_18843_49/B[9] 
econ_4x4_d10_core_inst/add_18843_49/p12640A/A                                                                          +0    7714   
econ_4x4_d10_core_inst/add_18843_49/p12640A/S                                          FA_X1           6  10.5   24  +122    7836 F 
econ_4x4_d10_core_inst/add_18843_49/Z[9] 
econ_4x4_d10_core_inst/g2600520/C1                                                                                     +0    7836   
econ_4x4_d10_core_inst/g2600520/ZN                                                     AOI222_X1       1   2.0   50   +93    7928 R 
econ_4x4_d10_core_inst/p12732A2278658/A1                                                                               +0    7928   
econ_4x4_d10_core_inst/p12732A2278658/ZN                                               NAND3_X1        1   4.0   23   +36    7965 F 
econ_4x4_d10_core_inst/add_18991_49/A[9] 
econ_4x4_d10_core_inst/add_18991_49/p12727A/A                                                                          +0    7965   
econ_4x4_d10_core_inst/add_18991_49/p12727A/CO                                         FA_X1           1   4.0   16   +84    8049 F 
econ_4x4_d10_core_inst/add_18991_49/p12773A/A                                                                          +0    8049   
econ_4x4_d10_core_inst/add_18991_49/p12773A/CO                                         FA_X1           1   3.1   15   +79    8128 F 
econ_4x4_d10_core_inst/add_18991_49/p12814A/CI                                                                         +0    8128   
econ_4x4_d10_core_inst/add_18991_49/p12814A/CO                                         FA_X1           1   3.1   15   +72    8201 F 
econ_4x4_d10_core_inst/add_18991_49/p12849A/CI                                                                         +0    8201   
econ_4x4_d10_core_inst/add_18991_49/p12849A/CO                                         FA_X1           1   3.1   15   +72    8273 F 
econ_4x4_d10_core_inst/add_18991_49/p12893A/CI                                                                         +0    8273   
econ_4x4_d10_core_inst/add_18991_49/p12893A/CO                                         FA_X1           1   3.1   15   +72    8346 F 
econ_4x4_d10_core_inst/add_18991_49/p12943A/CI                                                                         +0    8346   
econ_4x4_d10_core_inst/add_18991_49/p12943A/CO                                         FA_X1           1   3.1   15   +72    8418 F 
econ_4x4_d10_core_inst/add_18991_49/p12985A/CI                                                                         +0    8418   
econ_4x4_d10_core_inst/add_18991_49/p12985A/CO                                         FA_X1           1   3.1   15   +72    8491 F 
econ_4x4_d10_core_inst/add_18991_49/p13020A/CI                                                                         +0    8491   
econ_4x4_d10_core_inst/add_18991_49/p13020A/CO                                         FA_X1           1   3.1   15   +72    8563 F 
econ_4x4_d10_core_inst/add_18991_49/p13064A/CI                                                                         +0    8563   
econ_4x4_d10_core_inst/add_18991_49/p13064A/CO                                         FA_X1           1   3.1   15   +72    8636 F 
econ_4x4_d10_core_inst/add_18991_49/p13109A/CI                                                                         +0    8636   
econ_4x4_d10_core_inst/add_18991_49/p13109A/CO                                         FA_X1           1   3.1   15   +72    8708 F 
econ_4x4_d10_core_inst/add_18991_49/p13157A/CI                                                                         +0    8708   
econ_4x4_d10_core_inst/add_18991_49/p13157A/CO                                         FA_X1           1   3.1   15   +72    8781 F 
econ_4x4_d10_core_inst/add_18991_49/p13199A/CI                                                                         +0    8781   
econ_4x4_d10_core_inst/add_18991_49/p13199A/CO                                         FA_X1           1   2.8   15   +72    8852 F 
econ_4x4_d10_core_inst/add_18991_49/p13236A/B                                                                          +0    8852   
econ_4x4_d10_core_inst/add_18991_49/p13236A/Z                                          XOR2_X1         7  11.8   26   +74    8926 F 
econ_4x4_d10_core_inst/add_18991_49/Z[21] 
econ_4x4_d10_core_inst/g2600687/C1                                                                                     +0    8926   
econ_4x4_d10_core_inst/g2600687/ZN                                                     AOI222_X1       1   2.0   50   +93    9020 R 
econ_4x4_d10_core_inst/p13264A2185139/A1                                                                               +0    9020   
econ_4x4_d10_core_inst/p13264A2185139/ZN                                               NAND2_X1        1   1.3   14   +17    9037 F 
econ_4x4_d10_core_inst/p13263A2183256/B                                                                                +0    9037   
econ_4x4_d10_core_inst/p13263A2183256/Z                                                MUX2_X1         1   1.3   10   +59    9096 F 
econ_4x4_d10_core_inst/p13292A2177822/A1                                                                               +0    9096   
econ_4x4_d10_core_inst/p13292A2177822/ZN                                               AND2_X1         1   1.5    8   +29    9124 F 
econ_4x4_d10_core_inst/MultLoop_acc_243_itm_reg[21]/D                                  DFF_X1                          +0    9124   
econ_4x4_d10_core_inst/MultLoop_acc_243_itm_reg[21]/CK                                 setup                      0   +40    9164 R 
- - - - - - - - - - - - - - - - - - - - - - - - - - - - - - - - - - - - - - - - - - - - - - - - - - - - - - - - - - - - - - - - - - 
(clock clk)                                                                            capture                              25000 R 
------------------------------------------------------------------------------------------------------------------------------------
Cost Group   : 'C2C' (path_group 'C2C')
Timing slack :   15836ps 
Start-point  : econ_4x4_d10_core_inst/econ_4x4_d10_core_core_fsm_inst/state_var_reg[3]/CK
End-point    : econ_4x4_d10_core_inst/MultLoop_acc_243_itm_reg[21]/D
