============================================================
  Generated by:           Genus(TM) Synthesis Solution 16.24-s065_1
  Generated on:           Mar 05 2020  12:01:38 pm
  Module:                 econ_4x4_d10
  Technology libraries:   tcbn65lpwc 200
                          tpdn65lpnv2od3wc 200a
                          tpan65lpnv2od3wc 200a
  Operating conditions:   WCCOM (balanced_tree)
  Wireload mode:          segmented
  Area mode:              timing library
============================================================

Timing
--------

     Clock      Period 
-----------------------
clk            25000.0 
virtual_io_clk 20000.0 


     Cost        Critical         Violating 
     Group      Path Slack  TNS     Paths   
--------------------------------------------
clk                  570.6   0.0          0 
default           No paths   0.0            
virtual_io_clk    No paths   0.0            
--------------------------------------------
Total                        0.0          0 

Instance Count
--------------
Leaf Instance Count             447375 
Physical Instance count              0 
Sequential Instance Count        17264 
Combinational Instance Count    430111 
Hierarchical Instance Count       1723 

Area
----
Cell Area                          1641592.066
Physical Cell Area                 0.000
Total Cell Area (Cell+Physical)    1641592.066
Net Area                           0.000
Total Area (Cell+Physical+Net)     1641592.066

Runtime                            8573.594327999988 seconds
Elapsed Runtime                    10997 seconds
Genus peak memory usage            3604.62 
Innovus peak memory usage          no_value 
Hostname                           nova.cs.northwestern.edu
