============================================================
  Generated by:           Genus(TM) Synthesis Solution 16.24-s065_1
  Generated on:           Mar 05 2020  09:23:19 am
  Module:                 econ_4x4_d10
  Technology libraries:   tcbn65lpwc 200
                          tpdn65lpnv2od3wc 200a
                          tpan65lpnv2od3wc 200a
  Operating conditions:   WCCOM (balanced_tree)
  Wireload mode:          segmented
  Area mode:              timing library
============================================================

                                        Leakage  Leakage 
     Type      Instances  Area Area % Power (nW) Power % 
---------------------------------------------------------
sequential         17264 0.000    0.0  66260.751    26.2 
inverter             131 0.000    0.0     17.897     0.0 
logic             852553 0.000    0.0 186588.526    73.8 
physical_cells         0 0.000    0.0      0.000     0.0 
---------------------------------------------------------
total             869948 0.000    0.0 252867.175   100.0 

