============================================================
  Generated by:           Genus(TM) Synthesis Solution 16.24-s065_1
  Generated on:           Mar 05 2020  11:39:15 am
  Module:                 econ_4x4_d10
  Technology libraries:   tcbn65lpwc 200
                          tpdn65lpnv2od3wc 200a
                          tpan65lpnv2od3wc 200a
  Operating conditions:   WCCOM (balanced_tree)
  Wireload mode:          segmented
  Area mode:              timing library
============================================================

Timing
--------

     Clock      Period 
-----------------------
clk            25000.0 
virtual_io_clk 20000.0 


     Cost        Critical         Violating 
     Group      Path Slack  TNS     Paths   
--------------------------------------------
clk                   71.3   0.0          0 
default           No paths   0.0            
virtual_io_clk    No paths   0.0            
--------------------------------------------
Total                        0.0          0 

Instance Count
--------------
Leaf Instance Count             422093 
Physical Instance count              0 
Sequential Instance Count        17264 
Combinational Instance Count    404829 
Hierarchical Instance Count       1723 

Area
----
Cell Area                          1598755.307
Physical Cell Area                 0.000
Total Cell Area (Cell+Physical)    1598755.307
Net Area                           0.000
Total Area (Cell+Physical+Net)     1598755.307

Runtime                            8337.594327999988 seconds
Elapsed Runtime                    9654 seconds
Genus peak memory usage            3702.04 
Innovus peak memory usage          no_value 
Hostname                           nova.cs.northwestern.edu
