============================================================
  Generated by:           Encounter(R) RTL Compiler RC14.28 - v14.20-s067_1
  Generated on:           Feb 25 2020  03:45:03 pm
  Module:                 econV0
  Technology library:     NangateOpenCellLibrary revision 1.0
  Operating conditions:   typical 
  Interconnect mode:      global
  Area mode:              physical library
============================================================

                                  
   Gate    Instances     Area              Library          
------------------------------------------------------------
AND2_X1        21135    22487.640    NangateOpenCellLibrary 
AND2_X2            1        1.330    NangateOpenCellLibrary 
AND2_X4            2        4.788    NangateOpenCellLibrary 
AND3_X1          120      159.600    NangateOpenCellLibrary 
AOI211_X1          7        9.310    NangateOpenCellLibrary 
AOI21_X1       11100    11810.400    NangateOpenCellLibrary 
AOI221_X1       2760     4404.960    NangateOpenCellLibrary 
AOI222_X1          6       12.768    NangateOpenCellLibrary 
AOI22_X1       63139    83974.870    NangateOpenCellLibrary 
BUF_X8           999     3454.542    NangateOpenCellLibrary 
CLKBUF_X2        174      185.136    NangateOpenCellLibrary 
CLKBUF_X3         17       22.610    NangateOpenCellLibrary 
DFFR_X1            3       15.960    NangateOpenCellLibrary 
DFF_X1         14200    64212.400    NangateOpenCellLibrary 
DFF_X2           218     1101.772    NangateOpenCellLibrary 
FA_X1          95727   407414.112    NangateOpenCellLibrary 
HA_X1          22030    58599.800    NangateOpenCellLibrary 
INV_X1         95683    50903.356    NangateOpenCellLibrary 
INV_X16           55      248.710    NangateOpenCellLibrary 
INV_X2            60       47.880    NangateOpenCellLibrary 
INV_X32           20      175.560    NangateOpenCellLibrary 
INV_X4            57       75.810    NangateOpenCellLibrary 
INV_X8             9       21.546    NangateOpenCellLibrary 
MUX2_X1        10489    19530.518    NangateOpenCellLibrary 
MUX2_X2         2304     5515.776    NangateOpenCellLibrary 
NAND2_X1       28952    23103.696    NangateOpenCellLibrary 
NAND2_X2           2        2.660    NangateOpenCellLibrary 
NAND2_X4           6       14.364    NangateOpenCellLibrary 
NAND3_X1         661      703.304    NangateOpenCellLibrary 
NAND4_X1           2        2.660    NangateOpenCellLibrary 
NOR2_X1         6582     5252.436    NangateOpenCellLibrary 
NOR2_X2           30       39.900    NangateOpenCellLibrary 
NOR2_X4            1        2.394    NangateOpenCellLibrary 
NOR3_X1          712      757.568    NangateOpenCellLibrary 
OAI211_X1        126      167.580    NangateOpenCellLibrary 
OAI21_X1       10807    11498.648    NangateOpenCellLibrary 
OAI221_X1       2928     4673.088    NangateOpenCellLibrary 
OAI22_X1       42618    56681.940    NangateOpenCellLibrary 
OAI33_X1           1        1.862    NangateOpenCellLibrary 
OR2_X1          2365     2516.360    NangateOpenCellLibrary 
OR2_X2            31       41.230    NangateOpenCellLibrary 
OR2_X4             3        7.182    NangateOpenCellLibrary 
OR3_X1             2        2.660    NangateOpenCellLibrary 
XNOR2_X1       19155    30571.380    NangateOpenCellLibrary 
XOR2_X1        87951   140369.796    NangateOpenCellLibrary 
XOR2_X2         3456     8273.664    NangateOpenCellLibrary 
------------------------------------------------------------
total         546706  1019075.526                           


                                        
   Type    Instances     Area    Area % 
----------------------------------------
sequential     14421   65330.132    6.4 
inverter       95884   51472.862    5.1 
buffer          1190    3662.288    0.4 
logic         435211  898610.244   88.2 
----------------------------------------
total         546706 1019075.526  100.0 

