============================================================
  Generated by:           Encounter(R) RTL Compiler RC14.28 - v14.20-s067_1
  Generated on:           Feb 25 2020  03:43:51 pm
  Module:                 econV0
  Technology library:     NangateOpenCellLibrary revision 1.0
  Operating conditions:   typical 
  Interconnect mode:      global
  Area mode:              physical library
============================================================

Timing
--------

     Clock      Period 
-----------------------
clk            25000.0 
virtual_io_clk 25000.0 


     Cost        Critical       Violating 
     Group      Path Slack TNS    Paths   
------------------------------------------
C2C                20525.9   0          0 
C2O                24681.0   0          0 
clk               No paths   0            
default           No paths   0            
I2C                21488.5   0          0 
I2O               No paths   0            
virtual_io_clk    No paths   0            
------------------------------------------
Total                        0          0 

Instance Count
--------------
Leaf Instance Count             546706 
Sequential Instance Count        14421 
Combinational Instance Count    532285 
Hierarchical Instance Count       1410 

Area
----
Cell Area                          1019075.526
Physical Cell Area                 0.000
Total Cell Area (Cell+Physical)    1019075.526
Net Area                           2339214.199
Total Area (Cell+Physical+Net)     3358289.725

Power
-----
Leakage Power                      21799239.340 nW
Dynamic Power                      258609652.334 nW
Total Power                        280408891.674 nW

Max Fanout                         14421 (clk)
Min Fanout                         0 (econV0_core_inst/nnet_dense_large_input_t_layer2_t_config2_cmp/nnet_dense_large_input_t_layer2_t_config2_core_inst/n_34031)
Average Fanout                     1.9
Terms to net ratio                 2.9
Terms to instance ratio            3.7
Runtime                            4301.588 seconds
Elapsed Runtime                    4356 seconds
RC peak memory usage:              3552.00 
EDI peak memory usage:             no_value 
Hostname                           fastml02.c.harrisgroup-223921.internal
