============================================================
  Generated by:           Encounter(R) RTL Compiler RC14.28 - v14.20-s067_1
  Generated on:           Feb 25 2020  03:42:57 pm
  Module:                 econV0
  Technology library:     NangateOpenCellLibrary revision 1.0
  Operating conditions:   typical 
  Interconnect mode:      global
  Area mode:              physical library
============================================================

                                                                            Pin                                                                                  Type      Fanout  Load  Slew Delay Arrival   
                                                                                                                                                                                   (fF)  (ps)  (ps)   (ps)    
--------------------------------------------------------------------------------------------------------------------------------------------------------------------------------------------------------------
(clock clk)                                                                                                                                                     launch                                    0 R 
econV0_core_inst/econV0_core_w2_rsci_inst/econV0_core_w2_rsci_w2_rsc_wait_dp_inst/w2_rsci_bcwt_reg/CK                                                                                       0             0 R 
econV0_core_inst/econV0_core_w2_rsci_inst/econV0_core_w2_rsci_w2_rsc_wait_dp_inst/w2_rsci_bcwt_reg/Q                                                            DFFR_X1         2   51.5  121  +217     217 R 
econV0_core_inst/econV0_core_w2_rsci_inst/econV0_core_w2_rsci_w2_rsc_wait_dp_inst/Fp13417A136924/A                                                                                               +0     217   
econV0_core_inst/econV0_core_w2_rsci_inst/econV0_core_w2_rsci_w2_rsc_wait_dp_inst/Fp13417A136924/ZN                                                             INV_X32       787 1831.6   74  +125     342 F 
econV0_core_inst/econV0_core_w2_rsci_inst/econV0_core_w2_rsci_w2_rsc_wait_dp_inst/Fp13417A136241/A                                                                                               +0     343   
econV0_core_inst/econV0_core_w2_rsci_inst/econV0_core_w2_rsci_w2_rsc_wait_dp_inst/Fp13417A136241/ZN                                                             INV_X32       807 1922.3  144  +192     534 R 
econV0_core_inst/econV0_core_w2_rsci_inst/econV0_core_w2_rsci_w2_rsc_wait_dp_inst/Fp13417A136240/A                                                                                               +0     534   
econV0_core_inst/econV0_core_w2_rsci_inst/econV0_core_w2_rsci_w2_rsc_wait_dp_inst/Fp13417A136240/ZN                                                             INV_X1         17   38.0   65   +99     634 F 
econV0_core_inst/econV0_core_w2_rsci_inst/econV0_core_w2_rsci_w2_rsc_wait_dp_inst/Fp13417A136239/A                                                                                               +0     634   
econV0_core_inst/econV0_core_w2_rsci_inst/econV0_core_w2_rsci_w2_rsc_wait_dp_inst/Fp13417A136239/ZN                                                             INV_X4         87  236.6  138  +180     814 R 
econV0_core_inst/econV0_core_w2_rsci_inst/econV0_core_w2_rsci_w2_rsc_wait_dp_inst/Fp13417A136190/A                                                                                               +0     814   
econV0_core_inst/econV0_core_w2_rsci_inst/econV0_core_w2_rsci_w2_rsc_wait_dp_inst/Fp13417A136190/ZN                                                             INV_X2         40   81.8   66  +103     916 F 
econV0_core_inst/econV0_core_w2_rsci_inst/econV0_core_w2_rsci_w2_rsc_wait_dp_inst/Fp13417A136231/A                                                                                               +0     916   
econV0_core_inst/econV0_core_w2_rsci_inst/econV0_core_w2_rsci_w2_rsc_wait_dp_inst/Fp13417A136231/ZN                                                             INV_X1         16   44.9  105  +146    1062 R 
econV0_core_inst/econV0_core_w2_rsci_inst/econV0_core_w2_rsci_w2_rsc_wait_dp_inst/p13591A132809/S                                                                                                +0    1062   
econV0_core_inst/econV0_core_w2_rsci_inst/econV0_core_w2_rsci_w2_rsc_wait_dp_inst/p13591A132809/Z                                                               MUX2_X2        27   64.3   77  +124    1187 R 
econV0_core_inst/econV0_core_w2_rsci_inst/econV0_core_w2_rsci_w2_rsc_wait_dp_inst/w2_rsci_idat_mxwt[825] 
econV0_core_inst/econV0_core_w2_rsci_inst/w2_rsci_idat_mxwt[825] 
econV0_core_inst/nnet_dense_large_input_t_layer2_t_config2_cmp/weights_rsc_dat[825] 
econV0_core_inst/nnet_dense_large_input_t_layer2_t_config2_cmp/nnet_dense_large_input_t_layer2_t_config2_core_inst/weights_rsc_dat[825] 
econV0_core_inst/nnet_dense_large_input_t_layer2_t_config2_cmp/nnet_dense_large_input_t_layer2_t_config2_core_inst/mul_4979_59/B[1] 
econV0_core_inst/nnet_dense_large_input_t_layer2_t_config2_cmp/nnet_dense_large_input_t_layer2_t_config2_core_inst/mul_4979_59/p13696A/B                                                         +0    1187   
econV0_core_inst/nnet_dense_large_input_t_layer2_t_config2_cmp/nnet_dense_large_input_t_layer2_t_config2_core_inst/mul_4979_59/p13696A/Z                        XOR2_X2        18   33.9   93  +135    1321 R 
econV0_core_inst/nnet_dense_large_input_t_layer2_t_config2_cmp/nnet_dense_large_input_t_layer2_t_config2_core_inst/mul_4979_59/p13819A/A1                                                        +0    1321   
econV0_core_inst/nnet_dense_large_input_t_layer2_t_config2_cmp/nnet_dense_large_input_t_layer2_t_config2_core_inst/mul_4979_59/p13819A/ZN                       NAND2_X1       17   28.9   62  +103    1424 F 
econV0_core_inst/nnet_dense_large_input_t_layer2_t_config2_cmp/nnet_dense_large_input_t_layer2_t_config2_core_inst/mul_4979_59/Fp13875A/A                                                        +0    1424   
econV0_core_inst/nnet_dense_large_input_t_layer2_t_config2_cmp/nnet_dense_large_input_t_layer2_t_config2_core_inst/mul_4979_59/Fp13875A/ZN                      INV_X1          6   11.6   36   +63    1488 R 
econV0_core_inst/nnet_dense_large_input_t_layer2_t_config2_cmp/nnet_dense_large_input_t_layer2_t_config2_core_inst/mul_4979_59/p13913A/A1                                                        +0    1488   
econV0_core_inst/nnet_dense_large_input_t_layer2_t_config2_cmp/nnet_dense_large_input_t_layer2_t_config2_core_inst/mul_4979_59/p13913A/ZN                       AOI22_X1        1    3.8   18   +26    1514 F 
econV0_core_inst/nnet_dense_large_input_t_layer2_t_config2_cmp/nnet_dense_large_input_t_layer2_t_config2_core_inst/mul_4979_59/p13908A/B                                                         +0    1514   
econV0_core_inst/nnet_dense_large_input_t_layer2_t_config2_cmp/nnet_dense_large_input_t_layer2_t_config2_core_inst/mul_4979_59/p13908A/S                        FA_X1           1    3.2   14  +126    1640 R 
econV0_core_inst/nnet_dense_large_input_t_layer2_t_config2_cmp/nnet_dense_large_input_t_layer2_t_config2_core_inst/mul_4979_59/p13933A/CI                                                        +0    1640   
econV0_core_inst/nnet_dense_large_input_t_layer2_t_config2_cmp/nnet_dense_large_input_t_layer2_t_config2_core_inst/mul_4979_59/p13933A/S                        FA_X1           2    3.5   17   +95    1735 F 
econV0_core_inst/nnet_dense_large_input_t_layer2_t_config2_cmp/nnet_dense_large_input_t_layer2_t_config2_core_inst/mul_4979_59/p13997A/A1                                                        +0    1735   
econV0_core_inst/nnet_dense_large_input_t_layer2_t_config2_cmp/nnet_dense_large_input_t_layer2_t_config2_core_inst/mul_4979_59/p13997A/ZN                       AOI22_X1        1    2.1   26   +36    1771 R 
econV0_core_inst/nnet_dense_large_input_t_layer2_t_config2_cmp/nnet_dense_large_input_t_layer2_t_config2_core_inst/mul_4979_59/p14006A6920/A                                                     +0    1771   
econV0_core_inst/nnet_dense_large_input_t_layer2_t_config2_cmp/nnet_dense_large_input_t_layer2_t_config2_core_inst/mul_4979_59/p14006A6920/ZN                   OAI21_X1        1    1.9   15   +23    1794 F 
econV0_core_inst/nnet_dense_large_input_t_layer2_t_config2_cmp/nnet_dense_large_input_t_layer2_t_config2_core_inst/mul_4979_59/p14014A6919/A                                                     +0    1794   
econV0_core_inst/nnet_dense_large_input_t_layer2_t_config2_cmp/nnet_dense_large_input_t_layer2_t_config2_core_inst/mul_4979_59/p14014A6919/ZN                   OAI221_X1       1    2.1   37   +26    1820 R 
econV0_core_inst/nnet_dense_large_input_t_layer2_t_config2_cmp/nnet_dense_large_input_t_layer2_t_config2_core_inst/mul_4979_59/p14014A/A2                                                        +0    1820   
econV0_core_inst/nnet_dense_large_input_t_layer2_t_config2_cmp/nnet_dense_large_input_t_layer2_t_config2_core_inst/mul_4979_59/p14014A/ZN                       NAND2_X1        1    1.9   11   +19    1839 F 
econV0_core_inst/nnet_dense_large_input_t_layer2_t_config2_cmp/nnet_dense_large_input_t_layer2_t_config2_core_inst/mul_4979_59/p14020A/A                                                         +0    1839   
econV0_core_inst/nnet_dense_large_input_t_layer2_t_config2_cmp/nnet_dense_large_input_t_layer2_t_config2_core_inst/mul_4979_59/p14020A/ZN                       OAI221_X1       1    2.0   37   +23    1862 R 
econV0_core_inst/nnet_dense_large_input_t_layer2_t_config2_cmp/nnet_dense_large_input_t_layer2_t_config2_core_inst/mul_4979_59/p14031A/A1                                                        +0    1862   
econV0_core_inst/nnet_dense_large_input_t_layer2_t_config2_cmp/nnet_dense_large_input_t_layer2_t_config2_core_inst/mul_4979_59/p14031A/ZN                       NAND2_X1        1    1.9   13   +19    1880 F 
econV0_core_inst/nnet_dense_large_input_t_layer2_t_config2_cmp/nnet_dense_large_input_t_layer2_t_config2_core_inst/mul_4979_59/p14030A/A                                                         +0    1880   
econV0_core_inst/nnet_dense_large_input_t_layer2_t_config2_cmp/nnet_dense_large_input_t_layer2_t_config2_core_inst/mul_4979_59/p14030A/ZN                       AOI21_X1        1    2.1   23   +43    1923 R 
econV0_core_inst/nnet_dense_large_input_t_layer2_t_config2_cmp/nnet_dense_large_input_t_layer2_t_config2_core_inst/mul_4979_59/p14055A/A1                                                        +0    1923   
econV0_core_inst/nnet_dense_large_input_t_layer2_t_config2_cmp/nnet_dense_large_input_t_layer2_t_config2_core_inst/mul_4979_59/p14055A/ZN                       NOR2_X1         1    1.9   10   +11    1934 F 
econV0_core_inst/nnet_dense_large_input_t_layer2_t_config2_cmp/nnet_dense_large_input_t_layer2_t_config2_core_inst/mul_4979_59/p14054A/A                                                         +0    1934   
econV0_core_inst/nnet_dense_large_input_t_layer2_t_config2_cmp/nnet_dense_large_input_t_layer2_t_config2_core_inst/mul_4979_59/p14054A/ZN                       AOI221_X1       1    2.1   44   +74    2008 R 
econV0_core_inst/nnet_dense_large_input_t_layer2_t_config2_cmp/nnet_dense_large_input_t_layer2_t_config2_core_inst/mul_4979_59/p14116A/B1                                                        +0    2008   
econV0_core_inst/nnet_dense_large_input_t_layer2_t_config2_cmp/nnet_dense_large_input_t_layer2_t_config2_core_inst/mul_4979_59/p14116A/ZN                       OAI21_X1        2    3.6   18   +27    2035 F 
econV0_core_inst/nnet_dense_large_input_t_layer2_t_config2_cmp/nnet_dense_large_input_t_layer2_t_config2_core_inst/mul_4979_59/p14117A/B1                                                        +0    2035   
econV0_core_inst/nnet_dense_large_input_t_layer2_t_config2_cmp/nnet_dense_large_input_t_layer2_t_config2_core_inst/mul_4979_59/p14117A/ZN                       AOI21_X1        1    2.0   23   +31    2066 R 
econV0_core_inst/nnet_dense_large_input_t_layer2_t_config2_cmp/nnet_dense_large_input_t_layer2_t_config2_core_inst/mul_4979_59/p14120A/A                                                         +0    2066   
econV0_core_inst/nnet_dense_large_input_t_layer2_t_config2_cmp/nnet_dense_large_input_t_layer2_t_config2_core_inst/mul_4979_59/p14120A/ZN                       AOI21_X1        1    3.1   11   +19    2085 F 
econV0_core_inst/nnet_dense_large_input_t_layer2_t_config2_cmp/nnet_dense_large_input_t_layer2_t_config2_core_inst/mul_4979_59/p14123A/CI                                                        +0    2085   
econV0_core_inst/nnet_dense_large_input_t_layer2_t_config2_cmp/nnet_dense_large_input_t_layer2_t_config2_core_inst/mul_4979_59/p14123A/CO                       FA_X1           1    3.1   15   +71    2156 F 
econV0_core_inst/nnet_dense_large_input_t_layer2_t_config2_cmp/nnet_dense_large_input_t_layer2_t_config2_core_inst/mul_4979_59/p14180A/CI                                                        +0    2156   
econV0_core_inst/nnet_dense_large_input_t_layer2_t_config2_cmp/nnet_dense_large_input_t_layer2_t_config2_core_inst/mul_4979_59/p14180A/CO                       FA_X1           1    3.1   15   +72    2229 F 
econV0_core_inst/nnet_dense_large_input_t_layer2_t_config2_cmp/nnet_dense_large_input_t_layer2_t_config2_core_inst/mul_4979_59/p14218A/CI                                                        +0    2229   
econV0_core_inst/nnet_dense_large_input_t_layer2_t_config2_cmp/nnet_dense_large_input_t_layer2_t_config2_core_inst/mul_4979_59/p14218A/CO                       FA_X1           1    3.1   15   +72    2301 F 
econV0_core_inst/nnet_dense_large_input_t_layer2_t_config2_cmp/nnet_dense_large_input_t_layer2_t_config2_core_inst/mul_4979_59/p14268A/CI                                                        +0    2301   
econV0_core_inst/nnet_dense_large_input_t_layer2_t_config2_cmp/nnet_dense_large_input_t_layer2_t_config2_core_inst/mul_4979_59/p14268A/CO                       FA_X1           1    3.1   15   +72    2374 F 
econV0_core_inst/nnet_dense_large_input_t_layer2_t_config2_cmp/nnet_dense_large_input_t_layer2_t_config2_core_inst/mul_4979_59/p14310A/CI                                                        +0    2374   
econV0_core_inst/nnet_dense_large_input_t_layer2_t_config2_cmp/nnet_dense_large_input_t_layer2_t_config2_core_inst/mul_4979_59/p14310A/CO                       FA_X1           1    3.1   15   +72    2446 F 
econV0_core_inst/nnet_dense_large_input_t_layer2_t_config2_cmp/nnet_dense_large_input_t_layer2_t_config2_core_inst/mul_4979_59/p14350A/CI                                                        +0    2446   
econV0_core_inst/nnet_dense_large_input_t_layer2_t_config2_cmp/nnet_dense_large_input_t_layer2_t_config2_core_inst/mul_4979_59/p14350A/CO                       FA_X1           1    3.1   15   +72    2519 F 
econV0_core_inst/nnet_dense_large_input_t_layer2_t_config2_cmp/nnet_dense_large_input_t_layer2_t_config2_core_inst/mul_4979_59/p14386A/CI                                                        +0    2519   
econV0_core_inst/nnet_dense_large_input_t_layer2_t_config2_cmp/nnet_dense_large_input_t_layer2_t_config2_core_inst/mul_4979_59/p14386A/S                        FA_X1           1    2.1   12  +113    2632 R 
econV0_core_inst/nnet_dense_large_input_t_layer2_t_config2_cmp/nnet_dense_large_input_t_layer2_t_config2_core_inst/mul_4979_59/Fp14451A/A                                                        +0    2632   
econV0_core_inst/nnet_dense_large_input_t_layer2_t_config2_cmp/nnet_dense_large_input_t_layer2_t_config2_core_inst/mul_4979_59/Fp14451A/ZN                      INV_X1          1    3.8    7   +12    2643 F 
econV0_core_inst/nnet_dense_large_input_t_layer2_t_config2_cmp/nnet_dense_large_input_t_layer2_t_config2_core_inst/mul_4979_59/Z[23] 
econV0_core_inst/nnet_dense_large_input_t_layer2_t_config2_cmp/nnet_dense_large_input_t_layer2_t_config2_core_inst/csa_tree_add_5033_7_groupi/in_3[6] 
econV0_core_inst/nnet_dense_large_input_t_layer2_t_config2_cmp/nnet_dense_large_input_t_layer2_t_config2_core_inst/csa_tree_add_5033_7_groupi/p14465A30182/B                                     +0    2643   
econV0_core_inst/nnet_dense_large_input_t_layer2_t_config2_cmp/nnet_dense_large_input_t_layer2_t_config2_core_inst/csa_tree_add_5033_7_groupi/p14465A30182/S    FA_X1           1    4.1   16  +123    2766 R 
econV0_core_inst/nnet_dense_large_input_t_layer2_t_config2_cmp/nnet_dense_large_input_t_layer2_t_config2_core_inst/csa_tree_add_5033_7_groupi/p14497A/A                                          +0    2766   
econV0_core_inst/nnet_dense_large_input_t_layer2_t_config2_cmp/nnet_dense_large_input_t_layer2_t_config2_core_inst/csa_tree_add_5033_7_groupi/p14497A/S         FA_X1           1    4.0   18   +92    2859 F 
econV0_core_inst/nnet_dense_large_input_t_layer2_t_config2_cmp/nnet_dense_large_input_t_layer2_t_config2_core_inst/csa_tree_add_5033_7_groupi/p14496A/A                                          +0    2859   
econV0_core_inst/nnet_dense_large_input_t_layer2_t_config2_cmp/nnet_dense_large_input_t_layer2_t_config2_core_inst/csa_tree_add_5033_7_groupi/p14496A/S         FA_X1           1    4.1   16  +121    2980 R 
econV0_core_inst/nnet_dense_large_input_t_layer2_t_config2_cmp/nnet_dense_large_input_t_layer2_t_config2_core_inst/csa_tree_add_5033_7_groupi/p14547A/A                                          +0    2980   
econV0_core_inst/nnet_dense_large_input_t_layer2_t_config2_cmp/nnet_dense_large_input_t_layer2_t_config2_core_inst/csa_tree_add_5033_7_groupi/p14547A/S         FA_X1           1    3.1   16   +90    3070 F 
econV0_core_inst/nnet_dense_large_input_t_layer2_t_config2_cmp/nnet_dense_large_input_t_layer2_t_config2_core_inst/csa_tree_add_5033_7_groupi/p14564A/CI                                         +0    3070   
econV0_core_inst/nnet_dense_large_input_t_layer2_t_config2_cmp/nnet_dense_large_input_t_layer2_t_config2_core_inst/csa_tree_add_5033_7_groupi/p14564A/S         FA_X1           1    3.2   14  +116    3187 R 
econV0_core_inst/nnet_dense_large_input_t_layer2_t_config2_cmp/nnet_dense_large_input_t_layer2_t_config2_core_inst/csa_tree_add_5033_7_groupi/p14608A/CI                                         +0    3187   
econV0_core_inst/nnet_dense_large_input_t_layer2_t_config2_cmp/nnet_dense_large_input_t_layer2_t_config2_core_inst/csa_tree_add_5033_7_groupi/p14608A/S         FA_X1           1    3.1   16   +94    3281 F 
econV0_core_inst/nnet_dense_large_input_t_layer2_t_config2_cmp/nnet_dense_large_input_t_layer2_t_config2_core_inst/csa_tree_add_5033_7_groupi/p14660A/CI                                         +0    3281   
econV0_core_inst/nnet_dense_large_input_t_layer2_t_config2_cmp/nnet_dense_large_input_t_layer2_t_config2_core_inst/csa_tree_add_5033_7_groupi/p14660A/S         FA_X1           1    3.2   14  +116    3397 R 
econV0_core_inst/nnet_dense_large_input_t_layer2_t_config2_cmp/nnet_dense_large_input_t_layer2_t_config2_core_inst/csa_tree_add_5033_7_groupi/p14727A/CI                                         +0    3397   
econV0_core_inst/nnet_dense_large_input_t_layer2_t_config2_cmp/nnet_dense_large_input_t_layer2_t_config2_core_inst/csa_tree_add_5033_7_groupi/p14727A/S         FA_X1           1    3.1   16   +94    3491 F 
econV0_core_inst/nnet_dense_large_input_t_layer2_t_config2_cmp/nnet_dense_large_input_t_layer2_t_config2_core_inst/csa_tree_add_5033_7_groupi/p14771A/CI                                         +0    3491   
econV0_core_inst/nnet_dense_large_input_t_layer2_t_config2_cmp/nnet_dense_large_input_t_layer2_t_config2_core_inst/csa_tree_add_5033_7_groupi/p14771A/CO        FA_X1           1    3.1   15   +73    3564 F 
econV0_core_inst/nnet_dense_large_input_t_layer2_t_config2_cmp/nnet_dense_large_input_t_layer2_t_config2_core_inst/csa_tree_add_5033_7_groupi/p14800A30253/CI                                    +0    3564   
econV0_core_inst/nnet_dense_large_input_t_layer2_t_config2_cmp/nnet_dense_large_input_t_layer2_t_config2_core_inst/csa_tree_add_5033_7_groupi/p14800A30253/CO   FA_X1           1    4.0   16   +75    3639 F 
econV0_core_inst/nnet_dense_large_input_t_layer2_t_config2_cmp/nnet_dense_large_input_t_layer2_t_config2_core_inst/csa_tree_add_5033_7_groupi/p14838A30252/A                                     +0    3639   
econV0_core_inst/nnet_dense_large_input_t_layer2_t_config2_cmp/nnet_dense_large_input_t_layer2_t_config2_core_inst/csa_tree_add_5033_7_groupi/p14838A30252/CO   FA_X1           1    3.1   15   +79    3718 F 
econV0_core_inst/nnet_dense_large_input_t_layer2_t_config2_cmp/nnet_dense_large_input_t_layer2_t_config2_core_inst/csa_tree_add_5033_7_groupi/p14868A/CI                                         +0    3718   
econV0_core_inst/nnet_dense_large_input_t_layer2_t_config2_cmp/nnet_dense_large_input_t_layer2_t_config2_core_inst/csa_tree_add_5033_7_groupi/p14868A/CO        FA_X1           1    3.1   15   +72    3790 F 
econV0_core_inst/nnet_dense_large_input_t_layer2_t_config2_cmp/nnet_dense_large_input_t_layer2_t_config2_core_inst/csa_tree_add_5033_7_groupi/p14906A/CI                                         +0    3790   
econV0_core_inst/nnet_dense_large_input_t_layer2_t_config2_cmp/nnet_dense_large_input_t_layer2_t_config2_core_inst/csa_tree_add_5033_7_groupi/p14906A/CO        FA_X1           1    3.1   15   +72    3863 F 
econV0_core_inst/nnet_dense_large_input_t_layer2_t_config2_cmp/nnet_dense_large_input_t_layer2_t_config2_core_inst/csa_tree_add_5033_7_groupi/p14944A/CI                                         +0    3863   
econV0_core_inst/nnet_dense_large_input_t_layer2_t_config2_cmp/nnet_dense_large_input_t_layer2_t_config2_core_inst/csa_tree_add_5033_7_groupi/p14944A/CO        FA_X1           1    3.1   15   +72    3936 F 
econV0_core_inst/nnet_dense_large_input_t_layer2_t_config2_cmp/nnet_dense_large_input_t_layer2_t_config2_core_inst/csa_tree_add_5033_7_groupi/p14987A/CI                                         +0    3936   
econV0_core_inst/nnet_dense_large_input_t_layer2_t_config2_cmp/nnet_dense_large_input_t_layer2_t_config2_core_inst/csa_tree_add_5033_7_groupi/p14987A/CO        FA_X1           1    3.1   15   +72    4008 F 
econV0_core_inst/nnet_dense_large_input_t_layer2_t_config2_cmp/nnet_dense_large_input_t_layer2_t_config2_core_inst/csa_tree_add_5033_7_groupi/p15028A/CI                                         +0    4008   
econV0_core_inst/nnet_dense_large_input_t_layer2_t_config2_cmp/nnet_dense_large_input_t_layer2_t_config2_core_inst/csa_tree_add_5033_7_groupi/p15028A/CO        FA_X1           1    3.1   15   +72    4080 F 
econV0_core_inst/nnet_dense_large_input_t_layer2_t_config2_cmp/nnet_dense_large_input_t_layer2_t_config2_core_inst/csa_tree_add_5033_7_groupi/p15059A/CI                                         +0    4080   
econV0_core_inst/nnet_dense_large_input_t_layer2_t_config2_cmp/nnet_dense_large_input_t_layer2_t_config2_core_inst/csa_tree_add_5033_7_groupi/p15059A/CO        FA_X1           1    3.1   15   +72    4153 F 
econV0_core_inst/nnet_dense_large_input_t_layer2_t_config2_cmp/nnet_dense_large_input_t_layer2_t_config2_core_inst/csa_tree_add_5033_7_groupi/p15102A/CI                                         +0    4153   
econV0_core_inst/nnet_dense_large_input_t_layer2_t_config2_cmp/nnet_dense_large_input_t_layer2_t_config2_core_inst/csa_tree_add_5033_7_groupi/p15102A/CO        FA_X1           1    3.1   15   +72    4226 F 
econV0_core_inst/nnet_dense_large_input_t_layer2_t_config2_cmp/nnet_dense_large_input_t_layer2_t_config2_core_inst/csa_tree_add_5033_7_groupi/p15150A/CI                                         +0    4226   
econV0_core_inst/nnet_dense_large_input_t_layer2_t_config2_cmp/nnet_dense_large_input_t_layer2_t_config2_core_inst/csa_tree_add_5033_7_groupi/p15150A/CO        FA_X1           1    2.6   14   +71    4297 F 
econV0_core_inst/nnet_dense_large_input_t_layer2_t_config2_cmp/nnet_dense_large_input_t_layer2_t_config2_core_inst/csa_tree_add_5033_7_groupi/p15192A/A                                          +0    4297   
econV0_core_inst/nnet_dense_large_input_t_layer2_t_config2_cmp/nnet_dense_large_input_t_layer2_t_config2_core_inst/csa_tree_add_5033_7_groupi/p15192A/Z         XOR2_X1         1    1.3   11   +51    4348 F 
econV0_core_inst/nnet_dense_large_input_t_layer2_t_config2_cmp/nnet_dense_large_input_t_layer2_t_config2_core_inst/csa_tree_add_5033_7_groupi/out_0[17] 
econV0_core_inst/nnet_dense_large_input_t_layer2_t_config2_cmp/nnet_dense_large_input_t_layer2_t_config2_core_inst/p15191A3568/B                                                                 +0    4348   
econV0_core_inst/nnet_dense_large_input_t_layer2_t_config2_cmp/nnet_dense_large_input_t_layer2_t_config2_core_inst/p15191A3568/Z                                MUX2_X1         1    1.3   11   +58    4406 F 
econV0_core_inst/nnet_dense_large_input_t_layer2_t_config2_cmp/nnet_dense_large_input_t_layer2_t_config2_core_inst/p15222A3154/A1                                                                +0    4406   
econV0_core_inst/nnet_dense_large_input_t_layer2_t_config2_cmp/nnet_dense_large_input_t_layer2_t_config2_core_inst/p15222A3154/ZN                               AND2_X1         1    1.5    7   +29    4435 F 
econV0_core_inst/nnet_dense_large_input_t_layer2_t_config2_cmp/nnet_dense_large_input_t_layer2_t_config2_core_inst/res_rsci_d_53_36_reg[17]/D                   DFF_X1                           +0    4435   
econV0_core_inst/nnet_dense_large_input_t_layer2_t_config2_cmp/nnet_dense_large_input_t_layer2_t_config2_core_inst/res_rsci_d_53_36_reg[17]/CK                  setup                       0   +39    4474 R 
- - - - - - - - - - - - - - - - - - - - - - - - - - - - - - - - - - - - - - - - - - - - - - - - - - - - - - - - - - - - - - - - - - - - - - - - - - - - - - - - - - - - - - - - - - - - - - - - - - - - - - - 
(clock clk)                                                                                                                                                     capture                               25000 R 
--------------------------------------------------------------------------------------------------------------------------------------------------------------------------------------------------------------
Cost Group   : 'C2C' (path_group 'C2C')
Timing slack :   20526ps 
Start-point  : econV0_core_inst/econV0_core_w2_rsci_inst/econV0_core_w2_rsci_w2_rsc_wait_dp_inst/w2_rsci_bcwt_reg/CK
End-point    : econV0_core_inst/nnet_dense_large_input_t_layer2_t_config2_cmp/nnet_dense_large_input_t_layer2_t_config2_core_inst/res_rsci_d_53_36_reg[17]/D
