============================================================
  Generated by:           Genus(TM) Synthesis Solution 16.24-s065_1
  Generated on:           Feb 26 2020  10:48:08 pm
  Module:                 econV0
  Technology library:     NangateOpenCellLibrary revision 1.0
  Operating conditions:   typical (balanced_tree)
  Wireload mode:          enclosed
  Area mode:              timing library
============================================================

                                     Leakage    
   Gate    Instances     Area       Power (nW)           Library          
--------------------------------------------------------------------------
AND2_X1         9808    10435.712    226718.822    NangateOpenCellLibrary 
AND2_X2          126      167.580      6875.963    NangateOpenCellLibrary 
AND2_X4            3        7.182       279.272    NangateOpenCellLibrary 
AND3_X1            4        5.320       143.413    NangateOpenCellLibrary 
AND3_X4            1        2.926       112.604    NangateOpenCellLibrary 
AOI211_X1       2210     2939.300     80254.158    NangateOpenCellLibrary 
AOI21_X1        4081     4342.184    118731.363    NangateOpenCellLibrary 
AOI221_X1       5166     8244.936    204243.642    NangateOpenCellLibrary 
AOI222_X1         50      106.400      1416.657    NangateOpenCellLibrary 
AOI22_X1      108542   144360.860   3430311.818    NangateOpenCellLibrary 
BUF_X1          1024      817.152     21928.557    NangateOpenCellLibrary 
BUF_X16            3       19.950      1079.419    NangateOpenCellLibrary 
BUF_X2          2667     2837.688    114808.541    NangateOpenCellLibrary 
BUF_X32            1       13.034       719.611    NangateOpenCellLibrary 
BUF_X4           335      623.770     28957.662    NangateOpenCellLibrary 
BUF_X8             6       20.748      1064.280    NangateOpenCellLibrary 
CLKBUF_X1         20       15.960       225.186    NangateOpenCellLibrary 
CLKBUF_X2          5        5.320       115.404    NangateOpenCellLibrary 
CLKBUF_X3         19       25.270       654.915    NangateOpenCellLibrary 
DFF_X1         14019    63393.918   1102569.745    NangateOpenCellLibrary 
DFF_X2           401     2026.654     45366.701    NangateOpenCellLibrary 
FA_X1          95256   405409.536   6802989.256    NangateOpenCellLibrary 
HA_X1          18488    49178.080   1046333.625    NangateOpenCellLibrary 
INV_X1        106248    56523.936   1541902.417    NangateOpenCellLibrary 
INV_X16            4       18.088      1041.197    NangateOpenCellLibrary 
INV_X2          1592     1270.416     46058.630    NangateOpenCellLibrary 
INV_X4          1120     1489.600     64711.394    NangateOpenCellLibrary 
INV_X8           469     1122.786     53847.681    NangateOpenCellLibrary 
MUX2_X1        10356    19282.872    354664.743    NangateOpenCellLibrary 
MUX2_X2         2701     6466.194    178228.246    NangateOpenCellLibrary 
NAND2_X1       35263    28139.874    542111.008    NangateOpenCellLibrary 
NAND2_X2          16       21.280       900.859    NangateOpenCellLibrary 
NAND3_X1         588      625.632     16466.905    NangateOpenCellLibrary 
NAND4_X1         471      626.430     21400.726    NangateOpenCellLibrary 
NOR2_X1        22796    18191.208    495049.586    NangateOpenCellLibrary 
NOR2_X2            7        9.310       296.248    NangateOpenCellLibrary 
NOR3_X1          610      649.040     16591.090    NangateOpenCellLibrary 
OAI211_X1       4260     5665.800    148626.099    NangateOpenCellLibrary 
OAI21_X1        8224     8750.336    205047.620    NangateOpenCellLibrary 
OAI221_X1       3646     5819.016    104215.301    NangateOpenCellLibrary 
OAI222_X1         28       59.584      2170.355    NangateOpenCellLibrary 
OAI22_X1       99415   132221.950   3459881.494    NangateOpenCellLibrary 
OAI33_X1           1        1.862        43.086    NangateOpenCellLibrary 
OR2_X1           664      706.496     15787.585    NangateOpenCellLibrary 
OR2_X4           130      311.220     12865.749    NangateOpenCellLibrary 
OR3_X1            97      129.010      2463.016    NangateOpenCellLibrary 
XNOR2_X1        9018    14392.728    327329.933    NangateOpenCellLibrary 
XOR2_X1         3545     5657.820    130080.784    NangateOpenCellLibrary 
--------------------------------------------------------------------------
total         573504  1003151.968  20977682.366                           


                                               Leakage   Leakage 
     Type      Instances     Area    Area %  Power (nW)  Power % 
-----------------------------------------------------------------
sequential         14420   65420.572    6.5  1147936.446     5.5 
inverter          109433   60424.826    6.0  1707561.319     8.1 
buffer              4080    4378.892    0.4   169553.574     0.8 
logic             445571  872927.678   87.0 17952631.027    85.6 
physical_cells         0       0.000    0.0        0.000     0.0 
-----------------------------------------------------------------
total             573504 1003151.968  100.0 20977682.366   100.0 

