============================================================
  Generated by:           Genus(TM) Synthesis Solution 16.24-s065_1
  Generated on:           Feb 26 2020  10:00:44 pm
  Module:                 econV0
  Technology library:     NangateOpenCellLibrary revision 1.0
  Operating conditions:   typical (balanced_tree)
  Wireload mode:          enclosed
  Area mode:              timing library
============================================================

Timing
--------

     Clock      Period 
-----------------------
clk            25000.0 
virtual_io_clk 20000.0 


     Cost        Critical         Violating 
     Group      Path Slack  TNS     Paths   
--------------------------------------------
clk                15811.8   0.0          0 
default           No paths   0.0            
virtual_io_clk    No paths   0.0            
--------------------------------------------
Total                        0.0          0 

Instance Count
--------------
Leaf Instance Count             1087584 
Physical Instance count               0 
Sequential Instance Count         14420 
Combinational Instance Count    1073164 
Hierarchical Instance Count        1440 

Area
----
Cell Area                          2132352.647
Physical Cell Area                 0.000
Total Cell Area (Cell+Physical)    2132352.647
Net Area                           0.000
Total Area (Cell+Physical+Net)     2132352.647

Runtime                            923.033562 seconds
Elapsed Runtime                    1441 seconds
Genus peak memory usage            3855.70 
Innovus peak memory usage          no_value 
Hostname                           nova.cs.northwestern.edu
