============================================================
  Generated by:           Genus(TM) Synthesis Solution 16.24-s065_1
  Generated on:           Feb 26 2020  10:32:02 pm
  Module:                 econV0
  Technology library:     NangateOpenCellLibrary revision 1.0
  Operating conditions:   typical (balanced_tree)
  Wireload mode:          enclosed
  Area mode:              timing library
============================================================

                                    Leakage    
   Gate    Instances     Area      Power (nW)           Library          
-------------------------------------------------------------------------
AND2_X1         9890   10522.960    229876.483    NangateOpenCellLibrary 
AND2_X4            3       7.182       282.728    NangateOpenCellLibrary 
AND3_X1            4       5.320       145.017    NangateOpenCellLibrary 
AND3_X4            1       2.926       117.750    NangateOpenCellLibrary 
AOI211_X1       2210    2939.300     80157.282    NangateOpenCellLibrary 
AOI21_X1        4081    4342.184    118843.276    NangateOpenCellLibrary 
AOI221_X1       5166    8244.936    203953.465    NangateOpenCellLibrary 
AOI222_X1         50     106.400      1417.278    NangateOpenCellLibrary 
AOI22_X1      108542  144360.860   3433090.601    NangateOpenCellLibrary 
BUF_X1            89      71.022      1884.744    NangateOpenCellLibrary 
BUF_X16           12      79.800      4214.787    NangateOpenCellLibrary 
BUF_X2           441     469.224     18985.544    NangateOpenCellLibrary 
BUF_X32            4      52.136      2816.114    NangateOpenCellLibrary 
BUF_X4            99     184.338      8601.881    NangateOpenCellLibrary 
BUF_X8            12      41.496      2083.184    NangateOpenCellLibrary 
CLKBUF_X1          7       5.586        78.499    NangateOpenCellLibrary 
CLKBUF_X3         11      14.630       379.095    NangateOpenCellLibrary 
DFFR_X2            1       5.852       129.707    NangateOpenCellLibrary 
DFFS_X2            1       5.586       123.607    NangateOpenCellLibrary 
DFF_X1         14186   64149.092   1116225.692    NangateOpenCellLibrary 
DFF_X2           232    1172.528     26130.873    NangateOpenCellLibrary 
FA_X1          95008  404354.048   6785310.082    NangateOpenCellLibrary 
HA_X1          18522   49268.520   1049561.732    NangateOpenCellLibrary 
INV_X1         91931   48907.292   1334659.536    NangateOpenCellLibrary 
INV_X16            8      36.176      1957.680    NangateOpenCellLibrary 
INV_X2           196     156.408      5564.651    NangateOpenCellLibrary 
INV_X32            1       8.778       555.312    NangateOpenCellLibrary 
INV_X4            22      29.260      1313.380    NangateOpenCellLibrary 
INV_X8             8      19.152       900.906    NangateOpenCellLibrary 
MUX2_X1        10003   18625.586    346929.761    NangateOpenCellLibrary 
MUX2_X2         2861    6849.234    185728.335    NangateOpenCellLibrary 
NAND2_X1       34235   27319.530    512159.575    NangateOpenCellLibrary 
NAND2_X4        1056    2528.064    113367.530    NangateOpenCellLibrary 
NAND3_X1         588     625.632     16320.141    NangateOpenCellLibrary 
NAND4_X1         471     626.430     21414.192    NangateOpenCellLibrary 
NOR2_X1        22805   18198.390    495693.560    NangateOpenCellLibrary 
NOR2_X2           33      43.890      1357.307    NangateOpenCellLibrary 
NOR2_X4            1       2.394        85.871    NangateOpenCellLibrary 
NOR3_X1          584     621.376     16008.699    NangateOpenCellLibrary 
OAI211_X1       4260    5665.800    148525.808    NangateOpenCellLibrary 
OAI21_X1        8222    8748.208    204754.107    NangateOpenCellLibrary 
OAI221_X1       3646    5819.016    104658.300    NangateOpenCellLibrary 
OAI222_X1         28      59.584      2216.269    NangateOpenCellLibrary 
OAI22_X1       99663  132551.790   3464777.071    NangateOpenCellLibrary 
OAI33_X1           1       1.862        42.398    NangateOpenCellLibrary 
OR2_X1           585     622.440     13950.437    NangateOpenCellLibrary 
OR3_X1            87     115.710      2238.012    NangateOpenCellLibrary 
XNOR2_X1        9490   15146.040    346288.143    NangateOpenCellLibrary 
XOR2_X1         3535    5641.860    130797.920    NangateOpenCellLibrary 
-------------------------------------------------------------------------
total         552892  989375.828  20556674.324                           


                                              Leakage   Leakage 
     Type      Instances    Area    Area %  Power (nW)  Power % 
----------------------------------------------------------------
sequential         14420  65333.058    6.6  1142609.879     5.6 
inverter           92166  49157.066    5.0  1344951.466     6.5 
buffer               675    918.232    0.1    39043.847     0.2 
logic             445631 873967.472   88.3 18030069.132    87.7 
physical_cells         0      0.000    0.0        0.000     0.0 
----------------------------------------------------------------
total             552892 989375.828  100.0 20556674.324   100.0 

