============================================================
  Generated by:           Genus(TM) Synthesis Solution 16.24-s065_1
  Generated on:           Feb 26 2020  10:45:31 pm
  Module:                 econV0
  Technology library:     NangateOpenCellLibrary revision 1.0
  Operating conditions:   typical (balanced_tree)
  Wireload mode:          enclosed
  Area mode:              timing library
============================================================

Timing
--------

     Clock      Period 
-----------------------
clk            25000.0 
virtual_io_clk 20000.0 


     Cost        Critical         Violating 
     Group      Path Slack  TNS     Paths   
--------------------------------------------
clk                16935.4   0.0          0 
default           No paths   0.0            
virtual_io_clk    No paths   0.0            
--------------------------------------------
Total                        0.0          0 

Instance Count
--------------
Leaf Instance Count             573504 
Physical Instance count              0 
Sequential Instance Count        14420 
Combinational Instance Count    559084 
Hierarchical Instance Count       1438 

Area
----
Cell Area                          1003151.968
Physical Cell Area                 0.000
Total Cell Area (Cell+Physical)    1003151.968
Net Area                           0.000
Total Area (Cell+Physical+Net)     1003151.968

Runtime                            2384.029443 seconds
Elapsed Runtime                    4118 seconds
Genus peak memory usage            3726.88 
Innovus peak memory usage          no_value 
Hostname                           nova.cs.northwestern.edu
