============================================================
  Generated by:           Genus(TM) Synthesis Solution 16.24-s065_1
  Generated on:           Feb 25 2020  02:17:29 pm
  Module:                 econV0
  Technology libraries:   tcbn65lpwc 200
                          tpdn65lpnv2od3wc 200a
                          tpan65lpnv2od3wc 200a
  Operating conditions:   WCCOM (balanced_tree)
  Wireload mode:          segmented
  Area mode:              timing library
============================================================

                                   Leakage   
   Gate    Instances     Area     Power (nW)    Library    
-----------------------------------------------------------
AN2D1              1       2.160       0.596    tcbn65lpwc 
AN2XD1           402     868.320     364.412    tcbn65lpwc 
AN3XD1           110     277.200      94.439    tcbn65lpwc 
AN4XD1            82     236.160      74.700    tcbn65lpwc 
AO211D1           29      83.520      28.838    tcbn65lpwc 
AO21D1           666    1678.320     667.646    tcbn65lpwc 
AO221D0           24      86.400       9.932    tcbn65lpwc 
AO22D0           935    2692.800     415.655    tcbn65lpwc 
AO22D1           210     680.400     218.356    tcbn65lpwc 
AO31D1            44     126.720      46.274    tcbn65lpwc 
AO32D1            32     126.720      30.751    tcbn65lpwc 
AOI211D1           8      20.160       4.594    tcbn65lpwc 
AOI211XD0         44     110.880      14.424    tcbn65lpwc 
AOI21D1          444     959.040     271.755    tcbn65lpwc 
AOI221D0           6      17.280       1.583    tcbn65lpwc 
AOI222D0           6      21.600       1.728    tcbn65lpwc 
AOI22D1          562    1416.240     358.292    tcbn65lpwc 
AOI31D1           16      40.320      10.591    tcbn65lpwc 
AOI32D1           50     144.000      29.331    tcbn65lpwc 
BUFFD1             1       1.440       0.559    tcbn65lpwc 
BUFFD16           52     542.880     533.552    tcbn65lpwc 
BUFFD2             1       2.160       1.288    tcbn65lpwc 
BUFFD3             3       7.560       5.302    tcbn65lpwc 
BUFFD4             5      16.200      13.737    tcbn65lpwc 
CKAN2D1            3       6.480       1.648    tcbn65lpwc 
CKBD1              1       1.440       0.710    tcbn65lpwc 
CKND0              1       1.080       0.109    tcbn65lpwc 
CKND1           6829    7375.320    2172.051    tcbn65lpwc 
CKND16             1       7.920       7.477    tcbn65lpwc 
CKND2              1       1.440       0.908    tcbn65lpwc 
CKND2D1         1614    2324.160     533.976    tcbn65lpwc 
CKND2D2          408    1028.160     198.331    tcbn65lpwc 
CKND2D4            1       4.320       1.253    tcbn65lpwc 
CKND3              1       2.160       1.106    tcbn65lpwc 
CKND4              1       2.520       1.495    tcbn65lpwc 
CKND8              2       8.640       6.503    tcbn65lpwc 
CKXOR2D1         728    2620.800    1124.718    tcbn65lpwc 
DEL1              51     312.120      46.284    tcbn65lpwc 
DFCNQD1           51     403.920      86.401    tcbn65lpwc 
DFD1               2      14.400       4.669    tcbn65lpwc 
DFKCND1            2      16.560       4.324    tcbn65lpwc 
DFKCNQD1         919    6616.800    1563.699    tcbn65lpwc 
DFQD1            380    2599.200     733.183    tcbn65lpwc 
DFQD2            505    3636.000    1170.380    tcbn65lpwc 
EDFKCND1           1      10.440       2.396    tcbn65lpwc 
EDFKCNQD1        218    2197.440     461.917    tcbn65lpwc 
FA1D0          51962  467658.000  220247.730    tcbn65lpwc 
FA1D1             18     181.440     105.471    tcbn65lpwc 
FCICIND1          66     308.880      86.450    tcbn65lpwc 
HA1D0           3621   20856.960    8022.448    tcbn65lpwc 
HA1D1              3      18.360      10.341    tcbn65lpwc 
IAO21D0           31      78.120      12.938    tcbn65lpwc 
IAO21D1           93     234.360      69.505    tcbn65lpwc 
IIND4D1            1       3.600       2.167    tcbn65lpwc 
IND2D1          1146    2475.360     657.856    tcbn65lpwc 
IND3D1            13      32.760       8.283    tcbn65lpwc 
IND4D1            10      28.800       7.927    tcbn65lpwc 
INR2D1           231     498.960     148.038    tcbn65lpwc 
INR2XD0          544    1175.040     249.656    tcbn65lpwc 
INR3D0             5      12.600       1.942    tcbn65lpwc 
INR4D0            10      28.800       4.548    tcbn65lpwc 
INVD1           5895    6366.600    2233.488    tcbn65lpwc 
INVD12             3      18.360      17.309    tcbn65lpwc 
INVD16             3      23.760      23.089    tcbn65lpwc 
INVD2             14      20.160      11.573    tcbn65lpwc 
INVD3              2       4.320       2.612    tcbn65lpwc 
INVD4              3       7.560       5.259    tcbn65lpwc 
INVD6              6      19.440      16.428    tcbn65lpwc 
INVD8              4      17.280      15.161    tcbn65lpwc 
IOA21D1         2322    5851.440    1917.497    tcbn65lpwc 
IOA22D2            8      31.680      15.155    tcbn65lpwc 
MAOI222D0        154     443.520      40.480    tcbn65lpwc 
MAOI222D1       4744   13662.720    2240.363    tcbn65lpwc 
MAOI22D1         787    2266.560     896.269    tcbn65lpwc 
MOAI22D1        7875   22680.000    9000.352    tcbn65lpwc 
MUX2D0             7      22.680       3.879    tcbn65lpwc 
MUX2D1            73     262.800     105.844    tcbn65lpwc 
MUX2ND0          866    2494.080     485.588    tcbn65lpwc 
ND2D1            968    1393.920     369.677    tcbn65lpwc 
ND2D2              1       2.520       0.757    tcbn65lpwc 
ND3D1             33      71.280      13.429    tcbn65lpwc 
ND4D1             58     146.160      28.910    tcbn65lpwc 
NR2D0              1       1.440       0.146    tcbn65lpwc 
NR2D1            841    1211.040     347.634    tcbn65lpwc 
NR2D2             25      63.000      21.234    tcbn65lpwc 
NR2XD0          2165    3117.600     674.259    tcbn65lpwc 
NR2XD2             1       4.320       1.474    tcbn65lpwc 
NR3D0             53     114.480      13.754    tcbn65lpwc 
NR4D0             29      73.080       5.657    tcbn65lpwc 
OA211D1           49     141.120      49.586    tcbn65lpwc 
OA21D1           305     768.600     316.556    tcbn65lpwc 
OA221D0            4      14.400       1.233    tcbn65lpwc 
OA222D1            1       4.320       1.110    tcbn65lpwc 
OA22D0            12      34.560       5.641    tcbn65lpwc 
OA31D1             7      20.160       5.999    tcbn65lpwc 
OA32D0             2       7.200       0.835    tcbn65lpwc 
OAI211D1         833    2099.160     303.418    tcbn65lpwc 
OAI21D1         1208    2609.280     689.881    tcbn65lpwc 
OAI221D0          43     123.840      10.889    tcbn65lpwc 
OAI222D0           7      22.680       1.914    tcbn65lpwc 
OAI22D1          328     826.560     223.835    tcbn65lpwc 
OAI31D1            4      10.080       2.434    tcbn65lpwc 
OAI32D1           33      95.040      21.535    tcbn65lpwc 
OR2D1            305     658.800     206.563    tcbn65lpwc 
OR2D4              2       8.640       5.078    tcbn65lpwc 
OR2XD1           146     315.360     109.664    tcbn65lpwc 
OR3D1              8      20.160       5.344    tcbn65lpwc 
OR3XD1             1       2.520       0.639    tcbn65lpwc 
OR4D1              5      14.400       3.743    tcbn65lpwc 
XNR2D1           321    1155.600     487.466    tcbn65lpwc 
XNR3D0             2      12.240       2.881    tcbn65lpwc 
XNR3D1           249    1523.880     601.449    tcbn65lpwc 
XNR4D1             3      27.000       8.739    tcbn65lpwc 
XOR2D1           623    2242.800    1061.744    tcbn65lpwc 
XOR3D0            24     146.880      33.666    tcbn65lpwc 
XOR3D1          1343    8219.160    3124.701    tcbn65lpwc 
-----------------------------------------------------------
total         106016  614458.080  266750.993               


                                             Leakage  Leakage 
     Type      Instances    Area    Area % Power (nW) Power % 
--------------------------------------------------------------
sequential          2078  15494.760    2.5   4026.968     1.5 
inverter           12766  13876.560    2.3   4514.569     1.7 
buffer               114    883.800    0.1    601.431     0.2 
logic              91058 584202.960   95.1 257608.025    96.6 
physical_cells         0      0.000    0.0      0.000     0.0 
--------------------------------------------------------------
total             106016 614458.080  100.0 266750.993   100.0 

