
****** Vivado(TM) HLS - High-Level Synthesis from C, C++ and SystemC v2019.1 (64-bit)
  **** SW Build 2552052 on Fri May 24 14:47:09 MDT 2019
  **** IP Build 2548770 on Fri May 24 18:01:18 MDT 2019
    ** Copyright 1986-2019 Xilinx, Inc. All Rights Reserved.

source /tools/Xilinx/Vivado/2019.1/scripts/vivado_hls/hls.tcl -notrace
INFO: [HLS 200-10] Running '/tools/Xilinx/Vivado/2019.1/bin/unwrapped/lnx64.o/vivado_hls'
INFO: [HLS 200-10] For user 'therwig' on host 'fastml02.c.harrisgroup-223921.internal' (Linux_x86_64 version 3.10.0-1062.9.1.el7.x86_64) on Tue Feb 04 11:33:25 EST 2020
INFO: [HLS 200-10] On os "Red Hat Enterprise Linux Server release 7.7 (Maipo)"
INFO: [HLS 200-10] In directory '/home/therwig/sandbox/hls4ml/example-prjs/mentor_workspace/mntr_ex10/convert/keras_econV1'
Sourcing Tcl script 'build_prj.tcl'
INFO: [HLS 200-10] Creating and opening project '/home/therwig/sandbox/hls4ml/example-prjs/mentor_workspace/mntr_ex10/convert/keras_econV1/econV1_prj'.
INFO: [HLS 200-10] Adding design file 'firmware/econV1.cpp' to the project
INFO: [HLS 200-10] Adding test bench file 'econV1_test.cpp' to the project
INFO: [HLS 200-10] Adding test bench file 'firmware/weights' to the project
INFO: [HLS 200-10] Adding test bench file 'tb_data' to the project
INFO: [HLS 200-10] Creating and opening solution '/home/therwig/sandbox/hls4ml/example-prjs/mentor_workspace/mntr_ex10/convert/keras_econV1/econV1_prj/solution1'.
INFO: [HLS 200-10] Cleaning up the solution database.
INFO: [XFORM 203-101] Allowed max sub elements number after partition is 4096.
INFO: [HLS 200-10] Setting target device to 'xcku115-flvb2104-2-i'
INFO: [SYN 201-201] Setting up clock 'default' with a period of 5ns.
***** C SIMULATION *****
INFO: [SIM 211-2] *************** CSIM start ***************
INFO: [SIM 211-4] CSIM will launch GCC as the compiler.
   Compiling ../../../../econV1_test.cpp in debug mode
   Compiling ../../../../firmware/econV1.cpp in debug mode
   Generating csim.exe
Processing input 0
INFO: Saved inference results to file: tb_data/csim_results.log
INFO: [SIM 211-1] CSim done with 0 errors.
INFO: [SIM 211-3] *************** CSIM finish ***************
***** C SIMULATION COMPLETED IN 0h0m18s *****
***** C/RTL SYNTHESIS *****
INFO: [SCHED 204-61] Option 'relax_ii_for_timing' is enabled, will increase II to preserve clock frequency constraints.
INFO: [HLS 200-10] Analyzing design file 'firmware/econV1.cpp' ... 
WARNING: [HLS 214-114] Since the only kind of statements allowed in a dataflow region are variable declarations and function calls, the compiler may not be able to correctly handle the region: firmware/nnet_utils/nnet_dense.h:158:9
WARNING: [HLS 214-104] Only for-loops and functions support the dataflow: firmware/nnet_utils/nnet_dense.h:171:9
WARNING: [HLS 214-104] Only for-loops and functions support the dataflow: firmware/nnet_utils/nnet_batchnorm.h:76:9
WARNING: [HLS 214-114] Since the only kind of statements allowed in a dataflow region are variable declarations and function calls, the compiler may not be able to correctly handle the region: firmware/econV1.cpp:44:2
WARNING: [HLS 200-471] Dataflow form checks found 4 issue(s) in file firmware/econV1.cpp
INFO: [HLS 200-111] Finished Linking Time (s): cpu = 00:00:37 ; elapsed = 00:01:02 . Memory (MB): peak = 916.441 ; gain = 128.000 ; free physical = 18082 ; free virtual = 26899
INFO: [HLS 200-111] Finished Checking Pragmas Time (s): cpu = 00:00:37 ; elapsed = 00:01:02 . Memory (MB): peak = 916.441 ; gain = 128.000 ; free physical = 18082 ; free virtual = 26899
INFO: [HLS 200-10] Starting code transformations ...
INFO: [HLS 200-111] Finished Standard Transforms Time (s): cpu = 00:00:47 ; elapsed = 00:01:13 . Memory (MB): peak = 985.039 ; gain = 196.598 ; free physical = 17992 ; free virtual = 26823
INFO: [HLS 200-10] Checking synthesizability ...
INFO: [XFORM 203-602] Inlining function '_ZN9fp_structIdEC2Ed8' into '_ZN9fp_structIdEC1Ed4' (/wrk/2019.1/continuous/2019_05_24_2552052/src/products/hls/hls_lib/src/hls/utils/x_hls_utils.h:479) automatically.
INFO: [XFORM 203-602] Inlining function 'fp_struct<double>::data' into 'fp_struct<double>::to_double' (/wrk/2019.1/continuous/2019_05_24_2552052/src/products/hls/hls_lib/src/hls/utils/x_hls_utils.h:512) automatically.
INFO: [XFORM 203-602] Inlining function 'fp_struct<double>::to_double' into 'fp_struct<double>::to_ieee' (/wrk/2019.1/continuous/2019_05_24_2552052/src/products/hls/hls_lib/src/hls/utils/x_hls_utils.h:526) automatically.
INFO: [XFORM 203-602] Inlining function '_ZN9fp_structIdEC1Ed4' into 'generic_copysign<double>' (/wrk/2019.1/continuous/2019_05_24_2552052/src/products/hls/hls_lib/hlsmath/include/FloatingPoint/hls_copysign.h:12) automatically.
INFO: [XFORM 203-602] Inlining function 'fp_struct<double>::to_ieee' into 'generic_copysign<double>' (/wrk/2019.1/continuous/2019_05_24_2552052/src/products/hls/hls_lib/hlsmath/include/FloatingPoint/hls_copysign.h:14) automatically.
INFO: [XFORM 203-602] Inlining function '_ZN9fp_structIdEC1Ed4' into 'generic_ceil<double>' (/wrk/2019.1/continuous/2019_05_24_2552052/src/products/hls/hls_lib/hlsmath/include/FloatingPoint/hls_ceil.h:18) automatically.
INFO: [XFORM 203-602] Inlining function '_ZNK9fp_structIdE9__signbitEv6' into 'generic_ceil<double>' (/wrk/2019.1/continuous/2019_05_24_2552052/src/products/hls/hls_lib/hlsmath/include/FloatingPoint/hls_ceil.h:21) automatically.
INFO: [XFORM 203-602] Inlining function 'generic_copysign<double>' into 'generic_ceil<double>' (/wrk/2019.1/continuous/2019_05_24_2552052/src/products/hls/hls_lib/hlsmath/include/FloatingPoint/hls_ceil.h:24) automatically.
INFO: [XFORM 203-602] Inlining function 'fp_struct<double>::data' into 'generic_ceil<double>' (/wrk/2019.1/continuous/2019_05_24_2552052/src/products/hls/hls_lib/hlsmath/include/FloatingPoint/hls_ceil.h:38) automatically.
INFO: [XFORM 203-602] Inlining function 'fp_struct<double>::to_ieee' into 'generic_ceil<double>' (/wrk/2019.1/continuous/2019_05_24_2552052/src/products/hls/hls_lib/hlsmath/include/FloatingPoint/hls_ceil.h:42) automatically.
INFO: [XFORM 203-602] Inlining function 'fp_struct<double>::mantissa' into 'generic_cast_IEEE754<int, (ap_q_mode)6, double>' (/wrk/2019.1/continuous/2019_05_24_2552052/src/products/hls/hls_lib/hlsmath/include/FloatingPoint/hls_case_IEEE754.h:15) automatically.
INFO: [XFORM 203-602] Inlining function 'fp_struct<double>::expv' into 'generic_cast_IEEE754<int, (ap_q_mode)6, double>' (/wrk/2019.1/continuous/2019_05_24_2552052/src/products/hls/hls_lib/hlsmath/include/FloatingPoint/hls_case_IEEE754.h:18) automatically.
INFO: [XFORM 203-602] Inlining function 'fp_struct<double>::__signbit' into 'generic_cast_IEEE754<int, (ap_q_mode)6, double>' (/wrk/2019.1/continuous/2019_05_24_2552052/src/products/hls/hls_lib/hlsmath/include/FloatingPoint/hls_case_IEEE754.h:59) automatically.
INFO: [XFORM 203-602] Inlining function 'generic_cast_IEEE754<int, (ap_q_mode)6, double>' into 'generic_cast_IEEE754<int, double>' (/wrk/2019.1/continuous/2019_05_24_2552052/src/products/hls/hls_lib/hlsmath/include/FloatingPoint/hls_case_IEEE754.h:117) automatically.
INFO: [XFORM 203-602] Inlining function 'generic_cast_IEEE754<int, double>' into '__hls_fptosi_double_i32' (/wrk/2019.1/continuous/2019_05_24_2552052/src/products/hls/hls_lib/hlsmath/src/lib_floatconversion.cpp:55) automatically.
INFO: [XFORM 203-602] Inlining function 'ceil' into 'nnet::compute_multiplier_limit_conv2d<config2>' (firmware/nnet_utils/nnet_conv2d.h:97) automatically.
INFO: [XFORM 203-602] Inlining function '__hls_fptosi_double_i32' into 'nnet::compute_multiplier_limit_conv2d<config2>' (firmware/nnet_utils/nnet_conv2d.h:97) automatically.
INFO: [XFORM 203-602] Inlining function 'nnet::max<ap_fixed<18, 8, (ap_q_mode)5, (ap_o_mode)3, 0>, 4>' into 'nnet::pool_op<ap_fixed<18, 8, (ap_q_mode)5, (ap_o_mode)3, 0>, 4, (nnet::Pool_Op)0>' (firmware/nnet_utils/nnet_pooling.h:61) automatically.
INFO: [XFORM 203-602] Inlining function 'nnet::pool_op_limit<config4>' into 'nnet::pooling2d<ap_fixed<18, 8, (ap_q_mode)5, (ap_o_mode)3, 0>, config4>' (firmware/nnet_utils/nnet_pooling.h:140) automatically.
INFO: [XFORM 203-602] Inlining function 'nnet::pad_val<ap_fixed<18, 8, (ap_q_mode)5, (ap_o_mode)3, 0>, (nnet::Pool_Op)0>' into 'nnet::pooling2d<ap_fixed<18, 8, (ap_q_mode)5, (ap_o_mode)3, 0>, config4>' (firmware/nnet_utils/nnet_pooling.h:164) automatically.
INFO: [XFORM 203-602] Inlining function 'nnet::pool_op<ap_fixed<18, 8, (ap_q_mode)5, (ap_o_mode)3, 0>, 4, (nnet::Pool_Op)0>' into 'nnet::pooling2d<ap_fixed<18, 8, (ap_q_mode)5, (ap_o_mode)3, 0>, config4>' (firmware/nnet_utils/nnet_pooling.h:175) automatically.
INFO: [XFORM 203-602] Inlining function 'ceil' into 'nnet::compute_multiplier_limit_conv2d<config5>' (firmware/nnet_utils/nnet_conv2d.h:97) automatically.
INFO: [XFORM 203-602] Inlining function '__hls_fptosi_double_i32' into 'nnet::compute_multiplier_limit_conv2d<config5>' (firmware/nnet_utils/nnet_conv2d.h:97) automatically.
INFO: [XFORM 203-602] Inlining function 'nnet::pool_op_limit<config7>' into 'nnet::pooling2d<ap_fixed<18, 8, (ap_q_mode)5, (ap_o_mode)3, 0>, config7>' (firmware/nnet_utils/nnet_pooling.h:140) automatically.
INFO: [XFORM 203-602] Inlining function 'nnet::pad_val<ap_fixed<18, 8, (ap_q_mode)5, (ap_o_mode)3, 0>, (nnet::Pool_Op)0>' into 'nnet::pooling2d<ap_fixed<18, 8, (ap_q_mode)5, (ap_o_mode)3, 0>, config7>' (firmware/nnet_utils/nnet_pooling.h:164) automatically.
INFO: [XFORM 203-602] Inlining function 'nnet::pool_op<ap_fixed<18, 8, (ap_q_mode)5, (ap_o_mode)3, 0>, 4, (nnet::Pool_Op)0>' into 'nnet::pooling2d<ap_fixed<18, 8, (ap_q_mode)5, (ap_o_mode)3, 0>, config7>' (firmware/nnet_utils/nnet_pooling.h:175) automatically.
INFO: [XFORM 203-602] Inlining function 'ceil' into 'nnet::compute_multiplier_limit_conv2d<config8>' (firmware/nnet_utils/nnet_conv2d.h:97) automatically.
INFO: [XFORM 203-602] Inlining function '__hls_fptosi_double_i32' into 'nnet::compute_multiplier_limit_conv2d<config8>' (firmware/nnet_utils/nnet_conv2d.h:97) automatically.
INFO: [XFORM 203-602] Inlining function 'nnet::pool_op_limit<config10>' into 'nnet::pooling2d<ap_fixed<18, 8, (ap_q_mode)5, (ap_o_mode)3, 0>, config10>' (firmware/nnet_utils/nnet_pooling.h:140) automatically.
INFO: [XFORM 203-602] Inlining function 'nnet::pad_val<ap_fixed<18, 8, (ap_q_mode)5, (ap_o_mode)3, 0>, (nnet::Pool_Op)0>' into 'nnet::pooling2d<ap_fixed<18, 8, (ap_q_mode)5, (ap_o_mode)3, 0>, config10>' (firmware/nnet_utils/nnet_pooling.h:164) automatically.
INFO: [XFORM 203-602] Inlining function 'nnet::pool_op<ap_fixed<18, 8, (ap_q_mode)5, (ap_o_mode)3, 0>, 4, (nnet::Pool_Op)0>' into 'nnet::pooling2d<ap_fixed<18, 8, (ap_q_mode)5, (ap_o_mode)3, 0>, config10>' (firmware/nnet_utils/nnet_pooling.h:175) automatically.
WARNING: [SYNCHK 200-23] firmware/nnet_utils/nnet_conv2d.h:85: variable-indexed range selection may cause suboptimal QoR.
INFO: [SYNCHK 200-10] 0 error(s), 1 warning(s).
INFO: [HLS 200-111] Finished Checking Synthesizability Time (s): cpu = 00:00:59 ; elapsed = 00:01:25 . Memory (MB): peak = 985.039 ; gain = 196.598 ; free physical = 17946 ; free virtual = 26781
INFO: [XFORM 203-502] Unrolling small iteration loop 'Loop-1.1.1' (firmware/nnet_utils/nnet_pooling.h:154) in function 'nnet::pooling2d<ap_fixed<18, 8, (ap_q_mode)5, (ap_o_mode)3, 0>, config10>' automatically.
INFO: [XFORM 203-502] Unrolling all loops for pipelining in function 'nnet::relu<ap_fixed<18, 8, (ap_q_mode)5, (ap_o_mode)3, 0>, ap_fixed<18, 8, (ap_q_mode)5, (ap_o_mode)3, 0>, relu_config9>' (firmware/nnet_utils/nnet_activation.h:82:39).
INFO: [XFORM 203-502] Unrolling all loops for pipelining in function 'nnet::conv_2d<ap_fixed<18, 8, (ap_q_mode)5, (ap_o_mode)3, 0>, ap_fixed<18, 8, (ap_q_mode)5, (ap_o_mode)3, 0>, config8>' (firmware/nnet_utils/nnet_conv2d.h:110:83).
INFO: [XFORM 203-502] Unrolling all loops for pipelining in function 'nnet::compute_multiplier_limit_conv2d<config8>' (firmware/nnet_utils/nnet_conv2d.h:61).
INFO: [XFORM 203-502] Unrolling small iteration loop 'Loop-1.1.1' (firmware/nnet_utils/nnet_pooling.h:154) in function 'nnet::pooling2d<ap_fixed<18, 8, (ap_q_mode)5, (ap_o_mode)3, 0>, config7>' automatically.
INFO: [XFORM 203-502] Unrolling all loops for pipelining in function 'nnet::relu<ap_fixed<18, 8, (ap_q_mode)5, (ap_o_mode)3, 0>, ap_fixed<18, 8, (ap_q_mode)5, (ap_o_mode)3, 0>, relu_config6>' (firmware/nnet_utils/nnet_activation.h:82:39).
INFO: [XFORM 203-502] Unrolling all loops for pipelining in function 'nnet::conv_2d<ap_fixed<18, 8, (ap_q_mode)5, (ap_o_mode)3, 0>, ap_fixed<18, 8, (ap_q_mode)5, (ap_o_mode)3, 0>, config5>' (firmware/nnet_utils/nnet_conv2d.h:110:83).
INFO: [XFORM 203-502] Unrolling all loops for pipelining in function 'nnet::compute_multiplier_limit_conv2d<config5>' (firmware/nnet_utils/nnet_conv2d.h:61).
INFO: [XFORM 203-502] Unrolling all loops for pipelining in function 'nnet::relu<ap_fixed<18, 8, (ap_q_mode)5, (ap_o_mode)3, 0>, ap_fixed<18, 8, (ap_q_mode)5, (ap_o_mode)3, 0>, relu_config3>' (firmware/nnet_utils/nnet_activation.h:82:39).
INFO: [XFORM 203-502] Unrolling all loops for pipelining in function 'nnet::conv_2d<ap_fixed<18, 8, (ap_q_mode)5, (ap_o_mode)3, 0>, ap_fixed<18, 8, (ap_q_mode)5, (ap_o_mode)3, 0>, config2>' (firmware/nnet_utils/nnet_conv2d.h:110:83).
INFO: [XFORM 203-502] Unrolling all loops for pipelining in function 'nnet::compute_multiplier_limit_conv2d<config2>' (firmware/nnet_utils/nnet_conv2d.h:61).
INFO: [HLS 200-489] Unrolling loop 'Loop-1.1.1' (firmware/nnet_utils/nnet_pooling.h:154) in function 'nnet::pooling2d<ap_fixed<18, 8, (ap_q_mode)5, (ap_o_mode)3, 0>, config10>' completely with a factor of 1.
INFO: [HLS 200-489] Unrolling loop 'Loop-1' (firmware/nnet_utils/nnet_activation.h:87) in function 'nnet::relu<ap_fixed<18, 8, (ap_q_mode)5, (ap_o_mode)3, 0>, ap_fixed<18, 8, (ap_q_mode)5, (ap_o_mode)3, 0>, relu_config9>' completely with a factor of 12.
INFO: [HLS 200-489] Unrolling loop 'ConvOutHeight' (firmware/nnet_utils/nnet_conv2d.h:128) in function 'nnet::conv_2d<ap_fixed<18, 8, (ap_q_mode)5, (ap_o_mode)3, 0>, ap_fixed<18, 8, (ap_q_mode)5, (ap_o_mode)3, 0>, config8>' completely with a factor of 3.
INFO: [HLS 200-489] Unrolling loop 'ConvFilt' (firmware/nnet_utils/nnet_conv2d.h:130) in function 'nnet::conv_2d<ap_fixed<18, 8, (ap_q_mode)5, (ap_o_mode)3, 0>, ap_fixed<18, 8, (ap_q_mode)5, (ap_o_mode)3, 0>, config8>' completely with a factor of 4.
INFO: [HLS 200-489] Unrolling loop 'ConvChan' (firmware/nnet_utils/nnet_conv2d.h:131) in function 'nnet::conv_2d<ap_fixed<18, 8, (ap_q_mode)5, (ap_o_mode)3, 0>, ap_fixed<18, 8, (ap_q_mode)5, (ap_o_mode)3, 0>, config8>' completely with a factor of 8.
INFO: [HLS 200-489] Unrolling loop 'ConvFiltHeight' (firmware/nnet_utils/nnet_conv2d.h:132) in function 'nnet::conv_2d<ap_fixed<18, 8, (ap_q_mode)5, (ap_o_mode)3, 0>, ap_fixed<18, 8, (ap_q_mode)5, (ap_o_mode)3, 0>, config8>' completely with a factor of 3.
INFO: [HLS 200-489] Unrolling loop 'ConvFiltWidth' (firmware/nnet_utils/nnet_conv2d.h:133) in function 'nnet::conv_2d<ap_fixed<18, 8, (ap_q_mode)5, (ap_o_mode)3, 0>, ap_fixed<18, 8, (ap_q_mode)5, (ap_o_mode)3, 0>, config8>' completely with a factor of 3.
INFO: [HLS 200-489] Unrolling loop 'Loop-2' (firmware/nnet_utils/nnet_conv2d.h:168) in function 'nnet::conv_2d<ap_fixed<18, 8, (ap_q_mode)5, (ap_o_mode)3, 0>, ap_fixed<18, 8, (ap_q_mode)5, (ap_o_mode)3, 0>, config8>' completely with a factor of 3.
INFO: [HLS 200-489] Unrolling loop 'Loop-2.1' (firmware/nnet_utils/nnet_conv2d.h:170) in function 'nnet::conv_2d<ap_fixed<18, 8, (ap_q_mode)5, (ap_o_mode)3, 0>, ap_fixed<18, 8, (ap_q_mode)5, (ap_o_mode)3, 0>, config8>' completely with a factor of 4.
INFO: [HLS 200-489] Unrolling loop 'AccumOutHeight' (firmware/nnet_utils/nnet_conv2d.h:178) in function 'nnet::conv_2d<ap_fixed<18, 8, (ap_q_mode)5, (ap_o_mode)3, 0>, ap_fixed<18, 8, (ap_q_mode)5, (ap_o_mode)3, 0>, config8>' completely with a factor of 3.
INFO: [HLS 200-489] Unrolling loop 'AccumFilt' (firmware/nnet_utils/nnet_conv2d.h:180) in function 'nnet::conv_2d<ap_fixed<18, 8, (ap_q_mode)5, (ap_o_mode)3, 0>, ap_fixed<18, 8, (ap_q_mode)5, (ap_o_mode)3, 0>, config8>' completely with a factor of 4.
INFO: [HLS 200-489] Unrolling loop 'AccumChan' (firmware/nnet_utils/nnet_conv2d.h:182) in function 'nnet::conv_2d<ap_fixed<18, 8, (ap_q_mode)5, (ap_o_mode)3, 0>, ap_fixed<18, 8, (ap_q_mode)5, (ap_o_mode)3, 0>, config8>' completely with a factor of 8.
INFO: [HLS 200-489] Unrolling loop 'AccumDotHeight' (firmware/nnet_utils/nnet_conv2d.h:183) in function 'nnet::conv_2d<ap_fixed<18, 8, (ap_q_mode)5, (ap_o_mode)3, 0>, ap_fixed<18, 8, (ap_q_mode)5, (ap_o_mode)3, 0>, config8>' completely with a factor of 3.
INFO: [HLS 200-489] Unrolling loop 'AccumDotWidth' (firmware/nnet_utils/nnet_conv2d.h:184) in function 'nnet::conv_2d<ap_fixed<18, 8, (ap_q_mode)5, (ap_o_mode)3, 0>, ap_fixed<18, 8, (ap_q_mode)5, (ap_o_mode)3, 0>, config8>' completely with a factor of 3.
INFO: [HLS 200-489] Unrolling loop 'Loop-4' (firmware/nnet_utils/nnet_conv2d.h:206) in function 'nnet::conv_2d<ap_fixed<18, 8, (ap_q_mode)5, (ap_o_mode)3, 0>, ap_fixed<18, 8, (ap_q_mode)5, (ap_o_mode)3, 0>, config8>' completely with a factor of 3.
INFO: [HLS 200-489] Unrolling loop 'Loop-4.1' (firmware/nnet_utils/nnet_conv2d.h:208) in function 'nnet::conv_2d<ap_fixed<18, 8, (ap_q_mode)5, (ap_o_mode)3, 0>, ap_fixed<18, 8, (ap_q_mode)5, (ap_o_mode)3, 0>, config8>' completely with a factor of 4.
INFO: [HLS 200-489] Unrolling loop 'Loop-1' (firmware/nnet_utils/nnet_conv2d.h:66) in function 'nnet::compute_multiplier_limit_conv2d<config8>' completely with a factor of 3.
ERROR: [XFORM 203-504] Stop unrolling loop 'Loop-1' (firmware/nnet_utils/nnet_conv2d.h:66) in function 'nnet::compute_multiplier_limit_conv2d<config8>' because it may cause large runtime and excessive memory usage due to increase in code size. Please avoid unrolling the loop or form sub-functions for code in the loop body.
ERROR: [HLS 200-70] Pre-synthesis failed.
command 'ap_source' returned error code
    while executing
"source build_prj.tcl"
    ("uplevel" body line 1)
    invoked from within
"uplevel \#0 [list source $arg] "

INFO: [Common 17-206] Exiting vivado_hls at Tue Feb  4 11:34:57 2020...
